L 06/14/2020 - 06:21:25: Log file started (file "logs\L0614010.log") (game "cstrike") (version "48/1.1.2.7/8308")
L 06/14/2020 - 06:21:25: Loading map "de_WESTWOOD_BIG"
L 06/14/2020 - 06:21:25: Server cvars start
L 06/14/2020 - 06:21:25: Server cvar "_tutor_bomb_viewable_check_interval" = "0.5"
L 06/14/2020 - 06:21:25: Server cvar "_tutor_debug_level" = "0"
L 06/14/2020 - 06:21:25: Server cvar "_tutor_examine_time" = "0.5"
L 06/14/2020 - 06:21:25: Server cvar "_tutor_hint_interval_time" = "10.0"
L 06/14/2020 - 06:21:25: Server cvar "_tutor_look_angle" = "10"
L 06/14/2020 - 06:21:25: Server cvar "_tutor_look_distance" = "200"
L 06/14/2020 - 06:21:25: Server cvar "_tutor_message_character_display_time_coefficient" = "0.07"
L 06/14/2020 - 06:21:25: Server cvar "_tutor_message_minimum_display_time" = "1"
L 06/14/2020 - 06:21:25: Server cvar "_tutor_message_repeats" = "5"
L 06/14/2020 - 06:21:25: Server cvar "_tutor_view_distance" = "1000"
L 06/14/2020 - 06:21:25: Server cvar "allow_spectators" = "1"
L 06/14/2020 - 06:21:25: Server cvar "amx_client_languages" = "1"
L 06/14/2020 - 06:21:25: Server cvar "amx_language" = "en"
L 06/14/2020 - 06:21:25: Server cvar "amx_nextmap" = "de_DUST2"
L 06/14/2020 - 06:21:25: Server cvar "amx_timeleft" = "65515:02"
L 06/14/2020 - 06:21:25: Server cvar "amxmodx_version" = "1.8.2"
L 06/14/2020 - 06:21:25: Server cvar "coop" = "0"
L 06/14/2020 - 06:21:25: Server cvar "deathmatch" = "1"
L 06/14/2020 - 06:21:25: Server cvar "decalfrequency" = "60"
L 06/14/2020 - 06:21:25: Server cvar "dp_version" = "0.9.582"
L 06/14/2020 - 06:21:25: Server cvar "edgefriction" = "2"
L 06/14/2020 - 06:21:25: Server cvar "hostage_debug" = "0"
L 06/14/2020 - 06:21:25: Server cvar "hostage_stop" = "0"
L 06/14/2020 - 06:21:25: Server cvar "humans_join_team" = "any"
L 06/14/2020 - 06:21:25: Server cvar "max_queries_sec" = "3.0"
L 06/14/2020 - 06:21:25: Server cvar "max_queries_sec_global" = "30"
L 06/14/2020 - 06:21:25: Server cvar "max_queries_window" = "60"
L 06/14/2020 - 06:21:25: Server cvar "metamod_version" = "1.20"
L 06/14/2020 - 06:21:25: Server cvar "mp_allowmonsters" = "0"
L 06/14/2020 - 06:21:25: Server cvar "mp_autokick" = "0"
L 06/14/2020 - 06:21:25: Server cvar "mp_autokick_timeout" = "-1"
L 06/14/2020 - 06:21:25: Server cvar "mp_autoteambalance" = "0"
L 06/14/2020 - 06:21:25: Server cvar "mp_buytime" = "1.5"
L 06/14/2020 - 06:21:25: Server cvar "mp_c4timer" = "45"
L 06/14/2020 - 06:21:25: Server cvar "mp_chattime" = "0"
L 06/14/2020 - 06:21:25: Server cvar "mp_consistency" = "1"
L 06/14/2020 - 06:21:25: Server cvar "mp_fadetoblack" = "0"
L 06/14/2020 - 06:21:25: Server cvar "mp_flashlight" = "0"
L 06/14/2020 - 06:21:25: Server cvar "mp_footsteps" = "1"
L 06/14/2020 - 06:21:25: Server cvar "mp_forcecamera" = "0"
L 06/14/2020 - 06:21:25: Server cvar "mp_forcechasecam" = "2"
L 06/14/2020 - 06:21:25: Server cvar "mp_fragsleft" = "0"
L 06/14/2020 - 06:21:25: Server cvar "mp_freezetime" = "6"
L 06/14/2020 - 06:21:25: Server cvar "mp_friendlyfire" = "1"
L 06/14/2020 - 06:21:25: Server cvar "mp_ghostfrequency" = "0.1"
L 06/14/2020 - 06:21:25: Server cvar "mp_hostagepenalty" = "2"
L 06/14/2020 - 06:21:25: Server cvar "mp_infinite_ammo" = "0"
L 06/14/2020 - 06:21:25: Server cvar "mp_kickpercent" = "0.66"
L 06/14/2020 - 06:21:25: Server cvar "mp_limitteams" = "5"
L 06/14/2020 - 06:21:25: Server cvar "mp_logdetail" = "0"
L 06/14/2020 - 06:21:25: Server cvar "mp_logfile" = "1"
L 06/14/2020 - 06:21:25: Server cvar "mp_logmessages" = "1"
L 06/14/2020 - 06:21:25: Server cvar "mp_mapvoteratio" = "0.66"
L 06/14/2020 - 06:21:25: Server cvar "mp_maxrounds" = "0"
L 06/14/2020 - 06:21:25: Server cvar "mp_mirrordamage" = "0"
L 06/14/2020 - 06:21:25: Server cvar "mp_playerid" = "0"
L 06/14/2020 - 06:21:25: Server cvar "mp_roundtime" = "2"
L 06/14/2020 - 06:21:25: Server cvar "mp_scoreboard_showhealth" = "3"
L 06/14/2020 - 06:21:25: Server cvar "mp_scoreboard_showmoney" = "3"
L 06/14/2020 - 06:21:25: Server cvar "mp_startmoney" = "800"
L 06/14/2020 - 06:21:25: Server cvar "mp_timeleft" = "0"
L 06/14/2020 - 06:21:25: Server cvar "mp_timelimit" = "65535"
L 06/14/2020 - 06:21:25: Server cvar "mp_tkpunish" = "0"
L 06/14/2020 - 06:21:25: Server cvar "mp_windifference" = "1"
L 06/14/2020 - 06:21:25: Server cvar "mp_winlimit" = "0"
L 06/14/2020 - 06:21:25: Server cvar "pausable" = "0"
L 06/14/2020 - 06:21:25: Server cvar "sv_accelerate" = "5"
L 06/14/2020 - 06:21:25: Server cvar "sv_aim" = "0"
L 06/14/2020 - 06:21:25: Server cvar "sv_airaccelerate" = "10"
L 06/14/2020 - 06:21:25: Server cvar "sv_allowupload" = "1"
L 06/14/2020 - 06:21:25: Server cvar "sv_alltalk" = "0"
L 06/14/2020 - 06:21:25: Server cvar "sv_bounce" = "1"
L 06/14/2020 - 06:21:25: Server cvar "sv_cheats" = "0"
L 06/14/2020 - 06:21:25: Server cvar "sv_clienttrace" = "1"
L 06/14/2020 - 06:21:25: Server cvar "sv_contact" = "apoo12345@gmail.com"
L 06/14/2020 - 06:21:25: Server cvar "sv_friction" = "4"
L 06/14/2020 - 06:21:25: Server cvar "sv_gravity" = "800"
L 06/14/2020 - 06:21:25: Server cvar "sv_logblocks" = "0"
L 06/14/2020 - 06:21:25: Server cvar "sv_maxrate" = "20000"
L 06/14/2020 - 06:21:25: Server cvar "sv_maxspeed" = "900"
L 06/14/2020 - 06:21:25: Server cvar "sv_minrate" = "5000"
L 06/14/2020 - 06:21:25: Server cvar "sv_password" = "Lauda"
L 06/14/2020 - 06:21:25: Server cvar "sv_proxies" = "1"
L 06/14/2020 - 06:21:25: Server cvar "sv_restart" = "0"
L 06/14/2020 - 06:21:25: Server cvar "sv_restartround" = "0"
L 06/14/2020 - 06:21:25: Server cvar "sv_stepsize" = "18"
L 06/14/2020 - 06:21:25: Server cvar "sv_stopspeed" = "75"
L 06/14/2020 - 06:21:25: Server cvar "sv_uploadmax" = "0.5"
L 06/14/2020 - 06:21:25: Server cvar "sv_voiceenable" = "0"
L 06/14/2020 - 06:21:25: Server cvar "sv_wateraccelerate" = "10"
L 06/14/2020 - 06:21:25: Server cvar "sv_waterfriction" = "1"
L 06/14/2020 - 06:21:25: Server cvars end
L 06/14/2020 - 06:21:25: Server cvar "amx_nextmap" = "de_WESTWOOD_BIG"
L 06/14/2020 - 06:21:26: Started map "de_WESTWOOD_BIG" (CRC "-1522534385")
L 06/14/2020 - 06:21:29: "StuFu<107><STEAM_0:1:147341737><>" entered the game
L 06/14/2020 - 06:21:30: "Achillies<113><STEAM_0:0:1663171942><>" entered the game
L 06/14/2020 - 06:21:30: "Sic Mundus Creatus Est<115><STEAM_0:1:66144441><>" entered the game
L 06/14/2020 - 06:21:30: "1729<103><STEAM_0:0:1921819853><>" entered the game
L 06/14/2020 - 06:21:30: "freekill<102><STEAM_0:0:65740571><>" entered the game
L 06/14/2020 - 06:21:30: "MERA BAAP<99><STEAM_0:0:63052104><>" entered the game
L 06/14/2020 - 06:21:32: "Camper<109><STEAM_0:0:559308928><>" entered the game
L 06/14/2020 - 06:21:32: "freekill<102><STEAM_0:0:65740571><>" disconnected
L 06/14/2020 - 06:21:32: World triggered "Round_Draw" (CT "0") (T "0")
L 06/14/2020 - 06:21:32: World triggered "Round_End"
L 06/14/2020 - 06:21:32: "Achillies<113><STEAM_0:0:1663171942><>" joined team "CT"
L 06/14/2020 - 06:21:33: World triggered "Round_Start"
L 06/14/2020 - 06:21:35: "Achillies<113><STEAM_0:0:1663171942><CT>" disconnected
L 06/14/2020 - 06:21:35: World triggered "Round_Draw" (CT "0") (T "0")
L 06/14/2020 - 06:21:35: World triggered "Round_End"
L 06/14/2020 - 06:21:37: "assassin<106><STEAM_0:0:1060612858><>" entered the game
L 06/14/2020 - 06:21:37: "U Will Not Win || hattori<112><STEAM_0:0:861404367><>" entered the game
L 06/14/2020 - 06:21:41: "1729<103><STEAM_0:0:1921819853><>" disconnected
L 06/14/2020 - 06:21:41: World triggered "Round_Draw" (CT "0") (T "0")
L 06/14/2020 - 06:21:41: World triggered "Round_End"
L 06/14/2020 - 06:21:44: "Sic Mundus Creatus Est<115><STEAM_0:1:66144441><>" joined team "CT"
L 06/14/2020 - 06:21:47: "Camper<109><STEAM_0:0:559308928><>" joined team "CT"
L 06/14/2020 - 06:21:52: World triggered "Round_Start"
L 06/14/2020 - 06:21:54: "MERA BAAP<99><STEAM_0:0:63052104><>" disconnected
L 06/14/2020 - 06:21:56: "Camper<109><STEAM_0:0:559308928><CT>" killed "Sic Mundus Creatus Est<115><STEAM_0:1:66144441><CT>" with "deagle"
L 06/14/2020 - 06:21:59: "assassin<106><STEAM_0:0:1060612858><>" disconnected
L 06/14/2020 - 06:22:00: "U Will Not Win || hattori<112><STEAM_0:0:861404367><>" joined team "TERRORIST"
L 06/14/2020 - 06:22:01: World triggered "Game_Commencing"
L 06/14/2020 - 06:22:01: World triggered "Game_Commencing" (CT "0") (T "0")
L 06/14/2020 - 06:22:01: World triggered "Round_End"
L 06/14/2020 - 06:22:01: "StuFu<107><STEAM_0:1:147341737><>" disconnected
L 06/14/2020 - 06:22:04: "U Will Not Win || hattori<112><STEAM_0:0:861404367><TERRORIST>" triggered "Spawned_With_The_Bomb"
L 06/14/2020 - 06:22:10: World triggered "Round_Start"
L 06/14/2020 - 06:22:21: "Camper<109><STEAM_0:0:559308928><CT>" killed "U Will Not Win || hattori<112><STEAM_0:0:861404367><TERRORIST>" with "deagle"
L 06/14/2020 - 06:22:21: Team "CT" triggered "CTs_Win" (CT "1") (T "0")
L 06/14/2020 - 06:22:21: World triggered "Round_End"
L 06/14/2020 - 06:22:26: "U Will Not Win || hattori<112><STEAM_0:0:861404367><TERRORIST>" triggered "Spawned_With_The_Bomb"
L 06/14/2020 - 06:22:32: World triggered "Round_Start"
L 06/14/2020 - 06:22:42: "Camper<109><STEAM_0:0:559308928><CT>" killed "U Will Not Win || hattori<112><STEAM_0:0:861404367><TERRORIST>" with "deagle"
L 06/14/2020 - 06:22:42: Team "CT" triggered "CTs_Win" (CT "2") (T "0")
L 06/14/2020 - 06:22:42: World triggered "Round_End"
L 06/14/2020 - 06:22:47: "U Will Not Win || hattori<112><STEAM_0:0:861404367><TERRORIST>" triggered "Spawned_With_The_Bomb"
L 06/14/2020 - 06:22:53: World triggered "Round_Start"
L 06/14/2020 - 06:23:03: "Sic Mundus Creatus Est<115><STEAM_0:1:66144441><CT>" killed "U Will Not Win || hattori<112><STEAM_0:0:861404367><TERRORIST>" with "m4a1"
L 06/14/2020 - 06:23:03: Team "CT" triggered "CTs_Win" (CT "3") (T "0")
L 06/14/2020 - 06:23:03: World triggered "Round_End"
L 06/14/2020 - 06:23:08: "U Will Not Win || hattori<112><STEAM_0:0:861404367><TERRORIST>" triggered "Spawned_With_The_Bomb"
L 06/14/2020 - 06:23:14: World triggered "Round_Start"
L 06/14/2020 - 06:23:25: "Sic Mundus Creatus Est<115><STEAM_0:1:66144441><CT>" killed "U Will Not Win || hattori<112><STEAM_0:0:861404367><TERRORIST>" with "m4a1"
L 06/14/2020 - 06:23:25: Team "CT" triggered "CTs_Win" (CT "4") (T "0")
L 06/14/2020 - 06:23:25: World triggered "Round_End"
L 06/14/2020 - 06:23:30: "U Will Not Win || hattori<112><STEAM_0:0:861404367><TERRORIST>" triggered "Spawned_With_The_Bomb"
L 06/14/2020 - 06:23:36: World triggered "Round_Start"
L 06/14/2020 - 06:23:48: "Sic Mundus Creatus Est<115><STEAM_0:1:66144441><CT>" killed "U Will Not Win || hattori<112><STEAM_0:0:861404367><TERRORIST>" with "m4a1"
L 06/14/2020 - 06:23:48: Team "CT" triggered "CTs_Win" (CT "5") (T "0")
L 06/14/2020 - 06:23:48: World triggered "Round_End"
L 06/14/2020 - 06:23:53: "U Will Not Win || hattori<112><STEAM_0:0:861404367><TERRORIST>" triggered "Spawned_With_The_Bomb"
L 06/14/2020 - 06:23:59: World triggered "Round_Start"
L 06/14/2020 - 06:24:17: "Sic Mundus Creatus Est<115><STEAM_0:1:66144441><CT>" killed "U Will Not Win || hattori<112><STEAM_0:0:861404367><TERRORIST>" with "m4a1"
L 06/14/2020 - 06:24:17: Team "CT" triggered "CTs_Win" (CT "6") (T "0")
L 06/14/2020 - 06:24:17: World triggered "Round_End"
L 06/14/2020 - 06:24:22: "U Will Not Win || hattori<112><STEAM_0:0:861404367><TERRORIST>" triggered "Spawned_With_The_Bomb"
L 06/14/2020 - 06:24:28: World triggered "Round_Start"
L 06/14/2020 - 06:24:28: "Camper<109><STEAM_0:0:559308928><CT>" committed suicide with "world"
L 06/14/2020 - 06:24:28: "Camper<109><STEAM_0:0:559308928><CT>" joined team "TERRORIST"
L 06/14/2020 - 06:24:37: "U Will Not Win || hattori<112><STEAM_0:0:861404367><TERRORIST>" killed "Sic Mundus Creatus Est<115><STEAM_0:1:66144441><CT>" with "ak47"
L 06/14/2020 - 06:24:37: Team "TERRORIST" triggered "Terrorists_Win" (CT "6") (T "1")
L 06/14/2020 - 06:24:37: World triggered "Round_End"
L 06/14/2020 - 06:24:42: "Camper<109><STEAM_0:0:559308928><TERRORIST>" triggered "Spawned_With_The_Bomb"
L 06/14/2020 - 06:24:48: World triggered "Round_Start"
L 06/14/2020 - 06:24:49: "U Will Not Win || hattori<112><STEAM_0:0:861404367><TERRORIST>" disconnected
L 06/14/2020 - 06:24:59: "Camper<109><STEAM_0:0:559308928><TERRORIST>" killed "Sic Mundus Creatus Est<115><STEAM_0:1:66144441><CT>" with "awp"
L 06/14/2020 - 06:24:59: Team "TERRORIST" triggered "Terrorists_Win" (CT "6") (T "2")
L 06/14/2020 - 06:24:59: World triggered "Round_End"
L 06/14/2020 - 06:25:04: "Camper<109><STEAM_0:0:559308928><TERRORIST>" triggered "Spawned_With_The_Bomb"
L 06/14/2020 - 06:25:10: World triggered "Round_Start"
L 06/14/2020 - 06:25:25: "Camper<109><STEAM_0:0:559308928><TERRORIST>" killed "Sic Mundus Creatus Est<115><STEAM_0:1:66144441><CT>" with "awp"
L 06/14/2020 - 06:25:25: Team "TERRORIST" triggered "Terrorists_Win" (CT "6") (T "3")
L 06/14/2020 - 06:25:25: World triggered "Round_End"
L 06/14/2020 - 06:25:30: "Camper<109><STEAM_0:0:559308928><TERRORIST>" triggered "Spawned_With_The_Bomb"
L 06/14/2020 - 06:25:36: World triggered "Round_Start"
L 06/14/2020 - 06:25:46: "Camper<109><STEAM_0:0:559308928><TERRORIST>" killed "Sic Mundus Creatus Est<115><STEAM_0:1:66144441><CT>" with "deagle"
L 06/14/2020 - 06:25:46: Team "TERRORIST" triggered "Terrorists_Win" (CT "6") (T "4")
L 06/14/2020 - 06:25:46: World triggered "Round_End"
L 06/14/2020 - 06:25:51: "Camper<109><STEAM_0:0:559308928><TERRORIST>" triggered "Spawned_With_The_Bomb"
L 06/14/2020 - 06:25:57: World triggered "Round_Start"
L 06/14/2020 - 06:26:17: "Camper<109><STEAM_0:0:559308928><TERRORIST>" killed "Sic Mundus Creatus Est<115><STEAM_0:1:66144441><CT>" with "deagle"
L 06/14/2020 - 06:26:17: Team "TERRORIST" triggered "Terrorists_Win" (CT "6") (T "5")
L 06/14/2020 - 06:26:17: World triggered "Round_End"
L 06/14/2020 - 06:26:22: "Camper<109><STEAM_0:0:559308928><TERRORIST>" triggered "Spawned_With_The_Bomb"
L 06/14/2020 - 06:26:28: World triggered "Round_Start"
L 06/14/2020 - 06:27:11: "Camper<109><STEAM_0:0:559308928><TERRORIST>" killed "Sic Mundus Creatus Est<115><STEAM_0:1:66144441><CT>" with "deagle"
L 06/14/2020 - 06:27:11: Team "TERRORIST" triggered "Terrorists_Win" (CT "6") (T "6")
L 06/14/2020 - 06:27:11: World triggered "Round_End"
L 06/14/2020 - 06:27:16: "Camper<109><STEAM_0:0:559308928><TERRORIST>" triggered "Spawned_With_The_Bomb"
L 06/14/2020 - 06:27:22: World triggered "Round_Start"
L 06/14/2020 - 06:27:54: "Camper<109><STEAM_0:0:559308928><TERRORIST>" triggered "Planted_The_Bomb"
L 06/14/2020 - 06:28:19: "Sic Mundus Creatus Est<115><STEAM_0:1:66144441><CT>" triggered "Begin_Bomb_Defuse_With_Kit"
L 06/14/2020 - 06:28:21: "Camper<109><STEAM_0:0:559308928><TERRORIST>" killed "Sic Mundus Creatus Est<115><STEAM_0:1:66144441><CT>" with "deagle"
L 06/14/2020 - 06:28:21: Team "TERRORIST" triggered "Terrorists_Win" (CT "6") (T "7")
L 06/14/2020 - 06:28:21: World triggered "Round_End"
L 06/14/2020 - 06:28:26: "Camper<109><STEAM_0:0:559308928><TERRORIST>" triggered "Spawned_With_The_Bomb"
L 06/14/2020 - 06:28:32: World triggered "Round_Start"
L 06/14/2020 - 06:29:20: "Camper<109><STEAM_0:0:559308928><TERRORIST>" triggered "Planted_The_Bomb"
L 06/14/2020 - 06:29:39: "Camper<109><STEAM_0:0:559308928><TERRORIST>" killed "Sic Mundus Creatus Est<115><STEAM_0:1:66144441><CT>" with "awp"
L 06/14/2020 - 06:29:39: Team "TERRORIST" triggered "Terrorists_Win" (CT "6") (T "8")
L 06/14/2020 - 06:29:39: World triggered "Round_End"
L 06/14/2020 - 06:29:44: "Camper<109><STEAM_0:0:559308928><TERRORIST>" triggered "Spawned_With_The_Bomb"
L 06/14/2020 - 06:29:50: World triggered "Round_Start"
L 06/14/2020 - 06:31:00: "Camper<109><STEAM_0:0:559308928><TERRORIST>" killed "Sic Mundus Creatus Est<115><STEAM_0:1:66144441><CT>" with "deagle"
L 06/14/2020 - 06:31:00: Team "TERRORIST" triggered "Terrorists_Win" (CT "6") (T "9")
L 06/14/2020 - 06:31:00: World triggered "Round_End"
L 06/14/2020 - 06:31:05: "Camper<109><STEAM_0:0:559308928><TERRORIST>" triggered "Spawned_With_The_Bomb"
L 06/14/2020 - 06:31:11: World triggered "Round_Start"
L 06/14/2020 - 06:32:35: "Camper<109><STEAM_0:0:559308928><TERRORIST>" triggered "Planted_The_Bomb"
L 06/14/2020 - 06:32:37: "Sic Mundus Creatus Est<115><STEAM_0:1:66144441><CT>" killed "Camper<109><STEAM_0:0:559308928><TERRORIST>" with "mp5navy"
L 06/14/2020 - 06:32:39: "Sic Mundus Creatus Est<115><STEAM_0:1:66144441><CT>" triggered "Begin_Bomb_Defuse_With_Kit"
L 06/14/2020 - 06:32:44: "Sic Mundus Creatus Est<115><STEAM_0:1:66144441><CT>" triggered "Defused_The_Bomb"
L 06/14/2020 - 06:32:44: Team "CT" triggered "Bomb_Defused" (CT "7") (T "9")
L 06/14/2020 - 06:32:44: World triggered "Round_End"
L 06/14/2020 - 06:32:47: "Camper<109><STEAM_0:0:559308928><TERRORIST>" say "kothay chhile?" (dead)
L 06/14/2020 - 06:32:49: "Camper<109><STEAM_0:0:559308928><TERRORIST>" triggered "Spawned_With_The_Bomb"
L 06/14/2020 - 06:32:55: World triggered "Round_Start"
L 06/14/2020 - 06:32:55: "Camper<109><STEAM_0:0:559308928><TERRORIST>" say "kothay chhile?"
L 06/14/2020 - 06:33:18: "Camper<109><STEAM_0:0:559308928><TERRORIST>" killed "Sic Mundus Creatus Est<115><STEAM_0:1:66144441><CT>" with "deagle"
L 06/14/2020 - 06:33:18: Team "TERRORIST" triggered "Terrorists_Win" (CT "7") (T "10")
L 06/14/2020 - 06:33:18: World triggered "Round_End"
L 06/14/2020 - 06:33:23: "Camper<109><STEAM_0:0:559308928><TERRORIST>" triggered "Spawned_With_The_Bomb"
L 06/14/2020 - 06:33:29: World triggered "Round_Start"
L 06/14/2020 - 06:34:03: "Camper<109><STEAM_0:0:559308928><TERRORIST>" killed "Sic Mundus Creatus Est<115><STEAM_0:1:66144441><CT>" with "deagle"
L 06/14/2020 - 06:34:03: Team "TERRORIST" triggered "Terrorists_Win" (CT "7") (T "11")
L 06/14/2020 - 06:34:03: World triggered "Round_End"
L 06/14/2020 - 06:34:08: "Camper<109><STEAM_0:0:559308928><TERRORIST>" triggered "Spawned_With_The_Bomb"
L 06/14/2020 - 06:34:14: World triggered "Round_Start"
L 06/14/2020 - 06:34:59: "Camper<109><STEAM_0:0:559308928><TERRORIST>" triggered "Planted_The_Bomb"
L 06/14/2020 - 06:35:40: "Sic Mundus Creatus Est<115><STEAM_0:1:66144441><CT>" triggered "Begin_Bomb_Defuse_With_Kit"
L 06/14/2020 - 06:35:41: "Camper<109><STEAM_0:0:559308928><TERRORIST>" killed "Sic Mundus Creatus Est<115><STEAM_0:1:66144441><CT>" with "deagle"
L 06/14/2020 - 06:35:41: Team "TERRORIST" triggered "Terrorists_Win" (CT "7") (T "12")
L 06/14/2020 - 06:35:41: World triggered "Round_End"
L 06/14/2020 - 06:35:46: "Camper<109><STEAM_0:0:559308928><TERRORIST>" triggered "Spawned_With_The_Bomb"
L 06/14/2020 - 06:35:52: World triggered "Round_Start"
L 06/14/2020 - 06:36:13: "Camper<109><STEAM_0:0:559308928><TERRORIST>" killed "Sic Mundus Creatus Est<115><STEAM_0:1:66144441><CT>" with "deagle"
L 06/14/2020 - 06:36:13: Team "TERRORIST" triggered "Terrorists_Win" (CT "7") (T "13")
L 06/14/2020 - 06:36:13: World triggered "Round_End"
L 06/14/2020 - 06:36:18: "Camper<109><STEAM_0:0:559308928><TERRORIST>" triggered "Spawned_With_The_Bomb"
L 06/14/2020 - 06:36:24: World triggered "Round_Start"
L 06/14/2020 - 06:38:16: "Camper<109><STEAM_0:0:559308928><TERRORIST>" triggered "Planted_The_Bomb"
L 06/14/2020 - 06:38:22: "Camper<109><STEAM_0:0:559308928><TERRORIST>" killed "Sic Mundus Creatus Est<115><STEAM_0:1:66144441><CT>" with "deagle"
L 06/14/2020 - 06:38:22: Team "TERRORIST" triggered "Terrorists_Win" (CT "7") (T "14")
L 06/14/2020 - 06:38:22: World triggered "Round_End"
L 06/14/2020 - 06:38:27: "Camper<109><STEAM_0:0:559308928><TERRORIST>" triggered "Spawned_With_The_Bomb"
L 06/14/2020 - 06:38:33: World triggered "Round_Start"
L 06/14/2020 - 06:39:45: "Camper<109><STEAM_0:0:559308928><TERRORIST>" killed "Sic Mundus Creatus Est<115><STEAM_0:1:66144441><CT>" with "deagle"
L 06/14/2020 - 06:39:45: Team "TERRORIST" triggered "Terrorists_Win" (CT "7") (T "15")
L 06/14/2020 - 06:39:45: World triggered "Round_End"
L 06/14/2020 - 06:39:50: "Camper<109><STEAM_0:0:559308928><TERRORIST>" triggered "Spawned_With_The_Bomb"
L 06/14/2020 - 06:39:56: World triggered "Round_Start"
L 06/14/2020 - 06:41:02: "Sic Mundus Creatus Est<115><STEAM_0:1:66144441><CT>" killed "Camper<109><STEAM_0:0:559308928><TERRORIST>" with "m4a1"
L 06/14/2020 - 06:41:02: Team "CT" triggered "CTs_Win" (CT "8") (T "15")
L 06/14/2020 - 06:41:02: World triggered "Round_End"
L 06/14/2020 - 06:41:07: "Camper<109><STEAM_0:0:559308928><TERRORIST>" triggered "Spawned_With_The_Bomb"
L 06/14/2020 - 06:41:13: World triggered "Round_Start"
L 06/14/2020 - 06:42:02: "Camper<109><STEAM_0:0:559308928><TERRORIST>" triggered "Planted_The_Bomb"
L 06/14/2020 - 06:42:36: "Sic Mundus Creatus Est<115><STEAM_0:1:66144441><CT>" triggered "Begin_Bomb_Defuse_With_Kit"
L 06/14/2020 - 06:42:41: "Sic Mundus Creatus Est<115><STEAM_0:1:66144441><CT>" killed "Camper<109><STEAM_0:0:559308928><TERRORIST>" with "m4a1"
L 06/14/2020 - 06:42:43: "Sic Mundus Creatus Est<115><STEAM_0:1:66144441><CT>" triggered "Begin_Bomb_Defuse_With_Kit"
L 06/14/2020 - 06:42:47: Team "TERRORIST" triggered "Target_Bombed" (CT "8") (T "16")
L 06/14/2020 - 06:42:47: World triggered "Round_End"
L 06/14/2020 - 06:42:52: "Camper<109><STEAM_0:0:559308928><TERRORIST>" triggered "Spawned_With_The_Bomb"
L 06/14/2020 - 06:42:58: World triggered "Round_Start"
L 06/14/2020 - 06:43:18: "Sic Mundus Creatus Est<115><STEAM_0:1:66144441><CT>" killed "Camper<109><STEAM_0:0:559308928><TERRORIST>" with "m4a1"
L 06/14/2020 - 06:43:18: Team "CT" triggered "CTs_Win" (CT "9") (T "16")
L 06/14/2020 - 06:43:18: World triggered "Round_End"
L 06/14/2020 - 06:43:23: "Camper<109><STEAM_0:0:559308928><TERRORIST>" triggered "Spawned_With_The_Bomb"
L 06/14/2020 - 06:43:29: World triggered "Round_Start"
L 06/14/2020 - 06:43:45: "Sic Mundus Creatus Est<115><STEAM_0:1:66144441><CT>" killed "Camper<109><STEAM_0:0:559308928><TERRORIST>" with "m4a1"
L 06/14/2020 - 06:43:45: Team "CT" triggered "CTs_Win" (CT "10") (T "16")
L 06/14/2020 - 06:43:45: World triggered "Round_End"
L 06/14/2020 - 06:43:50: "Camper<109><STEAM_0:0:559308928><TERRORIST>" triggered "Spawned_With_The_Bomb"
L 06/14/2020 - 06:43:56: World triggered "Round_Start"
L 06/14/2020 - 06:45:42: "Camper<109><STEAM_0:0:559308928><TERRORIST>" killed "Sic Mundus Creatus Est<115><STEAM_0:1:66144441><CT>" with "deagle"
L 06/14/2020 - 06:45:42: Team "TERRORIST" triggered "Terrorists_Win" (CT "10") (T "17")
L 06/14/2020 - 06:45:42: World triggered "Round_End"
L 06/14/2020 - 06:45:47: "Camper<109><STEAM_0:0:559308928><TERRORIST>" triggered "Spawned_With_The_Bomb"
L 06/14/2020 - 06:45:53: World triggered "Round_Start"
L 06/14/2020 - 06:46:02: "Sic Mundus Creatus Est<115><STEAM_0:1:66144441><CT>" killed "Camper<109><STEAM_0:0:559308928><TERRORIST>" with "m4a1"
L 06/14/2020 - 06:46:02: Team "CT" triggered "CTs_Win" (CT "11") (T "17")
L 06/14/2020 - 06:46:02: World triggered "Round_End"
L 06/14/2020 - 06:46:07: "Camper<109><STEAM_0:0:559308928><TERRORIST>" triggered "Spawned_With_The_Bomb"
L 06/14/2020 - 06:46:13: World triggered "Round_Start"
L 06/14/2020 - 06:46:22: "Camper<109><STEAM_0:0:559308928><TERRORIST>" killed "Sic Mundus Creatus Est<115><STEAM_0:1:66144441><CT>" with "ak47"
L 06/14/2020 - 06:46:22: Team "TERRORIST" triggered "Terrorists_Win" (CT "11") (T "18")
L 06/14/2020 - 06:46:22: World triggered "Round_End"
L 06/14/2020 - 06:46:27: "Camper<109><STEAM_0:0:559308928><TERRORIST>" triggered "Spawned_With_The_Bomb"
L 06/14/2020 - 06:46:33: World triggered "Round_Start"
L 06/14/2020 - 06:46:43: "Camper<109><STEAM_0:0:559308928><TERRORIST>" killed "Sic Mundus Creatus Est<115><STEAM_0:1:66144441><CT>" with "ak47"
L 06/14/2020 - 06:46:43: Team "TERRORIST" triggered "Terrorists_Win" (CT "11") (T "19")
L 06/14/2020 - 06:46:43: World triggered "Round_End"
L 06/14/2020 - 06:46:48: "Camper<109><STEAM_0:0:559308928><TERRORIST>" triggered "Spawned_With_The_Bomb"
L 06/14/2020 - 06:46:54: World triggered "Round_Start"
L 06/14/2020 - 06:47:03: "Camper<109><STEAM_0:0:559308928><TERRORIST>" killed "Sic Mundus Creatus Est<115><STEAM_0:1:66144441><CT>" with "ak47"
L 06/14/2020 - 06:47:03: Team "TERRORIST" triggered "Terrorists_Win" (CT "11") (T "20")
L 06/14/2020 - 06:47:03: World triggered "Round_End"
L 06/14/2020 - 06:47:08: "Camper<109><STEAM_0:0:559308928><TERRORIST>" triggered "Spawned_With_The_Bomb"
L 06/14/2020 - 06:47:14: World triggered "Round_Start"
L 06/14/2020 - 06:47:41: "Camper<109><STEAM_0:0:559308928><TERRORIST>" killed "Sic Mundus Creatus Est<115><STEAM_0:1:66144441><CT>" with "deagle"
L 06/14/2020 - 06:47:41: Team "TERRORIST" triggered "Terrorists_Win" (CT "11") (T "21")
L 06/14/2020 - 06:47:41: World triggered "Round_End"
L 06/14/2020 - 06:47:46: "Camper<109><STEAM_0:0:559308928><TERRORIST>" triggered "Spawned_With_The_Bomb"
L 06/14/2020 - 06:47:52: World triggered "Round_Start"
L 06/14/2020 - 06:48:08: "Sic Mundus Creatus Est<115><STEAM_0:1:66144441><CT>" killed "Camper<109><STEAM_0:0:559308928><TERRORIST>" with "mp5navy"
L 06/14/2020 - 06:48:08: Team "CT" triggered "CTs_Win" (CT "12") (T "21")
L 06/14/2020 - 06:48:08: World triggered "Round_End"
L 06/14/2020 - 06:48:13: "Camper<109><STEAM_0:0:559308928><TERRORIST>" triggered "Spawned_With_The_Bomb"
L 06/14/2020 - 06:48:19: World triggered "Round_Start"
L 06/14/2020 - 06:48:38: "Camper<109><STEAM_0:0:559308928><TERRORIST>" killed "Sic Mundus Creatus Est<115><STEAM_0:1:66144441><CT>" with "ak47"
L 06/14/2020 - 06:48:38: Team "TERRORIST" triggered "Terrorists_Win" (CT "12") (T "22")
L 06/14/2020 - 06:48:38: World triggered "Round_End"
L 06/14/2020 - 06:48:43: "Camper<109><STEAM_0:0:559308928><TERRORIST>" triggered "Spawned_With_The_Bomb"
L 06/14/2020 - 06:48:44: "Sic Mundus Creatus Est<115><STEAM_0:1:66144441><CT>" say "BAL"
L 06/14/2020 - 06:48:49: "Camper<109><STEAM_0:0:559308928><TERRORIST>" say "haha"
L 06/14/2020 - 06:48:49: World triggered "Round_Start"
L 06/14/2020 - 06:48:54: "Sic Mundus Creatus Est<115><STEAM_0:1:66144441><CT>" say ":d"
L 06/14/2020 - 06:48:58: "Camper<109><STEAM_0:0:559308928><TERRORIST>" killed "Sic Mundus Creatus Est<115><STEAM_0:1:66144441><CT>" with "ak47"
L 06/14/2020 - 06:48:58: Team "TERRORIST" triggered "Terrorists_Win" (CT "12") (T "23")
L 06/14/2020 - 06:48:58: World triggered "Round_End"
L 06/14/2020 - 06:49:03: "Camper<109><STEAM_0:0:559308928><TERRORIST>" triggered "Spawned_With_The_Bomb"
L 06/14/2020 - 06:49:04: "Sic Mundus Creatus Est<115><STEAM_0:1:66144441><CT>" say "BABA RE"
L 06/14/2020 - 06:49:09: "Camper<109><STEAM_0:0:559308928><TERRORIST>" say "luck"
L 06/14/2020 - 06:49:09: World triggered "Round_Start"
L 06/14/2020 - 06:49:34: "Sic Mundus Creatus Est<115><STEAM_0:1:66144441><CT>" killed "Camper<109><STEAM_0:0:559308928><TERRORIST>" with "mp5navy"
L 06/14/2020 - 06:49:34: Team "CT" triggered "CTs_Win" (CT "13") (T "23")
L 06/14/2020 - 06:49:34: World triggered "Round_End"
L 06/14/2020 - 06:49:39: "Camper<109><STEAM_0:0:559308928><TERRORIST>" triggered "Spawned_With_The_Bomb"
L 06/14/2020 - 06:49:45: World triggered "Round_Start"
L 06/14/2020 - 06:50:12: "Sic Mundus Creatus Est<115><STEAM_0:1:66144441><CT>" killed "Camper<109><STEAM_0:0:559308928><TERRORIST>" with "mp5navy"
L 06/14/2020 - 06:50:12: Team "CT" triggered "CTs_Win" (CT "14") (T "23")
L 06/14/2020 - 06:50:12: World triggered "Round_End"
L 06/14/2020 - 06:50:17: "Camper<109><STEAM_0:0:559308928><TERRORIST>" triggered "Spawned_With_The_Bomb"
L 06/14/2020 - 06:50:23: World triggered "Round_Start"
L 06/14/2020 - 06:51:23: "Camper<109><STEAM_0:0:559308928><TERRORIST>" killed "Sic Mundus Creatus Est<115><STEAM_0:1:66144441><CT>" with "ak47"
L 06/14/2020 - 06:51:23: Team "TERRORIST" triggered "Terrorists_Win" (CT "14") (T "24")
L 06/14/2020 - 06:51:23: World triggered "Round_End"
L 06/14/2020 - 06:51:28: "Camper<109><STEAM_0:0:559308928><TERRORIST>" triggered "Spawned_With_The_Bomb"
L 06/14/2020 - 06:51:34: World triggered "Round_Start"
L 06/14/2020 - 06:51:57: "Sic Mundus Creatus Est<115><STEAM_0:1:66144441><CT>" killed "Camper<109><STEAM_0:0:559308928><TERRORIST>" with "m4a1"
L 06/14/2020 - 06:51:57: Team "CT" triggered "CTs_Win" (CT "15") (T "24")
L 06/14/2020 - 06:51:57: World triggered "Round_End"
L 06/14/2020 - 06:52:01: "Camper<109><STEAM_0:0:559308928><TERRORIST>" say "shit" (dead)
L 06/14/2020 - 06:52:02: "Camper<109><STEAM_0:0:559308928><TERRORIST>" triggered "Spawned_With_The_Bomb"
L 06/14/2020 - 06:52:08: World triggered "Round_Start"
L 06/14/2020 - 06:52:23: "Sic Mundus Creatus Est<115><STEAM_0:1:66144441><CT>" killed "Camper<109><STEAM_0:0:559308928><TERRORIST>" with "m4a1"
L 06/14/2020 - 06:52:23: Team "CT" triggered "CTs_Win" (CT "16") (T "24")
L 06/14/2020 - 06:52:23: World triggered "Round_End"
L 06/14/2020 - 06:52:28: "Camper<109><STEAM_0:0:559308928><TERRORIST>" triggered "Spawned_With_The_Bomb"
L 06/14/2020 - 06:52:34: World triggered "Round_Start"
L 06/14/2020 - 06:52:50: "Sic Mundus Creatus Est<115><STEAM_0:1:66144441><CT>" killed "Camper<109><STEAM_0:0:559308928><TERRORIST>" with "grenade"
L 06/14/2020 - 06:52:50: Team "CT" triggered "CTs_Win" (CT "17") (T "24")
L 06/14/2020 - 06:52:50: World triggered "Round_End"
L 06/14/2020 - 06:52:55: "Camper<109><STEAM_0:0:559308928><TERRORIST>" triggered "Spawned_With_The_Bomb"
L 06/14/2020 - 06:52:56: "Camper<109><STEAM_0:0:559308928><TERRORIST>" say "e baba"
L 06/14/2020 - 06:53:01: World triggered "Round_Start"
L 06/14/2020 - 06:53:02: "Sic Mundus Creatus Est<115><STEAM_0:1:66144441><CT>" say ":d"
L 06/14/2020 - 06:53:26: "Camper<109><STEAM_0:0:559308928><TERRORIST>" killed "Sic Mundus Creatus Est<115><STEAM_0:1:66144441><CT>" with "ak47"
L 06/14/2020 - 06:53:26: Team "TERRORIST" triggered "Terrorists_Win" (CT "17") (T "25")
L 06/14/2020 - 06:53:26: World triggered "Round_End"
L 06/14/2020 - 06:53:31: "Camper<109><STEAM_0:0:559308928><TERRORIST>" triggered "Spawned_With_The_Bomb"
L 06/14/2020 - 06:53:33: "Sic Mundus Creatus Est<115><STEAM_0:1:66144441><CT>" say "DUSHTU CHELE"
L 06/14/2020 - 06:53:37: World triggered "Round_Start"
L 06/14/2020 - 06:53:38: "Camper<109><STEAM_0:0:559308928><TERRORIST>" say "haha"
L 06/14/2020 - 06:53:57: "Camper<109><STEAM_0:0:559308928><TERRORIST>" killed "Sic Mundus Creatus Est<115><STEAM_0:1:66144441><CT>" with "ak47"
L 06/14/2020 - 06:53:57: Team "TERRORIST" triggered "Terrorists_Win" (CT "17") (T "26")
L 06/14/2020 - 06:53:57: World triggered "Round_End"
L 06/14/2020 - 06:54:02: "Camper<109><STEAM_0:0:559308928><TERRORIST>" triggered "Spawned_With_The_Bomb"
L 06/14/2020 - 06:54:08: World triggered "Round_Start"
L 06/14/2020 - 06:54:23: "Camper<109><STEAM_0:0:559308928><TERRORIST>" killed "Sic Mundus Creatus Est<115><STEAM_0:1:66144441><CT>" with "ak47"
L 06/14/2020 - 06:54:23: Team "TERRORIST" triggered "Terrorists_Win" (CT "17") (T "27")
L 06/14/2020 - 06:54:23: World triggered "Round_End"
L 06/14/2020 - 06:54:28: "Camper<109><STEAM_0:0:559308928><TERRORIST>" triggered "Spawned_With_The_Bomb"
L 06/14/2020 - 06:54:34: World triggered "Round_Start"
L 06/14/2020 - 06:54:53: "Camper<109><STEAM_0:0:559308928><TERRORIST>" triggered "Planted_The_Bomb"
L 06/14/2020 - 06:55:17: "Camper<109><STEAM_0:0:559308928><TERRORIST>" killed "Sic Mundus Creatus Est<115><STEAM_0:1:66144441><CT>" with "ak47"
L 06/14/2020 - 06:55:17: Team "TERRORIST" triggered "Terrorists_Win" (CT "17") (T "28")
L 06/14/2020 - 06:55:17: World triggered "Round_End"
L 06/14/2020 - 06:55:22: "Camper<109><STEAM_0:0:559308928><TERRORIST>" triggered "Spawned_With_The_Bomb"
L 06/14/2020 - 06:55:25: "Sic Mundus Creatus Est<115><STEAM_0:1:66144441><CT>" say "last"
L 06/14/2020 - 06:55:28: World triggered "Round_Start"
L 06/14/2020 - 06:55:30: "Camper<109><STEAM_0:0:559308928><TERRORIST>" say "okay"
L 06/14/2020 - 06:55:37: "Camper<109><STEAM_0:0:559308928><TERRORIST>" say "fasir monche eso"
L 06/14/2020 - 06:56:01: "Sic Mundus Creatus Est<115><STEAM_0:1:66144441><CT>" killed "Camper<109><STEAM_0:0:559308928><TERRORIST>" with "mp5navy"
L 06/14/2020 - 06:56:01: Team "CT" triggered "CTs_Win" (CT "18") (T "28")
L 06/14/2020 - 06:56:01: World triggered "Round_End"
L 06/14/2020 - 06:56:06: "Camper<109><STEAM_0:0:559308928><TERRORIST>" triggered "Spawned_With_The_Bomb"
L 06/14/2020 - 06:56:08: "Sic Mundus Creatus Est<115><STEAM_0:1:66144441><CT>" say "TATA"
L 06/14/2020 - 06:56:09: "Camper<109><STEAM_0:0:559308928><TERRORIST>" say "g"
L 06/14/2020 - 06:56:10: "Sic Mundus Creatus Est<115><STEAM_0:1:66144441><CT>" disconnected
L 06/14/2020 - 06:56:13: World triggered "Round_Start"
L 06/14/2020 - 06:56:13: "Camper<109><STEAM_0:0:559308928><TERRORIST>" say "tata"
L 06/14/2020 - 06:56:18: "Camper<109><STEAM_0:0:559308928><TERRORIST>" triggered "Dropped_The_Bomb"
L 06/14/2020 - 06:56:18: "Camper<109><STEAM_0:0:559308928><TERRORIST>" disconnected
L 06/14/2020 - 06:56:18: World triggered "Round_Draw" (CT "18") (T "28")
L 06/14/2020 - 06:56:18: World triggered "Round_End"
L 06/14/2020 - 06:56:29: World triggered "Round_Start"
L 06/14/2020 - 06:58:29: Team "CT" triggered "Target_Saved" (CT "19") (T "28")
L 06/14/2020 - 06:58:29: World triggered "Round_End"
L 06/14/2020 - 06:58:40: World triggered "Round_Start"
L 06/14/2020 - 07:00:40: Team "CT" triggered "Target_Saved" (CT "20") (T "28")
L 06/14/2020 - 07:00:40: World triggered "Round_End"
L 06/14/2020 - 07:00:51: World triggered "Round_Start"
L 06/14/2020 - 07:02:51: Team "CT" triggered "Target_Saved" (CT "21") (T "28")
L 06/14/2020 - 07:02:51: World triggered "Round_End"
L 06/14/2020 - 07:03:02: World triggered "Round_Start"
L 06/14/2020 - 07:05:02: Team "CT" triggered "Target_Saved" (CT "22") (T "28")
L 06/14/2020 - 07:05:02: World triggered "Round_End"
L 06/14/2020 - 07:05:13: World triggered "Round_Start"
L 06/14/2020 - 07:07:13: Team "CT" triggered "Target_Saved" (CT "23") (T "28")
L 06/14/2020 - 07:07:13: World triggered "Round_End"
L 06/14/2020 - 07:07:24: World triggered "Round_Start"
L 06/14/2020 - 07:09:24: Team "CT" triggered "Target_Saved" (CT "24") (T "28")
L 06/14/2020 - 07:09:24: World triggered "Round_End"
L 06/14/2020 - 07:09:35: World triggered "Round_Start"
L 06/14/2020 - 07:11:35: Team "CT" triggered "Target_Saved" (CT "25") (T "28")
L 06/14/2020 - 07:11:35: World triggered "Round_End"
L 06/14/2020 - 07:11:46: World triggered "Round_Start"
L 06/14/2020 - 07:13:46: Team "CT" triggered "Target_Saved" (CT "26") (T "28")
L 06/14/2020 - 07:13:46: World triggered "Round_End"
L 06/14/2020 - 07:13:57: World triggered "Round_Start"
L 06/14/2020 - 07:15:57: Team "CT" triggered "Target_Saved" (CT "27") (T "28")
L 06/14/2020 - 07:15:57: World triggered "Round_End"
L 06/14/2020 - 07:16:08: World triggered "Round_Start"
L 06/14/2020 - 07:18:08: Team "CT" triggered "Target_Saved" (CT "28") (T "28")
L 06/14/2020 - 07:18:08: World triggered "Round_End"
L 06/14/2020 - 07:18:19: World triggered "Round_Start"
L 06/14/2020 - 07:20:19: Team "CT" triggered "Target_Saved" (CT "29") (T "28")
L 06/14/2020 - 07:20:19: World triggered "Round_End"
L 06/14/2020 - 07:20:30: World triggered "Round_Start"
L 06/14/2020 - 07:22:30: Team "CT" triggered "Target_Saved" (CT "30") (T "28")
L 06/14/2020 - 07:22:30: World triggered "Round_End"
L 06/14/2020 - 07:22:41: World triggered "Round_Start"
L 06/14/2020 - 07:24:41: Team "CT" triggered "Target_Saved" (CT "31") (T "28")
L 06/14/2020 - 07:24:41: World triggered "Round_End"
L 06/14/2020 - 07:24:52: World triggered "Round_Start"
L 06/14/2020 - 07:26:52: Team "CT" triggered "Target_Saved" (CT "32") (T "28")
L 06/14/2020 - 07:26:52: World triggered "Round_End"
L 06/14/2020 - 07:27:03: World triggered "Round_Start"
L 06/14/2020 - 07:29:04: Team "CT" triggered "Target_Saved" (CT "33") (T "28")
L 06/14/2020 - 07:29:04: World triggered "Round_End"
L 06/14/2020 - 07:29:15: World triggered "Round_Start"
L 06/14/2020 - 07:31:15: Team "CT" triggered "Target_Saved" (CT "34") (T "28")
L 06/14/2020 - 07:31:15: World triggered "Round_End"
L 06/14/2020 - 07:31:26: World triggered "Round_Start"
L 06/14/2020 - 07:33:26: Team "CT" triggered "Target_Saved" (CT "35") (T "28")
L 06/14/2020 - 07:33:26: World triggered "Round_End"
L 06/14/2020 - 07:33:37: World triggered "Round_Start"
L 06/14/2020 - 07:35:37: Team "CT" triggered "Target_Saved" (CT "36") (T "28")
L 06/14/2020 - 07:35:37: World triggered "Round_End"
L 06/14/2020 - 07:35:48: World triggered "Round_Start"
L 06/14/2020 - 07:37:48: Team "CT" triggered "Target_Saved" (CT "37") (T "28")
L 06/14/2020 - 07:37:48: World triggered "Round_End"
L 06/14/2020 - 07:37:59: World triggered "Round_Start"
L 06/14/2020 - 07:39:59: Team "CT" triggered "Target_Saved" (CT "38") (T "28")
L 06/14/2020 - 07:39:59: World triggered "Round_End"
L 06/14/2020 - 07:40:10: World triggered "Round_Start"
L 06/14/2020 - 07:42:10: Team "CT" triggered "Target_Saved" (CT "39") (T "28")
L 06/14/2020 - 07:42:10: World triggered "Round_End"
L 06/14/2020 - 07:42:21: World triggered "Round_Start"
L 06/14/2020 - 07:44:21: Team "CT" triggered "Target_Saved" (CT "40") (T "28")
L 06/14/2020 - 07:44:21: World triggered "Round_End"
L 06/14/2020 - 07:44:32: World triggered "Round_Start"
L 06/14/2020 - 07:46:32: Team "CT" triggered "Target_Saved" (CT "41") (T "28")
L 06/14/2020 - 07:46:32: World triggered "Round_End"
L 06/14/2020 - 07:46:43: World triggered "Round_Start"
L 06/14/2020 - 07:48:43: Team "CT" triggered "Target_Saved" (CT "42") (T "28")
L 06/14/2020 - 07:48:43: World triggered "Round_End"
L 06/14/2020 - 07:48:54: World triggered "Round_Start"
L 06/14/2020 - 07:50:54: Team "CT" triggered "Target_Saved" (CT "43") (T "28")
L 06/14/2020 - 07:50:54: World triggered "Round_End"
L 06/14/2020 - 07:51:05: World triggered "Round_Start"
L 06/14/2020 - 07:53:05: Team "CT" triggered "Target_Saved" (CT "44") (T "28")
L 06/14/2020 - 07:53:05: World triggered "Round_End"
L 06/14/2020 - 07:53:16: World triggered "Round_Start"
L 06/14/2020 - 07:55:16: Team "CT" triggered "Target_Saved" (CT "45") (T "28")
L 06/14/2020 - 07:55:16: World triggered "Round_End"
L 06/14/2020 - 07:55:27: World triggered "Round_Start"
L 06/14/2020 - 07:57:27: Team "CT" triggered "Target_Saved" (CT "46") (T "28")
L 06/14/2020 - 07:57:27: World triggered "Round_End"
L 06/14/2020 - 07:57:38: World triggered "Round_Start"
L 06/14/2020 - 07:59:38: Team "CT" triggered "Target_Saved" (CT "47") (T "28")
L 06/14/2020 - 07:59:38: World triggered "Round_End"
L 06/14/2020 - 07:59:49: World triggered "Round_Start"
L 06/14/2020 - 08:01:49: Team "CT" triggered "Target_Saved" (CT "48") (T "28")
L 06/14/2020 - 08:01:49: World triggered "Round_End"
L 06/14/2020 - 08:02:00: World triggered "Round_Start"
L 06/14/2020 - 08:04:00: Team "CT" triggered "Target_Saved" (CT "49") (T "28")
L 06/14/2020 - 08:04:00: World triggered "Round_End"
L 06/14/2020 - 08:04:11: World triggered "Round_Start"
L 06/14/2020 - 08:06:11: Team "CT" triggered "Target_Saved" (CT "50") (T "28")
L 06/14/2020 - 08:06:11: World triggered "Round_End"
L 06/14/2020 - 08:06:22: World triggered "Round_Start"
L 06/14/2020 - 08:08:22: Team "CT" triggered "Target_Saved" (CT "51") (T "28")
L 06/14/2020 - 08:08:22: World triggered "Round_End"
L 06/14/2020 - 08:08:33: World triggered "Round_Start"
L 06/14/2020 - 08:10:33: Team "CT" triggered "Target_Saved" (CT "52") (T "28")
L 06/14/2020 - 08:10:33: World triggered "Round_End"
L 06/14/2020 - 08:10:44: World triggered "Round_Start"
L 06/14/2020 - 08:12:44: Team "CT" triggered "Target_Saved" (CT "53") (T "28")
L 06/14/2020 - 08:12:44: World triggered "Round_End"
L 06/14/2020 - 08:12:55: World triggered "Round_Start"
L 06/14/2020 - 08:14:55: Team "CT" triggered "Target_Saved" (CT "54") (T "28")
L 06/14/2020 - 08:14:55: World triggered "Round_End"
L 06/14/2020 - 08:15:06: World triggered "Round_Start"
L 06/14/2020 - 08:17:06: Team "CT" triggered "Target_Saved" (CT "55") (T "28")
L 06/14/2020 - 08:17:06: World triggered "Round_End"
L 06/14/2020 - 08:17:17: World triggered "Round_Start"
L 06/14/2020 - 08:19:17: Team "CT" triggered "Target_Saved" (CT "56") (T "28")
L 06/14/2020 - 08:19:17: World triggered "Round_End"
L 06/14/2020 - 08:19:28: World triggered "Round_Start"
L 06/14/2020 - 08:21:28: Team "CT" triggered "Target_Saved" (CT "57") (T "28")
L 06/14/2020 - 08:21:28: World triggered "Round_End"
L 06/14/2020 - 08:21:39: World triggered "Round_Start"
L 06/14/2020 - 08:23:39: Team "CT" triggered "Target_Saved" (CT "58") (T "28")
L 06/14/2020 - 08:23:39: World triggered "Round_End"
L 06/14/2020 - 08:23:50: World triggered "Round_Start"
L 06/14/2020 - 08:25:50: Team "CT" triggered "Target_Saved" (CT "59") (T "28")
L 06/14/2020 - 08:25:50: World triggered "Round_End"
L 06/14/2020 - 08:26:01: World triggered "Round_Start"
L 06/14/2020 - 08:28:01: Team "CT" triggered "Target_Saved" (CT "60") (T "28")
L 06/14/2020 - 08:28:01: World triggered "Round_End"
L 06/14/2020 - 08:28:12: World triggered "Round_Start"
L 06/14/2020 - 08:30:12: Team "CT" triggered "Target_Saved" (CT "61") (T "28")
L 06/14/2020 - 08:30:12: World triggered "Round_End"
L 06/14/2020 - 08:30:23: World triggered "Round_Start"
L 06/14/2020 - 08:32:23: Team "CT" triggered "Target_Saved" (CT "62") (T "28")
L 06/14/2020 - 08:32:23: World triggered "Round_End"
L 06/14/2020 - 08:32:34: World triggered "Round_Start"
L 06/14/2020 - 08:34:34: Team "CT" triggered "Target_Saved" (CT "63") (T "28")
L 06/14/2020 - 08:34:34: World triggered "Round_End"
L 06/14/2020 - 08:34:45: World triggered "Round_Start"
L 06/14/2020 - 08:36:45: Team "CT" triggered "Target_Saved" (CT "64") (T "28")
L 06/14/2020 - 08:36:45: World triggered "Round_End"
L 06/14/2020 - 08:36:56: World triggered "Round_Start"
L 06/14/2020 - 08:38:56: Team "CT" triggered "Target_Saved" (CT "65") (T "28")
L 06/14/2020 - 08:38:56: World triggered "Round_End"
L 06/14/2020 - 08:39:07: World triggered "Round_Start"
L 06/14/2020 - 08:41:07: Team "CT" triggered "Target_Saved" (CT "66") (T "28")
L 06/14/2020 - 08:41:07: World triggered "Round_End"
L 06/14/2020 - 08:41:18: World triggered "Round_Start"
L 06/14/2020 - 08:43:18: Team "CT" triggered "Target_Saved" (CT "67") (T "28")
L 06/14/2020 - 08:43:18: World triggered "Round_End"
L 06/14/2020 - 08:43:29: World triggered "Round_Start"
L 06/14/2020 - 08:45:29: Team "CT" triggered "Target_Saved" (CT "68") (T "28")
L 06/14/2020 - 08:45:29: World triggered "Round_End"
L 06/14/2020 - 08:45:40: World triggered "Round_Start"
L 06/14/2020 - 08:47:40: Team "CT" triggered "Target_Saved" (CT "69") (T "28")
L 06/14/2020 - 08:47:40: World triggered "Round_End"
L 06/14/2020 - 08:47:51: World triggered "Round_Start"
L 06/14/2020 - 08:49:51: Team "CT" triggered "Target_Saved" (CT "70") (T "28")
L 06/14/2020 - 08:49:51: World triggered "Round_End"
L 06/14/2020 - 08:50:02: World triggered "Round_Start"
L 06/14/2020 - 08:52:02: Team "CT" triggered "Target_Saved" (CT "71") (T "28")
L 06/14/2020 - 08:52:02: World triggered "Round_End"
L 06/14/2020 - 08:52:13: World triggered "Round_Start"
L 06/14/2020 - 08:54:13: Team "CT" triggered "Target_Saved" (CT "72") (T "28")
L 06/14/2020 - 08:54:13: World triggered "Round_End"
L 06/14/2020 - 08:54:24: World triggered "Round_Start"
L 06/14/2020 - 08:56:24: Team "CT" triggered "Target_Saved" (CT "73") (T "28")
L 06/14/2020 - 08:56:24: World triggered "Round_End"
L 06/14/2020 - 08:56:35: World triggered "Round_Start"
L 06/14/2020 - 08:58:35: Team "CT" triggered "Target_Saved" (CT "74") (T "28")
L 06/14/2020 - 08:58:35: World triggered "Round_End"
L 06/14/2020 - 08:58:46: World triggered "Round_Start"
L 06/14/2020 - 09:00:46: Team "CT" triggered "Target_Saved" (CT "75") (T "28")
L 06/14/2020 - 09:00:46: World triggered "Round_End"
L 06/14/2020 - 09:00:58: World triggered "Round_Start"
L 06/14/2020 - 09:02:58: Team "CT" triggered "Target_Saved" (CT "76") (T "28")
L 06/14/2020 - 09:02:58: World triggered "Round_End"
L 06/14/2020 - 09:03:09: World triggered "Round_Start"
L 06/14/2020 - 09:05:09: Team "CT" triggered "Target_Saved" (CT "77") (T "28")
L 06/14/2020 - 09:05:09: World triggered "Round_End"
L 06/14/2020 - 09:05:20: World triggered "Round_Start"
L 06/14/2020 - 09:07:20: Team "CT" triggered "Target_Saved" (CT "78") (T "28")
L 06/14/2020 - 09:07:20: World triggered "Round_End"
L 06/14/2020 - 09:07:31: World triggered "Round_Start"
L 06/14/2020 - 09:09:31: Team "CT" triggered "Target_Saved" (CT "79") (T "28")
L 06/14/2020 - 09:09:31: World triggered "Round_End"
L 06/14/2020 - 09:09:42: World triggered "Round_Start"
L 06/14/2020 - 09:11:42: Team "CT" triggered "Target_Saved" (CT "80") (T "28")
L 06/14/2020 - 09:11:42: World triggered "Round_End"
L 06/14/2020 - 09:11:53: World triggered "Round_Start"
L 06/14/2020 - 09:13:53: Team "CT" triggered "Target_Saved" (CT "81") (T "28")
L 06/14/2020 - 09:13:53: World triggered "Round_End"
L 06/14/2020 - 09:14:04: World triggered "Round_Start"
L 06/14/2020 - 09:16:04: Team "CT" triggered "Target_Saved" (CT "82") (T "28")
L 06/14/2020 - 09:16:04: World triggered "Round_End"
L 06/14/2020 - 09:16:15: World triggered "Round_Start"
L 06/14/2020 - 09:18:15: Team "CT" triggered "Target_Saved" (CT "83") (T "28")
L 06/14/2020 - 09:18:15: World triggered "Round_End"
L 06/14/2020 - 09:18:26: World triggered "Round_Start"
L 06/14/2020 - 09:20:26: Team "CT" triggered "Target_Saved" (CT "84") (T "28")
L 06/14/2020 - 09:20:26: World triggered "Round_End"
L 06/14/2020 - 09:20:37: World triggered "Round_Start"
L 06/14/2020 - 09:22:37: Team "CT" triggered "Target_Saved" (CT "85") (T "28")
L 06/14/2020 - 09:22:37: World triggered "Round_End"
L 06/14/2020 - 09:22:48: World triggered "Round_Start"
L 06/14/2020 - 09:24:48: Team "CT" triggered "Target_Saved" (CT "86") (T "28")
L 06/14/2020 - 09:24:48: World triggered "Round_End"
L 06/14/2020 - 09:24:59: World triggered "Round_Start"
L 06/14/2020 - 09:26:59: Team "CT" triggered "Target_Saved" (CT "87") (T "28")
L 06/14/2020 - 09:26:59: World triggered "Round_End"
L 06/14/2020 - 09:27:10: World triggered "Round_Start"
L 06/14/2020 - 09:29:10: Team "CT" triggered "Target_Saved" (CT "88") (T "28")
L 06/14/2020 - 09:29:10: World triggered "Round_End"
L 06/14/2020 - 09:29:21: World triggered "Round_Start"
L 06/14/2020 - 09:31:21: Team "CT" triggered "Target_Saved" (CT "89") (T "28")
L 06/14/2020 - 09:31:21: World triggered "Round_End"
L 06/14/2020 - 09:31:32: World triggered "Round_Start"
L 06/14/2020 - 09:33:32: Team "CT" triggered "Target_Saved" (CT "90") (T "28")
L 06/14/2020 - 09:33:32: World triggered "Round_End"
L 06/14/2020 - 09:33:43: World triggered "Round_Start"
L 06/14/2020 - 09:35:43: Team "CT" triggered "Target_Saved" (CT "91") (T "28")
L 06/14/2020 - 09:35:43: World triggered "Round_End"
L 06/14/2020 - 09:35:54: World triggered "Round_Start"
L 06/14/2020 - 09:37:54: Team "CT" triggered "Target_Saved" (CT "92") (T "28")
L 06/14/2020 - 09:37:54: World triggered "Round_End"
L 06/14/2020 - 09:38:05: World triggered "Round_Start"
L 06/14/2020 - 09:40:05: Team "CT" triggered "Target_Saved" (CT "93") (T "28")
L 06/14/2020 - 09:40:05: World triggered "Round_End"
L 06/14/2020 - 09:40:16: World triggered "Round_Start"
L 06/14/2020 - 09:42:16: Team "CT" triggered "Target_Saved" (CT "94") (T "28")
L 06/14/2020 - 09:42:16: World triggered "Round_End"
L 06/14/2020 - 09:42:27: World triggered "Round_Start"
L 06/14/2020 - 09:44:27: Team "CT" triggered "Target_Saved" (CT "95") (T "28")
L 06/14/2020 - 09:44:27: World triggered "Round_End"
L 06/14/2020 - 09:44:38: World triggered "Round_Start"
L 06/14/2020 - 09:46:38: Team "CT" triggered "Target_Saved" (CT "96") (T "28")
L 06/14/2020 - 09:46:38: World triggered "Round_End"
L 06/14/2020 - 09:46:49: World triggered "Round_Start"
L 06/14/2020 - 09:48:49: Team "CT" triggered "Target_Saved" (CT "97") (T "28")
L 06/14/2020 - 09:48:49: World triggered "Round_End"
L 06/14/2020 - 09:49:00: World triggered "Round_Start"
L 06/14/2020 - 09:51:00: Team "CT" triggered "Target_Saved" (CT "98") (T "28")
L 06/14/2020 - 09:51:00: World triggered "Round_End"
L 06/14/2020 - 09:51:11: World triggered "Round_Start"
L 06/14/2020 - 09:53:11: Team "CT" triggered "Target_Saved" (CT "99") (T "28")
L 06/14/2020 - 09:53:11: World triggered "Round_End"
L 06/14/2020 - 09:53:22: World triggered "Round_Start"
L 06/14/2020 - 09:55:22: Team "CT" triggered "Target_Saved" (CT "100") (T "28")
L 06/14/2020 - 09:55:22: World triggered "Round_End"
L 06/14/2020 - 09:55:33: World triggered "Round_Start"
L 06/14/2020 - 09:57:33: Team "CT" triggered "Target_Saved" (CT "101") (T "28")
L 06/14/2020 - 09:57:33: World triggered "Round_End"
L 06/14/2020 - 09:57:44: World triggered "Round_Start"
L 06/14/2020 - 09:59:44: Team "CT" triggered "Target_Saved" (CT "102") (T "28")
L 06/14/2020 - 09:59:44: World triggered "Round_End"
L 06/14/2020 - 09:59:55: World triggered "Round_Start"
L 06/14/2020 - 10:01:55: Team "CT" triggered "Target_Saved" (CT "103") (T "28")
L 06/14/2020 - 10:01:55: World triggered "Round_End"
L 06/14/2020 - 10:02:06: World triggered "Round_Start"
L 06/14/2020 - 10:04:06: Team "CT" triggered "Target_Saved" (CT "104") (T "28")
L 06/14/2020 - 10:04:06: World triggered "Round_End"
L 06/14/2020 - 10:04:17: World triggered "Round_Start"
L 06/14/2020 - 10:06:17: Team "CT" triggered "Target_Saved" (CT "105") (T "28")
L 06/14/2020 - 10:06:17: World triggered "Round_End"
L 06/14/2020 - 10:06:28: World triggered "Round_Start"
L 06/14/2020 - 10:08:28: Team "CT" triggered "Target_Saved" (CT "106") (T "28")
L 06/14/2020 - 10:08:28: World triggered "Round_End"
L 06/14/2020 - 10:08:39: World triggered "Round_Start"
L 06/14/2020 - 10:10:39: Team "CT" triggered "Target_Saved" (CT "107") (T "28")
L 06/14/2020 - 10:10:39: World triggered "Round_End"
L 06/14/2020 - 10:10:50: World triggered "Round_Start"
L 06/14/2020 - 10:12:50: Team "CT" triggered "Target_Saved" (CT "108") (T "28")
L 06/14/2020 - 10:12:50: World triggered "Round_End"
L 06/14/2020 - 10:13:01: World triggered "Round_Start"
L 06/14/2020 - 10:15:01: Team "CT" triggered "Target_Saved" (CT "109") (T "28")
L 06/14/2020 - 10:15:01: World triggered "Round_End"
L 06/14/2020 - 10:15:12: World triggered "Round_Start"
L 06/14/2020 - 10:17:12: Team "CT" triggered "Target_Saved" (CT "110") (T "28")
L 06/14/2020 - 10:17:12: World triggered "Round_End"
L 06/14/2020 - 10:17:23: World triggered "Round_Start"
L 06/14/2020 - 10:19:23: Team "CT" triggered "Target_Saved" (CT "111") (T "28")
L 06/14/2020 - 10:19:23: World triggered "Round_End"
L 06/14/2020 - 10:19:34: World triggered "Round_Start"
L 06/14/2020 - 10:21:34: Team "CT" triggered "Target_Saved" (CT "112") (T "28")
L 06/14/2020 - 10:21:34: World triggered "Round_End"
L 06/14/2020 - 10:21:45: World triggered "Round_Start"
L 06/14/2020 - 10:23:45: Team "CT" triggered "Target_Saved" (CT "113") (T "28")
L 06/14/2020 - 10:23:45: World triggered "Round_End"
L 06/14/2020 - 10:23:56: World triggered "Round_Start"
L 06/14/2020 - 10:25:56: Team "CT" triggered "Target_Saved" (CT "114") (T "28")
L 06/14/2020 - 10:25:56: World triggered "Round_End"
L 06/14/2020 - 10:26:07: World triggered "Round_Start"
L 06/14/2020 - 10:28:07: Team "CT" triggered "Target_Saved" (CT "115") (T "28")
L 06/14/2020 - 10:28:07: World triggered "Round_End"
L 06/14/2020 - 10:28:18: World triggered "Round_Start"
L 06/14/2020 - 10:30:18: Team "CT" triggered "Target_Saved" (CT "116") (T "28")
L 06/14/2020 - 10:30:18: World triggered "Round_End"
L 06/14/2020 - 10:30:29: World triggered "Round_Start"
L 06/14/2020 - 10:32:29: Team "CT" triggered "Target_Saved" (CT "117") (T "28")
L 06/14/2020 - 10:32:29: World triggered "Round_End"
L 06/14/2020 - 10:32:40: World triggered "Round_Start"
L 06/14/2020 - 10:34:40: Team "CT" triggered "Target_Saved" (CT "118") (T "28")
L 06/14/2020 - 10:34:40: World triggered "Round_End"
L 06/14/2020 - 10:34:51: World triggered "Round_Start"
L 06/14/2020 - 10:36:52: Team "CT" triggered "Target_Saved" (CT "119") (T "28")
L 06/14/2020 - 10:36:52: World triggered "Round_End"
L 06/14/2020 - 10:37:03: World triggered "Round_Start"
L 06/14/2020 - 10:39:03: Team "CT" triggered "Target_Saved" (CT "120") (T "28")
L 06/14/2020 - 10:39:03: World triggered "Round_End"
L 06/14/2020 - 10:39:14: World triggered "Round_Start"
L 06/14/2020 - 10:41:14: Team "CT" triggered "Target_Saved" (CT "121") (T "28")
L 06/14/2020 - 10:41:14: World triggered "Round_End"
L 06/14/2020 - 10:41:25: World triggered "Round_Start"
L 06/14/2020 - 10:43:25: Team "CT" triggered "Target_Saved" (CT "122") (T "28")
L 06/14/2020 - 10:43:25: World triggered "Round_End"
L 06/14/2020 - 10:43:36: World triggered "Round_Start"
L 06/14/2020 - 10:45:36: Team "CT" triggered "Target_Saved" (CT "123") (T "28")
L 06/14/2020 - 10:45:36: World triggered "Round_End"
L 06/14/2020 - 10:45:47: World triggered "Round_Start"
L 06/14/2020 - 10:47:47: Team "CT" triggered "Target_Saved" (CT "124") (T "28")
L 06/14/2020 - 10:47:47: World triggered "Round_End"
L 06/14/2020 - 10:47:58: World triggered "Round_Start"
L 06/14/2020 - 10:49:58: Team "CT" triggered "Target_Saved" (CT "125") (T "28")
L 06/14/2020 - 10:49:58: World triggered "Round_End"
L 06/14/2020 - 10:50:09: World triggered "Round_Start"
L 06/14/2020 - 10:52:09: Team "CT" triggered "Target_Saved" (CT "126") (T "28")
L 06/14/2020 - 10:52:09: World triggered "Round_End"
L 06/14/2020 - 10:52:20: World triggered "Round_Start"
L 06/14/2020 - 10:54:20: Team "CT" triggered "Target_Saved" (CT "127") (T "28")
L 06/14/2020 - 10:54:20: World triggered "Round_End"
L 06/14/2020 - 10:54:31: World triggered "Round_Start"
L 06/14/2020 - 10:56:31: Team "CT" triggered "Target_Saved" (CT "128") (T "28")
L 06/14/2020 - 10:56:31: World triggered "Round_End"
L 06/14/2020 - 10:56:42: World triggered "Round_Start"
L 06/14/2020 - 10:58:42: Team "CT" triggered "Target_Saved" (CT "129") (T "28")
L 06/14/2020 - 10:58:42: World triggered "Round_End"
L 06/14/2020 - 10:58:53: World triggered "Round_Start"
L 06/14/2020 - 11:00:53: Team "CT" triggered "Target_Saved" (CT "130") (T "28")
L 06/14/2020 - 11:00:53: World triggered "Round_End"
L 06/14/2020 - 11:01:04: World triggered "Round_Start"
L 06/14/2020 - 11:03:04: Team "CT" triggered "Target_Saved" (CT "131") (T "28")
L 06/14/2020 - 11:03:04: World triggered "Round_End"
L 06/14/2020 - 11:03:15: World triggered "Round_Start"
L 06/14/2020 - 11:05:15: Team "CT" triggered "Target_Saved" (CT "132") (T "28")
L 06/14/2020 - 11:05:15: World triggered "Round_End"
L 06/14/2020 - 11:05:26: World triggered "Round_Start"
L 06/14/2020 - 11:07:26: Team "CT" triggered "Target_Saved" (CT "133") (T "28")
L 06/14/2020 - 11:07:26: World triggered "Round_End"
L 06/14/2020 - 11:07:37: World triggered "Round_Start"
L 06/14/2020 - 11:09:37: Team "CT" triggered "Target_Saved" (CT "134") (T "28")
L 06/14/2020 - 11:09:37: World triggered "Round_End"
L 06/14/2020 - 11:09:48: World triggered "Round_Start"
L 06/14/2020 - 11:11:48: Team "CT" triggered "Target_Saved" (CT "135") (T "28")
L 06/14/2020 - 11:11:48: World triggered "Round_End"
L 06/14/2020 - 11:11:59: World triggered "Round_Start"
L 06/14/2020 - 11:13:59: Team "CT" triggered "Target_Saved" (CT "136") (T "28")
L 06/14/2020 - 11:13:59: World triggered "Round_End"
L 06/14/2020 - 11:14:10: World triggered "Round_Start"
L 06/14/2020 - 11:16:10: Team "CT" triggered "Target_Saved" (CT "137") (T "28")
L 06/14/2020 - 11:16:10: World triggered "Round_End"
L 06/14/2020 - 11:16:21: World triggered "Round_Start"
L 06/14/2020 - 11:18:21: Team "CT" triggered "Target_Saved" (CT "138") (T "28")
L 06/14/2020 - 11:18:21: World triggered "Round_End"
L 06/14/2020 - 11:18:32: World triggered "Round_Start"
L 06/14/2020 - 11:20:32: Team "CT" triggered "Target_Saved" (CT "139") (T "28")
L 06/14/2020 - 11:20:32: World triggered "Round_End"
L 06/14/2020 - 11:20:43: World triggered "Round_Start"
L 06/14/2020 - 11:22:43: Team "CT" triggered "Target_Saved" (CT "140") (T "28")
L 06/14/2020 - 11:22:43: World triggered "Round_End"
L 06/14/2020 - 11:22:54: World triggered "Round_Start"
L 06/14/2020 - 11:24:54: Team "CT" triggered "Target_Saved" (CT "141") (T "28")
L 06/14/2020 - 11:24:54: World triggered "Round_End"
L 06/14/2020 - 11:25:05: World triggered "Round_Start"
L 06/14/2020 - 11:27:05: Team "CT" triggered "Target_Saved" (CT "142") (T "28")
L 06/14/2020 - 11:27:05: World triggered "Round_End"
L 06/14/2020 - 11:27:16: World triggered "Round_Start"
L 06/14/2020 - 11:29:16: Team "CT" triggered "Target_Saved" (CT "143") (T "28")
L 06/14/2020 - 11:29:16: World triggered "Round_End"
L 06/14/2020 - 11:29:27: World triggered "Round_Start"
L 06/14/2020 - 11:31:27: Team "CT" triggered "Target_Saved" (CT "144") (T "28")
L 06/14/2020 - 11:31:27: World triggered "Round_End"
L 06/14/2020 - 11:31:38: World triggered "Round_Start"
L 06/14/2020 - 11:33:38: Team "CT" triggered "Target_Saved" (CT "145") (T "28")
L 06/14/2020 - 11:33:38: World triggered "Round_End"
L 06/14/2020 - 11:33:49: World triggered "Round_Start"
L 06/14/2020 - 11:35:49: Team "CT" triggered "Target_Saved" (CT "146") (T "28")
L 06/14/2020 - 11:35:49: World triggered "Round_End"
L 06/14/2020 - 11:36:00: World triggered "Round_Start"
L 06/14/2020 - 11:38:00: Team "CT" triggered "Target_Saved" (CT "147") (T "28")
L 06/14/2020 - 11:38:00: World triggered "Round_End"
L 06/14/2020 - 11:38:11: World triggered "Round_Start"
L 06/14/2020 - 11:40:11: Team "CT" triggered "Target_Saved" (CT "148") (T "28")
L 06/14/2020 - 11:40:11: World triggered "Round_End"
L 06/14/2020 - 11:40:22: World triggered "Round_Start"
L 06/14/2020 - 11:42:22: Team "CT" triggered "Target_Saved" (CT "149") (T "28")
L 06/14/2020 - 11:42:22: World triggered "Round_End"
L 06/14/2020 - 11:42:33: World triggered "Round_Start"
L 06/14/2020 - 11:44:33: Team "CT" triggered "Target_Saved" (CT "150") (T "28")
L 06/14/2020 - 11:44:33: World triggered "Round_End"
L 06/14/2020 - 11:44:44: World triggered "Round_Start"
L 06/14/2020 - 11:46:44: Team "CT" triggered "Target_Saved" (CT "151") (T "28")
L 06/14/2020 - 11:46:44: World triggered "Round_End"
L 06/14/2020 - 11:46:55: World triggered "Round_Start"
L 06/14/2020 - 11:48:55: Team "CT" triggered "Target_Saved" (CT "152") (T "28")
L 06/14/2020 - 11:48:55: World triggered "Round_End"
L 06/14/2020 - 11:49:06: World triggered "Round_Start"
L 06/14/2020 - 11:51:06: Team "CT" triggered "Target_Saved" (CT "153") (T "28")
L 06/14/2020 - 11:51:06: World triggered "Round_End"
L 06/14/2020 - 11:51:17: World triggered "Round_Start"
L 06/14/2020 - 11:53:17: Team "CT" triggered "Target_Saved" (CT "154") (T "28")
L 06/14/2020 - 11:53:17: World triggered "Round_End"
L 06/14/2020 - 11:53:28: World triggered "Round_Start"
L 06/14/2020 - 11:55:28: Team "CT" triggered "Target_Saved" (CT "155") (T "28")
L 06/14/2020 - 11:55:28: World triggered "Round_End"
L 06/14/2020 - 11:55:39: World triggered "Round_Start"
L 06/14/2020 - 11:57:39: Team "CT" triggered "Target_Saved" (CT "156") (T "28")
L 06/14/2020 - 11:57:39: World triggered "Round_End"
L 06/14/2020 - 11:57:50: World triggered "Round_Start"
L 06/14/2020 - 11:59:50: Team "CT" triggered "Target_Saved" (CT "157") (T "28")
L 06/14/2020 - 11:59:50: World triggered "Round_End"
L 06/14/2020 - 12:00:01: World triggered "Round_Start"
L 06/14/2020 - 12:02:01: Team "CT" triggered "Target_Saved" (CT "158") (T "28")
L 06/14/2020 - 12:02:01: World triggered "Round_End"
L 06/14/2020 - 12:02:12: World triggered "Round_Start"
L 06/14/2020 - 12:04:12: Team "CT" triggered "Target_Saved" (CT "159") (T "28")
L 06/14/2020 - 12:04:12: World triggered "Round_End"
L 06/14/2020 - 12:04:23: World triggered "Round_Start"
L 06/14/2020 - 12:06:23: Team "CT" triggered "Target_Saved" (CT "160") (T "28")
L 06/14/2020 - 12:06:23: World triggered "Round_End"
L 06/14/2020 - 12:06:34: World triggered "Round_Start"
L 06/14/2020 - 12:08:34: Team "CT" triggered "Target_Saved" (CT "161") (T "28")
L 06/14/2020 - 12:08:34: World triggered "Round_End"
L 06/14/2020 - 12:08:45: World triggered "Round_Start"
L 06/14/2020 - 12:10:45: Team "CT" triggered "Target_Saved" (CT "162") (T "28")
L 06/14/2020 - 12:10:45: World triggered "Round_End"
L 06/14/2020 - 12:10:56: World triggered "Round_Start"
L 06/14/2020 - 12:12:56: Team "CT" triggered "Target_Saved" (CT "163") (T "28")
L 06/14/2020 - 12:12:56: World triggered "Round_End"
L 06/14/2020 - 12:13:07: World triggered "Round_Start"
L 06/14/2020 - 12:15:07: Team "CT" triggered "Target_Saved" (CT "164") (T "28")
L 06/14/2020 - 12:15:07: World triggered "Round_End"
L 06/14/2020 - 12:15:19: World triggered "Round_Start"
L 06/14/2020 - 12:17:19: Team "CT" triggered "Target_Saved" (CT "165") (T "28")
L 06/14/2020 - 12:17:19: World triggered "Round_End"
L 06/14/2020 - 12:17:30: World triggered "Round_Start"
L 06/14/2020 - 12:19:30: Team "CT" triggered "Target_Saved" (CT "166") (T "28")
L 06/14/2020 - 12:19:30: World triggered "Round_End"
L 06/14/2020 - 12:19:41: World triggered "Round_Start"
L 06/14/2020 - 12:21:41: Team "CT" triggered "Target_Saved" (CT "167") (T "28")
L 06/14/2020 - 12:21:41: World triggered "Round_End"
L 06/14/2020 - 12:21:52: World triggered "Round_Start"
L 06/14/2020 - 12:23:52: Team "CT" triggered "Target_Saved" (CT "168") (T "28")
L 06/14/2020 - 12:23:52: World triggered "Round_End"
L 06/14/2020 - 12:24:03: World triggered "Round_Start"
L 06/14/2020 - 12:26:03: Team "CT" triggered "Target_Saved" (CT "169") (T "28")
L 06/14/2020 - 12:26:03: World triggered "Round_End"
L 06/14/2020 - 12:26:14: World triggered "Round_Start"
L 06/14/2020 - 12:28:14: Team "CT" triggered "Target_Saved" (CT "170") (T "28")
L 06/14/2020 - 12:28:14: World triggered "Round_End"
L 06/14/2020 - 12:28:25: World triggered "Round_Start"
L 06/14/2020 - 12:30:25: Team "CT" triggered "Target_Saved" (CT "171") (T "28")
L 06/14/2020 - 12:30:25: World triggered "Round_End"
L 06/14/2020 - 12:30:36: World triggered "Round_Start"
L 06/14/2020 - 12:32:36: Team "CT" triggered "Target_Saved" (CT "172") (T "28")
L 06/14/2020 - 12:32:36: World triggered "Round_End"
L 06/14/2020 - 12:32:47: World triggered "Round_Start"
L 06/14/2020 - 12:34:47: Team "CT" triggered "Target_Saved" (CT "173") (T "28")
L 06/14/2020 - 12:34:47: World triggered "Round_End"
L 06/14/2020 - 12:34:58: World triggered "Round_Start"
L 06/14/2020 - 12:36:58: Team "CT" triggered "Target_Saved" (CT "174") (T "28")
L 06/14/2020 - 12:36:58: World triggered "Round_End"
L 06/14/2020 - 12:37:09: World triggered "Round_Start"
L 06/14/2020 - 12:39:09: Team "CT" triggered "Target_Saved" (CT "175") (T "28")
L 06/14/2020 - 12:39:09: World triggered "Round_End"
L 06/14/2020 - 12:39:20: World triggered "Round_Start"
L 06/14/2020 - 12:41:20: Team "CT" triggered "Target_Saved" (CT "176") (T "28")
L 06/14/2020 - 12:41:20: World triggered "Round_End"
L 06/14/2020 - 12:41:31: World triggered "Round_Start"
L 06/14/2020 - 12:43:31: Team "CT" triggered "Target_Saved" (CT "177") (T "28")
L 06/14/2020 - 12:43:31: World triggered "Round_End"
L 06/14/2020 - 12:43:42: World triggered "Round_Start"
L 06/14/2020 - 12:45:42: Team "CT" triggered "Target_Saved" (CT "178") (T "28")
L 06/14/2020 - 12:45:42: World triggered "Round_End"
L 06/14/2020 - 12:45:53: World triggered "Round_Start"
L 06/14/2020 - 12:47:53: Team "CT" triggered "Target_Saved" (CT "179") (T "28")
L 06/14/2020 - 12:47:53: World triggered "Round_End"
L 06/14/2020 - 12:48:04: World triggered "Round_Start"
L 06/14/2020 - 12:50:04: Team "CT" triggered "Target_Saved" (CT "180") (T "28")
L 06/14/2020 - 12:50:04: World triggered "Round_End"
L 06/14/2020 - 12:50:15: World triggered "Round_Start"
L 06/14/2020 - 12:52:15: Team "CT" triggered "Target_Saved" (CT "181") (T "28")
L 06/14/2020 - 12:52:15: World triggered "Round_End"
L 06/14/2020 - 12:52:26: World triggered "Round_Start"
L 06/14/2020 - 12:54:26: Team "CT" triggered "Target_Saved" (CT "182") (T "28")
L 06/14/2020 - 12:54:26: World triggered "Round_End"
L 06/14/2020 - 12:54:37: World triggered "Round_Start"
L 06/14/2020 - 12:56:37: Team "CT" triggered "Target_Saved" (CT "183") (T "28")
L 06/14/2020 - 12:56:37: World triggered "Round_End"
L 06/14/2020 - 12:56:48: World triggered "Round_Start"
L 06/14/2020 - 12:58:48: Team "CT" triggered "Target_Saved" (CT "184") (T "28")
L 06/14/2020 - 12:58:48: World triggered "Round_End"
L 06/14/2020 - 12:58:59: World triggered "Round_Start"
L 06/14/2020 - 13:00:59: Team "CT" triggered "Target_Saved" (CT "185") (T "28")
L 06/14/2020 - 13:00:59: World triggered "Round_End"
L 06/14/2020 - 13:01:10: World triggered "Round_Start"
L 06/14/2020 - 13:03:10: Team "CT" triggered "Target_Saved" (CT "186") (T "28")
L 06/14/2020 - 13:03:10: World triggered "Round_End"
L 06/14/2020 - 13:03:21: World triggered "Round_Start"
L 06/14/2020 - 13:05:21: Team "CT" triggered "Target_Saved" (CT "187") (T "28")
L 06/14/2020 - 13:05:21: World triggered "Round_End"
L 06/14/2020 - 13:05:32: World triggered "Round_Start"
L 06/14/2020 - 13:07:32: Team "CT" triggered "Target_Saved" (CT "188") (T "28")
L 06/14/2020 - 13:07:32: World triggered "Round_End"
L 06/14/2020 - 13:07:43: World triggered "Round_Start"
L 06/14/2020 - 13:09:43: Team "CT" triggered "Target_Saved" (CT "189") (T "28")
L 06/14/2020 - 13:09:43: World triggered "Round_End"
L 06/14/2020 - 13:09:54: World triggered "Round_Start"
L 06/14/2020 - 13:11:54: Team "CT" triggered "Target_Saved" (CT "190") (T "28")
L 06/14/2020 - 13:11:54: World triggered "Round_End"
L 06/14/2020 - 13:12:05: World triggered "Round_Start"
L 06/14/2020 - 13:14:05: Team "CT" triggered "Target_Saved" (CT "191") (T "28")
L 06/14/2020 - 13:14:05: World triggered "Round_End"
L 06/14/2020 - 13:14:16: World triggered "Round_Start"
L 06/14/2020 - 13:16:16: Team "CT" triggered "Target_Saved" (CT "192") (T "28")
L 06/14/2020 - 13:16:16: World triggered "Round_End"
L 06/14/2020 - 13:16:27: World triggered "Round_Start"
L 06/14/2020 - 13:18:27: Team "CT" triggered "Target_Saved" (CT "193") (T "28")
L 06/14/2020 - 13:18:27: World triggered "Round_End"
L 06/14/2020 - 13:18:38: World triggered "Round_Start"
L 06/14/2020 - 13:20:38: Team "CT" triggered "Target_Saved" (CT "194") (T "28")
L 06/14/2020 - 13:20:38: World triggered "Round_End"
L 06/14/2020 - 13:20:49: World triggered "Round_Start"
L 06/14/2020 - 13:22:49: Team "CT" triggered "Target_Saved" (CT "195") (T "28")
L 06/14/2020 - 13:22:49: World triggered "Round_End"
L 06/14/2020 - 13:23:00: World triggered "Round_Start"
L 06/14/2020 - 13:25:00: Team "CT" triggered "Target_Saved" (CT "196") (T "28")
L 06/14/2020 - 13:25:00: World triggered "Round_End"
L 06/14/2020 - 13:25:11: World triggered "Round_Start"
L 06/14/2020 - 13:27:11: Team "CT" triggered "Target_Saved" (CT "197") (T "28")
L 06/14/2020 - 13:27:11: World triggered "Round_End"
L 06/14/2020 - 13:27:22: World triggered "Round_Start"
L 06/14/2020 - 13:29:22: Team "CT" triggered "Target_Saved" (CT "198") (T "28")
L 06/14/2020 - 13:29:22: World triggered "Round_End"
L 06/14/2020 - 13:29:33: World triggered "Round_Start"
L 06/14/2020 - 13:31:33: Team "CT" triggered "Target_Saved" (CT "199") (T "28")
L 06/14/2020 - 13:31:33: World triggered "Round_End"
L 06/14/2020 - 13:31:44: World triggered "Round_Start"
L 06/14/2020 - 13:33:44: Team "CT" triggered "Target_Saved" (CT "200") (T "28")
L 06/14/2020 - 13:33:44: World triggered "Round_End"
L 06/14/2020 - 13:33:55: World triggered "Round_Start"
L 06/14/2020 - 13:35:55: Team "CT" triggered "Target_Saved" (CT "201") (T "28")
L 06/14/2020 - 13:35:55: World triggered "Round_End"
L 06/14/2020 - 13:36:06: World triggered "Round_Start"
L 06/14/2020 - 13:38:06: Team "CT" triggered "Target_Saved" (CT "202") (T "28")
L 06/14/2020 - 13:38:06: World triggered "Round_End"
L 06/14/2020 - 13:38:17: World triggered "Round_Start"
L 06/14/2020 - 13:40:17: Team "CT" triggered "Target_Saved" (CT "203") (T "28")
L 06/14/2020 - 13:40:17: World triggered "Round_End"
L 06/14/2020 - 13:40:28: World triggered "Round_Start"
L 06/14/2020 - 13:42:28: Team "CT" triggered "Target_Saved" (CT "204") (T "28")
L 06/14/2020 - 13:42:28: World triggered "Round_End"
L 06/14/2020 - 13:42:39: World triggered "Round_Start"
L 06/14/2020 - 13:44:39: Team "CT" triggered "Target_Saved" (CT "205") (T "28")
L 06/14/2020 - 13:44:39: World triggered "Round_End"
L 06/14/2020 - 13:44:50: World triggered "Round_Start"
L 06/14/2020 - 13:46:50: Team "CT" triggered "Target_Saved" (CT "206") (T "28")
L 06/14/2020 - 13:46:50: World triggered "Round_End"
L 06/14/2020 - 13:47:01: World triggered "Round_Start"
L 06/14/2020 - 13:49:01: Team "CT" triggered "Target_Saved" (CT "207") (T "28")
L 06/14/2020 - 13:49:01: World triggered "Round_End"
L 06/14/2020 - 13:49:12: World triggered "Round_Start"
L 06/14/2020 - 13:51:12: Team "CT" triggered "Target_Saved" (CT "208") (T "28")
L 06/14/2020 - 13:51:12: World triggered "Round_End"
L 06/14/2020 - 13:51:23: World triggered "Round_Start"
L 06/14/2020 - 13:53:23: Team "CT" triggered "Target_Saved" (CT "209") (T "28")
L 06/14/2020 - 13:53:23: World triggered "Round_End"
L 06/14/2020 - 13:53:34: World triggered "Round_Start"
L 06/14/2020 - 13:55:34: Team "CT" triggered "Target_Saved" (CT "210") (T "28")
L 06/14/2020 - 13:55:34: World triggered "Round_End"
L 06/14/2020 - 13:55:45: World triggered "Round_Start"
L 06/14/2020 - 13:57:46: Team "CT" triggered "Target_Saved" (CT "211") (T "28")
L 06/14/2020 - 13:57:46: World triggered "Round_End"
L 06/14/2020 - 13:57:57: World triggered "Round_Start"
L 06/14/2020 - 13:59:57: Team "CT" triggered "Target_Saved" (CT "212") (T "28")
L 06/14/2020 - 13:59:57: World triggered "Round_End"
L 06/14/2020 - 14:00:08: World triggered "Round_Start"
L 06/14/2020 - 14:02:08: Team "CT" triggered "Target_Saved" (CT "213") (T "28")
L 06/14/2020 - 14:02:08: World triggered "Round_End"
L 06/14/2020 - 14:02:19: World triggered "Round_Start"
L 06/14/2020 - 14:04:19: Team "CT" triggered "Target_Saved" (CT "214") (T "28")
L 06/14/2020 - 14:04:19: World triggered "Round_End"
L 06/14/2020 - 14:04:30: World triggered "Round_Start"
L 06/14/2020 - 14:06:30: Team "CT" triggered "Target_Saved" (CT "215") (T "28")
L 06/14/2020 - 14:06:30: World triggered "Round_End"
L 06/14/2020 - 14:06:41: World triggered "Round_Start"
L 06/14/2020 - 14:08:41: Team "CT" triggered "Target_Saved" (CT "216") (T "28")
L 06/14/2020 - 14:08:41: World triggered "Round_End"
L 06/14/2020 - 14:08:52: World triggered "Round_Start"
L 06/14/2020 - 14:10:52: Team "CT" triggered "Target_Saved" (CT "217") (T "28")
L 06/14/2020 - 14:10:52: World triggered "Round_End"
L 06/14/2020 - 14:11:03: World triggered "Round_Start"
L 06/14/2020 - 14:13:03: Team "CT" triggered "Target_Saved" (CT "218") (T "28")
L 06/14/2020 - 14:13:03: World triggered "Round_End"
L 06/14/2020 - 14:13:14: World triggered "Round_Start"
L 06/14/2020 - 14:15:14: Team "CT" triggered "Target_Saved" (CT "219") (T "28")
L 06/14/2020 - 14:15:14: World triggered "Round_End"
L 06/14/2020 - 14:15:25: World triggered "Round_Start"
L 06/14/2020 - 14:17:25: Team "CT" triggered "Target_Saved" (CT "220") (T "28")
L 06/14/2020 - 14:17:25: World triggered "Round_End"
L 06/14/2020 - 14:17:36: World triggered "Round_Start"
L 06/14/2020 - 14:19:36: Team "CT" triggered "Target_Saved" (CT "221") (T "28")
L 06/14/2020 - 14:19:36: World triggered "Round_End"
L 06/14/2020 - 14:19:47: World triggered "Round_Start"
L 06/14/2020 - 14:21:47: Team "CT" triggered "Target_Saved" (CT "222") (T "28")
L 06/14/2020 - 14:21:47: World triggered "Round_End"
L 06/14/2020 - 14:21:58: World triggered "Round_Start"
L 06/14/2020 - 14:23:58: Team "CT" triggered "Target_Saved" (CT "223") (T "28")
L 06/14/2020 - 14:23:58: World triggered "Round_End"
L 06/14/2020 - 14:24:09: World triggered "Round_Start"
L 06/14/2020 - 14:26:09: Team "CT" triggered "Target_Saved" (CT "224") (T "28")
L 06/14/2020 - 14:26:09: World triggered "Round_End"
L 06/14/2020 - 14:26:20: World triggered "Round_Start"
L 06/14/2020 - 14:28:20: Team "CT" triggered "Target_Saved" (CT "225") (T "28")
L 06/14/2020 - 14:28:20: World triggered "Round_End"
L 06/14/2020 - 14:28:31: World triggered "Round_Start"
L 06/14/2020 - 14:30:31: Team "CT" triggered "Target_Saved" (CT "226") (T "28")
L 06/14/2020 - 14:30:31: World triggered "Round_End"
L 06/14/2020 - 14:30:42: World triggered "Round_Start"
L 06/14/2020 - 14:32:42: Team "CT" triggered "Target_Saved" (CT "227") (T "28")
L 06/14/2020 - 14:32:42: World triggered "Round_End"
L 06/14/2020 - 14:32:53: World triggered "Round_Start"
L 06/14/2020 - 14:34:53: Team "CT" triggered "Target_Saved" (CT "228") (T "28")
L 06/14/2020 - 14:34:53: World triggered "Round_End"
L 06/14/2020 - 14:35:04: World triggered "Round_Start"
L 06/14/2020 - 14:37:04: Team "CT" triggered "Target_Saved" (CT "229") (T "28")
L 06/14/2020 - 14:37:04: World triggered "Round_End"
L 06/14/2020 - 14:37:15: World triggered "Round_Start"
L 06/14/2020 - 14:39:15: Team "CT" triggered "Target_Saved" (CT "230") (T "28")
L 06/14/2020 - 14:39:15: World triggered "Round_End"
L 06/14/2020 - 14:39:26: World triggered "Round_Start"
L 06/14/2020 - 14:41:26: Team "CT" triggered "Target_Saved" (CT "231") (T "28")
L 06/14/2020 - 14:41:26: World triggered "Round_End"
L 06/14/2020 - 14:41:37: World triggered "Round_Start"
L 06/14/2020 - 14:43:37: Team "CT" triggered "Target_Saved" (CT "232") (T "28")
L 06/14/2020 - 14:43:37: World triggered "Round_End"
L 06/14/2020 - 14:43:48: World triggered "Round_Start"
L 06/14/2020 - 14:45:48: Team "CT" triggered "Target_Saved" (CT "233") (T "28")
L 06/14/2020 - 14:45:48: World triggered "Round_End"
L 06/14/2020 - 14:45:59: World triggered "Round_Start"
L 06/14/2020 - 14:47:59: Team "CT" triggered "Target_Saved" (CT "234") (T "28")
L 06/14/2020 - 14:47:59: World triggered "Round_End"
L 06/14/2020 - 14:48:10: World triggered "Round_Start"
L 06/14/2020 - 14:50:10: Team "CT" triggered "Target_Saved" (CT "235") (T "28")
L 06/14/2020 - 14:50:10: World triggered "Round_End"
L 06/14/2020 - 14:50:21: World triggered "Round_Start"
L 06/14/2020 - 14:52:21: Team "CT" triggered "Target_Saved" (CT "236") (T "28")
L 06/14/2020 - 14:52:21: World triggered "Round_End"
L 06/14/2020 - 14:52:32: World triggered "Round_Start"
L 06/14/2020 - 14:54:32: Team "CT" triggered "Target_Saved" (CT "237") (T "28")
L 06/14/2020 - 14:54:32: World triggered "Round_End"
L 06/14/2020 - 14:54:43: World triggered "Round_Start"
L 06/14/2020 - 14:56:43: Team "CT" triggered "Target_Saved" (CT "238") (T "28")
L 06/14/2020 - 14:56:43: World triggered "Round_End"
L 06/14/2020 - 14:56:54: World triggered "Round_Start"
L 06/14/2020 - 14:58:54: Team "CT" triggered "Target_Saved" (CT "239") (T "28")
L 06/14/2020 - 14:58:54: World triggered "Round_End"
L 06/14/2020 - 14:59:05: World triggered "Round_Start"
L 06/14/2020 - 15:01:05: Team "CT" triggered "Target_Saved" (CT "240") (T "28")
L 06/14/2020 - 15:01:05: World triggered "Round_End"
L 06/14/2020 - 15:01:16: World triggered "Round_Start"
L 06/14/2020 - 15:03:16: Team "CT" triggered "Target_Saved" (CT "241") (T "28")
L 06/14/2020 - 15:03:16: World triggered "Round_End"
L 06/14/2020 - 15:03:27: World triggered "Round_Start"
L 06/14/2020 - 15:05:27: Team "CT" triggered "Target_Saved" (CT "242") (T "28")
L 06/14/2020 - 15:05:27: World triggered "Round_End"
L 06/14/2020 - 15:05:38: World triggered "Round_Start"
L 06/14/2020 - 15:07:38: Team "CT" triggered "Target_Saved" (CT "243") (T "28")
L 06/14/2020 - 15:07:38: World triggered "Round_End"
L 06/14/2020 - 15:07:49: World triggered "Round_Start"
L 06/14/2020 - 15:09:49: Team "CT" triggered "Target_Saved" (CT "244") (T "28")
L 06/14/2020 - 15:09:49: World triggered "Round_End"
L 06/14/2020 - 15:10:00: World triggered "Round_Start"
L 06/14/2020 - 15:12:00: Team "CT" triggered "Target_Saved" (CT "245") (T "28")
L 06/14/2020 - 15:12:00: World triggered "Round_End"
L 06/14/2020 - 15:12:11: World triggered "Round_Start"
L 06/14/2020 - 15:14:11: Team "CT" triggered "Target_Saved" (CT "246") (T "28")
L 06/14/2020 - 15:14:11: World triggered "Round_End"
L 06/14/2020 - 15:14:22: World triggered "Round_Start"
L 06/14/2020 - 15:16:22: Team "CT" triggered "Target_Saved" (CT "247") (T "28")
L 06/14/2020 - 15:16:22: World triggered "Round_End"
L 06/14/2020 - 15:16:33: World triggered "Round_Start"
L 06/14/2020 - 15:18:33: Team "CT" triggered "Target_Saved" (CT "248") (T "28")
L 06/14/2020 - 15:18:33: World triggered "Round_End"
L 06/14/2020 - 15:18:44: World triggered "Round_Start"
L 06/14/2020 - 15:20:44: Team "CT" triggered "Target_Saved" (CT "249") (T "28")
L 06/14/2020 - 15:20:44: World triggered "Round_End"
L 06/14/2020 - 15:20:55: World triggered "Round_Start"
L 06/14/2020 - 15:22:55: Team "CT" triggered "Target_Saved" (CT "250") (T "28")
L 06/14/2020 - 15:22:55: World triggered "Round_End"
L 06/14/2020 - 15:23:06: World triggered "Round_Start"
L 06/14/2020 - 15:25:06: Team "CT" triggered "Target_Saved" (CT "251") (T "28")
L 06/14/2020 - 15:25:06: World triggered "Round_End"
L 06/14/2020 - 15:25:17: World triggered "Round_Start"
L 06/14/2020 - 15:27:17: Team "CT" triggered "Target_Saved" (CT "252") (T "28")
L 06/14/2020 - 15:27:17: World triggered "Round_End"
L 06/14/2020 - 15:27:28: World triggered "Round_Start"
L 06/14/2020 - 15:29:28: Team "CT" triggered "Target_Saved" (CT "253") (T "28")
L 06/14/2020 - 15:29:28: World triggered "Round_End"
L 06/14/2020 - 15:29:39: World triggered "Round_Start"
L 06/14/2020 - 15:31:39: Team "CT" triggered "Target_Saved" (CT "254") (T "28")
L 06/14/2020 - 15:31:39: World triggered "Round_End"
L 06/14/2020 - 15:31:50: World triggered "Round_Start"
L 06/14/2020 - 15:33:50: Team "CT" triggered "Target_Saved" (CT "255") (T "28")
L 06/14/2020 - 15:33:50: World triggered "Round_End"
L 06/14/2020 - 15:34:01: World triggered "Round_Start"
L 06/14/2020 - 15:36:01: Team "CT" triggered "Target_Saved" (CT "256") (T "28")
L 06/14/2020 - 15:36:01: World triggered "Round_End"
L 06/14/2020 - 15:36:12: World triggered "Round_Start"
L 06/14/2020 - 15:38:12: Team "CT" triggered "Target_Saved" (CT "257") (T "28")
L 06/14/2020 - 15:38:13: World triggered "Round_End"
L 06/14/2020 - 15:38:24: World triggered "Round_Start"
L 06/14/2020 - 15:40:24: Team "CT" triggered "Target_Saved" (CT "258") (T "28")
L 06/14/2020 - 15:40:24: World triggered "Round_End"
L 06/14/2020 - 15:40:35: World triggered "Round_Start"
L 06/14/2020 - 15:42:35: Team "CT" triggered "Target_Saved" (CT "259") (T "28")
L 06/14/2020 - 15:42:35: World triggered "Round_End"
L 06/14/2020 - 15:42:46: World triggered "Round_Start"
L 06/14/2020 - 15:44:46: Team "CT" triggered "Target_Saved" (CT "260") (T "28")
L 06/14/2020 - 15:44:46: World triggered "Round_End"
L 06/14/2020 - 15:44:57: World triggered "Round_Start"
L 06/14/2020 - 15:46:57: Team "CT" triggered "Target_Saved" (CT "261") (T "28")
L 06/14/2020 - 15:46:57: World triggered "Round_End"
L 06/14/2020 - 15:47:08: World triggered "Round_Start"
L 06/14/2020 - 15:49:08: Team "CT" triggered "Target_Saved" (CT "262") (T "28")
L 06/14/2020 - 15:49:08: World triggered "Round_End"
L 06/14/2020 - 15:49:19: World triggered "Round_Start"
L 06/14/2020 - 15:51:19: Team "CT" triggered "Target_Saved" (CT "263") (T "28")
L 06/14/2020 - 15:51:19: World triggered "Round_End"
L 06/14/2020 - 15:51:30: World triggered "Round_Start"
L 06/14/2020 - 15:53:30: Team "CT" triggered "Target_Saved" (CT "264") (T "28")
L 06/14/2020 - 15:53:30: World triggered "Round_End"
L 06/14/2020 - 15:53:41: World triggered "Round_Start"
L 06/14/2020 - 15:55:41: Team "CT" triggered "Target_Saved" (CT "265") (T "28")
L 06/14/2020 - 15:55:41: World triggered "Round_End"
L 06/14/2020 - 15:55:52: World triggered "Round_Start"
L 06/14/2020 - 15:57:52: Team "CT" triggered "Target_Saved" (CT "266") (T "28")
L 06/14/2020 - 15:57:52: World triggered "Round_End"
L 06/14/2020 - 15:58:03: World triggered "Round_Start"
L 06/14/2020 - 16:00:03: Team "CT" triggered "Target_Saved" (CT "267") (T "28")
L 06/14/2020 - 16:00:03: World triggered "Round_End"
L 06/14/2020 - 16:00:14: World triggered "Round_Start"
L 06/14/2020 - 16:02:14: Team "CT" triggered "Target_Saved" (CT "268") (T "28")
L 06/14/2020 - 16:02:14: World triggered "Round_End"
L 06/14/2020 - 16:02:25: World triggered "Round_Start"
L 06/14/2020 - 16:04:25: Team "CT" triggered "Target_Saved" (CT "269") (T "28")
L 06/14/2020 - 16:04:25: World triggered "Round_End"
L 06/14/2020 - 16:04:36: World triggered "Round_Start"
L 06/14/2020 - 16:06:36: Team "CT" triggered "Target_Saved" (CT "270") (T "28")
L 06/14/2020 - 16:06:36: World triggered "Round_End"
L 06/14/2020 - 16:06:47: World triggered "Round_Start"
L 06/14/2020 - 16:08:47: Team "CT" triggered "Target_Saved" (CT "271") (T "28")
L 06/14/2020 - 16:08:47: World triggered "Round_End"
L 06/14/2020 - 16:08:58: World triggered "Round_Start"
L 06/14/2020 - 16:10:58: Team "CT" triggered "Target_Saved" (CT "272") (T "28")
L 06/14/2020 - 16:10:58: World triggered "Round_End"
L 06/14/2020 - 16:11:09: World triggered "Round_Start"
L 06/14/2020 - 16:13:09: Team "CT" triggered "Target_Saved" (CT "273") (T "28")
L 06/14/2020 - 16:13:09: World triggered "Round_End"
L 06/14/2020 - 16:13:20: World triggered "Round_Start"
L 06/14/2020 - 16:15:20: Team "CT" triggered "Target_Saved" (CT "274") (T "28")
L 06/14/2020 - 16:15:20: World triggered "Round_End"
L 06/14/2020 - 16:15:31: World triggered "Round_Start"
L 06/14/2020 - 16:17:31: Team "CT" triggered "Target_Saved" (CT "275") (T "28")
L 06/14/2020 - 16:17:31: World triggered "Round_End"
L 06/14/2020 - 16:17:42: World triggered "Round_Start"
L 06/14/2020 - 16:19:42: Team "CT" triggered "Target_Saved" (CT "276") (T "28")
L 06/14/2020 - 16:19:42: World triggered "Round_End"
L 06/14/2020 - 16:19:53: World triggered "Round_Start"
L 06/14/2020 - 16:21:53: Team "CT" triggered "Target_Saved" (CT "277") (T "28")
L 06/14/2020 - 16:21:53: World triggered "Round_End"
L 06/14/2020 - 16:22:04: World triggered "Round_Start"
L 06/14/2020 - 16:24:04: Team "CT" triggered "Target_Saved" (CT "278") (T "28")
L 06/14/2020 - 16:24:04: World triggered "Round_End"
L 06/14/2020 - 16:24:15: World triggered "Round_Start"
L 06/14/2020 - 16:26:15: Team "CT" triggered "Target_Saved" (CT "279") (T "28")
L 06/14/2020 - 16:26:15: World triggered "Round_End"
L 06/14/2020 - 16:26:26: World triggered "Round_Start"
L 06/14/2020 - 16:28:26: Team "CT" triggered "Target_Saved" (CT "280") (T "28")
L 06/14/2020 - 16:28:26: World triggered "Round_End"
L 06/14/2020 - 16:28:37: World triggered "Round_Start"
L 06/14/2020 - 16:30:37: Team "CT" triggered "Target_Saved" (CT "281") (T "28")
L 06/14/2020 - 16:30:37: World triggered "Round_End"
L 06/14/2020 - 16:30:48: World triggered "Round_Start"
L 06/14/2020 - 16:30:57: [DPROTO]: Client 0 - Set AuthIdType 1 [Native]; pClient = 05662028
L 06/14/2020 - 16:30:57: "Mode : camp<117><STEAM_0:0:83230422><>" connected, address "103.76.82.177:28844"
L 06/14/2020 - 16:30:57: "Mode : camp<117><STEAM_0:0:83230422><>" STEAM USERID validated
L 06/14/2020 - 16:31:05: "Mode : camp<117><STEAM_0:0:83230422><>" entered the game
L 06/14/2020 - 16:31:11: "Mode : camp<117><STEAM_0:0:83230422><>" joined team "TERRORIST"
L 06/14/2020 - 16:31:13: "Mode : camp<117><STEAM_0:0:83230422><TERRORIST>" triggered "Spawned_With_The_Bomb"
L 06/14/2020 - 16:31:19: "Mode : camp<117><STEAM_0:0:83230422><TERRORIST>" triggered "Dropped_The_Bomb"
L 06/14/2020 - 16:31:19: "Mode : camp<117><STEAM_0:0:83230422><TERRORIST>" disconnected
L 06/14/2020 - 16:31:19: World triggered "Round_Draw" (CT "281") (T "28")
L 06/14/2020 - 16:31:19: World triggered "Round_End"
L 06/14/2020 - 16:31:30: World triggered "Round_Start"
L 06/14/2020 - 16:33:30: Team "CT" triggered "Target_Saved" (CT "282") (T "28")
L 06/14/2020 - 16:33:30: World triggered "Round_End"
L 06/14/2020 - 16:33:41: World triggered "Round_Start"
L 06/14/2020 - 16:35:41: Team "CT" triggered "Target_Saved" (CT "283") (T "28")
L 06/14/2020 - 16:35:41: World triggered "Round_End"
L 06/14/2020 - 16:35:52: World triggered "Round_Start"
L 06/14/2020 - 16:37:52: Team "CT" triggered "Target_Saved" (CT "284") (T "28")
L 06/14/2020 - 16:37:52: World triggered "Round_End"
L 06/14/2020 - 16:38:03: World triggered "Round_Start"
L 06/14/2020 - 16:40:03: Team "CT" triggered "Target_Saved" (CT "285") (T "28")
L 06/14/2020 - 16:40:03: World triggered "Round_End"
L 06/14/2020 - 16:40:14: World triggered "Round_Start"
L 06/14/2020 - 16:42:06: [DPROTO]: Client 0 - Set AuthIdType 1 [dp_RevEmu]; pClient = 05662028
L 06/14/2020 - 16:42:06: "Achillies<118><STEAM_0:0:1663171942><>" connected, address "106.51.233.53:13475"
L 06/14/2020 - 16:42:10: "Achillies<118><STEAM_0:0:1663171942><>" entered the game
L 06/14/2020 - 16:42:14: Team "CT" triggered "Target_Saved" (CT "286") (T "28")
L 06/14/2020 - 16:42:14: World triggered "Round_End"
L 06/14/2020 - 16:42:25: World triggered "Round_Start"
L 06/14/2020 - 16:42:40: "Achillies<118><STEAM_0:0:1663171942><>" joined team "CT"
L 06/14/2020 - 16:42:59: [DPROTO]: Client 1 - Set AuthIdType 1 [Native]; pClient = 05667040
L 06/14/2020 - 16:42:59: "player<119><STEAM_0:0:60684219><>" connected, address "137.132.218.14:27005"
L 06/14/2020 - 16:43:00: "player<119><STEAM_0:0:60684219><>" STEAM USERID validated
L 06/14/2020 - 16:43:05: "player<119><STEAM_0:0:60684219><>" entered the game
L 06/14/2020 - 16:43:11: "player<119><STEAM_0:0:60684219><>" joined team "TERRORIST"
L 06/14/2020 - 16:43:11: World triggered "Game_Commencing"
L 06/14/2020 - 16:43:11: World triggered "Game_Commencing" (CT "286") (T "28")
L 06/14/2020 - 16:43:11: World triggered "Round_End"
L 06/14/2020 - 16:43:14: "player<119><STEAM_0:0:60684219><TERRORIST>" triggered "Spawned_With_The_Bomb"
L 06/14/2020 - 16:43:20: World triggered "Round_Start"
L 06/14/2020 - 16:43:32: Rcon: "rcon 2129770377 "Lauda2" changelevel $2000" from "137.132.218.14:27005"
L 06/14/2020 - 16:43:34: Rcon: "rcon 2129770377 "Lauda2" changelevel $2000" from "137.132.218.14:27005"
L 06/14/2020 - 16:43:43: Rcon: "rcon 2129770377 "Lauda2" changelevel $2000$" from "137.132.218.14:27005"
L 06/14/2020 - 16:43:43: [META] ini: Begin re-reading plugins list: g:/tcafiles/users/fkguxmko/7303/cstrike/addons/metamod/plugins.ini
L 06/14/2020 - 16:43:43: [META] ini: Read plugin config for: AMX Mod X
L 06/14/2020 - 16:43:43: [META] ini: Read plugin config for: dproto_EF
L 06/14/2020 - 16:43:43: [META] ini: Finished reading plugins list: g:/tcafiles/users/fkguxmko/7303/cstrike/addons/metamod/plugins.ini; Found 2 plugins
L 06/14/2020 - 16:43:43: [META] dll: Updating plugins...
L 06/14/2020 - 16:43:43: [META] dll: Finished updating 5 plugins; kept 2, loaded 0, unloaded 0, reloaded 0, delayed 0
L 06/14/2020 - 16:43:43: "Achillies<118><STEAM_0:0:1663171942><CT>" disconnected
L 06/14/2020 - 16:43:43: "player<119><STEAM_0:0:60684219><TERRORIST>" triggered "Dropped_The_Bomb"
L 06/14/2020 - 16:43:43: "player<119><STEAM_0:0:60684219><TERRORIST>" disconnected
L 06/14/2020 - 16:43:43: World triggered "Round_Draw" (CT "0") (T "0")
L 06/14/2020 - 16:43:43: World triggered "Round_End"
L 06/14/2020 - 16:43:43: Log file closed
