L 07/11/2020 - 20:56:45: Log file started (file "logs\L0711028.log") (game "cstrike") (version "48/1.1.2.7/8308")
L 07/11/2020 - 20:56:45: Loading map "DE_WESTWOOD_BIG"
L 07/11/2020 - 20:56:45: Server cvars start
L 07/11/2020 - 20:56:45: Server cvar "_tutor_bomb_viewable_check_interval" = "0.5"
L 07/11/2020 - 20:56:45: Server cvar "_tutor_debug_level" = "0"
L 07/11/2020 - 20:56:45: Server cvar "_tutor_examine_time" = "0.5"
L 07/11/2020 - 20:56:45: Server cvar "_tutor_hint_interval_time" = "10.0"
L 07/11/2020 - 20:56:45: Server cvar "_tutor_look_angle" = "10"
L 07/11/2020 - 20:56:45: Server cvar "_tutor_look_distance" = "200"
L 07/11/2020 - 20:56:45: Server cvar "_tutor_message_character_display_time_coefficient" = "0.07"
L 07/11/2020 - 20:56:45: Server cvar "_tutor_message_minimum_display_time" = "1"
L 07/11/2020 - 20:56:45: Server cvar "_tutor_message_repeats" = "5"
L 07/11/2020 - 20:56:45: Server cvar "_tutor_view_distance" = "1000"
L 07/11/2020 - 20:56:45: Server cvar "allow_spectators" = "1"
L 07/11/2020 - 20:56:45: Server cvar "amx_client_languages" = "1"
L 07/11/2020 - 20:56:45: Server cvar "amx_language" = "en"
L 07/11/2020 - 20:56:45: Server cvar "amx_nextmap" = "de_inferno"
L 07/11/2020 - 20:56:45: Server cvar "amx_timeleft" = "65527:17"
L 07/11/2020 - 20:56:45: Server cvar "amxmodx_version" = "1.8.2"
L 07/11/2020 - 20:56:45: Server cvar "coop" = "0"
L 07/11/2020 - 20:56:45: Server cvar "deathmatch" = "1"
L 07/11/2020 - 20:56:45: Server cvar "decalfrequency" = "60"
L 07/11/2020 - 20:56:45: Server cvar "dp_version" = "0.9.582"
L 07/11/2020 - 20:56:45: Server cvar "edgefriction" = "2"
L 07/11/2020 - 20:56:45: Server cvar "hostage_debug" = "0"
L 07/11/2020 - 20:56:45: Server cvar "hostage_stop" = "0"
L 07/11/2020 - 20:56:45: Server cvar "humans_join_team" = "any"
L 07/11/2020 - 20:56:45: Server cvar "max_queries_sec" = "3.0"
L 07/11/2020 - 20:56:45: Server cvar "max_queries_sec_global" = "30"
L 07/11/2020 - 20:56:45: Server cvar "max_queries_window" = "60"
L 07/11/2020 - 20:56:45: Server cvar "metamod_version" = "1.20"
L 07/11/2020 - 20:56:45: Server cvar "mp_allowmonsters" = "0"
L 07/11/2020 - 20:56:45: Server cvar "mp_autokick" = "0"
L 07/11/2020 - 20:56:45: Server cvar "mp_autokick_timeout" = "-1"
L 07/11/2020 - 20:56:45: Server cvar "mp_autoteambalance" = "0"
L 07/11/2020 - 20:56:45: Server cvar "mp_buytime" = "1.5"
L 07/11/2020 - 20:56:45: Server cvar "mp_c4timer" = "45"
L 07/11/2020 - 20:56:45: Server cvar "mp_chattime" = "0"
L 07/11/2020 - 20:56:45: Server cvar "mp_consistency" = "1"
L 07/11/2020 - 20:56:45: Server cvar "mp_fadetoblack" = "0"
L 07/11/2020 - 20:56:45: Server cvar "mp_flashlight" = "0"
L 07/11/2020 - 20:56:45: Server cvar "mp_footsteps" = "1"
L 07/11/2020 - 20:56:45: Server cvar "mp_forcecamera" = "0"
L 07/11/2020 - 20:56:45: Server cvar "mp_forcechasecam" = "2"
L 07/11/2020 - 20:56:45: Server cvar "mp_fragsleft" = "0"
L 07/11/2020 - 20:56:45: Server cvar "mp_freezetime" = "12"
L 07/11/2020 - 20:56:45: Server cvar "mp_friendlyfire" = "1"
L 07/11/2020 - 20:56:45: Server cvar "mp_ghostfrequency" = "0.1"
L 07/11/2020 - 20:56:45: Server cvar "mp_hostagepenalty" = "2"
L 07/11/2020 - 20:56:45: Server cvar "mp_infinite_ammo" = "0"
L 07/11/2020 - 20:56:45: Server cvar "mp_kickpercent" = "0.66"
L 07/11/2020 - 20:56:45: Server cvar "mp_limitteams" = "5"
L 07/11/2020 - 20:56:45: Server cvar "mp_logdetail" = "0"
L 07/11/2020 - 20:56:45: Server cvar "mp_logfile" = "1"
L 07/11/2020 - 20:56:45: Server cvar "mp_logmessages" = "1"
L 07/11/2020 - 20:56:45: Server cvar "mp_mapvoteratio" = "0.66"
L 07/11/2020 - 20:56:45: Server cvar "mp_maxrounds" = "0"
L 07/11/2020 - 20:56:45: Server cvar "mp_mirrordamage" = "0"
L 07/11/2020 - 20:56:45: Server cvar "mp_playerid" = "0"
L 07/11/2020 - 20:56:45: Server cvar "mp_roundtime" = "2"
L 07/11/2020 - 20:56:45: Server cvar "mp_scoreboard_showhealth" = "3"
L 07/11/2020 - 20:56:45: Server cvar "mp_scoreboard_showmoney" = "3"
L 07/11/2020 - 20:56:45: Server cvar "mp_startmoney" = "800"
L 07/11/2020 - 20:56:45: Server cvar "mp_timeleft" = "0"
L 07/11/2020 - 20:56:45: Server cvar "mp_timelimit" = "65535"
L 07/11/2020 - 20:56:45: Server cvar "mp_tkpunish" = "0"
L 07/11/2020 - 20:56:45: Server cvar "mp_windifference" = "1"
L 07/11/2020 - 20:56:45: Server cvar "mp_winlimit" = "0"
L 07/11/2020 - 20:56:45: Server cvar "pausable" = "0"
L 07/11/2020 - 20:56:45: Server cvar "sv_accelerate" = "5"
L 07/11/2020 - 20:56:45: Server cvar "sv_aim" = "0"
L 07/11/2020 - 20:56:45: Server cvar "sv_airaccelerate" = "10"
L 07/11/2020 - 20:56:45: Server cvar "sv_allowupload" = "1"
L 07/11/2020 - 20:56:45: Server cvar "sv_alltalk" = "0"
L 07/11/2020 - 20:56:45: Server cvar "sv_bounce" = "1"
L 07/11/2020 - 20:56:45: Server cvar "sv_cheats" = "0"
L 07/11/2020 - 20:56:45: Server cvar "sv_clienttrace" = "1"
L 07/11/2020 - 20:56:45: Server cvar "sv_contact" = "apoo12345@gmail.com"
L 07/11/2020 - 20:56:45: Server cvar "sv_friction" = "4"
L 07/11/2020 - 20:56:45: Server cvar "sv_gravity" = "800"
L 07/11/2020 - 20:56:45: Server cvar "sv_logblocks" = "0"
L 07/11/2020 - 20:56:45: Server cvar "sv_maxrate" = "20000"
L 07/11/2020 - 20:56:45: Server cvar "sv_maxspeed" = "900"
L 07/11/2020 - 20:56:45: Server cvar "sv_minrate" = "5000"
L 07/11/2020 - 20:56:45: Server cvar "sv_password" = "Lauda"
L 07/11/2020 - 20:56:45: Server cvar "sv_proxies" = "1"
L 07/11/2020 - 20:56:45: Server cvar "sv_restart" = "0"
L 07/11/2020 - 20:56:45: Server cvar "sv_restartround" = "0"
L 07/11/2020 - 20:56:45: Server cvar "sv_stepsize" = "18"
L 07/11/2020 - 20:56:45: Server cvar "sv_stopspeed" = "75"
L 07/11/2020 - 20:56:45: Server cvar "sv_uploadmax" = "0.5"
L 07/11/2020 - 20:56:45: Server cvar "sv_voiceenable" = "0"
L 07/11/2020 - 20:56:45: Server cvar "sv_wateraccelerate" = "10"
L 07/11/2020 - 20:56:45: Server cvar "sv_waterfriction" = "1"
L 07/11/2020 - 20:56:45: Server cvars end
L 07/11/2020 - 20:56:46: Server cvar "amx_nextmap" = "DE_WESTWOOD_BIG"
L 07/11/2020 - 20:56:47: Started map "DE_WESTWOOD_BIG" (CRC "-1522534385")
L 07/11/2020 - 20:56:50: "Normal E.T || StuFu<27><STEAM_0:1:147341737><>" entered the game
L 07/11/2020 - 20:56:51: "Baap ke Bharose || Sic Mundus<42><STEAM_0:1:66144441><>" entered the game
L 07/11/2020 - 20:56:52: "BrutaLity || pR0_rev<45><STEAM_0:1:546352772><>" entered the game
L 07/11/2020 - 20:56:52: "Normal E.T || StuFu<27><STEAM_0:1:147341737><>" joined team "TERRORIST"
L 07/11/2020 - 20:56:52: "Normal E.T || StuFu<27><STEAM_0:1:147341737><TERRORIST>" triggered "Spawned_With_The_Bomb"
L 07/11/2020 - 20:56:52: "'U'Knighted || Gupto Googly<30><STEAM_0:0:355901680><>" entered the game
L 07/11/2020 - 20:56:52: "Baap ke Bharose || Ladder<46><STEAM_0:0:369456433><>" entered the game
L 07/11/2020 - 20:56:55: "BrutaLity || pR0_rev<45><STEAM_0:1:546352772><>" joined team "CT"
L 07/11/2020 - 20:56:56: World triggered "Game_Commencing"
L 07/11/2020 - 20:56:56: World triggered "Game_Commencing" (CT "0") (T "0")
L 07/11/2020 - 20:56:56: World triggered "Round_End"
L 07/11/2020 - 20:56:57: "Baap ke Bharose || Sic Mundus<42><STEAM_0:1:66144441><>" joined team "TERRORIST"
L 07/11/2020 - 20:56:59: "Baap ke Bharose || Sic Mundus<42><STEAM_0:1:66144441><TERRORIST>" triggered "Spawned_With_The_Bomb"
L 07/11/2020 - 20:56:59: "'U'Knighted || Gupto Googly<30><STEAM_0:0:355901680><>" joined team "CT"
L 07/11/2020 - 20:57:01: [DPROTO]: Client 3 - Set AuthIdType 1 [Native]; pClient = 05675070
L 07/11/2020 - 20:57:01: "BrutaLity || Cristiano<47><STEAM_0:1:540695973><>" connected, address "103.200.40.94:27005"
L 07/11/2020 - 20:57:02: "BrutaLity || Cristiano<47><STEAM_0:1:540695973><>" STEAM USERID validated
L 07/11/2020 - 20:57:06: "Baap ke Bharose || Ladder<46><STEAM_0:0:369456433><>" joined team "CT"
L 07/11/2020 - 20:57:07: [DPROTO]: Client 3 - Set AuthIdType 1 [Native]; pClient = 05675070
L 07/11/2020 - 20:57:07: "BrutaLity || Cristiano<48><STEAM_0:1:540695973><>" connected, address "103.200.40.94:27005"
L 07/11/2020 - 20:57:08: "BrutaLity || Cristiano<48><STEAM_0:1:540695973><>" STEAM USERID validated
L 07/11/2020 - 20:57:11: World triggered "Round_Start"
L 07/11/2020 - 20:57:12: "BrutaLity || Cristiano<48><STEAM_0:1:540695973><>" entered the game
L 07/11/2020 - 20:57:16: "BrutaLity || Cristiano<48><STEAM_0:1:540695973><>" joined team "TERRORIST"
L 07/11/2020 - 20:57:20: [DPROTO]: Client 4 - Set AuthIdType 1 [dp_RevEmu]; pClient = 0567A088
L 07/11/2020 - 20:57:20: "'U'Knighted || assassin<49><STEAM_0:0:1060612858><>" connected, address "139.162.53.89:45023"
L 07/11/2020 - 20:57:31: "'U'Knighted || assassin<49><STEAM_0:0:1060612858><>" entered the game
L 07/11/2020 - 20:57:40: "'U'Knighted || assassin<49><STEAM_0:0:1060612858><>" joined team "TERRORIST"
L 07/11/2020 - 20:57:41: "Baap ke Bharose || Sic Mundus<42><STEAM_0:1:66144441><TERRORIST>" triggered "Planted_The_Bomb"
L 07/11/2020 - 20:57:42: "BrutaLity || Cristiano<48><STEAM_0:1:540695973><TERRORIST>" killed "Baap ke Bharose || Ladder<46><STEAM_0:0:369456433><CT>" with "glock18"
L 07/11/2020 - 20:57:43: "'U'Knighted || Gupto Googly<30><STEAM_0:0:355901680><CT>" killed "Normal E.T || StuFu<27><STEAM_0:1:147341737><TERRORIST>" with "usp"
L 07/11/2020 - 20:57:57: "BrutaLity || pR0_rev<45><STEAM_0:1:546352772><CT>" triggered "Begin_Bomb_Defuse_Without_Kit"
L 07/11/2020 - 20:58:00: "Baap ke Bharose || Sic Mundus<42><STEAM_0:1:66144441><TERRORIST>" killed "BrutaLity || pR0_rev<45><STEAM_0:1:546352772><CT>" with "glock18"
L 07/11/2020 - 20:58:20: "'U'Knighted || Gupto Googly<30><STEAM_0:0:355901680><CT>" killed "BrutaLity || Cristiano<48><STEAM_0:1:540695973><TERRORIST>" with "usp"
L 07/11/2020 - 20:58:26: Team "TERRORIST" triggered "Target_Bombed" (CT "0") (T "1")
L 07/11/2020 - 20:58:26: World triggered "Round_End"
L 07/11/2020 - 20:58:31: "'U'Knighted || assassin<49><STEAM_0:0:1060612858><TERRORIST>" triggered "Spawned_With_The_Bomb"
L 07/11/2020 - 20:58:43: World triggered "Round_Start"
L 07/11/2020 - 20:58:59: "'U'Knighted || Gupto Googly<30><STEAM_0:0:355901680><CT>" killed "'U'Knighted || assassin<49><STEAM_0:0:1060612858><TERRORIST>" with "mp5navy"
L 07/11/2020 - 20:58:59: "'U'Knighted || assassin<49><STEAM_0:0:1060612858><TERRORIST>" triggered "Dropped_The_Bomb"
L 07/11/2020 - 20:59:04: "BrutaLity || pR0_rev<45><STEAM_0:1:546352772><CT>" killed "Baap ke Bharose || Sic Mundus<42><STEAM_0:1:66144441><TERRORIST>" with "ak47"
L 07/11/2020 - 20:59:09: "BrutaLity || Cristiano<48><STEAM_0:1:540695973><TERRORIST>" killed "Baap ke Bharose || Ladder<46><STEAM_0:0:369456433><CT>" with "ak47"
L 07/11/2020 - 20:59:19: "Normal E.T || StuFu<27><STEAM_0:1:147341737><TERRORIST>" killed "'U'Knighted || Gupto Googly<30><STEAM_0:0:355901680><CT>" with "ak47"
L 07/11/2020 - 20:59:41: [DPROTO]: Client 7 - Set AuthIdType 1 [Native]; pClient = 056890D0
L 07/11/2020 - 20:59:41: "Baap ke Bharose || Escanor<50><STEAM_0:0:83230422><>" connected, address "103.76.82.177:4428"
L 07/11/2020 - 20:59:41: "Baap ke Bharose || Escanor<50><STEAM_0:0:83230422><>" STEAM USERID validated
L 07/11/2020 - 20:59:45: "Baap ke Bharose || Escanor<50><STEAM_0:0:83230422><>" entered the game
L 07/11/2020 - 20:59:49: "Baap ke Bharose || Escanor<50><STEAM_0:0:83230422><>" joined team "SPECTATOR"
L 07/11/2020 - 20:59:57: "BrutaLity || pR0_rev<45><STEAM_0:1:546352772><CT>" killed "Normal E.T || StuFu<27><STEAM_0:1:147341737><TERRORIST>" with "ak47"
L 07/11/2020 - 21:00:10: "BrutaLity || Cristiano<48><STEAM_0:1:540695973><TERRORIST>" killed "BrutaLity || pR0_rev<45><STEAM_0:1:546352772><CT>" with "ak47"
L 07/11/2020 - 21:00:10: Team "TERRORIST" triggered "Terrorists_Win" (CT "0") (T "2")
L 07/11/2020 - 21:00:10: World triggered "Round_End"
L 07/11/2020 - 21:00:12: Rcon: "rcon 1933327595 "Lauda2" SV_RESTART 1" from "106.51.30.169:30309"
L 07/11/2020 - 21:00:12: Server cvar "sv_restart" = "1"
L 07/11/2020 - 21:00:13: World triggered "Restart_Round_(1_second)"
L 07/11/2020 - 21:00:13: Team "CT" scored "0" with "3" players
L 07/11/2020 - 21:00:13: Team "TERRORIST" scored "2" with "4" players
L 07/11/2020 - 21:00:13: Server cvar "sv_restart" = "0"
L 07/11/2020 - 21:00:14: "Baap ke Bharose || Sic Mundus<42><STEAM_0:1:66144441><TERRORIST>" triggered "Spawned_With_The_Bomb"
L 07/11/2020 - 21:00:17: "Normal E.T || StuFu<27><STEAM_0:1:147341737><TERRORIST>" committed suicide with "world"
L 07/11/2020 - 21:00:17: "Normal E.T || StuFu<27><STEAM_0:1:147341737><TERRORIST>" joined team "CT"
L 07/11/2020 - 21:00:18: Rcon: "rcon 1933327595 "Lauda2" SV_RESTART 1" from "106.51.30.169:30309"
L 07/11/2020 - 21:00:18: Server cvar "sv_restart" = "1"
L 07/11/2020 - 21:00:18: World triggered "Restart_Round_(1_second)"
L 07/11/2020 - 21:00:18: Team "CT" scored "0" with "3" players
L 07/11/2020 - 21:00:18: Team "TERRORIST" scored "0" with "4" players
L 07/11/2020 - 21:00:18: Server cvar "sv_restart" = "0"
L 07/11/2020 - 21:00:19: "BrutaLity || Cristiano<48><STEAM_0:1:540695973><TERRORIST>" triggered "Spawned_With_The_Bomb"
L 07/11/2020 - 21:00:21: [DPROTO]: Client 11 - Set AuthIdType 1 [dp_RevEmu]; pClient = 0569D130
L 07/11/2020 - 21:00:21: "'U'Knighted || Aga!N!<51><STEAM_0:0:810273828><>" connected, address "47.15.26.57:27005"
L 07/11/2020 - 21:00:21: "Baap ke Bharose || Escanor<50><STEAM_0:0:83230422><SPECTATOR>" joined team "CT"
L 07/11/2020 - 21:00:29: Rcon: "rcon 1933327595 "Lauda2" SV_RESTART 1" from "106.51.30.169:30309"
L 07/11/2020 - 21:00:29: Server cvar "sv_restart" = "1"
L 07/11/2020 - 21:00:29: World triggered "Restart_Round_(1_second)"
L 07/11/2020 - 21:00:29: Team "CT" scored "0" with "5" players
L 07/11/2020 - 21:00:29: Team "TERRORIST" scored "0" with "3" players
L 07/11/2020 - 21:00:29: Server cvar "sv_restart" = "0"
L 07/11/2020 - 21:00:30: "'U'Knighted || assassin<49><STEAM_0:0:1060612858><TERRORIST>" triggered "Spawned_With_The_Bomb"
L 07/11/2020 - 21:00:37: "BrutaLity || pR0_rev<45><STEAM_0:1:546352772><CT>" say_team "dollar"
L 07/11/2020 - 21:00:39: "BrutaLity || pR0_rev<45><STEAM_0:1:546352772><CT>" say "dollar"
L 07/11/2020 - 21:00:39: [DPROTO]: Client 8 - Set AuthIdType 1 [Native]; pClient = 0568E0E8
L 07/11/2020 - 21:00:39: "Normal E.T || Agent Felix<52><STEAM_0:1:539804210><>" connected, address "103.251.50.16:27005"
L 07/11/2020 - 21:00:40: "Normal E.T || Agent Felix<52><STEAM_0:1:539804210><>" STEAM USERID validated
L 07/11/2020 - 21:00:41: [DPROTO]: Client 9 - Set AuthIdType 1 [Native]; pClient = 05693100
L 07/11/2020 - 21:00:41: "BrutaLity || 1-13<53><STEAM_0:0:65740571><>" connected, address "106.51.111.242:17752"
L 07/11/2020 - 21:00:42: "BrutaLity || 1-13<53><STEAM_0:0:65740571><>" STEAM USERID validated
L 07/11/2020 - 21:00:42: "Normal E.T || StuFu<27><STEAM_0:1:147341737><CT>" say "WESTWOOD"
L 07/11/2020 - 21:00:42: World triggered "Round_Start"
L 07/11/2020 - 21:00:44: "Normal E.T || Agent Felix<52><STEAM_0:1:539804210><>" entered the game
L 07/11/2020 - 21:00:59: "Normal E.T || StuFu<27><STEAM_0:1:147341737><CT>" killed "'U'Knighted || assassin<49><STEAM_0:0:1060612858><TERRORIST>" with "deagle"
L 07/11/2020 - 21:00:59: "'U'Knighted || assassin<49><STEAM_0:0:1060612858><TERRORIST>" triggered "Dropped_The_Bomb"
L 07/11/2020 - 21:01:24: "'U'Knighted || Gupto Googly<30><STEAM_0:0:355901680><CT>" killed "BrutaLity || Cristiano<48><STEAM_0:1:540695973><TERRORIST>" with "usp"
L 07/11/2020 - 21:01:31: "'U'Knighted || Gupto Googly<30><STEAM_0:0:355901680><CT>" killed "Baap ke Bharose || Sic Mundus<42><STEAM_0:1:66144441><TERRORIST>" with "usp"
L 07/11/2020 - 21:01:31: Team "CT" triggered "CTs_Win" (CT "1") (T "0")
L 07/11/2020 - 21:01:31: World triggered "Round_End"
L 07/11/2020 - 21:01:35: "Normal E.T || StuFu<27><STEAM_0:1:147341737><CT>" committed suicide with "world"
L 07/11/2020 - 21:01:35: "Normal E.T || StuFu<27><STEAM_0:1:147341737><CT>" joined team "TERRORIST"
L 07/11/2020 - 21:01:36: "'U'Knighted || assassin<49><STEAM_0:0:1060612858><TERRORIST>" triggered "Spawned_With_The_Bomb"
L 07/11/2020 - 21:01:48: World triggered "Round_Start"
L 07/11/2020 - 21:02:01: "'U'Knighted || Gupto Googly<30><STEAM_0:0:355901680><CT>" killed "Baap ke Bharose || Sic Mundus<42><STEAM_0:1:66144441><TERRORIST>" with "m4a1"
L 07/11/2020 - 21:02:03: "BrutaLity || pR0_rev<45><STEAM_0:1:546352772><CT>" killed "BrutaLity || Cristiano<48><STEAM_0:1:540695973><TERRORIST>" with "m4a1"
L 07/11/2020 - 21:02:04: "Normal E.T || StuFu<27><STEAM_0:1:147341737><TERRORIST>" killed "BrutaLity || pR0_rev<45><STEAM_0:1:546352772><CT>" with "deagle"
L 07/11/2020 - 21:02:04: "Normal E.T || Agent Felix<52><STEAM_0:1:539804210><>" joined team "TERRORIST"
L 07/11/2020 - 21:02:08: "Baap ke Bharose || Ladder<46><STEAM_0:0:369456433><CT>" killed "Normal E.T || Agent Felix<52><STEAM_0:1:539804210><TERRORIST>" with "m4a1"
L 07/11/2020 - 21:02:09: "'U'Knighted || assassin<49><STEAM_0:0:1060612858><TERRORIST>" killed "Baap ke Bharose || Escanor<50><STEAM_0:0:83230422><CT>" with "deagle"
L 07/11/2020 - 21:02:11: [DPROTO]: Client 10 - Set AuthIdType 1 [dp_RevEmu]; pClient = 05698118
L 07/11/2020 - 21:02:11: "BrutaLity || Professor<54><STEAM_0:0:493150978><>" connected, address "180.151.108.188:27005"
L 07/11/2020 - 21:02:12: "'U'Knighted || Gupto Googly<30><STEAM_0:0:355901680><CT>" killed "Normal E.T || StuFu<27><STEAM_0:1:147341737><TERRORIST>" with "m4a1"
L 07/11/2020 - 21:02:15: "BrutaLity || W{}W<44><STEAM_0:0:1414580386><>" entered the game
L 07/11/2020 - 21:02:22: "BrutaLity || Professor<54><STEAM_0:0:493150978><>" entered the game
L 07/11/2020 - 21:02:27: "'U'Knighted || assassin<49><STEAM_0:0:1060612858><TERRORIST>" triggered "Planted_The_Bomb"
L 07/11/2020 - 21:02:28: "BrutaLity || Professor<54><STEAM_0:0:493150978><>" joined team "CT"
L 07/11/2020 - 21:02:39: "Baap ke Bharose || Ladder<46><STEAM_0:0:369456433><CT>" triggered "Begin_Bomb_Defuse_Without_Kit"
L 07/11/2020 - 21:02:48: "'U'Knighted || assassin<49><STEAM_0:0:1060612858><TERRORIST>" killed "'U'Knighted || Gupto Googly<30><STEAM_0:0:355901680><CT>" with "m4a1"
L 07/11/2020 - 21:02:51: "Baap ke Bharose || Ladder<46><STEAM_0:0:369456433><CT>" triggered "Begin_Bomb_Defuse_Without_Kit"
L 07/11/2020 - 21:02:53: "'U'Knighted || assassin<49><STEAM_0:0:1060612858><TERRORIST>" killed "Baap ke Bharose || Ladder<46><STEAM_0:0:369456433><CT>" with "m4a1"
L 07/11/2020 - 21:02:53: Team "TERRORIST" triggered "Terrorists_Win" (CT "1") (T "1")
L 07/11/2020 - 21:02:53: World triggered "Round_End"
L 07/11/2020 - 21:02:58: "Baap ke Bharose || Sic Mundus<42><STEAM_0:1:66144441><TERRORIST>" triggered "Spawned_With_The_Bomb"
L 07/11/2020 - 21:03:00: "BrutaLity || 1-13<53><STEAM_0:0:65740571><>" entered the game
L 07/11/2020 - 21:03:10: World triggered "Round_Start"
L 07/11/2020 - 21:03:22: "'U'Knighted || Gupto Googly<30><STEAM_0:0:355901680><CT>" killed "Normal E.T || StuFu<27><STEAM_0:1:147341737><TERRORIST>" with "mp5navy"
L 07/11/2020 - 21:03:32: "Baap ke Bharose || Escanor<50><STEAM_0:0:83230422><CT>" killed "BrutaLity || Cristiano<48><STEAM_0:1:540695973><TERRORIST>" with "usp"
L 07/11/2020 - 21:03:39: "'U'Knighted || assassin<49><STEAM_0:0:1060612858><TERRORIST>" killed "Baap ke Bharose || Ladder<46><STEAM_0:0:369456433><CT>" with "m4a1"
L 07/11/2020 - 21:03:49: "'U'Knighted || Gupto Googly<30><STEAM_0:0:355901680><CT>" killed "Normal E.T || Agent Felix<52><STEAM_0:1:539804210><TERRORIST>" with "mp5navy"
L 07/11/2020 - 21:03:54: "Baap ke Bharose || Sic Mundus<42><STEAM_0:1:66144441><TERRORIST>" triggered "Planted_The_Bomb"
L 07/11/2020 - 21:03:54: "'U'Knighted || assassin<49><STEAM_0:0:1060612858><TERRORIST>" killed "Baap ke Bharose || Escanor<50><STEAM_0:0:83230422><CT>" with "m4a1"
L 07/11/2020 - 21:04:11: "BrutaLity || Professor<54><STEAM_0:0:493150978><CT>" triggered "Begin_Bomb_Defuse_Without_Kit"
L 07/11/2020 - 21:04:12: "BrutaLity || W{}W<44><STEAM_0:0:1414580386><>" joined team "CT"
L 07/11/2020 - 21:04:13: "Baap ke Bharose || Sic Mundus<42><STEAM_0:1:66144441><TERRORIST>" killed "BrutaLity || Professor<54><STEAM_0:0:493150978><CT>" with "mp5navy"
L 07/11/2020 - 21:04:17: "BrutaLity || pR0_rev<45><STEAM_0:1:546352772><CT>" killed "Baap ke Bharose || Sic Mundus<42><STEAM_0:1:66144441><TERRORIST>" with "ak47"
L 07/11/2020 - 21:04:27: "'U'Knighted || assassin<49><STEAM_0:0:1060612858><TERRORIST>" killed "BrutaLity || pR0_rev<45><STEAM_0:1:546352772><CT>" with "m4a1"
L 07/11/2020 - 21:04:39: Team "TERRORIST" triggered "Target_Bombed" (CT "1") (T "2")
L 07/11/2020 - 21:04:39: World triggered "Round_End"
L 07/11/2020 - 21:04:42: "'U'Knighted || Gupto Googly<30><STEAM_0:0:355901680><CT>" killed "'U'Knighted || assassin<49><STEAM_0:0:1060612858><TERRORIST>" with "ak47"
L 07/11/2020 - 21:04:44: "Normal E.T || Agent Felix<52><STEAM_0:1:539804210><TERRORIST>" triggered "Spawned_With_The_Bomb"
L 07/11/2020 - 21:04:56: World triggered "Round_Start"
L 07/11/2020 - 21:05:23: "'U'Knighted || Gupto Googly<30><STEAM_0:0:355901680><CT>" killed "Normal E.T || StuFu<27><STEAM_0:1:147341737><TERRORIST>" with "ak47"
L 07/11/2020 - 21:05:27: "BrutaLity || W{}W<44><STEAM_0:0:1414580386><CT>" killed "Normal E.T || Agent Felix<52><STEAM_0:1:539804210><TERRORIST>" with "deagle"
L 07/11/2020 - 21:05:27: "Normal E.T || Agent Felix<52><STEAM_0:1:539804210><TERRORIST>" triggered "Dropped_The_Bomb"
L 07/11/2020 - 21:05:32: "BrutaLity || W{}W<44><STEAM_0:0:1414580386><CT>" killed "BrutaLity || Cristiano<48><STEAM_0:1:540695973><TERRORIST>" with "deagle"
L 07/11/2020 - 21:05:35: "'U'Knighted || assassin<49><STEAM_0:0:1060612858><TERRORIST>" killed "BrutaLity || pR0_rev<45><STEAM_0:1:546352772><CT>" with "ak47"
L 07/11/2020 - 21:05:38: "'U'Knighted || assassin<49><STEAM_0:0:1060612858><TERRORIST>" killed "Baap ke Bharose || Escanor<50><STEAM_0:0:83230422><CT>" with "ak47"
L 07/11/2020 - 21:05:52: "'U'Knighted || assassin<49><STEAM_0:0:1060612858><TERRORIST>" killed "Baap ke Bharose || Ladder<46><STEAM_0:0:369456433><CT>" with "ak47"
L 07/11/2020 - 21:06:01: "'U'Knighted || Gupto Googly<30><STEAM_0:0:355901680><CT>" killed "'U'Knighted || assassin<49><STEAM_0:0:1060612858><TERRORIST>" with "ak47"
L 07/11/2020 - 21:06:09: "Baap ke Bharose || Sic Mundus<42><STEAM_0:1:66144441><TERRORIST>" killed "BrutaLity || Professor<54><STEAM_0:0:493150978><CT>" with "mp5navy"
L 07/11/2020 - 21:06:17: "BrutaLity || Professor<54><STEAM_0:0:493150978><CT>" disconnected
L 07/11/2020 - 21:06:19: "Baap ke Bharose || Sic Mundus<42><STEAM_0:1:66144441><TERRORIST>" killed "'U'Knighted || Gupto Googly<30><STEAM_0:0:355901680><CT>" with "mp5navy"
L 07/11/2020 - 21:06:23: "BrutaLity || W{}W<44><STEAM_0:0:1414580386><CT>" killed "Baap ke Bharose || Sic Mundus<42><STEAM_0:1:66144441><TERRORIST>" with "ak47"
L 07/11/2020 - 21:06:23: Team "CT" triggered "CTs_Win" (CT "2") (T "2")
L 07/11/2020 - 21:06:23: World triggered "Round_End"
L 07/11/2020 - 21:06:28: "Normal E.T || StuFu<27><STEAM_0:1:147341737><TERRORIST>" triggered "Spawned_With_The_Bomb"
L 07/11/2020 - 21:06:40: World triggered "Round_Start"
L 07/11/2020 - 21:06:53: [DPROTO]: Client 10 - Set AuthIdType 4 [dproto]; pClient = 05698118
L 07/11/2020 - 21:06:53: "BrutaLity || wolf<55><VALVE_0:4:1088121065><>" connected, address "106.51.234.40:2255"
L 07/11/2020 - 21:06:53: [DPROTO]: Client 10 - Set AuthIdType 4 [dproto]; pClient = 05698118
L 07/11/2020 - 21:06:53: "BrutaLity || wolf<56><VALVE_0:4:1088121065><>" connected, address "106.51.234.40:2255"
L 07/11/2020 - 21:06:55: "BrutaLity || pR0_rev<45><STEAM_0:1:546352772><CT>" killed "Baap ke Bharose || Sic Mundus<42><STEAM_0:1:66144441><TERRORIST>" with "m4a1"
L 07/11/2020 - 21:07:08: "'U'Knighted || assassin<49><STEAM_0:0:1060612858><TERRORIST>" killed "BrutaLity || pR0_rev<45><STEAM_0:1:546352772><CT>" with "ak47"
L 07/11/2020 - 21:07:16: "Baap ke Bharose || Ladder<46><STEAM_0:0:369456433><CT>" killed "BrutaLity || Cristiano<48><STEAM_0:1:540695973><TERRORIST>" with "m4a1"
L 07/11/2020 - 21:07:41: "Baap ke Bharose || Escanor<50><STEAM_0:0:83230422><CT>" killed "Normal E.T || StuFu<27><STEAM_0:1:147341737><TERRORIST>" with "usp"
L 07/11/2020 - 21:07:41: "Normal E.T || StuFu<27><STEAM_0:1:147341737><TERRORIST>" triggered "Dropped_The_Bomb"
L 07/11/2020 - 21:07:48: "BrutaLity || W{}W<44><STEAM_0:0:1414580386><CT>" killed "'U'Knighted || assassin<49><STEAM_0:0:1060612858><TERRORIST>" with "ak47"
L 07/11/2020 - 21:08:06: "Normal E.T || Agent Felix<52><STEAM_0:1:539804210><TERRORIST>" killed "Baap ke Bharose || Ladder<46><STEAM_0:0:369456433><CT>" with "mp5navy"
L 07/11/2020 - 21:08:09: [DPROTO]: Client 10 - Set AuthIdType 1 [dp_RevEmu]; pClient = 05698118
L 07/11/2020 - 21:08:09: "Normal E.T || Mofo<57><STEAM_0:0:455086556><>" connected, address "218.212.170.198:27005"
L 07/11/2020 - 21:08:13: "Normal E.T || Mofo<57><STEAM_0:0:455086556><>" entered the game
L 07/11/2020 - 21:08:25: "Normal E.T || Mofo<57><STEAM_0:0:455086556><>" joined team "TERRORIST"
L 07/11/2020 - 21:08:40: Team "CT" triggered "Target_Saved" (CT "3") (T "2")
L 07/11/2020 - 21:08:40: World triggered "Round_End"
L 07/11/2020 - 21:08:45: "BrutaLity || Cristiano<48><STEAM_0:1:540695973><TERRORIST>" triggered "Spawned_With_The_Bomb"
L 07/11/2020 - 21:08:56: [DPROTO]: Client 11 - Set AuthIdType 4 [dproto]; pClient = 0569D130
L 07/11/2020 - 21:08:56: "BrutaLity || wolf<58><VALVE_0:4:1088121065><>" connected, address "106.51.234.40:2255"
L 07/11/2020 - 21:08:56: [DPROTO]: Client 11 - Set AuthIdType 4 [dproto]; pClient = 0569D130
L 07/11/2020 - 21:08:56: "BrutaLity || wolf<59><VALVE_0:4:1088121065><>" connected, address "106.51.234.40:2255"
L 07/11/2020 - 21:08:57: World triggered "Round_Start"
L 07/11/2020 - 21:09:16: "Baap ke Bharose || Ladder<46><STEAM_0:0:369456433><CT>" killed "Normal E.T || Mofo<57><STEAM_0:0:455086556><TERRORIST>" with "m4a1"
L 07/11/2020 - 21:09:16: "BrutaLity || 1-13<53><STEAM_0:0:65740571><>" joined team "CT"
L 07/11/2020 - 21:09:19: "Baap ke Bharose || Sic Mundus<42><STEAM_0:1:66144441><TERRORIST>" killed "Baap ke Bharose || Escanor<50><STEAM_0:0:83230422><CT>" with "mp5navy"
L 07/11/2020 - 21:09:29: "Baap ke Bharose || Ladder<46><STEAM_0:0:369456433><CT>" killed "Normal E.T || StuFu<27><STEAM_0:1:147341737><TERRORIST>" with "m4a1"
L 07/11/2020 - 21:09:35: "BrutaLity || W{}W<44><STEAM_0:0:1414580386><CT>" killed "Baap ke Bharose || Sic Mundus<42><STEAM_0:1:66144441><TERRORIST>" with "ak47"
L 07/11/2020 - 21:09:39: "Normal E.T || Agent Felix<52><STEAM_0:1:539804210><TERRORIST>" killed "BrutaLity || pR0_rev<45><STEAM_0:1:546352772><CT>" with "mp5navy"
L 07/11/2020 - 21:09:40: "BrutaLity || Cristiano<48><STEAM_0:1:540695973><TERRORIST>" triggered "Planted_The_Bomb"
L 07/11/2020 - 21:09:43: "Normal E.T || Agent Felix<52><STEAM_0:1:539804210><TERRORIST>" killed "BrutaLity || W{}W<44><STEAM_0:0:1414580386><CT>" with "mp5navy"
L 07/11/2020 - 21:09:55: "Baap ke Bharose || Ladder<46><STEAM_0:0:369456433><CT>" killed "'U'Knighted || assassin<49><STEAM_0:0:1060612858><TERRORIST>" with "usp"
L 07/11/2020 - 21:10:00: "Baap ke Bharose || Ladder<46><STEAM_0:0:369456433><CT>" killed "BrutaLity || Cristiano<48><STEAM_0:1:540695973><TERRORIST>" with "m4a1"
L 07/11/2020 - 21:10:02: "'U'Knighted || Gupto Googly<30><STEAM_0:0:355901680><CT>" triggered "Begin_Bomb_Defuse_Without_Kit"
L 07/11/2020 - 21:10:06: "Baap ke Bharose || Ladder<46><STEAM_0:0:369456433><CT>" killed "Normal E.T || Agent Felix<52><STEAM_0:1:539804210><TERRORIST>" with "m4a1"
L 07/11/2020 - 21:10:07: "'U'Knighted || Gupto Googly<30><STEAM_0:0:355901680><CT>" triggered "Begin_Bomb_Defuse_Without_Kit"
L 07/11/2020 - 21:10:17: "'U'Knighted || Gupto Googly<30><STEAM_0:0:355901680><CT>" triggered "Defused_The_Bomb"
L 07/11/2020 - 21:10:17: Team "CT" triggered "Bomb_Defused" (CT "4") (T "2")
L 07/11/2020 - 21:10:17: World triggered "Round_End"
L 07/11/2020 - 21:10:22: "'U'Knighted || assassin<49><STEAM_0:0:1060612858><TERRORIST>" triggered "Spawned_With_The_Bomb"
L 07/11/2020 - 21:10:34: World triggered "Round_Start"
L 07/11/2020 - 21:10:47: "Baap ke Bharose || Ladder<46><STEAM_0:0:369456433><CT>" killed "Normal E.T || StuFu<27><STEAM_0:1:147341737><TERRORIST>" with "m4a1"
L 07/11/2020 - 21:10:52: "Normal E.T || Mofo<57><STEAM_0:0:455086556><TERRORIST>" killed "'U'Knighted || Gupto Googly<30><STEAM_0:0:355901680><CT>" with "ak47"
L 07/11/2020 - 21:10:55: "'U'Knighted || assassin<49><STEAM_0:0:1060612858><TERRORIST>" killed "Baap ke Bharose || Escanor<50><STEAM_0:0:83230422><CT>" with "ak47"
L 07/11/2020 - 21:10:56: "Baap ke Bharose || Ladder<46><STEAM_0:0:369456433><CT>" killed "Baap ke Bharose || Sic Mundus<42><STEAM_0:1:66144441><TERRORIST>" with "m4a1"
L 07/11/2020 - 21:11:02: "BrutaLity || pR0_rev<45><STEAM_0:1:546352772><CT>" killed "Normal E.T || Mofo<57><STEAM_0:0:455086556><TERRORIST>" with "m4a1"
L 07/11/2020 - 21:11:08: "Normal E.T || Agent Felix<52><STEAM_0:1:539804210><TERRORIST>" killed "BrutaLity || pR0_rev<45><STEAM_0:1:546352772><CT>" with "m4a1"
L 07/11/2020 - 21:11:19: "BrutaLity || Cristiano<48><STEAM_0:1:540695973><TERRORIST>" killed "BrutaLity || 1-13<53><STEAM_0:0:65740571><CT>" with "ak47"
L 07/11/2020 - 21:11:20: "'U'Knighted || assassin<49><STEAM_0:0:1060612858><TERRORIST>" triggered "Planted_The_Bomb"
L 07/11/2020 - 21:11:21: "Baap ke Bharose || Ladder<46><STEAM_0:0:369456433><CT>" killed "BrutaLity || Cristiano<48><STEAM_0:1:540695973><TERRORIST>" with "m4a1"
L 07/11/2020 - 21:11:45: "Normal E.T || Agent Felix<52><STEAM_0:1:539804210><TERRORIST>" killed "Baap ke Bharose || Ladder<46><STEAM_0:0:369456433><CT>" with "m4a1"
L 07/11/2020 - 21:12:05: Team "TERRORIST" triggered "Target_Bombed" (CT "4") (T "3")
L 07/11/2020 - 21:12:05: World triggered "Round_End"
L 07/11/2020 - 21:12:10: "Baap ke Bharose || Sic Mundus<42><STEAM_0:1:66144441><TERRORIST>" triggered "Spawned_With_The_Bomb"
L 07/11/2020 - 21:12:22: World triggered "Round_Start"
L 07/11/2020 - 21:12:22: "Baap ke Bharose || Sic Mundus<42><STEAM_0:1:66144441><TERRORIST>" triggered "Dropped_The_Bomb"
L 07/11/2020 - 21:12:23: "Baap ke Bharose || Sic Mundus<42><STEAM_0:1:66144441><TERRORIST>" triggered "Got_The_Bomb"
L 07/11/2020 - 21:12:32: "BrutaLity || 1-13<53><STEAM_0:0:65740571><CT>" killed "Normal E.T || StuFu<27><STEAM_0:1:147341737><TERRORIST>" with "famas"
L 07/11/2020 - 21:12:34: "Baap ke Bharose || Escanor<50><STEAM_0:0:83230422><CT>" killed "Normal E.T || Mofo<57><STEAM_0:0:455086556><TERRORIST>" with "m4a1"
L 07/11/2020 - 21:12:54: "BrutaLity || pR0_rev<45><STEAM_0:1:546352772><CT>" killed "Normal E.T || Agent Felix<52><STEAM_0:1:539804210><TERRORIST>" with "sg552"
L 07/11/2020 - 21:13:01: "Normal E.T || StuFu<27><STEAM_0:1:147341737><TERRORIST>" disconnected
L 07/11/2020 - 21:13:07: "Baap ke Bharose || Sic Mundus<42><STEAM_0:1:66144441><TERRORIST>" triggered "Planted_The_Bomb"
L 07/11/2020 - 21:13:13: "'U'Knighted || assassin<49><STEAM_0:0:1060612858><TERRORIST>" killed "BrutaLity || W{}W<44><STEAM_0:0:1414580386><CT>" with "ak47"
L 07/11/2020 - 21:13:13: "BrutaLity || pR0_rev<45><STEAM_0:1:546352772><CT>" killed "'U'Knighted || assassin<49><STEAM_0:0:1060612858><TERRORIST>" with "m4a1"
L 07/11/2020 - 21:13:18: "Baap ke Bharose || Ladder<46><STEAM_0:0:369456433><CT>" killed "Baap ke Bharose || Sic Mundus<42><STEAM_0:1:66144441><TERRORIST>" with "m4a1"
L 07/11/2020 - 21:13:21: "BrutaLity || 1-13<53><STEAM_0:0:65740571><CT>" killed "BrutaLity || Cristiano<48><STEAM_0:1:540695973><TERRORIST>" with "famas"
L 07/11/2020 - 21:13:25: "Baap ke Bharose || Ladder<46><STEAM_0:0:369456433><CT>" triggered "Begin_Bomb_Defuse_With_Kit"
L 07/11/2020 - 21:13:30: "Baap ke Bharose || Ladder<46><STEAM_0:0:369456433><CT>" triggered "Defused_The_Bomb"
L 07/11/2020 - 21:13:30: Team "CT" triggered "Bomb_Defused" (CT "5") (T "3")
L 07/11/2020 - 21:13:30: World triggered "Round_End"
L 07/11/2020 - 21:13:35: "Normal E.T || Mofo<57><STEAM_0:0:455086556><TERRORIST>" triggered "Spawned_With_The_Bomb"
L 07/11/2020 - 21:13:47: "Baap ke Bharose || Sic Mundus<42><STEAM_0:1:66144441><TERRORIST>" say_team "SIDE DIYE RUSH"
L 07/11/2020 - 21:13:47: World triggered "Round_Start"
L 07/11/2020 - 21:14:14: "Baap ke Bharose || Ladder<46><STEAM_0:0:369456433><CT>" killed "'U'Knighted || assassin<49><STEAM_0:0:1060612858><TERRORIST>" with "m4a1"
L 07/11/2020 - 21:14:23: "BrutaLity || W{}W<44><STEAM_0:0:1414580386><CT>" killed "Normal E.T || Mofo<57><STEAM_0:0:455086556><TERRORIST>" with "m4a1"
L 07/11/2020 - 21:14:23: "Normal E.T || Mofo<57><STEAM_0:0:455086556><TERRORIST>" triggered "Dropped_The_Bomb"
L 07/11/2020 - 21:14:27: "Normal E.T || Agent Felix<52><STEAM_0:1:539804210><TERRORIST>" triggered "Got_The_Bomb"
L 07/11/2020 - 21:14:34: "Normal E.T || Agent Felix<52><STEAM_0:1:539804210><TERRORIST>" killed "Baap ke Bharose || Ladder<46><STEAM_0:0:369456433><CT>" with "ak47"
L 07/11/2020 - 21:14:40: "BrutaLity || pR0_rev<45><STEAM_0:1:546352772><CT>" killed "Normal E.T || Agent Felix<52><STEAM_0:1:539804210><TERRORIST>" with "m4a1"
L 07/11/2020 - 21:14:40: "Normal E.T || Agent Felix<52><STEAM_0:1:539804210><TERRORIST>" triggered "Dropped_The_Bomb"
L 07/11/2020 - 21:14:50: "BrutaLity || pR0_rev<45><STEAM_0:1:546352772><CT>" killed "Baap ke Bharose || Sic Mundus<42><STEAM_0:1:66144441><TERRORIST>" with "m4a1"
L 07/11/2020 - 21:15:04: "BrutaLity || pR0_rev<45><STEAM_0:1:546352772><CT>" killed "BrutaLity || Cristiano<48><STEAM_0:1:540695973><TERRORIST>" with "m4a1"
L 07/11/2020 - 21:15:04: Team "CT" triggered "CTs_Win" (CT "6") (T "3")
L 07/11/2020 - 21:15:04: World triggered "Round_End"
L 07/11/2020 - 21:15:09: "BrutaLity || Cristiano<48><STEAM_0:1:540695973><TERRORIST>" triggered "Spawned_With_The_Bomb"
L 07/11/2020 - 21:15:13: [DPROTO]: Client 2 - Set AuthIdType 1 [Native]; pClient = 05670058
L 07/11/2020 - 21:15:13: "Normal E.T || StuFu<60><STEAM_0:1:147341737><>" connected, address "106.51.30.169:30309"
L 07/11/2020 - 21:15:13: "Normal E.T || StuFu<60><STEAM_0:1:147341737><>" STEAM USERID validated
L 07/11/2020 - 21:15:16: "Normal E.T || StuFu<60><STEAM_0:1:147341737><>" entered the game
L 07/11/2020 - 21:15:20: "Normal E.T || StuFu<60><STEAM_0:1:147341737><>" joined team "TERRORIST"
L 07/11/2020 - 21:15:21: World triggered "Round_Start"
L 07/11/2020 - 21:15:30: "Baap ke Bharose || Sic Mundus<42><STEAM_0:1:66144441><TERRORIST>" say_team "bhetor diye"
L 07/11/2020 - 21:15:38: "BrutaLity || W{}W<44><STEAM_0:0:1414580386><CT>" killed "Normal E.T || Agent Felix<52><STEAM_0:1:539804210><TERRORIST>" with "m4a1"
L 07/11/2020 - 21:15:42: "Baap ke Bharose || Ladder<46><STEAM_0:0:369456433><CT>" killed "Normal E.T || Mofo<57><STEAM_0:0:455086556><TERRORIST>" with "m4a1"
L 07/11/2020 - 21:15:44: "Baap ke Bharose || Escanor<50><STEAM_0:0:83230422><CT>" killed "BrutaLity || Cristiano<48><STEAM_0:1:540695973><TERRORIST>" with "m4a1"
L 07/11/2020 - 21:15:44: "BrutaLity || Cristiano<48><STEAM_0:1:540695973><TERRORIST>" triggered "Dropped_The_Bomb"
L 07/11/2020 - 21:15:46: "Baap ke Bharose || Sic Mundus<42><STEAM_0:1:66144441><TERRORIST>" killed "Baap ke Bharose || Ladder<46><STEAM_0:0:369456433><CT>" with "mp5navy"
L 07/11/2020 - 21:15:46: "BrutaLity || pR0_rev<45><STEAM_0:1:546352772><CT>" killed "'U'Knighted || assassin<49><STEAM_0:0:1060612858><TERRORIST>" with "m4a1"
L 07/11/2020 - 21:15:54: "BrutaLity || 1-13<53><STEAM_0:0:65740571><CT>" killed "Normal E.T || StuFu<60><STEAM_0:1:147341737><TERRORIST>" with "famas"
L 07/11/2020 - 21:16:00: "Baap ke Bharose || Sic Mundus<42><STEAM_0:1:66144441><TERRORIST>" killed "BrutaLity || pR0_rev<45><STEAM_0:1:546352772><CT>" with "mp5navy"
L 07/11/2020 - 21:16:07: "BrutaLity || W{}W<44><STEAM_0:0:1414580386><CT>" killed "Baap ke Bharose || Sic Mundus<42><STEAM_0:1:66144441><TERRORIST>" with "m4a1"
L 07/11/2020 - 21:16:07: Team "CT" triggered "CTs_Win" (CT "7") (T "3")
L 07/11/2020 - 21:16:07: World triggered "Round_End"
L 07/11/2020 - 21:16:12: "BrutaLity || Cristiano<48><STEAM_0:1:540695973><TERRORIST>" triggered "Spawned_With_The_Bomb"
L 07/11/2020 - 21:16:24: World triggered "Round_Start"
L 07/11/2020 - 21:16:36: "Baap ke Bharose || Sic Mundus<42><STEAM_0:1:66144441><TERRORIST>" say_team "TUNNEL"
L 07/11/2020 - 21:16:43: "'U'Knighted || Gupto Googly<30><STEAM_0:0:355901680><CT>" killed "BrutaLity || Cristiano<48><STEAM_0:1:540695973><TERRORIST>" with "m4a1"
L 07/11/2020 - 21:16:43: "BrutaLity || Cristiano<48><STEAM_0:1:540695973><TERRORIST>" triggered "Dropped_The_Bomb"
L 07/11/2020 - 21:16:44: "Baap ke Bharose || Escanor<50><STEAM_0:0:83230422><CT>" killed "Normal E.T || Mofo<57><STEAM_0:0:455086556><TERRORIST>" with "m4a1"
L 07/11/2020 - 21:16:51: "BrutaLity || W{}W<44><STEAM_0:0:1414580386><CT>" killed "'U'Knighted || assassin<49><STEAM_0:0:1060612858><TERRORIST>" with "m4a1"
L 07/11/2020 - 21:16:58: "Normal E.T || StuFu<60><STEAM_0:1:147341737><TERRORIST>" killed "BrutaLity || 1-13<53><STEAM_0:0:65740571><CT>" with "ak47"
L 07/11/2020 - 21:17:08: "Baap ke Bharose || Ladder<46><STEAM_0:0:369456433><CT>" killed "Normal E.T || StuFu<60><STEAM_0:1:147341737><TERRORIST>" with "m4a1"
L 07/11/2020 - 21:17:19: "Baap ke Bharose || Escanor<50><STEAM_0:0:83230422><CT>" killed "Baap ke Bharose || Sic Mundus<42><STEAM_0:1:66144441><TERRORIST>" with "m4a1"
L 07/11/2020 - 21:17:26: "Baap ke Bharose || Escanor<50><STEAM_0:0:83230422><CT>" killed "Normal E.T || Agent Felix<52><STEAM_0:1:539804210><TERRORIST>" with "m4a1"
L 07/11/2020 - 21:17:26: Team "CT" triggered "CTs_Win" (CT "8") (T "3")
L 07/11/2020 - 21:17:26: World triggered "Round_End"
L 07/11/2020 - 21:17:27: "Normal E.T || StuFu<60><STEAM_0:1:147341737><TERRORIST>" say_team "next time upar se rudsh" (dead)
L 07/11/2020 - 21:17:31: "'U'Knighted || assassin<49><STEAM_0:0:1060612858><TERRORIST>" triggered "Spawned_With_The_Bomb"
L 07/11/2020 - 21:17:41: "Baap ke Bharose || Sic Mundus<42><STEAM_0:1:66144441><TERRORIST>" say_team "ROOF DIYE RUSH"
L 07/11/2020 - 21:17:43: World triggered "Round_Start"
L 07/11/2020 - 21:17:53: "BrutaLity || Cristiano<48><STEAM_0:1:540695973><TERRORIST>" killed "BrutaLity || pR0_rev<45><STEAM_0:1:546352772><CT>" with "awp"
L 07/11/2020 - 21:17:56: "'U'Knighted || Gupto Googly<30><STEAM_0:0:355901680><CT>" killed "'U'Knighted || assassin<49><STEAM_0:0:1060612858><TERRORIST>" with "m4a1"
L 07/11/2020 - 21:17:56: "'U'Knighted || assassin<49><STEAM_0:0:1060612858><TERRORIST>" triggered "Dropped_The_Bomb"
L 07/11/2020 - 21:17:59: "Normal E.T || Mofo<57><STEAM_0:0:455086556><TERRORIST>" killed "'U'Knighted || Gupto Googly<30><STEAM_0:0:355901680><CT>" with "ak47"
L 07/11/2020 - 21:18:01: "Baap ke Bharose || Sic Mundus<42><STEAM_0:1:66144441><TERRORIST>" killed "BrutaLity || 1-13<53><STEAM_0:0:65740571><CT>" with "ak47"
L 07/11/2020 - 21:18:07: "Baap ke Bharose || Ladder<46><STEAM_0:0:369456433><CT>" killed "Normal E.T || Mofo<57><STEAM_0:0:455086556><TERRORIST>" with "m4a1"
L 07/11/2020 - 21:18:08: "BrutaLity || W{}W<44><STEAM_0:0:1414580386><CT>" killed "BrutaLity || Cristiano<48><STEAM_0:1:540695973><TERRORIST>" with "m4a1"
L 07/11/2020 - 21:18:09: "Baap ke Bharose || Escanor<50><STEAM_0:0:83230422><CT>" killed "Normal E.T || StuFu<60><STEAM_0:1:147341737><TERRORIST>" with "m4a1"
L 07/11/2020 - 21:18:10: "BrutaLity || W{}W<44><STEAM_0:0:1414580386><CT>" killed "Baap ke Bharose || Sic Mundus<42><STEAM_0:1:66144441><TERRORIST>" with "m4a1"
L 07/11/2020 - 21:18:21: "Baap ke Bharose || Ladder<46><STEAM_0:0:369456433><CT>" killed "Normal E.T || Agent Felix<52><STEAM_0:1:539804210><TERRORIST>" with "m4a1"
L 07/11/2020 - 21:18:21: Team "CT" triggered "CTs_Win" (CT "9") (T "3")
L 07/11/2020 - 21:18:21: World triggered "Round_End"
L 07/11/2020 - 21:18:22: "BrutaLity || pR0_rev<45><STEAM_0:1:546352772><CT>" say "khela kokhon" (dead)
L 07/11/2020 - 21:18:26: "Baap ke Bharose || Sic Mundus<42><STEAM_0:1:66144441><TERRORIST>" triggered "Spawned_With_The_Bomb"
L 07/11/2020 - 21:18:32: Rcon: "rcon 1933327595 "Lauda2" mp_startmoney 16000" from "106.51.30.169:30309"
L 07/11/2020 - 21:18:32: Server cvar "mp_startmoney" = "16000"
L 07/11/2020 - 21:18:35: Rcon: "rcon 1933327595 "Lauda2" sv_restart 12" from "106.51.30.169:30309"
L 07/11/2020 - 21:18:35: Server cvar "sv_restart" = "12"
L 07/11/2020 - 21:18:35: World triggered "Restart_Round_(12_seconds)"
L 07/11/2020 - 21:18:35: Team "CT" scored "9" with "6" players
L 07/11/2020 - 21:18:35: Team "TERRORIST" scored "3" with "6" players
L 07/11/2020 - 21:18:35: Server cvar "sv_restart" = "0"
L 07/11/2020 - 21:18:37: Rcon: "rcon 1933327595 "Lauda2" sv_restart 11" from "106.51.30.169:30309"
L 07/11/2020 - 21:18:37: Server cvar "sv_restart" = "11"
L 07/11/2020 - 21:18:37: World triggered "Restart_Round_(11_seconds)"
L 07/11/2020 - 21:18:37: Team "CT" scored "9" with "6" players
L 07/11/2020 - 21:18:37: Team "TERRORIST" scored "3" with "6" players
L 07/11/2020 - 21:18:37: Server cvar "sv_restart" = "0"
L 07/11/2020 - 21:18:38: Rcon: "rcon 1933327595 "Lauda2" sv_restart 1" from "106.51.30.169:30309"
L 07/11/2020 - 21:18:38: Server cvar "sv_restart" = "1"
L 07/11/2020 - 21:18:38: World triggered "Restart_Round_(1_second)"
L 07/11/2020 - 21:18:38: Team "CT" scored "9" with "6" players
L 07/11/2020 - 21:18:38: Team "TERRORIST" scored "3" with "6" players
L 07/11/2020 - 21:18:38: Server cvar "sv_restart" = "0"
L 07/11/2020 - 21:18:38: World triggered "Round_Start"
L 07/11/2020 - 21:18:39: "Normal E.T || Agent Felix<52><STEAM_0:1:539804210><TERRORIST>" triggered "Spawned_With_The_Bomb"
L 07/11/2020 - 21:18:40: [DPROTO]: Client 11 - Set AuthIdType 1 [dp_RevEmu]; pClient = 0569D130
L 07/11/2020 - 21:18:40: "'U'Knighted || Achillies<61><STEAM_0:0:1663171942><>" connected, address "106.51.233.53:12198"
L 07/11/2020 - 21:18:41: "Normal E.T || StuFu<60><STEAM_0:1:147341737><TERRORIST>" say "live"
L 07/11/2020 - 21:18:51: World triggered "Round_Start"
L 07/11/2020 - 21:18:52: "Baap ke Bharose || Sic Mundus<42><STEAM_0:1:66144441><TERRORIST>" say_team "BOMB DE"
L 07/11/2020 - 21:18:52: "'U'Knighted || Achillies<61><STEAM_0:0:1663171942><>" entered the game
L 07/11/2020 - 21:19:08: "Baap ke Bharose || Escanor<50><STEAM_0:0:83230422><CT>" killed "Normal E.T || Mofo<57><STEAM_0:0:455086556><TERRORIST>" with "m4a1"
L 07/11/2020 - 21:19:09: "Normal E.T || StuFu<60><STEAM_0:1:147341737><TERRORIST>" killed "BrutaLity || 1-13<53><STEAM_0:0:65740571><CT>" with "ak47"
L 07/11/2020 - 21:19:15: "BrutaLity || Cristiano<48><STEAM_0:1:540695973><TERRORIST>" killed "BrutaLity || pR0_rev<45><STEAM_0:1:546352772><CT>" with "awp"
L 07/11/2020 - 21:19:20: "'U'Knighted || Achillies<61><STEAM_0:0:1663171942><>" joined team "TERRORIST"
L 07/11/2020 - 21:19:26: "Baap ke Bharose || Escanor<50><STEAM_0:0:83230422><CT>" killed "BrutaLity || Cristiano<48><STEAM_0:1:540695973><TERRORIST>" with "awp"
L 07/11/2020 - 21:19:34: "Baap ke Bharose || Escanor<50><STEAM_0:0:83230422><CT>" killed "'U'Knighted || assassin<49><STEAM_0:0:1060612858><TERRORIST>" with "awp"
L 07/11/2020 - 21:20:20: "Normal E.T || StuFu<60><STEAM_0:1:147341737><TERRORIST>" killed "Baap ke Bharose || Escanor<50><STEAM_0:0:83230422><CT>" with "ak47"
L 07/11/2020 - 21:20:20: "Baap ke Bharose || Sic Mundus<42><STEAM_0:1:66144441><TERRORIST>" killed "Baap ke Bharose || Ladder<46><STEAM_0:0:369456433><CT>" with "ak47"
L 07/11/2020 - 21:20:31: "BrutaLity || W{}W<44><STEAM_0:0:1414580386><CT>" killed "Normal E.T || StuFu<60><STEAM_0:1:147341737><TERRORIST>" with "m4a1"
L 07/11/2020 - 21:20:51: Team "CT" triggered "Target_Saved" (CT "1") (T "0")
L 07/11/2020 - 21:20:51: World triggered "Round_End"
L 07/11/2020 - 21:20:56: "Normal E.T || Mofo<57><STEAM_0:0:455086556><TERRORIST>" triggered "Spawned_With_The_Bomb"
L 07/11/2020 - 21:21:08: World triggered "Round_Start"
L 07/11/2020 - 21:21:21: "BrutaLity || pR0_rev<45><STEAM_0:1:546352772><CT>" committed suicide with "worldspawn" (world)
L 07/11/2020 - 21:21:26: "BrutaLity || 1-13<53><STEAM_0:0:65740571><CT>" killed "Normal E.T || StuFu<60><STEAM_0:1:147341737><TERRORIST>" with "famas"
L 07/11/2020 - 21:21:32: "BrutaLity || pR0_rev<45><STEAM_0:1:546352772><CT>" disconnected
L 07/11/2020 - 21:21:32: [DPROTO]: Client 0 - Set AuthIdType 1 [Native]; pClient = 05666028
L 07/11/2020 - 21:21:32: "BrutaLity || pR0_rev<62><STEAM_0:1:546352772><>" connected, address "110.227.214.203:27005"
L 07/11/2020 - 21:21:32: "BrutaLity || W{}W<44><STEAM_0:0:1414580386><CT>" killed "Normal E.T || Agent Felix<52><STEAM_0:1:539804210><TERRORIST>" with "m4a1"
L 07/11/2020 - 21:21:32: "Baap ke Bharose || Escanor<50><STEAM_0:0:83230422><CT>" killed "Normal E.T || Mofo<57><STEAM_0:0:455086556><TERRORIST>" with "m4a1"
L 07/11/2020 - 21:21:32: "Normal E.T || Mofo<57><STEAM_0:0:455086556><TERRORIST>" triggered "Dropped_The_Bomb"
L 07/11/2020 - 21:21:33: "BrutaLity || pR0_rev<62><STEAM_0:1:546352772><>" STEAM USERID validated
L 07/11/2020 - 21:21:34: "Baap ke Bharose || Escanor<50><STEAM_0:0:83230422><CT>" killed "Baap ke Bharose || Sic Mundus<42><STEAM_0:1:66144441><TERRORIST>" with "m4a1"
L 07/11/2020 - 21:21:40: "BrutaLity || pR0_rev<62><STEAM_0:1:546352772><>" entered the game
L 07/11/2020 - 21:21:48: "'U'Knighted || Gupto Googly<30><STEAM_0:0:355901680><CT>" killed "BrutaLity || Cristiano<48><STEAM_0:1:540695973><TERRORIST>" with "m4a1"
L 07/11/2020 - 21:21:51: "BrutaLity || pR0_rev<62><STEAM_0:1:546352772><>" joined team "CT"
L 07/11/2020 - 21:22:01: "'U'Knighted || assassin<49><STEAM_0:0:1060612858><TERRORIST>" killed "Baap ke Bharose || Ladder<46><STEAM_0:0:369456433><CT>" with "ak47"
L 07/11/2020 - 21:22:13: "'U'Knighted || Achillies<61><STEAM_0:0:1663171942><TERRORIST>" killed "BrutaLity || W{}W<44><STEAM_0:0:1414580386><CT>" with "ak47"
L 07/11/2020 - 21:22:14: "'U'Knighted || Gupto Googly<30><STEAM_0:0:355901680><CT>" killed "'U'Knighted || assassin<49><STEAM_0:0:1060612858><TERRORIST>" with "m4a1"
L 07/11/2020 - 21:22:46: "'U'Knighted || Achillies<61><STEAM_0:0:1663171942><TERRORIST>" triggered "Got_The_Bomb"
L 07/11/2020 - 21:22:57: "Baap ke Bharose || Escanor<50><STEAM_0:0:83230422><CT>" killed "'U'Knighted || Achillies<61><STEAM_0:0:1663171942><TERRORIST>" with "m4a1"
L 07/11/2020 - 21:22:57: Team "CT" triggered "CTs_Win" (CT "2") (T "0")
L 07/11/2020 - 21:22:57: World triggered "Round_End"
L 07/11/2020 - 21:23:02: "'U'Knighted || Achillies<61><STEAM_0:0:1663171942><TERRORIST>" triggered "Spawned_With_The_Bomb"
L 07/11/2020 - 21:23:07: "'U'Knighted || Achillies<61><STEAM_0:0:1663171942><TERRORIST>" triggered "Dropped_The_Bomb"
L 07/11/2020 - 21:23:11: "Baap ke Bharose || Sic Mundus<42><STEAM_0:1:66144441><TERRORIST>" say_team "ROOF RUSH"
L 07/11/2020 - 21:23:12: "Normal E.T || StuFu<60><STEAM_0:1:147341737><TERRORIST>" say_team "upar se"
L 07/11/2020 - 21:23:14: World triggered "Round_Start"
L 07/11/2020 - 21:23:28: "'U'Knighted || assassin<49><STEAM_0:0:1060612858><TERRORIST>" killed "BrutaLity || W{}W<44><STEAM_0:0:1414580386><CT>" with "ak47"
L 07/11/2020 - 21:23:39: "BrutaLity || pR0_rev<62><STEAM_0:1:546352772><CT>" killed "Baap ke Bharose || Sic Mundus<42><STEAM_0:1:66144441><TERRORIST>" with "m4a1"
L 07/11/2020 - 21:23:40: "Baap ke Bharose || Escanor<50><STEAM_0:0:83230422><CT>" killed "BrutaLity || Cristiano<48><STEAM_0:1:540695973><TERRORIST>" with "m4a1"
L 07/11/2020 - 21:23:41: "BrutaLity || 1-13<53><STEAM_0:0:65740571><CT>" killed "Normal E.T || StuFu<60><STEAM_0:1:147341737><TERRORIST>" with "famas"
L 07/11/2020 - 21:23:43: "Baap ke Bharose || Ladder<46><STEAM_0:0:369456433><CT>" killed "Normal E.T || Mofo<57><STEAM_0:0:455086556><TERRORIST>" with "m4a1"
L 07/11/2020 - 21:23:43: "'U'Knighted || Achillies<61><STEAM_0:0:1663171942><TERRORIST>" killed "BrutaLity || 1-13<53><STEAM_0:0:65740571><CT>" with "awp"
L 07/11/2020 - 21:23:46: "'U'Knighted || assassin<49><STEAM_0:0:1060612858><TERRORIST>" killed "BrutaLity || pR0_rev<62><STEAM_0:1:546352772><CT>" with "ak47"
L 07/11/2020 - 21:23:51: "'U'Knighted || Achillies<61><STEAM_0:0:1663171942><TERRORIST>" killed "Baap ke Bharose || Escanor<50><STEAM_0:0:83230422><CT>" with "awp"
L 07/11/2020 - 21:24:12: "'U'Knighted || Achillies<61><STEAM_0:0:1663171942><TERRORIST>" triggered "Got_The_Bomb"
L 07/11/2020 - 21:24:22: Rcon: "rcon 1933327595 "Lauda2" kick "Normal E.T. || Agent Felix"" from "106.51.30.169:30309"
L 07/11/2020 - 21:24:29: Rcon: "rcon 1933327595 "Lauda2" kick "Normal E.T || Agent Felix"" from "106.51.30.169:30309"
L 07/11/2020 - 21:24:29: Kick: "Normal E.T || Agent Felix<52><STEAM_0:1:539804210><>" was kicked by "Console"
L 07/11/2020 - 21:24:29: "Normal E.T || Agent Felix<52><STEAM_0:1:539804210><TERRORIST>" disconnected
L 07/11/2020 - 21:24:48: "'U'Knighted || Achillies<61><STEAM_0:0:1663171942><TERRORIST>" triggered "Planted_The_Bomb"
L 07/11/2020 - 21:24:52: "BrutaLity || W{}W<44><STEAM_0:0:1414580386><CT>" say "khela ki hobe na????    ////" (dead)
L 07/11/2020 - 21:24:56: "'U'Knighted || Gupto Googly<30><STEAM_0:0:355901680><CT>" killed "'U'Knighted || Achillies<61><STEAM_0:0:1663171942><TERRORIST>" with "m4a1"
L 07/11/2020 - 21:25:01: "Normal E.T || StuFu<60><STEAM_0:1:147341737><TERRORIST>" say "15 minutes" (dead)
L 07/11/2020 - 21:25:23: "Baap ke Bharose || Ladder<46><STEAM_0:0:369456433><CT>" triggered "Begin_Bomb_Defuse_With_Kit"
L 07/11/2020 - 21:25:24: "Normal E.T || Mofo<57><STEAM_0:0:455086556><TERRORIST>" disconnected
L 07/11/2020 - 21:25:24: "'U'Knighted || assassin<49><STEAM_0:0:1060612858><TERRORIST>" killed "'U'Knighted || Gupto Googly<30><STEAM_0:0:355901680><CT>" with "ak47"
L 07/11/2020 - 21:25:28: "'U'Knighted || assassin<49><STEAM_0:0:1060612858><TERRORIST>" killed "Baap ke Bharose || Ladder<46><STEAM_0:0:369456433><CT>" with "ak47"
L 07/11/2020 - 21:25:28: Team "TERRORIST" triggered "Terrorists_Win" (CT "2") (T "1")
L 07/11/2020 - 21:25:28: World triggered "Round_End"
L 07/11/2020 - 21:25:33: "Normal E.T || StuFu<60><STEAM_0:1:147341737><TERRORIST>" triggered "Spawned_With_The_Bomb"
L 07/11/2020 - 21:25:42: [DPROTO]: Client 8 - Set AuthIdType 1 [dp_RevEmu]; pClient = 0568E0E8
L 07/11/2020 - 21:25:42: "BrutaLity || Professor<63><STEAM_0:0:493150978><>" connected, address "180.151.108.188:27005"
L 07/11/2020 - 21:25:45: World triggered "Round_Start"
L 07/11/2020 - 21:25:50: "BrutaLity || Professor<63><STEAM_0:0:493150978><>" entered the game
L 07/11/2020 - 21:25:56: "'U'Knighted || Achillies<61><STEAM_0:0:1663171942><TERRORIST>" killed "'U'Knighted || Gupto Googly<30><STEAM_0:0:355901680><CT>" with "awp"
L 07/11/2020 - 21:25:57: "'U'Knighted || assassin<49><STEAM_0:0:1060612858><TERRORIST>" killed "BrutaLity || 1-13<53><STEAM_0:0:65740571><CT>" with "ak47"
L 07/11/2020 - 21:25:57: "BrutaLity || W{}W<44><STEAM_0:0:1414580386><CT>" killed "'U'Knighted || Achillies<61><STEAM_0:0:1663171942><TERRORIST>" with "awp"
L 07/11/2020 - 21:25:59: "BrutaLity || Professor<63><STEAM_0:0:493150978><>" joined team "TERRORIST"
L 07/11/2020 - 21:26:01: "Baap ke Bharose || Escanor<50><STEAM_0:0:83230422><CT>" killed "BrutaLity || Cristiano<48><STEAM_0:1:540695973><TERRORIST>" with "m4a1"
L 07/11/2020 - 21:26:09: "Baap ke Bharose || Escanor<50><STEAM_0:0:83230422><CT>" killed "'U'Knighted || assassin<49><STEAM_0:0:1060612858><TERRORIST>" with "m4a1"
L 07/11/2020 - 21:26:14: "BrutaLity || Professor<63><STEAM_0:0:493150978><TERRORIST>" killed "Baap ke Bharose || Ladder<46><STEAM_0:0:369456433><CT>" with "ak47"
L 07/11/2020 - 21:26:18: "BrutaLity || W{}W<44><STEAM_0:0:1414580386><CT>" killed "Baap ke Bharose || Sic Mundus<42><STEAM_0:1:66144441><TERRORIST>" with "awp"
L 07/11/2020 - 21:26:20: "Baap ke Bharose || Escanor<50><STEAM_0:0:83230422><CT>" killed "BrutaLity || Professor<63><STEAM_0:0:493150978><TERRORIST>" with "m4a1"
L 07/11/2020 - 21:26:23: "Normal E.T || StuFu<60><STEAM_0:1:147341737><TERRORIST>" killed "BrutaLity || pR0_rev<62><STEAM_0:1:546352772><CT>" with "ak47"
L 07/11/2020 - 21:27:00: "Normal E.T || StuFu<60><STEAM_0:1:147341737><TERRORIST>" killed "BrutaLity || W{}W<44><STEAM_0:0:1414580386><CT>" with "ak47"
L 07/11/2020 - 21:27:12: "Normal E.T || StuFu<60><STEAM_0:1:147341737><TERRORIST>" triggered "Planted_The_Bomb"
L 07/11/2020 - 21:27:30: "Baap ke Bharose || Escanor<50><STEAM_0:0:83230422><CT>" killed "Normal E.T || StuFu<60><STEAM_0:1:147341737><TERRORIST>" with "m4a1"
L 07/11/2020 - 21:27:36: "Baap ke Bharose || Escanor<50><STEAM_0:0:83230422><CT>" triggered "Begin_Bomb_Defuse_With_Kit"
L 07/11/2020 - 21:27:41: "Baap ke Bharose || Escanor<50><STEAM_0:0:83230422><CT>" triggered "Defused_The_Bomb"
L 07/11/2020 - 21:27:41: Team "CT" triggered "Bomb_Defused" (CT "3") (T "1")
L 07/11/2020 - 21:27:41: World triggered "Round_End"
L 07/11/2020 - 21:27:46: "BrutaLity || Cristiano<48><STEAM_0:1:540695973><TERRORIST>" triggered "Spawned_With_The_Bomb"
L 07/11/2020 - 21:27:58: World triggered "Round_Start"
L 07/11/2020 - 21:28:15: "Baap ke Bharose || Ladder<46><STEAM_0:0:369456433><CT>" killed "Normal E.T || StuFu<60><STEAM_0:1:147341737><TERRORIST>" with "m4a1"
L 07/11/2020 - 21:28:17: [DPROTO]: Client 10 - Set AuthIdType 1 [dp_RevEmu]; pClient = 05698118
L 07/11/2020 - 21:28:17: "Baap ke Bharose || Tyagi<64><STEAM_0:0:266700107><>" connected, address "1.186.227.191:23624"
L 07/11/2020 - 21:28:18: "'U'Knighted || Gupto Googly<30><STEAM_0:0:355901680><CT>" killed "'U'Knighted || Achillies<61><STEAM_0:0:1663171942><TERRORIST>" with "m4a1"
L 07/11/2020 - 21:28:18: "Baap ke Bharose || Sic Mundus<42><STEAM_0:1:66144441><TERRORIST>" killed "Baap ke Bharose || Escanor<50><STEAM_0:0:83230422><CT>" with "ak47"
L 07/11/2020 - 21:28:20: "BrutaLity || 1-13<53><STEAM_0:0:65740571><CT>" killed "BrutaLity || Cristiano<48><STEAM_0:1:540695973><TERRORIST>" with "famas"
L 07/11/2020 - 21:28:20: "BrutaLity || Cristiano<48><STEAM_0:1:540695973><TERRORIST>" triggered "Dropped_The_Bomb"
L 07/11/2020 - 21:28:27: [DPROTO]: Client 10 - Set AuthIdType 1 [dp_RevEmu]; pClient = 05698118
L 07/11/2020 - 21:28:27: "Baap ke Bharose || Tyagi<65><STEAM_0:0:266700107><>" connected, address "1.186.227.191:23624"
L 07/11/2020 - 21:28:31: "BrutaLity || 1-13<53><STEAM_0:0:65740571><CT>" killed "BrutaLity || Professor<63><STEAM_0:0:493150978><TERRORIST>" with "famas"
L 07/11/2020 - 21:28:31: "Baap ke Bharose || Sic Mundus<42><STEAM_0:1:66144441><TERRORIST>" killed "BrutaLity || 1-13<53><STEAM_0:0:65740571><CT>" with "m4a1"
L 07/11/2020 - 21:28:31: "Baap ke Bharose || Tyagi<65><STEAM_0:0:266700107><>" entered the game
L 07/11/2020 - 21:28:41: "Baap ke Bharose || Tyagi<65><STEAM_0:0:266700107><>" joined team "CT"
L 07/11/2020 - 21:28:48: "'U'Knighted || Gupto Googly<30><STEAM_0:0:355901680><CT>" killed "Baap ke Bharose || Sic Mundus<42><STEAM_0:1:66144441><TERRORIST>" with "m4a1"
L 07/11/2020 - 21:28:59: "Baap ke Bharose || Ladder<46><STEAM_0:0:369456433><CT>" killed "'U'Knighted || assassin<49><STEAM_0:0:1060612858><TERRORIST>" with "m4a1"
L 07/11/2020 - 21:28:59: Team "CT" triggered "CTs_Win" (CT "4") (T "1")
L 07/11/2020 - 21:28:59: World triggered "Round_End"
L 07/11/2020 - 21:29:00: "Baap ke Bharose || Escanor<50><STEAM_0:0:83230422><CT>" say "chateau hok" (dead)
L 07/11/2020 - 21:29:04: "'U'Knighted || assassin<49><STEAM_0:0:1060612858><TERRORIST>" triggered "Spawned_With_The_Bomb"
L 07/11/2020 - 21:29:16: World triggered "Round_Start"
L 07/11/2020 - 21:29:27: "BrutaLity || 1-13<53><STEAM_0:0:65740571><CT>" killed "Normal E.T || StuFu<60><STEAM_0:1:147341737><TERRORIST>" with "famas"
L 07/11/2020 - 21:29:31: "'U'Knighted || Gupto Googly<30><STEAM_0:0:355901680><CT>" killed "BrutaLity || Cristiano<48><STEAM_0:1:540695973><TERRORIST>" with "m4a1"
L 07/11/2020 - 21:29:31: "'U'Knighted || assassin<49><STEAM_0:0:1060612858><TERRORIST>" killed "BrutaLity || 1-13<53><STEAM_0:0:65740571><CT>" with "ak47"
L 07/11/2020 - 21:29:33: "Baap ke Bharose || Escanor<50><STEAM_0:0:83230422><CT>" killed "BrutaLity || Professor<63><STEAM_0:0:493150978><TERRORIST>" with "m4a1"
L 07/11/2020 - 21:29:35: "'U'Knighted || assassin<49><STEAM_0:0:1060612858><TERRORIST>" killed "Baap ke Bharose || Ladder<46><STEAM_0:0:369456433><CT>" with "ak47"
L 07/11/2020 - 21:29:39: "Baap ke Bharose || Sic Mundus<42><STEAM_0:1:66144441><TERRORIST>" killed "Baap ke Bharose || Escanor<50><STEAM_0:0:83230422><CT>" with "ak47"
L 07/11/2020 - 21:29:52: "Baap ke Bharose || Tyagi<65><STEAM_0:0:266700107><CT>" killed "Baap ke Bharose || Sic Mundus<42><STEAM_0:1:66144441><TERRORIST>" with "awp"
L 07/11/2020 - 21:29:56: "'U'Knighted || assassin<49><STEAM_0:0:1060612858><TERRORIST>" killed "BrutaLity || pR0_rev<62><STEAM_0:1:546352772><CT>" with "ak47"
L 07/11/2020 - 21:30:06: "'U'Knighted || Gupto Googly<30><STEAM_0:0:355901680><CT>" killed "'U'Knighted || assassin<49><STEAM_0:0:1060612858><TERRORIST>" with "m4a1"
L 07/11/2020 - 21:30:06: "'U'Knighted || assassin<49><STEAM_0:0:1060612858><TERRORIST>" triggered "Dropped_The_Bomb"
L 07/11/2020 - 21:30:41: "'U'Knighted || Achillies<61><STEAM_0:0:1663171942><TERRORIST>" killed "'U'Knighted || Gupto Googly<30><STEAM_0:0:355901680><CT>" with "ak47"
L 07/11/2020 - 21:31:00: "Baap ke Bharose || Tyagi<65><STEAM_0:0:266700107><CT>" killed "'U'Knighted || Achillies<61><STEAM_0:0:1663171942><TERRORIST>" with "awp"
L 07/11/2020 - 21:31:00: Team "CT" triggered "CTs_Win" (CT "5") (T "1")
L 07/11/2020 - 21:31:00: World triggered "Round_End"
L 07/11/2020 - 21:31:05: "Baap ke Bharose || Sic Mundus<42><STEAM_0:1:66144441><TERRORIST>" triggered "Spawned_With_The_Bomb"
L 07/11/2020 - 21:31:16: "Baap ke Bharose || Sic Mundus<42><STEAM_0:1:66144441><TERRORIST>" say_team "tunnel diye rush"
L 07/11/2020 - 21:31:17: World triggered "Round_Start"
L 07/11/2020 - 21:31:17: "Baap ke Bharose || Tyagi<65><STEAM_0:0:266700107><CT>" committed suicide with "world"
L 07/11/2020 - 21:31:17: "Baap ke Bharose || Tyagi<65><STEAM_0:0:266700107><CT>" joined team "TERRORIST"
L 07/11/2020 - 21:31:27: "Baap ke Bharose || Ladder<46><STEAM_0:0:369456433><CT>" killed "'U'Knighted || Achillies<61><STEAM_0:0:1663171942><TERRORIST>" with "m4a1"
L 07/11/2020 - 21:31:30: "Baap ke Bharose || Sic Mundus<42><STEAM_0:1:66144441><TERRORIST>" killed "Baap ke Bharose || Ladder<46><STEAM_0:0:369456433><CT>" with "ak47"
L 07/11/2020 - 21:31:42: "Baap ke Bharose || Escanor<50><STEAM_0:0:83230422><CT>" killed "'U'Knighted || assassin<49><STEAM_0:0:1060612858><TERRORIST>" with "m4a1"
L 07/11/2020 - 21:31:53: "Baap ke Bharose || Sic Mundus<42><STEAM_0:1:66144441><TERRORIST>" killed "BrutaLity || pR0_rev<62><STEAM_0:1:546352772><CT>" with "ak47"
L 07/11/2020 - 21:31:55: "BrutaLity || W{}W<44><STEAM_0:0:1414580386><CT>" killed "BrutaLity || Professor<63><STEAM_0:0:493150978><TERRORIST>" with "awp"
L 07/11/2020 - 21:31:58: "Baap ke Bharose || Sic Mundus<42><STEAM_0:1:66144441><TERRORIST>" triggered "Planted_The_Bomb"
L 07/11/2020 - 21:32:08: "BrutaLity || W{}W<44><STEAM_0:0:1414580386><CT>" killed "Baap ke Bharose || Sic Mundus<42><STEAM_0:1:66144441><TERRORIST>" with "awp"
L 07/11/2020 - 21:32:21: "BrutaLity || 1-13<53><STEAM_0:0:65740571><CT>" killed "Normal E.T || StuFu<60><STEAM_0:1:147341737><TERRORIST>" with "famas"
L 07/11/2020 - 21:32:26: [DPROTO]: Client 12 - Set AuthIdType 4 [dproto]; pClient = 056A2148
L 07/11/2020 - 21:32:26: "BrutaLity || wolf<66><VALVE_0:4:1088121065><>" connected, address "106.51.234.40:1233"
L 07/11/2020 - 21:32:26: [DPROTO]: Client 12 - Set AuthIdType 4 [dproto]; pClient = 056A2148
L 07/11/2020 - 21:32:26: "BrutaLity || wolf<67><VALVE_0:4:1088121065><>" connected, address "106.51.234.40:1233"
L 07/11/2020 - 21:32:31: "BrutaLity || W{}W<44><STEAM_0:0:1414580386><CT>" triggered "Begin_Bomb_Defuse_Without_Kit"
L 07/11/2020 - 21:32:34: "BrutaLity || 1-13<53><STEAM_0:0:65740571><CT>" killed "BrutaLity || Cristiano<48><STEAM_0:1:540695973><TERRORIST>" with "famas"
L 07/11/2020 - 21:32:42: "BrutaLity || W{}W<44><STEAM_0:0:1414580386><CT>" triggered "Defused_The_Bomb"
L 07/11/2020 - 21:32:42: Team "CT" triggered "Bomb_Defused" (CT "6") (T "1")
L 07/11/2020 - 21:32:42: World triggered "Round_End"
L 07/11/2020 - 21:32:44: [DPROTO]: Client 14 - Set AuthIdType 1 [dp_RevEmu]; pClient = 056AC178
L 07/11/2020 - 21:32:44: "Normal E.T || Mofo<68><STEAM_0:0:455086556><>" connected, address "218.212.170.198:27005"
L 07/11/2020 - 21:32:47: "BrutaLity || Professor<63><STEAM_0:0:493150978><TERRORIST>" triggered "Spawned_With_The_Bomb"
L 07/11/2020 - 21:32:47: "Normal E.T || Mofo<68><STEAM_0:0:455086556><>" entered the game
L 07/11/2020 - 21:32:56: "Normal E.T || Mofo<68><STEAM_0:0:455086556><>" joined team "CT"
L 07/11/2020 - 21:32:58: "Baap ke Bharose || Sic Mundus<42><STEAM_0:1:66144441><TERRORIST>" say_team "SIDE RUSH"
L 07/11/2020 - 21:32:59: World triggered "Round_Start"
L 07/11/2020 - 21:33:10: "BrutaLity || W{}W<44><STEAM_0:0:1414580386><CT>" killed "BrutaLity || Professor<63><STEAM_0:0:493150978><TERRORIST>" with "awp"
L 07/11/2020 - 21:33:10: "BrutaLity || Professor<63><STEAM_0:0:493150978><TERRORIST>" triggered "Dropped_The_Bomb"
L 07/11/2020 - 21:33:17: "BrutaLity || 1-13<53><STEAM_0:0:65740571><CT>" killed "Normal E.T || StuFu<60><STEAM_0:1:147341737><TERRORIST>" with "famas"
L 07/11/2020 - 21:33:19: "BrutaLity || Professor<63><STEAM_0:0:493150978><TERRORIST>" say "mid" (dead)
L 07/11/2020 - 21:33:21: "Baap ke Bharose || Escanor<50><STEAM_0:0:83230422><CT>" killed "'U'Knighted || assassin<49><STEAM_0:0:1060612858><TERRORIST>" with "awp"
L 07/11/2020 - 21:33:33: "'U'Knighted || Achillies<61><STEAM_0:0:1663171942><TERRORIST>" killed "BrutaLity || W{}W<44><STEAM_0:0:1414580386><CT>" with "awp"
L 07/11/2020 - 21:33:33: "Baap ke Bharose || Escanor<50><STEAM_0:0:83230422><CT>" killed "BrutaLity || Cristiano<48><STEAM_0:1:540695973><TERRORIST>" with "awp"
L 07/11/2020 - 21:33:34: "Baap ke Bharose || Sic Mundus<42><STEAM_0:1:66144441><TERRORIST>" triggered "Got_The_Bomb"
L 07/11/2020 - 21:33:35: "Baap ke Bharose || Ladder<46><STEAM_0:0:369456433><CT>" killed "Baap ke Bharose || Tyagi<65><STEAM_0:0:266700107><TERRORIST>" with "m4a1"
L 07/11/2020 - 21:33:36: "'U'Knighted || Gupto Googly<30><STEAM_0:0:355901680><CT>" killed "'U'Knighted || Achillies<61><STEAM_0:0:1663171942><TERRORIST>" with "m4a1"
L 07/11/2020 - 21:33:52: [DPROTO]: Client 12 - Set AuthIdType 1 [dp_RevEmu]; pClient = 056A2148
L 07/11/2020 - 21:33:52: "Normal E.T || 1729<69><STEAM_0:0:1921819853><>" connected, address "49.207.199.140:5579"
L 07/11/2020 - 21:33:52: "Baap ke Bharose || Ladder<46><STEAM_0:0:369456433><CT>" killed "Baap ke Bharose || Sic Mundus<42><STEAM_0:1:66144441><TERRORIST>" with "m4a1"
L 07/11/2020 - 21:33:52: Team "CT" triggered "CTs_Win" (CT "7") (T "1")
L 07/11/2020 - 21:33:52: World triggered "Round_End"
L 07/11/2020 - 21:33:55: Rcon: "rcon 1933327595 "Lauda2" sv_restart 1" from "106.51.30.169:30309"
L 07/11/2020 - 21:33:55: Server cvar "sv_restart" = "1"
L 07/11/2020 - 21:33:56: World triggered "Restart_Round_(1_second)"
L 07/11/2020 - 21:33:56: Team "CT" scored "7" with "7" players
L 07/11/2020 - 21:33:56: Team "TERRORIST" scored "1" with "7" players
L 07/11/2020 - 21:33:56: Server cvar "sv_restart" = "0"
L 07/11/2020 - 21:33:57: "Baap ke Bharose || Tyagi<65><STEAM_0:0:266700107><TERRORIST>" triggered "Spawned_With_The_Bomb"
L 07/11/2020 - 21:33:59: "Normal E.T || 1729<69><STEAM_0:0:1921819853><>" entered the game
L 07/11/2020 - 21:34:08: "Normal E.T || 1729<69><STEAM_0:0:1921819853><>" joined team "CT"
L 07/11/2020 - 21:34:09: World triggered "Round_Start"
L 07/11/2020 - 21:34:11: "Normal E.T || 1729<69><STEAM_0:0:1921819853><CT>" committed suicide with "world"
L 07/11/2020 - 21:34:11: "Normal E.T || 1729<69><STEAM_0:0:1921819853><CT>" joined team "TERRORIST"
L 07/11/2020 - 21:34:14: Rcon: "rcon 1933327595 "Lauda2" sv_restart 1" from "106.51.30.169:30309"
L 07/11/2020 - 21:34:14: Server cvar "sv_restart" = "1"
L 07/11/2020 - 21:34:15: World triggered "Restart_Round_(1_second)"
L 07/11/2020 - 21:34:15: Team "CT" scored "0" with "7" players
L 07/11/2020 - 21:34:15: Team "TERRORIST" scored "0" with "8" players
L 07/11/2020 - 21:34:15: Server cvar "sv_restart" = "0"
L 07/11/2020 - 21:34:16: "'U'Knighted || Achillies<61><STEAM_0:0:1663171942><TERRORIST>" triggered "Spawned_With_The_Bomb"
L 07/11/2020 - 21:34:20: "Normal E.T || StuFu<60><STEAM_0:1:147341737><TERRORIST>" say_team "ylive"
L 07/11/2020 - 21:34:23: "Baap ke Bharose || Ladder<46><STEAM_0:0:369456433><CT>" say "mag disallowed"
L 07/11/2020 - 21:34:28: World triggered "Round_Start"
L 07/11/2020 - 21:34:30: "'U'Knighted || Achillies<61><STEAM_0:0:1663171942><TERRORIST>" say "hyan"
L 07/11/2020 - 21:34:47: "Baap ke Bharose || Ladder<46><STEAM_0:0:369456433><CT>" killed "Normal E.T || StuFu<60><STEAM_0:1:147341737><TERRORIST>" with "m4a1"
L 07/11/2020 - 21:34:48: "Baap ke Bharose || Sic Mundus<42><STEAM_0:1:66144441><TERRORIST>" killed "Normal E.T || Mofo<68><STEAM_0:0:455086556><CT>" with "ak47"
L 07/11/2020 - 21:34:50: "Normal E.T || 1729<69><STEAM_0:0:1921819853><TERRORIST>" killed "Baap ke Bharose || Escanor<50><STEAM_0:0:83230422><CT>" with "awp"
L 07/11/2020 - 21:34:53: "BrutaLity || Professor<63><STEAM_0:0:493150978><TERRORIST>" killed "BrutaLity || W{}W<44><STEAM_0:0:1414580386><CT>" with "ak47"
L 07/11/2020 - 21:34:54: "BrutaLity || Cristiano<48><STEAM_0:1:540695973><TERRORIST>" killed "'U'Knighted || Gupto Googly<30><STEAM_0:0:355901680><CT>" with "awp"
L 07/11/2020 - 21:35:09: "Baap ke Bharose || Sic Mundus<42><STEAM_0:1:66144441><TERRORIST>" killed "BrutaLity || pR0_rev<62><STEAM_0:1:546352772><CT>" with "ak47"
L 07/11/2020 - 21:35:10: "BrutaLity || W{}W<44><STEAM_0:0:1414580386><CT>" say "suru kor" (dead)
L 07/11/2020 - 21:35:16: "Normal E.T || 1729<69><STEAM_0:0:1921819853><TERRORIST>" killed "BrutaLity || 1-13<53><STEAM_0:0:65740571><CT>" with "awp"
L 07/11/2020 - 21:35:19: "Normal E.T || 1729<69><STEAM_0:0:1921819853><TERRORIST>" killed "Baap ke Bharose || Ladder<46><STEAM_0:0:369456433><CT>" with "awp"
L 07/11/2020 - 21:35:19: Team "TERRORIST" triggered "Terrorists_Win" (CT "0") (T "1")
L 07/11/2020 - 21:35:19: World triggered "Round_End"
L 07/11/2020 - 21:35:24: "Normal E.T || 1729<69><STEAM_0:0:1921819853><TERRORIST>" triggered "Spawned_With_The_Bomb"
L 07/11/2020 - 21:35:36: World triggered "Round_Start"
L 07/11/2020 - 21:35:39: [DPROTO]: Client 15 - Set AuthIdType 4 [dproto]; pClient = 056B1190
L 07/11/2020 - 21:35:39: "BrutaLity || wolf<70><VALVE_0:4:1088121065><>" connected, address "106.51.234.40:1233"
L 07/11/2020 - 21:35:49: "Normal E.T || 1729<69><STEAM_0:0:1921819853><TERRORIST>" killed "BrutaLity || pR0_rev<62><STEAM_0:1:546352772><CT>" with "awp"
L 07/11/2020 - 21:35:52: "Baap ke Bharose || Escanor<50><STEAM_0:0:83230422><CT>" killed "Baap ke Bharose || Tyagi<65><STEAM_0:0:266700107><TERRORIST>" with "m4a1"
L 07/11/2020 - 21:36:06: "Baap ke Bharose || Ladder<46><STEAM_0:0:369456433><CT>" killed "'U'Knighted || Achillies<61><STEAM_0:0:1663171942><TERRORIST>" with "m4a1"
L 07/11/2020 - 21:36:07: "Normal E.T || StuFu<60><STEAM_0:1:147341737><TERRORIST>" killed "Baap ke Bharose || Escanor<50><STEAM_0:0:83230422><CT>" with "ak47"
L 07/11/2020 - 21:36:14: "Baap ke Bharose || Ladder<46><STEAM_0:0:369456433><CT>" killed "Normal E.T || 1729<69><STEAM_0:0:1921819853><TERRORIST>" with "m4a1"
L 07/11/2020 - 21:36:14: "Normal E.T || 1729<69><STEAM_0:0:1921819853><TERRORIST>" triggered "Dropped_The_Bomb"
L 07/11/2020 - 21:36:20: "Baap ke Bharose || Ladder<46><STEAM_0:0:369456433><CT>" killed "BrutaLity || Professor<63><STEAM_0:0:493150978><TERRORIST>" with "m4a1"
L 07/11/2020 - 21:36:20: "Baap ke Bharose || Sic Mundus<42><STEAM_0:1:66144441><TERRORIST>" killed "Normal E.T || Mofo<68><STEAM_0:0:455086556><CT>" with "ak47"
L 07/11/2020 - 21:36:23: "BrutaLity || 1-13<53><STEAM_0:0:65740571><CT>" killed "BrutaLity || Cristiano<48><STEAM_0:1:540695973><TERRORIST>" with "grenade"
L 07/11/2020 - 21:36:28: "BrutaLity || Professor<63><STEAM_0:0:493150978><TERRORIST>" disconnected
L 07/11/2020 - 21:36:31: "BrutaLity || 1-13<53><STEAM_0:0:65740571><CT>" killed "Normal E.T || StuFu<60><STEAM_0:1:147341737><TERRORIST>" with "famas"
L 07/11/2020 - 21:36:42: "BrutaLity || W{}W<44><STEAM_0:0:1414580386><CT>" killed "'U'Knighted || assassin<49><STEAM_0:0:1060612858><TERRORIST>" with "m4a1"
L 07/11/2020 - 21:36:45: "'U'Knighted || Gupto Googly<30><STEAM_0:0:355901680><CT>" killed "Baap ke Bharose || Sic Mundus<42><STEAM_0:1:66144441><TERRORIST>" with "m4a1"
L 07/11/2020 - 21:36:45: Team "CT" triggered "CTs_Win" (CT "1") (T "1")
L 07/11/2020 - 21:36:45: World triggered "Round_End"
L 07/11/2020 - 21:36:46: [DPROTO]: Client 15 - Set AuthIdType 4 [dproto]; pClient = 056B1190
L 07/11/2020 - 21:36:46: "BrutaLity || wolf<71><VALVE_0:4:1088121065><>" connected, address "106.51.234.40:1233"
L 07/11/2020 - 21:36:50: "Normal E.T || StuFu<60><STEAM_0:1:147341737><TERRORIST>" triggered "Spawned_With_The_Bomb"
L 07/11/2020 - 21:36:53: "BrutaLity || wolf<71><VALVE_0:4:1088121065><>" entered the game
L 07/11/2020 - 21:37:01: [DPROTO]: Client 8 - Set AuthIdType 1 [Native]; pClient = 0568E0E8
L 07/11/2020 - 21:37:01: "Player<72><STEAM_0:0:209561119><>" connected, address "202.142.99.240:28139"
L 07/11/2020 - 21:37:02: World triggered "Round_Start"
L 07/11/2020 - 21:37:02: "Player<72><STEAM_0:0:209561119><>" STEAM USERID validated
L 07/11/2020 - 21:37:03: "BrutaLity || wolf<71><VALVE_0:4:1088121065><>" disconnected
L 07/11/2020 - 21:37:08: "Player<72><STEAM_0:0:209561119><>" entered the game
L 07/11/2020 - 21:37:12: "Baap ke Bharose || Ladder<46><STEAM_0:0:369456433><CT>" killed "Normal E.T || StuFu<60><STEAM_0:1:147341737><TERRORIST>" with "m4a1"
L 07/11/2020 - 21:37:12: "Normal E.T || StuFu<60><STEAM_0:1:147341737><TERRORIST>" triggered "Dropped_The_Bomb"
L 07/11/2020 - 21:37:12: "Baap ke Bharose || Ladder<46><STEAM_0:0:369456433><CT>" killed "'U'Knighted || assassin<49><STEAM_0:0:1060612858><TERRORIST>" with "m4a1"
L 07/11/2020 - 21:37:12: "BrutaLity || W{}W<44><STEAM_0:0:1414580386><CT>" killed "BrutaLity || Cristiano<48><STEAM_0:1:540695973><TERRORIST>" with "m4a1"
L 07/11/2020 - 21:37:12: "Player<72><STEAM_0:0:209561119><>" joined team "SPECTATOR"
L 07/11/2020 - 21:37:14: "Normal E.T || 1729<69><STEAM_0:0:1921819853><TERRORIST>" killed "BrutaLity || W{}W<44><STEAM_0:0:1414580386><CT>" with "awp"
L 07/11/2020 - 21:37:17: "Baap ke Bharose || Escanor<50><STEAM_0:0:83230422><CT>" killed "Baap ke Bharose || Tyagi<65><STEAM_0:0:266700107><TERRORIST>" with "m4a1"
L 07/11/2020 - 21:37:17: "Normal E.T || 1729<69><STEAM_0:0:1921819853><TERRORIST>" killed "Normal E.T || Mofo<68><STEAM_0:0:455086556><CT>" with "awp"
L 07/11/2020 - 21:37:20: "BrutaLity || 1-13<53><STEAM_0:0:65740571><CT>" killed "Baap ke Bharose || Sic Mundus<42><STEAM_0:1:66144441><TERRORIST>" with "famas"
L 07/11/2020 - 21:37:24: "BrutaLity || Cristiano<48><STEAM_0:1:540695973><TERRORIST>" disconnected
L 07/11/2020 - 21:37:26: "Baap ke Bharose || Ladder<46><STEAM_0:0:369456433><CT>" killed "Normal E.T || 1729<69><STEAM_0:0:1921819853><TERRORIST>" with "m4a1"
L 07/11/2020 - 21:37:42: "'U'Knighted || Achillies<61><STEAM_0:0:1663171942><TERRORIST>" killed "BrutaLity || 1-13<53><STEAM_0:0:65740571><CT>" with "awp"
L 07/11/2020 - 21:37:48: "Baap ke Bharose || Escanor<50><STEAM_0:0:83230422><CT>" killed "'U'Knighted || Achillies<61><STEAM_0:0:1663171942><TERRORIST>" with "m4a1"
L 07/11/2020 - 21:37:48: Team "CT" triggered "CTs_Win" (CT "2") (T "1")
L 07/11/2020 - 21:37:48: World triggered "Round_End"
L 07/11/2020 - 21:37:51: [DPROTO]: Client 3 - Set AuthIdType 4 [dproto]; pClient = 05675070
L 07/11/2020 - 21:37:51: "BrutaLity || wolf<73><VALVE_0:4:1290461916><>" connected, address "1.39.137.48:53477"
L 07/11/2020 - 21:37:53: "'U'Knighted || assassin<49><STEAM_0:0:1060612858><TERRORIST>" triggered "Spawned_With_The_Bomb"
L 07/11/2020 - 21:37:57: "BrutaLity || wolf<73><VALVE_0:4:1290461916><>" entered the game
L 07/11/2020 - 21:37:59: "Player<72><STEAM_0:0:209561119><SPECTATOR>" joined team "TERRORIST"
L 07/11/2020 - 21:38:01: "BrutaLity || wolf<73><VALVE_0:4:1290461916><>" disconnected
L 07/11/2020 - 21:38:05: World triggered "Round_Start"
L 07/11/2020 - 21:38:08: [DPROTO]: Client 3 - Set AuthIdType 4 [dproto]; pClient = 05675070
L 07/11/2020 - 21:38:08: "BrutaLity || wolf<74><VALVE_0:4:1290461916><>" connected, address "1.39.137.48:53477"
L 07/11/2020 - 21:38:14: "BrutaLity || wolf<74><VALVE_0:4:1290461916><>" entered the game
L 07/11/2020 - 21:38:18: "BrutaLity || pR0_rev<62><STEAM_0:1:546352772><CT>" killed "Normal E.T || 1729<69><STEAM_0:0:1921819853><TERRORIST>" with "m4a1"
L 07/11/2020 - 21:38:22: "'U'Knighted || Achillies<61><STEAM_0:0:1663171942><TERRORIST>" killed "Baap ke Bharose || Escanor<50><STEAM_0:0:83230422><CT>" with "ak47"
L 07/11/2020 - 21:38:23: "BrutaLity || wolf<74><VALVE_0:4:1290461916><>" joined team "TERRORIST"
L 07/11/2020 - 21:38:33: "Baap ke Bharose || Ladder<46><STEAM_0:0:369456433><CT>" killed "'U'Knighted || assassin<49><STEAM_0:0:1060612858><TERRORIST>" with "m4a1"
L 07/11/2020 - 21:38:33: "'U'Knighted || assassin<49><STEAM_0:0:1060612858><TERRORIST>" triggered "Dropped_The_Bomb"
L 07/11/2020 - 21:38:34: "Normal E.T || StuFu<60><STEAM_0:1:147341737><TERRORIST>" killed "BrutaLity || pR0_rev<62><STEAM_0:1:546352772><CT>" with "ak47"
L 07/11/2020 - 21:38:37: "'U'Knighted || Gupto Googly<30><STEAM_0:0:355901680><CT>" killed "'U'Knighted || Achillies<61><STEAM_0:0:1663171942><TERRORIST>" with "m4a1"
L 07/11/2020 - 21:38:49: "Baap ke Bharose || Tyagi<65><STEAM_0:0:266700107><TERRORIST>" killed "BrutaLity || 1-13<53><STEAM_0:0:65740571><CT>" with "ak47"
L 07/11/2020 - 21:38:59: "'U'Knighted || Gupto Googly<30><STEAM_0:0:355901680><CT>" killed "Baap ke Bharose || Sic Mundus<42><STEAM_0:1:66144441><TERRORIST>" with "m4a1"
L 07/11/2020 - 21:39:10: "Baap ke Bharose || Ladder<46><STEAM_0:0:369456433><CT>" killed "Baap ke Bharose || Tyagi<65><STEAM_0:0:266700107><TERRORIST>" with "m4a1"
L 07/11/2020 - 21:39:11: "Normal E.T || StuFu<60><STEAM_0:1:147341737><TERRORIST>" killed "'U'Knighted || Gupto Googly<30><STEAM_0:0:355901680><CT>" with "ak47"
L 07/11/2020 - 21:39:19: "Baap ke Bharose || Ladder<46><STEAM_0:0:369456433><CT>" killed "Normal E.T || StuFu<60><STEAM_0:1:147341737><TERRORIST>" with "m4a1"
L 07/11/2020 - 21:39:39: "Normal E.T || Mofo<68><STEAM_0:0:455086556><CT>" disconnected
L 07/11/2020 - 21:39:45: "BrutaLity || W{}W<44><STEAM_0:0:1414580386><CT>" killed "BrutaLity || wolf<74><VALVE_0:4:1290461916><TERRORIST>" with "m4a1"
L 07/11/2020 - 21:39:45: Team "CT" triggered "CTs_Win" (CT "3") (T "1")
L 07/11/2020 - 21:39:45: World triggered "Round_End"
L 07/11/2020 - 21:39:50: "'U'Knighted || assassin<49><STEAM_0:0:1060612858><TERRORIST>" triggered "Spawned_With_The_Bomb"
L 07/11/2020 - 21:40:02: World triggered "Round_Start"
L 07/11/2020 - 21:40:05: "Player<72><STEAM_0:0:209561119><TERRORIST>" committed suicide with "world"
L 07/11/2020 - 21:40:05: "Player<72><STEAM_0:0:209561119><TERRORIST>" joined team "CT"
L 07/11/2020 - 21:40:15: "Normal E.T || 1729<69><STEAM_0:0:1921819853><TERRORIST>" killed "BrutaLity || W{}W<44><STEAM_0:0:1414580386><CT>" with "awp"
L 07/11/2020 - 21:40:17: "Normal E.T || 1729<69><STEAM_0:0:1921819853><TERRORIST>" killed "BrutaLity || pR0_rev<62><STEAM_0:1:546352772><CT>" with "awp"
L 07/11/2020 - 21:40:19: "Baap ke Bharose || Escanor<50><STEAM_0:0:83230422><CT>" killed "Normal E.T || 1729<69><STEAM_0:0:1921819853><TERRORIST>" with "m4a1"
L 07/11/2020 - 21:40:24: "BrutaLity || 1-13<53><STEAM_0:0:65740571><CT>" killed "'U'Knighted || assassin<49><STEAM_0:0:1060612858><TERRORIST>" with "famas"
L 07/11/2020 - 21:40:24: "'U'Knighted || assassin<49><STEAM_0:0:1060612858><TERRORIST>" triggered "Dropped_The_Bomb"
L 07/11/2020 - 21:40:29: "Baap ke Bharose || Escanor<50><STEAM_0:0:83230422><CT>" killed "Baap ke Bharose || Sic Mundus<42><STEAM_0:1:66144441><TERRORIST>" with "m4a1"
L 07/11/2020 - 21:40:39: "Player<72><STEAM_0:0:209561119><CT>" disconnected
L 07/11/2020 - 21:40:39: [DPROTO]: Client 8 - Set AuthIdType 1 [Native]; pClient = 0568E0E8
L 07/11/2020 - 21:40:39: "Player<75><STEAM_0:0:209561119><>" connected, address "202.142.99.240:28139"
L 07/11/2020 - 21:40:39: [DPROTO]: Client 14 - Set AuthIdType 1 [dp_RevEmu]; pClient = 056AC178
L 07/11/2020 - 21:40:39: "BrutaLity || Professor<76><STEAM_0:0:493150978><>" connected, address "180.151.108.188:27005"
L 07/11/2020 - 21:40:40: "Player<75><STEAM_0:0:209561119><>" STEAM USERID validated
L 07/11/2020 - 21:40:42: "BrutaLity || 1-13<53><STEAM_0:0:65740571><CT>" killed "Baap ke Bharose || Tyagi<65><STEAM_0:0:266700107><TERRORIST>" with "famas"
L 07/11/2020 - 21:40:44: "Player<75><STEAM_0:0:209561119><>" entered the game
L 07/11/2020 - 21:40:47: "BrutaLity || Professor<76><STEAM_0:0:493150978><>" entered the game
L 07/11/2020 - 21:40:48: "Player<75><STEAM_0:0:209561119><>" joined team "CT"
L 07/11/2020 - 21:40:50: "Normal E.T || StuFu<60><STEAM_0:1:147341737><TERRORIST>" killed "Baap ke Bharose || Ladder<46><STEAM_0:0:369456433><CT>" with "ak47"
L 07/11/2020 - 21:41:07: "BrutaLity || Professor<76><STEAM_0:0:493150978><>" joined team "TERRORIST"
L 07/11/2020 - 21:41:07: "'U'Knighted || Achillies<61><STEAM_0:0:1663171942><TERRORIST>" killed "Baap ke Bharose || Escanor<50><STEAM_0:0:83230422><CT>" with "ak47"
L 07/11/2020 - 21:41:22: "BrutaLity || 1-13<53><STEAM_0:0:65740571><CT>" killed "'U'Knighted || Achillies<61><STEAM_0:0:1663171942><TERRORIST>" with "famas"
L 07/11/2020 - 21:41:23: "BrutaLity || W{}W<44><STEAM_0:0:1414580386><CT>" say "kokhn suru" (dead)
L 07/11/2020 - 21:41:24: "BrutaLity || Professor<76><STEAM_0:0:493150978><TERRORIST>" disconnected
L 07/11/2020 - 21:41:30: "BrutaLity || 1-13<53><STEAM_0:0:65740571><CT>" killed "BrutaLity || wolf<74><VALVE_0:4:1290461916><TERRORIST>" with "famas"
L 07/11/2020 - 21:41:41: "'U'Knighted || Achillies<61><STEAM_0:0:1663171942><TERRORIST>" disconnected
L 07/11/2020 - 21:41:47: "Normal E.T || StuFu<60><STEAM_0:1:147341737><TERRORIST>" killed "'U'Knighted || Gupto Googly<30><STEAM_0:0:355901680><CT>" with "ak47"
L 07/11/2020 - 21:42:02: Team "CT" triggered "Target_Saved" (CT "4") (T "1")
L 07/11/2020 - 21:42:02: World triggered "Round_End"
L 07/11/2020 - 21:42:07: "Baap ke Bharose || Sic Mundus<42><STEAM_0:1:66144441><TERRORIST>" triggered "Spawned_With_The_Bomb"
L 07/11/2020 - 21:42:19: World triggered "Round_Start"
L 07/11/2020 - 21:42:36: "Baap ke Bharose || Ladder<46><STEAM_0:0:369456433><CT>" killed "'U'Knighted || assassin<49><STEAM_0:0:1060612858><TERRORIST>" with "m4a1"
L 07/11/2020 - 21:42:38: "Baap ke Bharose || Tyagi<65><STEAM_0:0:266700107><TERRORIST>" killed "BrutaLity || pR0_rev<62><STEAM_0:1:546352772><CT>" with "ak47"
L 07/11/2020 - 21:42:44: "BrutaLity || 1-13<53><STEAM_0:0:65740571><CT>" killed "Baap ke Bharose || Tyagi<65><STEAM_0:0:266700107><TERRORIST>" with "m4a1"
L 07/11/2020 - 21:42:47: "BrutaLity || 1-13<53><STEAM_0:0:65740571><CT>" killed "Baap ke Bharose || Sic Mundus<42><STEAM_0:1:66144441><TERRORIST>" with "m4a1"
L 07/11/2020 - 21:42:47: "Baap ke Bharose || Sic Mundus<42><STEAM_0:1:66144441><TERRORIST>" triggered "Dropped_The_Bomb"
L 07/11/2020 - 21:42:51: "Normal E.T || 1729<69><STEAM_0:0:1921819853><TERRORIST>" killed "Player<75><STEAM_0:0:209561119><CT>" with "glock18"
L 07/11/2020 - 21:42:53: "'U'Knighted || Gupto Googly<30><STEAM_0:0:355901680><CT>" killed "BrutaLity || wolf<74><VALVE_0:4:1290461916><TERRORIST>" with "m4a1"
L 07/11/2020 - 21:42:55: "'U'Knighted || assassin<49><STEAM_0:0:1060612858><TERRORIST>" disconnected
L 07/11/2020 - 21:42:58: "BrutaLity || 1-13<53><STEAM_0:0:65740571><CT>" killed "Normal E.T || 1729<69><STEAM_0:0:1921819853><TERRORIST>" with "grenade"
L 07/11/2020 - 21:43:24: [DPROTO]: Client 4 - Set AuthIdType 1 [dp_RevEmu]; pClient = 0567A088
L 07/11/2020 - 21:43:24: "'U'Knighted || assassin<77><STEAM_0:0:1060612858><>" connected, address "139.162.53.89:60931"
L 07/11/2020 - 21:43:30: "BrutaLity || 1-13<53><STEAM_0:0:65740571><CT>" killed "Normal E.T || StuFu<60><STEAM_0:1:147341737><TERRORIST>" with "m4a1"
L 07/11/2020 - 21:43:30: Team "CT" triggered "CTs_Win" (CT "5") (T "1")
L 07/11/2020 - 21:43:30: World triggered "Round_End"
L 07/11/2020 - 21:43:35: "Normal E.T || 1729<69><STEAM_0:0:1921819853><TERRORIST>" triggered "Spawned_With_The_Bomb"
L 07/11/2020 - 21:43:35: "'U'Knighted || assassin<77><STEAM_0:0:1060612858><>" entered the game
L 07/11/2020 - 21:43:41: "'U'Knighted || assassin<77><STEAM_0:0:1060612858><>" joined team "TERRORIST"
L 07/11/2020 - 21:43:47: World triggered "Round_Start"
L 07/11/2020 - 21:44:01: "BrutaLity || pR0_rev<62><STEAM_0:1:546352772><CT>" killed "Normal E.T || 1729<69><STEAM_0:0:1921819853><TERRORIST>" with "awp"
L 07/11/2020 - 21:44:01: "Normal E.T || 1729<69><STEAM_0:0:1921819853><TERRORIST>" triggered "Dropped_The_Bomb"
L 07/11/2020 - 21:44:02: "'U'Knighted || assassin<77><STEAM_0:0:1060612858><TERRORIST>" killed "BrutaLity || 1-13<53><STEAM_0:0:65740571><CT>" with "ak47"
L 07/11/2020 - 21:44:05: "BrutaLity || wolf<74><VALVE_0:4:1290461916><TERRORIST>" triggered "Got_The_Bomb"
L 07/11/2020 - 21:44:06: "Baap ke Bharose || Tyagi<65><STEAM_0:0:266700107><TERRORIST>" killed "Baap ke Bharose || Escanor<50><STEAM_0:0:83230422><CT>" with "ak47"
L 07/11/2020 - 21:44:10: "Baap ke Bharose || Ladder<46><STEAM_0:0:369456433><CT>" killed "Baap ke Bharose || Tyagi<65><STEAM_0:0:266700107><TERRORIST>" with "m4a1"
L 07/11/2020 - 21:44:12: "Player<75><STEAM_0:0:209561119><CT>" killed "BrutaLity || wolf<74><VALVE_0:4:1290461916><TERRORIST>" with "m4a1"
L 07/11/2020 - 21:44:12: "BrutaLity || wolf<74><VALVE_0:4:1290461916><TERRORIST>" triggered "Dropped_The_Bomb"
L 07/11/2020 - 21:44:22: "'U'Knighted || assassin<77><STEAM_0:0:1060612858><TERRORIST>" killed "BrutaLity || pR0_rev<62><STEAM_0:1:546352772><CT>" with "ak47"
L 07/11/2020 - 21:44:25: "'U'Knighted || Gupto Googly<30><STEAM_0:0:355901680><CT>" killed "Normal E.T || StuFu<60><STEAM_0:1:147341737><TERRORIST>" with "m4a1"
L 07/11/2020 - 21:44:28: "Baap ke Bharose || Sic Mundus<42><STEAM_0:1:66144441><TERRORIST>" killed "BrutaLity || W{}W<44><STEAM_0:0:1414580386><CT>" with "ak47"
L 07/11/2020 - 21:44:50: "Player<75><STEAM_0:0:209561119><CT>" killed "'U'Knighted || assassin<77><STEAM_0:0:1060612858><TERRORIST>" with "m4a1"
L 07/11/2020 - 21:44:56: "'U'Knighted || Gupto Googly<30><STEAM_0:0:355901680><CT>" killed "Baap ke Bharose || Sic Mundus<42><STEAM_0:1:66144441><TERRORIST>" with "m4a1"
L 07/11/2020 - 21:44:56: Team "CT" triggered "CTs_Win" (CT "6") (T "1")
L 07/11/2020 - 21:44:56: World triggered "Round_End"
L 07/11/2020 - 21:45:01: "Normal E.T || 1729<69><STEAM_0:0:1921819853><TERRORIST>" triggered "Spawned_With_The_Bomb"
L 07/11/2020 - 21:45:13: World triggered "Round_Start"
L 07/11/2020 - 21:45:37: "BrutaLity || W{}W<44><STEAM_0:0:1414580386><CT>" killed "Baap ke Bharose || Tyagi<65><STEAM_0:0:266700107><TERRORIST>" with "awp"
L 07/11/2020 - 21:45:40: "Player<75><STEAM_0:0:209561119><CT>" killed "Normal E.T || StuFu<60><STEAM_0:1:147341737><TERRORIST>" with "m4a1"
L 07/11/2020 - 21:45:45: "'U'Knighted || Gupto Googly<30><STEAM_0:0:355901680><CT>" killed "Baap ke Bharose || Sic Mundus<42><STEAM_0:1:66144441><TERRORIST>" with "m4a1"
L 07/11/2020 - 21:45:45: "Normal E.T || 1729<69><STEAM_0:0:1921819853><TERRORIST>" killed "Player<75><STEAM_0:0:209561119><CT>" with "awp"
L 07/11/2020 - 21:45:51: "Normal E.T || 1729<69><STEAM_0:0:1921819853><TERRORIST>" killed "Baap ke Bharose || Ladder<46><STEAM_0:0:369456433><CT>" with "awp"
L 07/11/2020 - 21:45:53: "BrutaLity || wolf<74><VALVE_0:4:1290461916><TERRORIST>" killed "BrutaLity || 1-13<53><STEAM_0:0:65740571><CT>" with "ak47"
L 07/11/2020 - 21:45:53: "Baap ke Bharose || Escanor<50><STEAM_0:0:83230422><CT>" killed "Normal E.T || 1729<69><STEAM_0:0:1921819853><TERRORIST>" with "m4a1"
L 07/11/2020 - 21:45:53: "Normal E.T || 1729<69><STEAM_0:0:1921819853><TERRORIST>" triggered "Dropped_The_Bomb"
L 07/11/2020 - 21:46:07: "Baap ke Bharose || Escanor<50><STEAM_0:0:83230422><CT>" killed "BrutaLity || wolf<74><VALVE_0:4:1290461916><TERRORIST>" with "m4a1"
L 07/11/2020 - 21:46:18: "'U'Knighted || assassin<77><STEAM_0:0:1060612858><TERRORIST>" killed "Baap ke Bharose || Escanor<50><STEAM_0:0:83230422><CT>" with "ak47"
L 07/11/2020 - 21:46:19: "BrutaLity || W{}W<44><STEAM_0:0:1414580386><CT>" killed "'U'Knighted || assassin<77><STEAM_0:0:1060612858><TERRORIST>" with "awp"
L 07/11/2020 - 21:46:19: Team "CT" triggered "CTs_Win" (CT "7") (T "1")
L 07/11/2020 - 21:46:19: World triggered "Round_End"
L 07/11/2020 - 21:46:24: "Normal E.T || StuFu<60><STEAM_0:1:147341737><TERRORIST>" triggered "Spawned_With_The_Bomb"
L 07/11/2020 - 21:46:36: World triggered "Round_Start"
L 07/11/2020 - 21:46:47: "Normal E.T || 1729<69><STEAM_0:0:1921819853><TERRORIST>" killed "Baap ke Bharose || Escanor<50><STEAM_0:0:83230422><CT>" with "ak47"
L 07/11/2020 - 21:46:47: [DPROTO]: Client 14 - Set AuthIdType 1 [dp_RevEmu]; pClient = 056AC178
L 07/11/2020 - 21:46:47: "BrutaLity || Professor<78><STEAM_0:0:493150978><>" connected, address "180.151.108.188:27005"
L 07/11/2020 - 21:46:48: "BrutaLity || 1-13<53><STEAM_0:0:65740571><CT>" killed "Normal E.T || StuFu<60><STEAM_0:1:147341737><TERRORIST>" with "m4a1"
L 07/11/2020 - 21:46:48: "Normal E.T || StuFu<60><STEAM_0:1:147341737><TERRORIST>" triggered "Dropped_The_Bomb"
L 07/11/2020 - 21:46:49: "BrutaLity || wolf<74><VALVE_0:4:1290461916><TERRORIST>" killed "Player<75><STEAM_0:0:209561119><CT>" with "ak47"
L 07/11/2020 - 21:46:52: "'U'Knighted || Gupto Googly<30><STEAM_0:0:355901680><CT>" killed "'U'Knighted || assassin<77><STEAM_0:0:1060612858><TERRORIST>" with "m4a1"
L 07/11/2020 - 21:46:55: "BrutaLity || Professor<78><STEAM_0:0:493150978><>" entered the game
L 07/11/2020 - 21:46:57: "BrutaLity || W{}W<44><STEAM_0:0:1414580386><CT>" killed "Baap ke Bharose || Sic Mundus<42><STEAM_0:1:66144441><TERRORIST>" with "awp"
L 07/11/2020 - 21:47:02: "Normal E.T || 1729<69><STEAM_0:0:1921819853><TERRORIST>" killed "BrutaLity || W{}W<44><STEAM_0:0:1414580386><CT>" with "ak47"
L 07/11/2020 - 21:47:07: "Normal E.T || 1729<69><STEAM_0:0:1921819853><TERRORIST>" killed "BrutaLity || pR0_rev<62><STEAM_0:1:546352772><CT>" with "ak47"
L 07/11/2020 - 21:47:09: "Baap ke Bharose || Tyagi<65><STEAM_0:0:266700107><TERRORIST>" killed "'U'Knighted || Gupto Googly<30><STEAM_0:0:355901680><CT>" with "knife"
L 07/11/2020 - 21:47:10: "BrutaLity || Professor<78><STEAM_0:0:493150978><>" joined team "TERRORIST"
L 07/11/2020 - 21:47:25: [DPROTO]: Client 11 - Set AuthIdType 1 [dp_RevEmu]; pClient = 0569D130
L 07/11/2020 - 21:47:25: "'U'Knighted || U<79><STEAM_0:0:294118000><>" connected, address "84.82.18.227:27005"
L 07/11/2020 - 21:47:35: "Baap ke Bharose || Ladder<46><STEAM_0:0:369456433><CT>" killed "Baap ke Bharose || Tyagi<65><STEAM_0:0:266700107><TERRORIST>" with "m4a1"
L 07/11/2020 - 21:47:36: "'U'Knighted || U<79><STEAM_0:0:294118000><>" entered the game
L 07/11/2020 - 21:47:41: "BrutaLity || 1-13<53><STEAM_0:0:65740571><CT>" killed "Normal E.T || 1729<69><STEAM_0:0:1921819853><TERRORIST>" with "m4a1"
L 07/11/2020 - 21:48:01: "BrutaLity || wolf<74><VALVE_0:4:1290461916><TERRORIST>" killed "BrutaLity || 1-13<53><STEAM_0:0:65740571><CT>" with "ak47"
L 07/11/2020 - 21:48:07: [DPROTO]: Client 15 - Set AuthIdType 1 [dp_RevEmu]; pClient = 056B1190
L 07/11/2020 - 21:48:07: "'U'Knighted || Aga!N!<80><STEAM_0:0:810273828><>" connected, address "47.15.26.57:27005"
L 07/11/2020 - 21:48:32: [DPROTO]: Client 16 - Set AuthIdType 1 [dp_RevEmu]; pClient = 056B61A8
L 07/11/2020 - 21:48:32: "'U'Knighted || HKB<81><STEAM_0:0:976377135><>" connected, address "84.82.18.227:1024"
L 07/11/2020 - 21:48:36: Team "CT" triggered "Target_Saved" (CT "8") (T "1")
L 07/11/2020 - 21:48:36: World triggered "Round_End"
L 07/11/2020 - 21:48:41: "BrutaLity || wolf<74><VALVE_0:4:1290461916><TERRORIST>" triggered "Spawned_With_The_Bomb"
L 07/11/2020 - 21:48:47: "'U'Knighted || HKB<81><STEAM_0:0:976377135><>" entered the game
L 07/11/2020 - 21:48:53: World triggered "Round_Start"
L 07/11/2020 - 21:48:58: "'U'Knighted || HKB<81><STEAM_0:0:976377135><>" joined team "TERRORIST"
L 07/11/2020 - 21:49:03: "Normal E.T || 1729<69><STEAM_0:0:1921819853><TERRORIST>" killed "'U'Knighted || Gupto Googly<30><STEAM_0:0:355901680><CT>" with "ak47"
L 07/11/2020 - 21:49:08: "BrutaLity || W{}W<44><STEAM_0:0:1414580386><CT>" killed "BrutaLity || Professor<78><STEAM_0:0:493150978><TERRORIST>" with "awp"
L 07/11/2020 - 21:49:09: "Baap ke Bharose || Ladder<46><STEAM_0:0:369456433><CT>" killed "Baap ke Bharose || Sic Mundus<42><STEAM_0:1:66144441><TERRORIST>" with "m4a1"
L 07/11/2020 - 21:49:15: "BrutaLity || W{}W<44><STEAM_0:0:1414580386><CT>" killed "Normal E.T || 1729<69><STEAM_0:0:1921819853><TERRORIST>" with "awp"
L 07/11/2020 - 21:49:20: "Baap ke Bharose || Escanor<50><STEAM_0:0:83230422><CT>" killed "'U'Knighted || assassin<77><STEAM_0:0:1060612858><TERRORIST>" with "m4a1"
L 07/11/2020 - 21:49:21: "Baap ke Bharose || Escanor<50><STEAM_0:0:83230422><CT>" killed "BrutaLity || wolf<74><VALVE_0:4:1290461916><TERRORIST>" with "m4a1"
L 07/11/2020 - 21:49:21: "BrutaLity || wolf<74><VALVE_0:4:1290461916><TERRORIST>" triggered "Dropped_The_Bomb"
L 07/11/2020 - 21:49:22: "BrutaLity || 1-13<53><STEAM_0:0:65740571><CT>" killed "Normal E.T || StuFu<60><STEAM_0:1:147341737><TERRORIST>" with "m4a1"
L 07/11/2020 - 21:49:35: "'U'Knighted || U<79><STEAM_0:0:294118000><>" joined team "CT"
L 07/11/2020 - 21:49:50: "Baap ke Bharose || Tyagi<65><STEAM_0:0:266700107><TERRORIST>" killed "BrutaLity || pR0_rev<62><STEAM_0:1:546352772><CT>" with "ak47"
L 07/11/2020 - 21:50:02: [DPROTO]: Client 15 - Set AuthIdType 1 [Native]; pClient = 056B1190
L 07/11/2020 - 21:50:02: "BrutaLity || Cristiano<82><STEAM_0:1:540695973><>" connected, address "103.200.40.94:27005"
L 07/11/2020 - 21:50:02: "BrutaLity || Cristiano<82><STEAM_0:1:540695973><>" STEAM USERID validated
L 07/11/2020 - 21:50:03: "Baap ke Bharose || Tyagi<65><STEAM_0:0:266700107><TERRORIST>" killed "BrutaLity || W{}W<44><STEAM_0:0:1414580386><CT>" with "ak47"
L 07/11/2020 - 21:50:06: "Baap ke Bharose || Escanor<50><STEAM_0:0:83230422><CT>" killed "Baap ke Bharose || Tyagi<65><STEAM_0:0:266700107><TERRORIST>" with "m4a1"
L 07/11/2020 - 21:50:10: "Baap ke Bharose || Escanor<50><STEAM_0:0:83230422><CT>" killed "'U'Knighted || HKB<81><STEAM_0:0:976377135><TERRORIST>" with "m4a1"
L 07/11/2020 - 21:50:10: Team "CT" triggered "CTs_Win" (CT "9") (T "1")
L 07/11/2020 - 21:50:10: World triggered "Round_End"
L 07/11/2020 - 21:50:10: "BrutaLity || Cristiano<82><STEAM_0:1:540695973><>" entered the game
L 07/11/2020 - 21:50:11: Rcon: "rcon 1933327595 "Lauda2" changelevel de_nuke" from "106.51.30.169:30309"
L 07/11/2020 - 21:50:11: [META] ini: Begin re-reading plugins list: g:/tcafiles/users/fkguxmko/7303/cstrike/addons/metamod/plugins.ini
L 07/11/2020 - 21:50:11: [META] ini: Read plugin config for: AMX Mod X
L 07/11/2020 - 21:50:11: [META] ini: Read plugin config for: dproto_EF
L 07/11/2020 - 21:50:11: [META] ini: Finished reading plugins list: g:/tcafiles/users/fkguxmko/7303/cstrike/addons/metamod/plugins.ini; Found 2 plugins
L 07/11/2020 - 21:50:11: [META] dll: Updating plugins...
L 07/11/2020 - 21:50:11: [META] dll: Finished updating 5 plugins; kept 2, loaded 0, unloaded 0, reloaded 0, delayed 0
L 07/11/2020 - 21:50:11: "BrutaLity || pR0_rev<62><STEAM_0:1:546352772><CT>" disconnected
L 07/11/2020 - 21:50:11: "Baap ke Bharose || Ladder<46><STEAM_0:0:369456433><CT>" disconnected
L 07/11/2020 - 21:50:11: "Normal E.T || StuFu<60><STEAM_0:1:147341737><TERRORIST>" disconnected
L 07/11/2020 - 21:50:11: "BrutaLity || wolf<74><VALVE_0:4:1290461916><TERRORIST>" disconnected
L 07/11/2020 - 21:50:11: "'U'Knighted || assassin<77><STEAM_0:0:1060612858><TERRORIST>" disconnected
L 07/11/2020 - 21:50:11: "'U'Knighted || Gupto Googly<30><STEAM_0:0:355901680><CT>" disconnected
L 07/11/2020 - 21:50:11: "Baap ke Bharose || Sic Mundus<42><STEAM_0:1:66144441><TERRORIST>" disconnected
L 07/11/2020 - 21:50:11: "Baap ke Bharose || Escanor<50><STEAM_0:0:83230422><CT>" disconnected
L 07/11/2020 - 21:50:11: "Player<75><STEAM_0:0:209561119><CT>" disconnected
L 07/11/2020 - 21:50:11: "BrutaLity || 1-13<53><STEAM_0:0:65740571><CT>" disconnected
L 07/11/2020 - 21:50:11: "Baap ke Bharose || Tyagi<65><STEAM_0:0:266700107><TERRORIST>" disconnected
L 07/11/2020 - 21:50:11: "'U'Knighted || U<79><STEAM_0:0:294118000><CT>" disconnected
L 07/11/2020 - 21:50:11: "Normal E.T || 1729<69><STEAM_0:0:1921819853><TERRORIST>" disconnected
L 07/11/2020 - 21:50:11: "BrutaLity || W{}W<44><STEAM_0:0:1414580386><CT>" disconnected
L 07/11/2020 - 21:50:11: "BrutaLity || Professor<78><STEAM_0:0:493150978><TERRORIST>" disconnected
L 07/11/2020 - 21:50:11: "BrutaLity || Cristiano<82><STEAM_0:1:540695973><>" disconnected
L 07/11/2020 - 21:50:11: "'U'Knighted || HKB<81><STEAM_0:0:976377135><TERRORIST>" disconnected
L 07/11/2020 - 21:50:11: Log file closed
