L 07/04/2020 - 19:38:45: Log file started (file "logs\L0704013.log") (game "cstrike") (version "48/1.1.2.7/8308")
L 07/04/2020 - 19:38:45: Loading map "de_nuke"
L 07/04/2020 - 19:38:45: Server cvars start
L 07/04/2020 - 19:38:45: Server cvar "_tutor_bomb_viewable_check_interval" = "0.5"
L 07/04/2020 - 19:38:45: Server cvar "_tutor_debug_level" = "0"
L 07/04/2020 - 19:38:45: Server cvar "_tutor_examine_time" = "0.5"
L 07/04/2020 - 19:38:45: Server cvar "_tutor_hint_interval_time" = "10.0"
L 07/04/2020 - 19:38:45: Server cvar "_tutor_look_angle" = "10"
L 07/04/2020 - 19:38:45: Server cvar "_tutor_look_distance" = "200"
L 07/04/2020 - 19:38:45: Server cvar "_tutor_message_character_display_time_coefficient" = "0.07"
L 07/04/2020 - 19:38:45: Server cvar "_tutor_message_minimum_display_time" = "1"
L 07/04/2020 - 19:38:45: Server cvar "_tutor_message_repeats" = "5"
L 07/04/2020 - 19:38:45: Server cvar "_tutor_view_distance" = "1000"
L 07/04/2020 - 19:38:45: Server cvar "allow_spectators" = "1"
L 07/04/2020 - 19:38:45: Server cvar "amx_client_languages" = "1"
L 07/04/2020 - 19:38:45: Server cvar "amx_language" = "en"
L 07/04/2020 - 19:38:45: Server cvar "amx_nextmap" = "DE_INFERNO"
L 07/04/2020 - 19:38:45: Server cvar "amx_timeleft" = "65532:53"
L 07/04/2020 - 19:38:45: Server cvar "amxmodx_version" = "1.8.2"
L 07/04/2020 - 19:38:45: Server cvar "coop" = "0"
L 07/04/2020 - 19:38:45: Server cvar "deathmatch" = "1"
L 07/04/2020 - 19:38:45: Server cvar "decalfrequency" = "60"
L 07/04/2020 - 19:38:45: Server cvar "dp_version" = "0.9.582"
L 07/04/2020 - 19:38:45: Server cvar "edgefriction" = "2"
L 07/04/2020 - 19:38:45: Server cvar "hostage_debug" = "0"
L 07/04/2020 - 19:38:45: Server cvar "hostage_stop" = "0"
L 07/04/2020 - 19:38:45: Server cvar "humans_join_team" = "any"
L 07/04/2020 - 19:38:45: Server cvar "max_queries_sec" = "3.0"
L 07/04/2020 - 19:38:45: Server cvar "max_queries_sec_global" = "30"
L 07/04/2020 - 19:38:45: Server cvar "max_queries_window" = "60"
L 07/04/2020 - 19:38:45: Server cvar "metamod_version" = "1.20"
L 07/04/2020 - 19:38:45: Server cvar "mp_allowmonsters" = "0"
L 07/04/2020 - 19:38:45: Server cvar "mp_autokick" = "0"
L 07/04/2020 - 19:38:45: Server cvar "mp_autokick_timeout" = "-1"
L 07/04/2020 - 19:38:45: Server cvar "mp_autoteambalance" = "0"
L 07/04/2020 - 19:38:45: Server cvar "mp_buytime" = "1.5"
L 07/04/2020 - 19:38:45: Server cvar "mp_c4timer" = "45"
L 07/04/2020 - 19:38:45: Server cvar "mp_chattime" = "0"
L 07/04/2020 - 19:38:45: Server cvar "mp_consistency" = "1"
L 07/04/2020 - 19:38:45: Server cvar "mp_fadetoblack" = "0"
L 07/04/2020 - 19:38:45: Server cvar "mp_flashlight" = "0"
L 07/04/2020 - 19:38:45: Server cvar "mp_footsteps" = "1"
L 07/04/2020 - 19:38:45: Server cvar "mp_forcecamera" = "0"
L 07/04/2020 - 19:38:45: Server cvar "mp_forcechasecam" = "2"
L 07/04/2020 - 19:38:45: Server cvar "mp_fragsleft" = "0"
L 07/04/2020 - 19:38:45: Server cvar "mp_freezetime" = "10"
L 07/04/2020 - 19:38:45: Server cvar "mp_friendlyfire" = "1"
L 07/04/2020 - 19:38:45: Server cvar "mp_ghostfrequency" = "0.1"
L 07/04/2020 - 19:38:45: Server cvar "mp_hostagepenalty" = "2"
L 07/04/2020 - 19:38:45: Server cvar "mp_infinite_ammo" = "0"
L 07/04/2020 - 19:38:45: Server cvar "mp_kickpercent" = "0.66"
L 07/04/2020 - 19:38:45: Server cvar "mp_limitteams" = "5"
L 07/04/2020 - 19:38:45: Server cvar "mp_logdetail" = "0"
L 07/04/2020 - 19:38:45: Server cvar "mp_logfile" = "1"
L 07/04/2020 - 19:38:45: Server cvar "mp_logmessages" = "1"
L 07/04/2020 - 19:38:45: Server cvar "mp_mapvoteratio" = "0.66"
L 07/04/2020 - 19:38:45: Server cvar "mp_maxrounds" = "0"
L 07/04/2020 - 19:38:45: Server cvar "mp_mirrordamage" = "0"
L 07/04/2020 - 19:38:45: Server cvar "mp_playerid" = "0"
L 07/04/2020 - 19:38:45: Server cvar "mp_roundtime" = "2"
L 07/04/2020 - 19:38:45: Server cvar "mp_scoreboard_showhealth" = "3"
L 07/04/2020 - 19:38:45: Server cvar "mp_scoreboard_showmoney" = "3"
L 07/04/2020 - 19:38:45: Server cvar "mp_startmoney" = "800"
L 07/04/2020 - 19:38:45: Server cvar "mp_timeleft" = "0"
L 07/04/2020 - 19:38:45: Server cvar "mp_timelimit" = "65535"
L 07/04/2020 - 19:38:45: Server cvar "mp_tkpunish" = "0"
L 07/04/2020 - 19:38:45: Server cvar "mp_windifference" = "1"
L 07/04/2020 - 19:38:45: Server cvar "mp_winlimit" = "0"
L 07/04/2020 - 19:38:45: Server cvar "pausable" = "0"
L 07/04/2020 - 19:38:45: Server cvar "sv_accelerate" = "5"
L 07/04/2020 - 19:38:45: Server cvar "sv_aim" = "0"
L 07/04/2020 - 19:38:45: Server cvar "sv_airaccelerate" = "10"
L 07/04/2020 - 19:38:45: Server cvar "sv_allowupload" = "1"
L 07/04/2020 - 19:38:45: Server cvar "sv_alltalk" = "0"
L 07/04/2020 - 19:38:45: Server cvar "sv_bounce" = "1"
L 07/04/2020 - 19:38:45: Server cvar "sv_cheats" = "0"
L 07/04/2020 - 19:38:45: Server cvar "sv_clienttrace" = "1"
L 07/04/2020 - 19:38:45: Server cvar "sv_contact" = "apoo12345@gmail.com"
L 07/04/2020 - 19:38:45: Server cvar "sv_friction" = "4"
L 07/04/2020 - 19:38:45: Server cvar "sv_gravity" = "800"
L 07/04/2020 - 19:38:45: Server cvar "sv_logblocks" = "0"
L 07/04/2020 - 19:38:45: Server cvar "sv_maxrate" = "20000"
L 07/04/2020 - 19:38:45: Server cvar "sv_maxspeed" = "900"
L 07/04/2020 - 19:38:45: Server cvar "sv_minrate" = "5000"
L 07/04/2020 - 19:38:45: Server cvar "sv_password" = "Lauda"
L 07/04/2020 - 19:38:45: Server cvar "sv_proxies" = "1"
L 07/04/2020 - 19:38:45: Server cvar "sv_restart" = "0"
L 07/04/2020 - 19:38:45: Server cvar "sv_restartround" = "0"
L 07/04/2020 - 19:38:45: Server cvar "sv_stepsize" = "18"
L 07/04/2020 - 19:38:45: Server cvar "sv_stopspeed" = "75"
L 07/04/2020 - 19:38:45: Server cvar "sv_uploadmax" = "0.5"
L 07/04/2020 - 19:38:45: Server cvar "sv_voiceenable" = "0"
L 07/04/2020 - 19:38:45: Server cvar "sv_wateraccelerate" = "10"
L 07/04/2020 - 19:38:45: Server cvar "sv_waterfriction" = "1"
L 07/04/2020 - 19:38:45: Server cvars end
L 07/04/2020 - 19:38:46: Server cvar "amx_nextmap" = "de_nuke"
L 07/04/2020 - 19:38:47: Started map "de_nuke" (CRC "-1757378041")
L 07/04/2020 - 19:38:49: "Ninja Bois || StuFu<776><STEAM_0:1:147341737><>" entered the game
L 07/04/2020 - 19:38:50: "Branco Bois || Sic Mundus<764><STEAM_0:1:66144441><>" entered the game
L 07/04/2020 - 19:38:50: "First Aid Box || L@L AsuDh<772><STEAM_0:0:1663171942><>" entered the game
L 07/04/2020 - 19:38:51: "Branco Bois || Agent Felix<774><STEAM_0:1:539804210><>" entered the game
L 07/04/2020 - 19:38:51: "PROfessor || Ladder<777><STEAM_0:0:369456433><>" entered the game
L 07/04/2020 - 19:38:51: "Branco Bois || pRo_rVlTN<761><STEAM_0:1:546352772><>" entered the game
L 07/04/2020 - 19:38:52: "PROfessor || wolf<775><VALVE_0:4:1088121065><>" entered the game
L 07/04/2020 - 19:38:53: "Branco Bois || Cristiano<773><STEAM_0:0:1465890162><>" entered the game
L 07/04/2020 - 19:38:55: "Branco Bois || noob_assassin<762><STEAM_0:0:1060612858><>" entered the game
L 07/04/2020 - 19:38:56: "Branco Bois || Agent Felix<774><STEAM_0:1:539804210><>" joined team "TERRORIST"
L 07/04/2020 - 19:38:57: "Branco Bois || Agent Felix<774><STEAM_0:1:539804210><TERRORIST>" triggered "Spawned_With_The_Bomb"
L 07/04/2020 - 19:38:57: "Branco Bois || Sic Mundus<764><STEAM_0:1:66144441><>" joined team "TERRORIST"
L 07/04/2020 - 19:38:58: World triggered "Round_Start"
L 07/04/2020 - 19:38:59: "PROfessor || Ladder<777><STEAM_0:0:369456433><>" joined team "CT"
L 07/04/2020 - 19:38:59: World triggered "Game_Commencing"
L 07/04/2020 - 19:38:59: World triggered "Game_Commencing" (CT "0") (T "0")
L 07/04/2020 - 19:38:59: World triggered "Round_End"
L 07/04/2020 - 19:39:02: "Branco Bois || Agent Felix<774><STEAM_0:1:539804210><TERRORIST>" triggered "Spawned_With_The_Bomb"
L 07/04/2020 - 19:39:06: [DPROTO]: Client 5 - Set AuthIdType 1 [dp_RevEmu]; pClient = 056810A0
L 07/04/2020 - 19:39:06: "PROfessor || Hathoda Tyagi<778><STEAM_0:0:266700107><>" connected, address "1.186.227.237:15778"
L 07/04/2020 - 19:39:11: "PROfessor || Hathoda Tyagi<778><STEAM_0:0:266700107><>" entered the game
L 07/04/2020 - 19:39:12: World triggered "Round_Start"
L 07/04/2020 - 19:39:20: "Branco Bois || Cristiano<773><STEAM_0:0:1465890162><>" joined team "CT"
L 07/04/2020 - 19:39:21: "Branco Bois || Sic Mundus<764><STEAM_0:1:66144441><TERRORIST>" killed "Branco Bois || Agent Felix<774><STEAM_0:1:539804210><TERRORIST>" with "glock18"
L 07/04/2020 - 19:39:21: "Branco Bois || Agent Felix<774><STEAM_0:1:539804210><TERRORIST>" triggered "Dropped_The_Bomb"
L 07/04/2020 - 19:39:27: "Branco Bois || noob_assassin<762><STEAM_0:0:1060612858><>" joined team "TERRORIST"
L 07/04/2020 - 19:39:33: "Branco Bois || pRo_rVlTN<761><STEAM_0:1:546352772><>" joined team "TERRORIST"
L 07/04/2020 - 19:39:36: "PROfessor || Hathoda Tyagi<778><STEAM_0:0:266700107><>" joined team "CT"
L 07/04/2020 - 19:39:41: "Branco Bois || noob_assassin<762><STEAM_0:0:1060612858><TERRORIST>" killed "PROfessor || Ladder<777><STEAM_0:0:369456433><CT>" with "glock18"
L 07/04/2020 - 19:39:46: "First Aid Box || L@L AsuDh<772><STEAM_0:0:1663171942><>" joined team "SPECTATOR"
L 07/04/2020 - 19:39:59: "Branco Bois || Sic Mundus<764><STEAM_0:1:66144441><TERRORIST>" killed "Branco Bois || Cristiano<773><STEAM_0:0:1465890162><CT>" with "knife"
L 07/04/2020 - 19:39:59: Team "TERRORIST" triggered "Terrorists_Win" (CT "0") (T "1")
L 07/04/2020 - 19:39:59: World triggered "Round_End"
L 07/04/2020 - 19:40:04: "Branco Bois || Sic Mundus<764><STEAM_0:1:66144441><TERRORIST>" triggered "Spawned_With_The_Bomb"
L 07/04/2020 - 19:40:07: "Branco Bois || Cristiano<773><STEAM_0:0:1465890162><CT>" committed suicide with "world"
L 07/04/2020 - 19:40:07: "Branco Bois || Cristiano<773><STEAM_0:0:1465890162><CT>" joined team "TERRORIST"
L 07/04/2020 - 19:40:10: "Branco Bois || Sic Mundus<764><STEAM_0:1:66144441><TERRORIST>" say ":d"
L 07/04/2020 - 19:40:14: World triggered "Round_Start"
L 07/04/2020 - 19:40:25: [DPROTO]: Client 7 - Set AuthIdType 1 [dp_RevEmu]; pClient = 0568B0D0
L 07/04/2020 - 19:40:25: "PROfessor || Professor<779><STEAM_0:0:493150978><>" connected, address "137.97.37.242:27005"
L 07/04/2020 - 19:40:32: "PROfessor || Professor<779><STEAM_0:0:493150978><>" entered the game
L 07/04/2020 - 19:40:32: "PROfessor || Ladder<777><STEAM_0:0:369456433><CT>" killed "Branco Bois || noob_assassin<762><STEAM_0:0:1060612858><TERRORIST>" with "usp"
L 07/04/2020 - 19:40:38: "Branco Bois || Sic Mundus<764><STEAM_0:1:66144441><TERRORIST>" killed "PROfessor || Ladder<777><STEAM_0:0:369456433><CT>" with "ak47"
L 07/04/2020 - 19:40:40: "Branco Bois || Sic Mundus<764><STEAM_0:1:66144441><TERRORIST>" killed "PROfessor || Hathoda Tyagi<778><STEAM_0:0:266700107><CT>" with "ak47"
L 07/04/2020 - 19:40:40: Team "TERRORIST" triggered "Terrorists_Win" (CT "0") (T "2")
L 07/04/2020 - 19:40:40: World triggered "Round_End"
L 07/04/2020 - 19:40:42: "PROfessor || Professor<779><STEAM_0:0:493150978><>" joined team "CT"
L 07/04/2020 - 19:40:45: "Branco Bois || Cristiano<773><STEAM_0:0:1465890162><TERRORIST>" triggered "Spawned_With_The_Bomb"
L 07/04/2020 - 19:40:54: "Ninja Bois || StuFu<776><STEAM_0:1:147341737><>" joined team "TERRORIST"
L 07/04/2020 - 19:40:55: World triggered "Round_Start"
L 07/04/2020 - 19:41:10: "Ninja Bois || StuFu<776><STEAM_0:1:147341737><TERRORIST>" committed suicide with "world"
L 07/04/2020 - 19:41:10: "Ninja Bois || StuFu<776><STEAM_0:1:147341737><TERRORIST>" joined team "CT"
L 07/04/2020 - 19:41:16: "Branco Bois || noob_assassin<762><STEAM_0:0:1060612858><TERRORIST>" killed "PROfessor || Ladder<777><STEAM_0:0:369456433><CT>" with "ak47"
L 07/04/2020 - 19:41:17: Rcon: "rcon 730833704 "Lauda2" sv_restart 1" from "106.51.30.169:30398"
L 07/04/2020 - 19:41:17: Server cvar "sv_restart" = "1"
L 07/04/2020 - 19:41:18: World triggered "Restart_Round_(1_second)"
L 07/04/2020 - 19:41:18: Team "CT" scored "0" with "4" players
L 07/04/2020 - 19:41:18: Team "TERRORIST" scored "2" with "5" players
L 07/04/2020 - 19:41:18: Server cvar "sv_restart" = "0"
L 07/04/2020 - 19:41:19: "Branco Bois || Agent Felix<774><STEAM_0:1:539804210><TERRORIST>" triggered "Spawned_With_The_Bomb"
L 07/04/2020 - 19:41:29: World triggered "Round_Start"
L 07/04/2020 - 19:41:41: "PROfessor || wolf<775><VALVE_0:4:1088121065><>" joined team "CT"
L 07/04/2020 - 19:41:42: [DPROTO]: Client 10 - Set AuthIdType 1 [dp_RevEmu]; pClient = 0569A118
L 07/04/2020 - 19:41:42: "PROfessor || Aga!N! [3:16]<780><STEAM_0:0:810273828><>" connected, address "47.15.53.207:27005"
L 07/04/2020 - 19:41:55: "PROfessor || Aga!N! [3:16]<780><STEAM_0:0:810273828><>" entered the game
L 07/04/2020 - 19:42:00: "Branco Bois || Sic Mundus<764><STEAM_0:1:66144441><TERRORIST>" killed "PROfessor || Hathoda Tyagi<778><STEAM_0:0:266700107><CT>" with "glock18"
L 07/04/2020 - 19:42:07: "PROfessor || Professor<779><STEAM_0:0:493150978><CT>" killed "Branco Bois || Agent Felix<774><STEAM_0:1:539804210><TERRORIST>" with "usp"
L 07/04/2020 - 19:42:07: "Branco Bois || Agent Felix<774><STEAM_0:1:539804210><TERRORIST>" triggered "Dropped_The_Bomb"
L 07/04/2020 - 19:42:07: "PROfessor || Aga!N! [3:16]<780><STEAM_0:0:810273828><>" joined team "CT"
L 07/04/2020 - 19:42:13: "PROfessor || Ladder<777><STEAM_0:0:369456433><CT>" killed "Branco Bois || noob_assassin<762><STEAM_0:0:1060612858><TERRORIST>" with "usp"
L 07/04/2020 - 19:42:21: "PROfessor || Ladder<777><STEAM_0:0:369456433><CT>" killed "Branco Bois || Cristiano<773><STEAM_0:0:1465890162><TERRORIST>" with "knife"
L 07/04/2020 - 19:42:31: "Ninja Bois || StuFu<776><STEAM_0:1:147341737><CT>" killed "Branco Bois || Sic Mundus<764><STEAM_0:1:66144441><TERRORIST>" with "deagle"
L 07/04/2020 - 19:42:32: "Branco Bois || noob_assassin<762><STEAM_0:0:1060612858><TERRORIST>" disconnected
L 07/04/2020 - 19:42:35: "PROfessor || Ladder<777><STEAM_0:0:369456433><CT>" killed "Branco Bois || pRo_rVlTN<761><STEAM_0:1:546352772><TERRORIST>" with "usp"
L 07/04/2020 - 19:42:35: Team "CT" triggered "CTs_Win" (CT "1") (T "0")
L 07/04/2020 - 19:42:35: World triggered "Round_End"
L 07/04/2020 - 19:42:40: "Branco Bois || pRo_rVlTN<761><STEAM_0:1:546352772><TERRORIST>" triggered "Spawned_With_The_Bomb"
L 07/04/2020 - 19:42:41: Rcon: "rcon 730833704 "Lauda2" sv_restart 1" from "106.51.30.169:30398"
L 07/04/2020 - 19:42:41: Server cvar "sv_restart" = "1"
L 07/04/2020 - 19:42:41: World triggered "Restart_Round_(1_second)"
L 07/04/2020 - 19:42:41: Team "CT" scored "1" with "6" players
L 07/04/2020 - 19:42:41: Team "TERRORIST" scored "0" with "4" players
L 07/04/2020 - 19:42:41: Server cvar "sv_restart" = "0"
L 07/04/2020 - 19:42:42: "Branco Bois || Sic Mundus<764><STEAM_0:1:66144441><TERRORIST>" triggered "Spawned_With_The_Bomb"
L 07/04/2020 - 19:42:44: "Ninja Bois || StuFu<776><STEAM_0:1:147341737><CT>" disconnected
L 07/04/2020 - 19:42:48: [DPROTO]: Client 6 - Set AuthIdType 1 [Native]; pClient = 056860B8
L 07/04/2020 - 19:42:48: "Ninja Bois || StuFu<781><STEAM_0:1:147341737><>" connected, address "106.51.30.169:30398"
L 07/04/2020 - 19:42:48: "Ninja Bois || StuFu<781><STEAM_0:1:147341737><>" STEAM USERID validated
L 07/04/2020 - 19:42:51: "Ninja Bois || StuFu<781><STEAM_0:1:147341737><>" entered the game
L 07/04/2020 - 19:42:52: World triggered "Round_Start"
L 07/04/2020 - 19:43:23: "PROfessor || Professor<779><STEAM_0:0:493150978><CT>" killed "Branco Bois || Sic Mundus<764><STEAM_0:1:66144441><TERRORIST>" with "usp"
L 07/04/2020 - 19:43:23: "Branco Bois || Sic Mundus<764><STEAM_0:1:66144441><TERRORIST>" triggered "Dropped_The_Bomb"
L 07/04/2020 - 19:43:41: "PROfessor || Professor<779><STEAM_0:0:493150978><CT>" killed "Branco Bois || Agent Felix<774><STEAM_0:1:539804210><TERRORIST>" with "usp"
L 07/04/2020 - 19:43:46: "PROfessor || Professor<779><STEAM_0:0:493150978><CT>" killed "Branco Bois || pRo_rVlTN<761><STEAM_0:1:546352772><TERRORIST>" with "usp"
L 07/04/2020 - 19:44:02: "PROfessor || Professor<779><STEAM_0:0:493150978><CT>" killed "Branco Bois || Cristiano<773><STEAM_0:0:1465890162><TERRORIST>" with "knife"
L 07/04/2020 - 19:44:02: Team "CT" triggered "CTs_Win" (CT "1") (T "0")
L 07/04/2020 - 19:44:02: World triggered "Round_End"
L 07/04/2020 - 19:44:07: "Branco Bois || Cristiano<773><STEAM_0:0:1465890162><TERRORIST>" triggered "Spawned_With_The_Bomb"
L 07/04/2020 - 19:44:17: World triggered "Round_Start"
L 07/04/2020 - 19:44:34: "Ninja Bois || StuFu<781><STEAM_0:1:147341737><>" joined team "TERRORIST"
L 07/04/2020 - 19:44:44: "Ninja Bois || StuFu<781><STEAM_0:1:147341737><TERRORIST>" disconnected
L 07/04/2020 - 19:44:53: [DPROTO]: Client 6 - Set AuthIdType 1 [Native]; pClient = 056860B8
L 07/04/2020 - 19:44:53: "Ninja Bois || StuFu<782><STEAM_0:1:147341737><>" connected, address "106.51.30.169:30398"
L 07/04/2020 - 19:44:53: "Ninja Bois || StuFu<782><STEAM_0:1:147341737><>" STEAM USERID validated
L 07/04/2020 - 19:44:55: "Ninja Bois || StuFu<782><STEAM_0:1:147341737><>" entered the game
L 07/04/2020 - 19:44:58: "Ninja Bois || StuFu<782><STEAM_0:1:147341737><>" joined team "SPECTATOR"
L 07/04/2020 - 19:45:04: "PROfessor || Ladder<777><STEAM_0:0:369456433><CT>" killed "Branco Bois || Agent Felix<774><STEAM_0:1:539804210><TERRORIST>" with "famas"
L 07/04/2020 - 19:45:06: "PROfessor || Ladder<777><STEAM_0:0:369456433><CT>" killed "Branco Bois || Sic Mundus<764><STEAM_0:1:66144441><TERRORIST>" with "famas"
L 07/04/2020 - 19:45:10: "Branco Bois || pRo_rVlTN<761><STEAM_0:1:546352772><TERRORIST>" killed "PROfessor || Ladder<777><STEAM_0:0:369456433><CT>" with "glock18"
L 07/04/2020 - 19:45:12: "PROfessor || Professor<779><STEAM_0:0:493150978><CT>" killed "Branco Bois || pRo_rVlTN<761><STEAM_0:1:546352772><TERRORIST>" with "m4a1"
L 07/04/2020 - 19:45:31: "PROfessor || Aga!N! [3:16]<780><STEAM_0:0:810273828><CT>" killed "Branco Bois || Cristiano<773><STEAM_0:0:1465890162><TERRORIST>" with "m4a1"
L 07/04/2020 - 19:45:31: Team "CT" triggered "CTs_Win" (CT "2") (T "0")
L 07/04/2020 - 19:45:31: World triggered "Round_End"
L 07/04/2020 - 19:45:36: "Branco Bois || Agent Felix<774><STEAM_0:1:539804210><TERRORIST>" triggered "Spawned_With_The_Bomb"
L 07/04/2020 - 19:45:39: "PROfessor || Hathoda Tyagi<778><STEAM_0:0:266700107><CT>" say "kl hok naki?"
L 07/04/2020 - 19:45:45: "PROfessor || Ladder<777><STEAM_0:0:369456433><CT>" say "ready"
L 07/04/2020 - 19:45:46: World triggered "Round_Start"
L 07/04/2020 - 19:45:52: "Branco Bois || Cristiano<773><STEAM_0:0:1465890162><TERRORIST>" say "ready"
L 07/04/2020 - 19:45:56: "PROfessor || Hathoda Tyagi<778><STEAM_0:0:266700107><CT>" say "assassin kothay?"
L 07/04/2020 - 19:46:15: "PROfessor || Aga!N! [3:16]<780><STEAM_0:0:810273828><CT>" killed "Branco Bois || pRo_rVlTN<761><STEAM_0:1:546352772><TERRORIST>" with "m4a1"
L 07/04/2020 - 19:46:17: "Branco Bois || Cristiano<773><STEAM_0:0:1465890162><TERRORIST>" say "wait assassin dhukche"
L 07/04/2020 - 19:46:18: "PROfessor || Aga!N! [3:16]<780><STEAM_0:0:810273828><CT>" killed "Branco Bois || Sic Mundus<764><STEAM_0:1:66144441><TERRORIST>" with "m4a1"
L 07/04/2020 - 19:46:19: "PROfessor || Aga!N! [3:16]<780><STEAM_0:0:810273828><CT>" killed "Branco Bois || Agent Felix<774><STEAM_0:1:539804210><TERRORIST>" with "m4a1"
L 07/04/2020 - 19:46:19: "Branco Bois || Agent Felix<774><STEAM_0:1:539804210><TERRORIST>" triggered "Dropped_The_Bomb"
L 07/04/2020 - 19:46:24: "PROfessor || Aga!N! [3:16]<780><STEAM_0:0:810273828><CT>" killed "Branco Bois || Cristiano<773><STEAM_0:0:1465890162><TERRORIST>" with "m4a1"
L 07/04/2020 - 19:46:24: Team "CT" triggered "CTs_Win" (CT "3") (T "0")
L 07/04/2020 - 19:46:24: World triggered "Round_End"
L 07/04/2020 - 19:46:29: "Branco Bois || pRo_rVlTN<761><STEAM_0:1:546352772><TERRORIST>" triggered "Spawned_With_The_Bomb"
L 07/04/2020 - 19:46:39: World triggered "Round_Start"
L 07/04/2020 - 19:47:08: "PROfessor || Ladder<777><STEAM_0:0:369456433><CT>" killed "Branco Bois || pRo_rVlTN<761><STEAM_0:1:546352772><TERRORIST>" with "m4a1"
L 07/04/2020 - 19:47:08: "Branco Bois || pRo_rVlTN<761><STEAM_0:1:546352772><TERRORIST>" triggered "Dropped_The_Bomb"
L 07/04/2020 - 19:47:13: [DPROTO]: Client 1 - Set AuthIdType 1 [dp_RevEmu]; pClient = 0566D040
L 07/04/2020 - 19:47:13: "Branco Bois || noob_assassin<783><STEAM_0:0:1060612858><>" connected, address "139.162.53.89:45867"
L 07/04/2020 - 19:47:17: "Branco Bois || Cristiano<773><STEAM_0:0:1465890162><TERRORIST>" killed "PROfessor || Professor<779><STEAM_0:0:493150978><CT>" with "scout"
L 07/04/2020 - 19:47:20: "Branco Bois || Agent Felix<774><STEAM_0:1:539804210><TERRORIST>" triggered "Got_The_Bomb"
L 07/04/2020 - 19:47:21: "Branco Bois || Agent Felix<774><STEAM_0:1:539804210><TERRORIST>" killed "PROfessor || Ladder<777><STEAM_0:0:369456433><CT>" with "ak47"
L 07/04/2020 - 19:47:21: "Branco Bois || noob_assassin<783><STEAM_0:0:1060612858><>" entered the game
L 07/04/2020 - 19:47:27: "Branco Bois || noob_assassin<783><STEAM_0:0:1060612858><>" joined team "TERRORIST"
L 07/04/2020 - 19:47:30: "PROfessor || Hathoda Tyagi<778><STEAM_0:0:266700107><CT>" killed "Branco Bois || Agent Felix<774><STEAM_0:1:539804210><TERRORIST>" with "awp"
L 07/04/2020 - 19:47:30: "Branco Bois || Agent Felix<774><STEAM_0:1:539804210><TERRORIST>" triggered "Dropped_The_Bomb"
L 07/04/2020 - 19:48:06: "PROfessor || Aga!N! [3:16]<780><STEAM_0:0:810273828><CT>" killed "Branco Bois || Cristiano<773><STEAM_0:0:1465890162><TERRORIST>" with "m4a1"
L 07/04/2020 - 19:48:10: "Branco Bois || Sic Mundus<764><STEAM_0:1:66144441><TERRORIST>" killed "PROfessor || Aga!N! [3:16]<780><STEAM_0:0:810273828><CT>" with "ak47"
L 07/04/2020 - 19:48:16: "Branco Bois || Sic Mundus<764><STEAM_0:1:66144441><TERRORIST>" killed "PROfessor || wolf<775><VALVE_0:4:1088121065><CT>" with "ak47"
L 07/04/2020 - 19:48:21: "Branco Bois || pRo_rVlTN<761><STEAM_0:1:546352772><TERRORIST>" say "start KL" (dead)
L 07/04/2020 - 19:48:29: "PROfessor || Professor<779><STEAM_0:0:493150978><CT>" say "res kl" (dead)
L 07/04/2020 - 19:48:35: Rcon: "rcon 730833704 "Lauda2" say "next res kl"" from "106.51.30.169:30398"
L 07/04/2020 - 19:48:35: Server say "next res kl"
L 07/04/2020 - 19:48:35: "Branco Bois || Agent Felix<774><STEAM_0:1:539804210><TERRORIST>" say "1v1 KL" (dead)
L 07/04/2020 - 19:48:37: Rcon: "rcon 730833704 "Lauda2" sv_restart 5" from "106.51.30.169:30398"
L 07/04/2020 - 19:48:37: Server cvar "sv_restart" = "5"
L 07/04/2020 - 19:48:38: World triggered "Restart_Round_(5_seconds)"
L 07/04/2020 - 19:48:38: Team "CT" scored "3" with "5" players
L 07/04/2020 - 19:48:38: Team "TERRORIST" scored "0" with "5" players
L 07/04/2020 - 19:48:38: Server cvar "sv_restart" = "0"
L 07/04/2020 - 19:48:39: Team "CT" triggered "Target_Saved" (CT "4") (T "0")
L 07/04/2020 - 19:48:39: World triggered "Round_End"
L 07/04/2020 - 19:48:39: "Branco Bois || Agent Felix<774><STEAM_0:1:539804210><TERRORIST>" say "ekhan theke" (dead)
L 07/04/2020 - 19:48:40: Rcon: "rcon 730833704 "Lauda2" say "next res kl"" from "106.51.30.169:30398"
L 07/04/2020 - 19:48:40: Server say "next res kl"
L 07/04/2020 - 19:48:40: Rcon: "rcon 730833704 "Lauda2" say "next res kl"" from "106.51.30.169:30398"
L 07/04/2020 - 19:48:40: Server say "next res kl"
L 07/04/2020 - 19:48:43: Rcon: "rcon 730833704 "Lauda2" say "kl"" from "106.51.30.169:30398"
L 07/04/2020 - 19:48:43: Server say "kl"
L 07/04/2020 - 19:48:44: "Branco Bois || noob_assassin<783><STEAM_0:0:1060612858><TERRORIST>" triggered "Spawned_With_The_Bomb"
L 07/04/2020 - 19:48:45: Rcon: "rcon 730833704 "Lauda2" say "kl"" from "106.51.30.169:30398"
L 07/04/2020 - 19:48:45: Server say "kl"
L 07/04/2020 - 19:48:46: Rcon: "rcon 730833704 "Lauda2" say "kl"" from "106.51.30.169:30398"
L 07/04/2020 - 19:48:46: Server say "kl"
L 07/04/2020 - 19:48:46: Rcon: "rcon 730833704 "Lauda2" say "kl"" from "106.51.30.169:30398"
L 07/04/2020 - 19:48:46: Server say "kl"
L 07/04/2020 - 19:48:47: Rcon: "rcon 730833704 "Lauda2" say "kl"" from "106.51.30.169:30398"
L 07/04/2020 - 19:48:47: Server say "kl"
L 07/04/2020 - 19:48:47: Rcon: "rcon 730833704 "Lauda2" say "kl"" from "106.51.30.169:30398"
L 07/04/2020 - 19:48:47: Server say "kl"
L 07/04/2020 - 19:48:48: "PROfessor || Aga!N! [3:16]<780><STEAM_0:0:810273828><CT>" say_team "win !!"
L 07/04/2020 - 19:48:53: "Branco Bois || noob_assassin<783><STEAM_0:0:1060612858><TERRORIST>" triggered "Dropped_The_Bomb"
L 07/04/2020 - 19:48:53: "Branco Bois || pRo_rVlTN<761><STEAM_0:1:546352772><TERRORIST>" triggered "Got_The_Bomb"
L 07/04/2020 - 19:48:54: World triggered "Round_Start"
L 07/04/2020 - 19:48:55: "Branco Bois || pRo_rVlTN<761><STEAM_0:1:546352772><TERRORIST>" triggered "Dropped_The_Bomb"
L 07/04/2020 - 19:49:16: "PROfessor || Ladder<777><STEAM_0:0:369456433><CT>" killed "Branco Bois || Cristiano<773><STEAM_0:0:1465890162><TERRORIST>" with "knife"
L 07/04/2020 - 19:49:22: "Branco Bois || pRo_rVlTN<761><STEAM_0:1:546352772><TERRORIST>" killed "PROfessor || Professor<779><STEAM_0:0:493150978><CT>" with "knife"
L 07/04/2020 - 19:49:24: "PROfessor || Hathoda Tyagi<778><STEAM_0:0:266700107><CT>" killed "Branco Bois || pRo_rVlTN<761><STEAM_0:1:546352772><TERRORIST>" with "knife"
L 07/04/2020 - 19:49:29: "PROfessor || Ladder<777><STEAM_0:0:369456433><CT>" killed "Branco Bois || Agent Felix<774><STEAM_0:1:539804210><TERRORIST>" with "knife"
L 07/04/2020 - 19:49:31: "PROfessor || Ladder<777><STEAM_0:0:369456433><CT>" killed "Branco Bois || Sic Mundus<764><STEAM_0:1:66144441><TERRORIST>" with "knife"
L 07/04/2020 - 19:49:35: "PROfessor || Ladder<777><STEAM_0:0:369456433><CT>" killed "Branco Bois || noob_assassin<783><STEAM_0:0:1060612858><TERRORIST>" with "knife"
L 07/04/2020 - 19:49:35: Team "CT" triggered "CTs_Win" (CT "1") (T "0")
L 07/04/2020 - 19:49:35: World triggered "Round_End"
L 07/04/2020 - 19:49:40: "Branco Bois || Sic Mundus<764><STEAM_0:1:66144441><TERRORIST>" triggered "Spawned_With_The_Bomb"
L 07/04/2020 - 19:49:41: Rcon: "rcon 730833704 "Lauda2" say "next res live"" from "106.51.30.169:30398"
L 07/04/2020 - 19:49:41: Server say "next res live"
L 07/04/2020 - 19:49:42: Rcon: "rcon 730833704 "Lauda2" say "next res live"" from "106.51.30.169:30398"
L 07/04/2020 - 19:49:42: Server say "next res live"
L 07/04/2020 - 19:49:43: "PROfessor || Hathoda Tyagi<778><STEAM_0:0:266700107><CT>" say "stay"
L 07/04/2020 - 19:49:43: Rcon: "rcon 730833704 "Lauda2" say "next res live"" from "106.51.30.169:30398"
L 07/04/2020 - 19:49:43: Server say "next res live"
L 07/04/2020 - 19:49:43: Rcon: "rcon 730833704 "Lauda2" say "next res live"" from "106.51.30.169:30398"
L 07/04/2020 - 19:49:43: Server say "next res live"
L 07/04/2020 - 19:49:43: Rcon: "rcon 730833704 "Lauda2" say "next res live"" from "106.51.30.169:30398"
L 07/04/2020 - 19:49:43: Server say "next res live"
L 07/04/2020 - 19:49:43: "PROfessor || Aga!N! [3:16]<780><STEAM_0:0:810273828><CT>" say "stay"
L 07/04/2020 - 19:49:50: World triggered "Round_Start"
L 07/04/2020 - 19:49:52: "PROfessor || Professor<779><STEAM_0:0:493150978><CT>" say "ready"
L 07/04/2020 - 19:49:52: "PROfessor || Ladder<777><STEAM_0:0:369456433><CT>" killed "PROfessor || wolf<775><VALVE_0:4:1088121065><CT>" with "usp"
L 07/04/2020 - 19:49:52: "PROfessor || Aga!N! [3:16]<780><STEAM_0:0:810273828><CT>" say "ready!"
L 07/04/2020 - 19:49:59: "First Aid Box || L@L AsuDh<772><STEAM_0:0:1663171942><SPECTATOR>" disconnected
L 07/04/2020 - 19:50:37: "PROfessor || Aga!N! [3:16]<780><STEAM_0:0:810273828><CT>" killed "Branco Bois || noob_assassin<783><STEAM_0:0:1060612858><TERRORIST>" with "usp"
L 07/04/2020 - 19:50:43: "Branco Bois || Sic Mundus<764><STEAM_0:1:66144441><TERRORIST>" killed "PROfessor || Ladder<777><STEAM_0:0:369456433><CT>" with "glock18"
L 07/04/2020 - 19:50:43: "PROfessor || Professor<779><STEAM_0:0:493150978><CT>" killed "Branco Bois || Sic Mundus<764><STEAM_0:1:66144441><TERRORIST>" with "m4a1"
L 07/04/2020 - 19:50:43: "Branco Bois || Sic Mundus<764><STEAM_0:1:66144441><TERRORIST>" triggered "Dropped_The_Bomb"
L 07/04/2020 - 19:50:53: "Branco Bois || Agent Felix<774><STEAM_0:1:539804210><TERRORIST>" killed "PROfessor || Aga!N! [3:16]<780><STEAM_0:0:810273828><CT>" with "glock18"
L 07/04/2020 - 19:51:01: "Branco Bois || Agent Felix<774><STEAM_0:1:539804210><TERRORIST>" triggered "Got_The_Bomb"
L 07/04/2020 - 19:51:02: "PROfessor || Professor<779><STEAM_0:0:493150978><CT>" killed "Branco Bois || Agent Felix<774><STEAM_0:1:539804210><TERRORIST>" with "m4a1"
L 07/04/2020 - 19:51:02: "Branco Bois || Agent Felix<774><STEAM_0:1:539804210><TERRORIST>" triggered "Dropped_The_Bomb"
L 07/04/2020 - 19:51:05: "PROfessor || Hathoda Tyagi<778><STEAM_0:0:266700107><CT>" killed "Branco Bois || pRo_rVlTN<761><STEAM_0:1:546352772><TERRORIST>" with "usp"
L 07/04/2020 - 19:51:06: "Branco Bois || Cristiano<773><STEAM_0:0:1465890162><TERRORIST>" killed "PROfessor || Professor<779><STEAM_0:0:493150978><CT>" with "glock18"
L 07/04/2020 - 19:51:12: "PROfessor || Hathoda Tyagi<778><STEAM_0:0:266700107><CT>" killed "Branco Bois || Cristiano<773><STEAM_0:0:1465890162><TERRORIST>" with "usp"
L 07/04/2020 - 19:51:12: Team "CT" triggered "CTs_Win" (CT "2") (T "0")
L 07/04/2020 - 19:51:12: World triggered "Round_End"
L 07/04/2020 - 19:51:17: "Branco Bois || Cristiano<773><STEAM_0:0:1465890162><TERRORIST>" triggered "Spawned_With_The_Bomb"
L 07/04/2020 - 19:51:19: Rcon: "rcon 730833704 "Lauda2" say "next res live"" from "106.51.30.169:30398"
L 07/04/2020 - 19:51:19: Server say "next res live"
L 07/04/2020 - 19:51:19: Rcon: "rcon 730833704 "Lauda2" say "next res live"" from "106.51.30.169:30398"
L 07/04/2020 - 19:51:19: Server say "next res live"
L 07/04/2020 - 19:51:19: Rcon: "rcon 730833704 "Lauda2" say "next res live"" from "106.51.30.169:30398"
L 07/04/2020 - 19:51:19: Server say "next res live"
L 07/04/2020 - 19:51:20: Rcon: "rcon 730833704 "Lauda2" say "next res live"" from "106.51.30.169:30398"
L 07/04/2020 - 19:51:20: Server say "next res live"
L 07/04/2020 - 19:51:20: Rcon: "rcon 730833704 "Lauda2" say "next res live"" from "106.51.30.169:30398"
L 07/04/2020 - 19:51:20: Server say "next res live"
L 07/04/2020 - 19:51:20: Rcon: "rcon 730833704 "Lauda2" say "next res live"" from "106.51.30.169:30398"
L 07/04/2020 - 19:51:20: Server say "next res live"
L 07/04/2020 - 19:51:27: Rcon: "rcon 730833704 "Lauda2" sv_restart 5" from "106.51.30.169:30398"
L 07/04/2020 - 19:51:27: Server cvar "sv_restart" = "5"
L 07/04/2020 - 19:51:27: World triggered "Round_Start"
L 07/04/2020 - 19:51:27: World triggered "Restart_Round_(5_seconds)"
L 07/04/2020 - 19:51:27: Team "CT" scored "2" with "5" players
L 07/04/2020 - 19:51:27: Team "TERRORIST" scored "0" with "5" players
L 07/04/2020 - 19:51:27: Server cvar "sv_restart" = "0"
L 07/04/2020 - 19:51:29: "PROfessor || Hathoda Tyagi<778><STEAM_0:0:266700107><CT>" killed "PROfessor || Ladder<777><STEAM_0:0:369456433><CT>" with "m4a1"
L 07/04/2020 - 19:51:32: "Branco Bois || Agent Felix<774><STEAM_0:1:539804210><TERRORIST>" triggered "Spawned_With_The_Bomb"
L 07/04/2020 - 19:51:33: Rcon: "rcon 730833704 "Lauda2" say "Live"" from "106.51.30.169:30398"
L 07/04/2020 - 19:51:33: Server say "Live"
L 07/04/2020 - 19:51:33: Rcon: "rcon 730833704 "Lauda2" say "Live"" from "106.51.30.169:30398"
L 07/04/2020 - 19:51:33: Server say "Live"
L 07/04/2020 - 19:51:34: Rcon: "rcon 730833704 "Lauda2" say "Live"" from "106.51.30.169:30398"
L 07/04/2020 - 19:51:34: Server say "Live"
L 07/04/2020 - 19:51:34: Rcon: "rcon 730833704 "Lauda2" say "Live"" from "106.51.30.169:30398"
L 07/04/2020 - 19:51:34: Server say "Live"
L 07/04/2020 - 19:51:34: Rcon: "rcon 730833704 "Lauda2" say "Live"" from "106.51.30.169:30398"
L 07/04/2020 - 19:51:34: Server say "Live"
L 07/04/2020 - 19:51:34: Rcon: "rcon 730833704 "Lauda2" say "Live"" from "106.51.30.169:30398"
L 07/04/2020 - 19:51:34: Server say "Live"
L 07/04/2020 - 19:51:38: "PROfessor || Aga!N! [3:16]<780><STEAM_0:0:810273828><CT>" say_team "win win win!"
L 07/04/2020 - 19:51:42: Rcon: "rcon 730833704 "Lauda2" say "Match 3.1 starts"" from "106.51.30.169:30398"
L 07/04/2020 - 19:51:42: Server say "Match 3.1 starts"
L 07/04/2020 - 19:51:42: World triggered "Round_Start"
L 07/04/2020 - 19:52:04: "Branco Bois || Agent Felix<774><STEAM_0:1:539804210><TERRORIST>" triggered "Dropped_The_Bomb"
L 07/04/2020 - 19:52:06: "Branco Bois || noob_assassin<783><STEAM_0:0:1060612858><TERRORIST>" triggered "Got_The_Bomb"
L 07/04/2020 - 19:52:09: "PROfessor || Ladder<777><STEAM_0:0:369456433><CT>" killed "Branco Bois || Sic Mundus<764><STEAM_0:1:66144441><TERRORIST>" with "usp"
L 07/04/2020 - 19:52:25: "PROfessor || Hathoda Tyagi<778><STEAM_0:0:266700107><CT>" killed "Branco Bois || Agent Felix<774><STEAM_0:1:539804210><TERRORIST>" with "usp"
L 07/04/2020 - 19:52:29: "PROfessor || wolf<775><VALVE_0:4:1088121065><CT>" killed "Branco Bois || Cristiano<773><STEAM_0:0:1465890162><TERRORIST>" with "usp"
L 07/04/2020 - 19:52:33: "Branco Bois || pRo_rVlTN<761><STEAM_0:1:546352772><TERRORIST>" killed "PROfessor || Ladder<777><STEAM_0:0:369456433><CT>" with "deagle"
L 07/04/2020 - 19:52:37: "PROfessor || Aga!N! [3:16]<780><STEAM_0:0:810273828><CT>" killed "Branco Bois || pRo_rVlTN<761><STEAM_0:1:546352772><TERRORIST>" with "usp"
L 07/04/2020 - 19:52:38: "PROfessor || Aga!N! [3:16]<780><STEAM_0:0:810273828><CT>" killed "Branco Bois || noob_assassin<783><STEAM_0:0:1060612858><TERRORIST>" with "usp"
L 07/04/2020 - 19:52:38: Team "CT" triggered "CTs_Win" (CT "1") (T "0")
L 07/04/2020 - 19:52:38: World triggered "Round_End"
L 07/04/2020 - 19:52:43: "Branco Bois || pRo_rVlTN<761><STEAM_0:1:546352772><TERRORIST>" triggered "Spawned_With_The_Bomb"
L 07/04/2020 - 19:52:53: World triggered "Round_Start"
L 07/04/2020 - 19:53:10: "PROfessor || Hathoda Tyagi<778><STEAM_0:0:266700107><CT>" killed "Branco Bois || Cristiano<773><STEAM_0:0:1465890162><TERRORIST>" with "m4a1"
L 07/04/2020 - 19:53:11: "PROfessor || Ladder<777><STEAM_0:0:369456433><CT>" killed "Branco Bois || pRo_rVlTN<761><STEAM_0:1:546352772><TERRORIST>" with "famas"
L 07/04/2020 - 19:53:11: "Branco Bois || pRo_rVlTN<761><STEAM_0:1:546352772><TERRORIST>" triggered "Dropped_The_Bomb"
L 07/04/2020 - 19:53:11: "PROfessor || Ladder<777><STEAM_0:0:369456433><CT>" killed "Branco Bois || Agent Felix<774><STEAM_0:1:539804210><TERRORIST>" with "grenade"
L 07/04/2020 - 19:53:15: "PROfessor || wolf<775><VALVE_0:4:1088121065><CT>" killed "Branco Bois || Sic Mundus<764><STEAM_0:1:66144441><TERRORIST>" with "usp"
L 07/04/2020 - 19:53:19: "PROfessor || Professor<779><STEAM_0:0:493150978><CT>" killed "Branco Bois || noob_assassin<783><STEAM_0:0:1060612858><TERRORIST>" with "m4a1"
L 07/04/2020 - 19:53:19: Team "CT" triggered "CTs_Win" (CT "2") (T "0")
L 07/04/2020 - 19:53:19: World triggered "Round_End"
L 07/04/2020 - 19:53:24: "Branco Bois || noob_assassin<783><STEAM_0:0:1060612858><TERRORIST>" triggered "Spawned_With_The_Bomb"
L 07/04/2020 - 19:53:29: "Branco Bois || noob_assassin<783><STEAM_0:0:1060612858><TERRORIST>" triggered "Dropped_The_Bomb"
L 07/04/2020 - 19:53:34: World triggered "Round_Start"
L 07/04/2020 - 19:53:34: "Branco Bois || Cristiano<773><STEAM_0:0:1465890162><TERRORIST>" triggered "Got_The_Bomb"
L 07/04/2020 - 19:54:06: "PROfessor || Ladder<777><STEAM_0:0:369456433><CT>" killed "Branco Bois || Sic Mundus<764><STEAM_0:1:66144441><TERRORIST>" with "famas"
L 07/04/2020 - 19:54:10: "PROfessor || Ladder<777><STEAM_0:0:369456433><CT>" killed "Branco Bois || Cristiano<773><STEAM_0:0:1465890162><TERRORIST>" with "famas"
L 07/04/2020 - 19:54:10: "Branco Bois || Cristiano<773><STEAM_0:0:1465890162><TERRORIST>" triggered "Dropped_The_Bomb"
L 07/04/2020 - 19:54:12: "Branco Bois || Agent Felix<774><STEAM_0:1:539804210><TERRORIST>" triggered "Got_The_Bomb"
L 07/04/2020 - 19:54:13: "Branco Bois || Agent Felix<774><STEAM_0:1:539804210><TERRORIST>" killed "PROfessor || Ladder<777><STEAM_0:0:369456433><CT>" with "ak47"
L 07/04/2020 - 19:54:20: "PROfessor || Professor<779><STEAM_0:0:493150978><CT>" killed "Branco Bois || noob_assassin<783><STEAM_0:0:1060612858><TERRORIST>" with "m4a1"
L 07/04/2020 - 19:54:20: "Branco Bois || pRo_rVlTN<761><STEAM_0:1:546352772><TERRORIST>" killed "PROfessor || Professor<779><STEAM_0:0:493150978><CT>" with "ak47"
L 07/04/2020 - 19:54:52: "PROfessor || Hathoda Tyagi<778><STEAM_0:0:266700107><CT>" killed "Branco Bois || Agent Felix<774><STEAM_0:1:539804210><TERRORIST>" with "m4a1"
L 07/04/2020 - 19:54:52: "Branco Bois || Agent Felix<774><STEAM_0:1:539804210><TERRORIST>" triggered "Dropped_The_Bomb"
L 07/04/2020 - 19:54:52: "PROfessor || Aga!N! [3:16]<780><STEAM_0:0:810273828><CT>" killed "Branco Bois || pRo_rVlTN<761><STEAM_0:1:546352772><TERRORIST>" with "m4a1"
L 07/04/2020 - 19:54:52: Team "CT" triggered "CTs_Win" (CT "3") (T "0")
L 07/04/2020 - 19:54:52: World triggered "Round_End"
L 07/04/2020 - 19:54:57: "Branco Bois || Sic Mundus<764><STEAM_0:1:66144441><TERRORIST>" triggered "Spawned_With_The_Bomb"
L 07/04/2020 - 19:55:07: World triggered "Round_Start"
L 07/04/2020 - 19:55:56: "PROfessor || Ladder<777><STEAM_0:0:369456433><CT>" killed "Branco Bois || Agent Felix<774><STEAM_0:1:539804210><TERRORIST>" with "m4a1"
L 07/04/2020 - 19:56:22: "Branco Bois || pRo_rVlTN<761><STEAM_0:1:546352772><TERRORIST>" killed "PROfessor || Ladder<777><STEAM_0:0:369456433><CT>" with "ak47"
L 07/04/2020 - 19:56:50: "Branco Bois || Cristiano<773><STEAM_0:0:1465890162><TERRORIST>" killed "PROfessor || Professor<779><STEAM_0:0:493150978><CT>" with "glock18"
L 07/04/2020 - 19:56:51: "PROfessor || wolf<775><VALVE_0:4:1088121065><CT>" killed "Branco Bois || Cristiano<773><STEAM_0:0:1465890162><TERRORIST>" with "aug"
L 07/04/2020 - 19:57:02: "PROfessor || Hathoda Tyagi<778><STEAM_0:0:266700107><CT>" killed "Branco Bois || pRo_rVlTN<761><STEAM_0:1:546352772><TERRORIST>" with "m4a1"
L 07/04/2020 - 19:57:03: "PROfessor || Hathoda Tyagi<778><STEAM_0:0:266700107><CT>" killed "Branco Bois || Sic Mundus<764><STEAM_0:1:66144441><TERRORIST>" with "m4a1"
L 07/04/2020 - 19:57:03: "Branco Bois || Sic Mundus<764><STEAM_0:1:66144441><TERRORIST>" triggered "Dropped_The_Bomb"
L 07/04/2020 - 19:57:07: Team "CT" triggered "Target_Saved" (CT "4") (T "0")
L 07/04/2020 - 19:57:07: World triggered "Round_End"
L 07/04/2020 - 19:57:12: "Branco Bois || Cristiano<773><STEAM_0:0:1465890162><TERRORIST>" triggered "Spawned_With_The_Bomb"
L 07/04/2020 - 19:57:22: World triggered "Round_Start"
L 07/04/2020 - 19:57:41: "PROfessor || Aga!N! [3:16]<780><STEAM_0:0:810273828><CT>" killed "Branco Bois || Agent Felix<774><STEAM_0:1:539804210><TERRORIST>" with "m4a1"
L 07/04/2020 - 19:57:46: "PROfessor || Professor<779><STEAM_0:0:493150978><CT>" killed "Branco Bois || Cristiano<773><STEAM_0:0:1465890162><TERRORIST>" with "m4a1"
L 07/04/2020 - 19:57:46: "Branco Bois || Cristiano<773><STEAM_0:0:1465890162><TERRORIST>" triggered "Dropped_The_Bomb"
L 07/04/2020 - 19:57:49: "PROfessor || Aga!N! [3:16]<780><STEAM_0:0:810273828><CT>" killed "Branco Bois || noob_assassin<783><STEAM_0:0:1060612858><TERRORIST>" with "usp"
L 07/04/2020 - 19:57:51: "Branco Bois || pRo_rVlTN<761><STEAM_0:1:546352772><TERRORIST>" killed "PROfessor || Aga!N! [3:16]<780><STEAM_0:0:810273828><CT>" with "ak47"
L 07/04/2020 - 19:57:56: "PROfessor || wolf<775><VALVE_0:4:1088121065><CT>" killed "Branco Bois || Sic Mundus<764><STEAM_0:1:66144441><TERRORIST>" with "aug"
L 07/04/2020 - 19:58:08: "PROfessor || Professor<779><STEAM_0:0:493150978><CT>" killed "Branco Bois || pRo_rVlTN<761><STEAM_0:1:546352772><TERRORIST>" with "m4a1"
L 07/04/2020 - 19:58:08: Team "CT" triggered "CTs_Win" (CT "5") (T "0")
L 07/04/2020 - 19:58:08: World triggered "Round_End"
L 07/04/2020 - 19:58:13: "Branco Bois || Agent Felix<774><STEAM_0:1:539804210><TERRORIST>" triggered "Spawned_With_The_Bomb"
L 07/04/2020 - 19:58:23: World triggered "Round_Start"
L 07/04/2020 - 19:58:46: "Branco Bois || pRo_rVlTN<761><STEAM_0:1:546352772><TERRORIST>" killed "PROfessor || Aga!N! [3:16]<780><STEAM_0:0:810273828><CT>" with "ak47"
L 07/04/2020 - 19:59:12: "PROfessor || Hathoda Tyagi<778><STEAM_0:0:266700107><CT>" killed "Branco Bois || Agent Felix<774><STEAM_0:1:539804210><TERRORIST>" with "m4a1"
L 07/04/2020 - 19:59:12: "Branco Bois || Agent Felix<774><STEAM_0:1:539804210><TERRORIST>" triggered "Dropped_The_Bomb"
L 07/04/2020 - 19:59:13: "PROfessor || Hathoda Tyagi<778><STEAM_0:0:266700107><CT>" killed "Branco Bois || Cristiano<773><STEAM_0:0:1465890162><TERRORIST>" with "m4a1"
L 07/04/2020 - 19:59:17: "PROfessor || Professor<779><STEAM_0:0:493150978><CT>" killed "Branco Bois || Sic Mundus<764><STEAM_0:1:66144441><TERRORIST>" with "m4a1"
L 07/04/2020 - 19:59:17: "Branco Bois || noob_assassin<783><STEAM_0:0:1060612858><TERRORIST>" killed "PROfessor || Ladder<777><STEAM_0:0:369456433><CT>" with "ak47"
L 07/04/2020 - 19:59:21: "PROfessor || Hathoda Tyagi<778><STEAM_0:0:266700107><CT>" killed "Branco Bois || pRo_rVlTN<761><STEAM_0:1:546352772><TERRORIST>" with "m4a1"
L 07/04/2020 - 19:59:27: "Branco Bois || noob_assassin<783><STEAM_0:0:1060612858><TERRORIST>" killed "PROfessor || Hathoda Tyagi<778><STEAM_0:0:266700107><CT>" with "ak47"
L 07/04/2020 - 19:59:30: "PROfessor || Professor<779><STEAM_0:0:493150978><CT>" killed "Branco Bois || noob_assassin<783><STEAM_0:0:1060612858><TERRORIST>" with "m4a1"
L 07/04/2020 - 19:59:30: Team "CT" triggered "CTs_Win" (CT "6") (T "0")
L 07/04/2020 - 19:59:30: World triggered "Round_End"
L 07/04/2020 - 19:59:35: "Branco Bois || pRo_rVlTN<761><STEAM_0:1:546352772><TERRORIST>" triggered "Spawned_With_The_Bomb"
L 07/04/2020 - 19:59:41: "Branco Bois || pRo_rVlTN<761><STEAM_0:1:546352772><TERRORIST>" triggered "Dropped_The_Bomb"
L 07/04/2020 - 19:59:45: World triggered "Round_Start"
L 07/04/2020 - 19:59:47: "Branco Bois || Cristiano<773><STEAM_0:0:1465890162><TERRORIST>" triggered "Got_The_Bomb"
L 07/04/2020 - 20:00:03: "Branco Bois || Agent Felix<774><STEAM_0:1:539804210><TERRORIST>" killed "PROfessor || wolf<775><VALVE_0:4:1088121065><CT>" with "ak47"
L 07/04/2020 - 20:00:05: "PROfessor || Hathoda Tyagi<778><STEAM_0:0:266700107><CT>" killed "Branco Bois || Agent Felix<774><STEAM_0:1:539804210><TERRORIST>" with "m4a1"
L 07/04/2020 - 20:00:07: "Branco Bois || pRo_rVlTN<761><STEAM_0:1:546352772><TERRORIST>" killed "PROfessor || Ladder<777><STEAM_0:0:369456433><CT>" with "ak47"
L 07/04/2020 - 20:00:11: "PROfessor || Hathoda Tyagi<778><STEAM_0:0:266700107><CT>" killed "Branco Bois || Sic Mundus<764><STEAM_0:1:66144441><TERRORIST>" with "m4a1"
L 07/04/2020 - 20:00:12: "Branco Bois || Cristiano<773><STEAM_0:0:1465890162><TERRORIST>" killed "PROfessor || Hathoda Tyagi<778><STEAM_0:0:266700107><CT>" with "ak47"
L 07/04/2020 - 20:00:17: "Branco Bois || Cristiano<773><STEAM_0:0:1465890162><TERRORIST>" triggered "Planted_The_Bomb"
L 07/04/2020 - 20:00:28: "PROfessor || Aga!N! [3:16]<780><STEAM_0:0:810273828><CT>" killed "Branco Bois || pRo_rVlTN<761><STEAM_0:1:546352772><TERRORIST>" with "m4a1"
L 07/04/2020 - 20:00:29: "PROfessor || Aga!N! [3:16]<780><STEAM_0:0:810273828><CT>" killed "Branco Bois || Cristiano<773><STEAM_0:0:1465890162><TERRORIST>" with "m4a1"
L 07/04/2020 - 20:00:34: "Branco Bois || noob_assassin<783><STEAM_0:0:1060612858><TERRORIST>" killed "PROfessor || Aga!N! [3:16]<780><STEAM_0:0:810273828><CT>" with "ak47"
L 07/04/2020 - 20:00:44: "PROfessor || Professor<779><STEAM_0:0:493150978><CT>" triggered "Begin_Bomb_Defuse_With_Kit"
L 07/04/2020 - 20:00:48: "Branco Bois || noob_assassin<783><STEAM_0:0:1060612858><TERRORIST>" killed "PROfessor || Professor<779><STEAM_0:0:493150978><CT>" with "ak47"
L 07/04/2020 - 20:00:48: Team "TERRORIST" triggered "Terrorists_Win" (CT "6") (T "1")
L 07/04/2020 - 20:00:48: World triggered "Round_End"
L 07/04/2020 - 20:00:53: "Branco Bois || noob_assassin<783><STEAM_0:0:1060612858><TERRORIST>" triggered "Spawned_With_The_Bomb"
L 07/04/2020 - 20:01:03: World triggered "Round_Start"
L 07/04/2020 - 20:01:03: "Branco Bois || noob_assassin<783><STEAM_0:0:1060612858><TERRORIST>" triggered "Dropped_The_Bomb"
L 07/04/2020 - 20:01:06: "Branco Bois || Cristiano<773><STEAM_0:0:1465890162><TERRORIST>" triggered "Got_The_Bomb"
L 07/04/2020 - 20:01:39: "PROfessor || Hathoda Tyagi<778><STEAM_0:0:266700107><CT>" killed "Branco Bois || Agent Felix<774><STEAM_0:1:539804210><TERRORIST>" with "m4a1"
L 07/04/2020 - 20:01:39: "PROfessor || Hathoda Tyagi<778><STEAM_0:0:266700107><CT>" killed "Branco Bois || noob_assassin<783><STEAM_0:0:1060612858><TERRORIST>" with "m4a1"
L 07/04/2020 - 20:01:43: "Branco Bois || pRo_rVlTN<761><STEAM_0:1:546352772><TERRORIST>" killed "PROfessor || Hathoda Tyagi<778><STEAM_0:0:266700107><CT>" with "ak47"
L 07/04/2020 - 20:01:52: "PROfessor || wolf<775><VALVE_0:4:1088121065><CT>" killed "Branco Bois || pRo_rVlTN<761><STEAM_0:1:546352772><TERRORIST>" with "aug"
L 07/04/2020 - 20:01:59: "PROfessor || Aga!N! [3:16]<780><STEAM_0:0:810273828><CT>" killed "Branco Bois || Sic Mundus<764><STEAM_0:1:66144441><TERRORIST>" with "grenade"
L 07/04/2020 - 20:02:04: "PROfessor || wolf<775><VALVE_0:4:1088121065><CT>" killed "Branco Bois || Cristiano<773><STEAM_0:0:1465890162><TERRORIST>" with "aug"
L 07/04/2020 - 20:02:04: Team "CT" triggered "CTs_Win" (CT "7") (T "1")
L 07/04/2020 - 20:02:04: World triggered "Round_End"
L 07/04/2020 - 20:02:09: "Branco Bois || Sic Mundus<764><STEAM_0:1:66144441><TERRORIST>" triggered "Spawned_With_The_Bomb"
L 07/04/2020 - 20:02:13: "Branco Bois || Sic Mundus<764><STEAM_0:1:66144441><TERRORIST>" triggered "Dropped_The_Bomb"
L 07/04/2020 - 20:02:19: World triggered "Round_Start"
L 07/04/2020 - 20:02:21: "Branco Bois || Agent Felix<774><STEAM_0:1:539804210><TERRORIST>" triggered "Got_The_Bomb"
L 07/04/2020 - 20:02:38: "PROfessor || Aga!N! [3:16]<780><STEAM_0:0:810273828><CT>" killed "Branco Bois || Cristiano<773><STEAM_0:0:1465890162><TERRORIST>" with "ak47"
L 07/04/2020 - 20:02:41: "PROfessor || Aga!N! [3:16]<780><STEAM_0:0:810273828><CT>" killed "Branco Bois || Agent Felix<774><STEAM_0:1:539804210><TERRORIST>" with "ak47"
L 07/04/2020 - 20:02:41: "Branco Bois || Agent Felix<774><STEAM_0:1:539804210><TERRORIST>" triggered "Dropped_The_Bomb"
L 07/04/2020 - 20:02:42: "PROfessor || Aga!N! [3:16]<780><STEAM_0:0:810273828><CT>" killed "Branco Bois || pRo_rVlTN<761><STEAM_0:1:546352772><TERRORIST>" with "ak47"
L 07/04/2020 - 20:02:45: "Branco Bois || Sic Mundus<764><STEAM_0:1:66144441><TERRORIST>" triggered "Got_The_Bomb"
L 07/04/2020 - 20:02:51: "PROfessor || Aga!N! [3:16]<780><STEAM_0:0:810273828><CT>" killed "Branco Bois || Sic Mundus<764><STEAM_0:1:66144441><TERRORIST>" with "knife"
L 07/04/2020 - 20:02:51: "Branco Bois || Sic Mundus<764><STEAM_0:1:66144441><TERRORIST>" triggered "Dropped_The_Bomb"
L 07/04/2020 - 20:03:02: "Branco Bois || noob_assassin<783><STEAM_0:0:1060612858><TERRORIST>" killed "PROfessor || Aga!N! [3:16]<780><STEAM_0:0:810273828><CT>" with "ak47"
L 07/04/2020 - 20:03:05: "PROfessor || Professor<779><STEAM_0:0:493150978><CT>" killed "Branco Bois || noob_assassin<783><STEAM_0:0:1060612858><TERRORIST>" with "m4a1"
L 07/04/2020 - 20:03:05: Team "CT" triggered "CTs_Win" (CT "8") (T "1")
L 07/04/2020 - 20:03:05: World triggered "Round_End"
L 07/04/2020 - 20:03:10: "Branco Bois || Cristiano<773><STEAM_0:0:1465890162><TERRORIST>" triggered "Spawned_With_The_Bomb"
L 07/04/2020 - 20:03:20: World triggered "Round_Start"
L 07/04/2020 - 20:03:44: "Branco Bois || Agent Felix<774><STEAM_0:1:539804210><TERRORIST>" killed "PROfessor || Hathoda Tyagi<778><STEAM_0:0:266700107><CT>" with "ak47"
L 07/04/2020 - 20:03:45: "PROfessor || wolf<775><VALVE_0:4:1088121065><CT>" killed "Branco Bois || Agent Felix<774><STEAM_0:1:539804210><TERRORIST>" with "aug"
L 07/04/2020 - 20:03:52: "PROfessor || wolf<775><VALVE_0:4:1088121065><CT>" killed "Branco Bois || Cristiano<773><STEAM_0:0:1465890162><TERRORIST>" with "aug"
L 07/04/2020 - 20:03:52: "Branco Bois || Cristiano<773><STEAM_0:0:1465890162><TERRORIST>" triggered "Dropped_The_Bomb"
L 07/04/2020 - 20:03:52: "Branco Bois || pRo_rVlTN<761><STEAM_0:1:546352772><TERRORIST>" killed "PROfessor || Ladder<777><STEAM_0:0:369456433><CT>" with "ak47"
L 07/04/2020 - 20:03:55: "PROfessor || Aga!N! [3:16]<780><STEAM_0:0:810273828><CT>" killed "Branco Bois || Sic Mundus<764><STEAM_0:1:66144441><TERRORIST>" with "m4a1"
L 07/04/2020 - 20:04:07: "PROfessor || Professor<779><STEAM_0:0:493150978><CT>" killed "Branco Bois || noob_assassin<783><STEAM_0:0:1060612858><TERRORIST>" with "m4a1"
L 07/04/2020 - 20:04:10: "PROfessor || wolf<775><VALVE_0:4:1088121065><CT>" killed "Branco Bois || pRo_rVlTN<761><STEAM_0:1:546352772><TERRORIST>" with "aug"
L 07/04/2020 - 20:04:10: Team "CT" triggered "CTs_Win" (CT "9") (T "1")
L 07/04/2020 - 20:04:10: World triggered "Round_End"
L 07/04/2020 - 20:04:15: "Branco Bois || Agent Felix<774><STEAM_0:1:539804210><TERRORIST>" triggered "Spawned_With_The_Bomb"
L 07/04/2020 - 20:04:22: "Branco Bois || Agent Felix<774><STEAM_0:1:539804210><TERRORIST>" triggered "Dropped_The_Bomb"
L 07/04/2020 - 20:04:25: World triggered "Round_Start"
L 07/04/2020 - 20:04:26: "Branco Bois || Cristiano<773><STEAM_0:0:1465890162><TERRORIST>" triggered "Got_The_Bomb"
L 07/04/2020 - 20:05:07: "Branco Bois || Agent Felix<774><STEAM_0:1:539804210><TERRORIST>" killed "PROfessor || Aga!N! [3:16]<780><STEAM_0:0:810273828><CT>" with "ak47"
L 07/04/2020 - 20:05:18: "PROfessor || Hathoda Tyagi<778><STEAM_0:0:266700107><CT>" killed "Branco Bois || noob_assassin<783><STEAM_0:0:1060612858><TERRORIST>" with "m4a1"
L 07/04/2020 - 20:05:19: "Branco Bois || Sic Mundus<764><STEAM_0:1:66144441><TERRORIST>" killed "PROfessor || Hathoda Tyagi<778><STEAM_0:0:266700107><CT>" with "ak47"
L 07/04/2020 - 20:05:19: "PROfessor || Ladder<777><STEAM_0:0:369456433><CT>" killed "Branco Bois || Cristiano<773><STEAM_0:0:1465890162><TERRORIST>" with "m4a1"
L 07/04/2020 - 20:05:19: "Branco Bois || Cristiano<773><STEAM_0:0:1465890162><TERRORIST>" triggered "Dropped_The_Bomb"
L 07/04/2020 - 20:05:22: "PROfessor || Ladder<777><STEAM_0:0:369456433><CT>" killed "Branco Bois || Sic Mundus<764><STEAM_0:1:66144441><TERRORIST>" with "usp"
L 07/04/2020 - 20:05:22: "Branco Bois || pRo_rVlTN<761><STEAM_0:1:546352772><TERRORIST>" killed "PROfessor || Ladder<777><STEAM_0:0:369456433><CT>" with "ak47"
L 07/04/2020 - 20:05:24: "PROfessor || wolf<775><VALVE_0:4:1088121065><CT>" killed "Branco Bois || pRo_rVlTN<761><STEAM_0:1:546352772><TERRORIST>" with "aug"
L 07/04/2020 - 20:05:26: "Branco Bois || Agent Felix<774><STEAM_0:1:539804210><TERRORIST>" killed "PROfessor || wolf<775><VALVE_0:4:1088121065><CT>" with "ak47"
L 07/04/2020 - 20:05:29: "Branco Bois || Agent Felix<774><STEAM_0:1:539804210><TERRORIST>" triggered "Got_The_Bomb"
L 07/04/2020 - 20:05:36: "PROfessor || Professor<779><STEAM_0:0:493150978><CT>" killed "Branco Bois || Agent Felix<774><STEAM_0:1:539804210><TERRORIST>" with "m4a1"
L 07/04/2020 - 20:05:36: Team "CT" triggered "CTs_Win" (CT "10") (T "1")
L 07/04/2020 - 20:05:36: World triggered "Round_End"
L 07/04/2020 - 20:05:42: "Branco Bois || pRo_rVlTN<761><STEAM_0:1:546352772><TERRORIST>" triggered "Spawned_With_The_Bomb"
L 07/04/2020 - 20:05:45: "Branco Bois || pRo_rVlTN<761><STEAM_0:1:546352772><TERRORIST>" triggered "Dropped_The_Bomb"
L 07/04/2020 - 20:05:52: World triggered "Round_Start"
L 07/04/2020 - 20:06:20: "Branco Bois || Sic Mundus<764><STEAM_0:1:66144441><TERRORIST>" triggered "Got_The_Bomb"
L 07/04/2020 - 20:06:30: "PROfessor || Hathoda Tyagi<778><STEAM_0:0:266700107><CT>" killed "Branco Bois || noob_assassin<783><STEAM_0:0:1060612858><TERRORIST>" with "m4a1"
L 07/04/2020 - 20:06:41: "PROfessor || Professor<779><STEAM_0:0:493150978><CT>" killed "Branco Bois || Cristiano<773><STEAM_0:0:1465890162><TERRORIST>" with "m4a1"
L 07/04/2020 - 20:06:49: "PROfessor || Hathoda Tyagi<778><STEAM_0:0:266700107><CT>" killed "Branco Bois || pRo_rVlTN<761><STEAM_0:1:546352772><TERRORIST>" with "m4a1"
L 07/04/2020 - 20:06:52: "Branco Bois || Agent Felix<774><STEAM_0:1:539804210><TERRORIST>" killed "PROfessor || wolf<775><VALVE_0:4:1088121065><CT>" with "ak47"
L 07/04/2020 - 20:07:03: "Branco Bois || Agent Felix<774><STEAM_0:1:539804210><TERRORIST>" killed "PROfessor || Professor<779><STEAM_0:0:493150978><CT>" with "ak47"
L 07/04/2020 - 20:07:03: "PROfessor || Hathoda Tyagi<778><STEAM_0:0:266700107><CT>" killed "Branco Bois || Agent Felix<774><STEAM_0:1:539804210><TERRORIST>" with "m4a1"
L 07/04/2020 - 20:07:25: "PROfessor || Aga!N! [3:16]<780><STEAM_0:0:810273828><CT>" killed "Branco Bois || Sic Mundus<764><STEAM_0:1:66144441><TERRORIST>" with "usp"
L 07/04/2020 - 20:07:25: Team "CT" triggered "CTs_Win" (CT "11") (T "1")
L 07/04/2020 - 20:07:25: World triggered "Round_End"
L 07/04/2020 - 20:07:30: "Branco Bois || noob_assassin<783><STEAM_0:0:1060612858><TERRORIST>" triggered "Spawned_With_The_Bomb"
L 07/04/2020 - 20:07:40: World triggered "Round_Start"
L 07/04/2020 - 20:07:43: "Branco Bois || noob_assassin<783><STEAM_0:0:1060612858><TERRORIST>" triggered "Dropped_The_Bomb"
L 07/04/2020 - 20:07:43: "Branco Bois || Cristiano<773><STEAM_0:0:1465890162><TERRORIST>" triggered "Got_The_Bomb"
L 07/04/2020 - 20:08:10: "PROfessor || Hathoda Tyagi<778><STEAM_0:0:266700107><CT>" killed "Branco Bois || pRo_rVlTN<761><STEAM_0:1:546352772><TERRORIST>" with "m4a1"
L 07/04/2020 - 20:08:18: "Branco Bois || noob_assassin<783><STEAM_0:0:1060612858><TERRORIST>" killed "PROfessor || Aga!N! [3:16]<780><STEAM_0:0:810273828><CT>" with "galil"
L 07/04/2020 - 20:08:26: "PROfessor || Hathoda Tyagi<778><STEAM_0:0:266700107><CT>" killed "Branco Bois || Cristiano<773><STEAM_0:0:1465890162><TERRORIST>" with "m4a1"
L 07/04/2020 - 20:08:26: "Branco Bois || Cristiano<773><STEAM_0:0:1465890162><TERRORIST>" triggered "Dropped_The_Bomb"
L 07/04/2020 - 20:08:26: "PROfessor || Professor<779><STEAM_0:0:493150978><CT>" killed "Branco Bois || Sic Mundus<764><STEAM_0:1:66144441><TERRORIST>" with "m4a1"
L 07/04/2020 - 20:08:35: "Branco Bois || noob_assassin<783><STEAM_0:0:1060612858><TERRORIST>" killed "PROfessor || Hathoda Tyagi<778><STEAM_0:0:266700107><CT>" with "galil"
L 07/04/2020 - 20:08:37: "Branco Bois || noob_assassin<783><STEAM_0:0:1060612858><TERRORIST>" triggered "Got_The_Bomb"
L 07/04/2020 - 20:08:46: "Branco Bois || noob_assassin<783><STEAM_0:0:1060612858><TERRORIST>" killed "PROfessor || Professor<779><STEAM_0:0:493150978><CT>" with "galil"
L 07/04/2020 - 20:09:11: "Branco Bois || noob_assassin<783><STEAM_0:0:1060612858><TERRORIST>" triggered "Planted_The_Bomb"
L 07/04/2020 - 20:09:34: "PROfessor || wolf<775><VALVE_0:4:1088121065><CT>" killed "Branco Bois || noob_assassin<783><STEAM_0:0:1060612858><TERRORIST>" with "aug"
L 07/04/2020 - 20:09:36: "PROfessor || wolf<775><VALVE_0:4:1088121065><CT>" killed "Branco Bois || Agent Felix<774><STEAM_0:1:539804210><TERRORIST>" with "aug"
L 07/04/2020 - 20:09:38: "PROfessor || Ladder<777><STEAM_0:0:369456433><CT>" triggered "Begin_Bomb_Defuse_With_Kit"
L 07/04/2020 - 20:09:43: "PROfessor || Ladder<777><STEAM_0:0:369456433><CT>" triggered "Defused_The_Bomb"
L 07/04/2020 - 20:09:43: Team "CT" triggered "Bomb_Defused" (CT "12") (T "1")
L 07/04/2020 - 20:09:43: World triggered "Round_End"
L 07/04/2020 - 20:09:48: "Branco Bois || Sic Mundus<764><STEAM_0:1:66144441><TERRORIST>" triggered "Spawned_With_The_Bomb"
L 07/04/2020 - 20:09:58: World triggered "Round_Start"
L 07/04/2020 - 20:10:39: "Branco Bois || Cristiano<773><STEAM_0:0:1465890162><TERRORIST>" killed "PROfessor || wolf<775><VALVE_0:4:1088121065><CT>" with "ak47"
L 07/04/2020 - 20:10:39: "Branco Bois || noob_assassin<783><STEAM_0:0:1060612858><TERRORIST>" killed "PROfessor || Hathoda Tyagi<778><STEAM_0:0:266700107><CT>" with "ak47"
L 07/04/2020 - 20:10:48: "PROfessor || Ladder<777><STEAM_0:0:369456433><CT>" killed "Branco Bois || Cristiano<773><STEAM_0:0:1465890162><TERRORIST>" with "m4a1"
L 07/04/2020 - 20:10:58: "Branco Bois || Sic Mundus<764><STEAM_0:1:66144441><TERRORIST>" triggered "Planted_The_Bomb"
L 07/04/2020 - 20:11:00: "PROfessor || Ladder<777><STEAM_0:0:369456433><CT>" killed "Branco Bois || Sic Mundus<764><STEAM_0:1:66144441><TERRORIST>" with "m4a1"
L 07/04/2020 - 20:11:03: "Branco Bois || pRo_rVlTN<761><STEAM_0:1:546352772><TERRORIST>" killed "PROfessor || Aga!N! [3:16]<780><STEAM_0:0:810273828><CT>" with "ak47"
L 07/04/2020 - 20:11:03: "PROfessor || Professor<779><STEAM_0:0:493150978><CT>" killed "Branco Bois || noob_assassin<783><STEAM_0:0:1060612858><TERRORIST>" with "m4a1"
L 07/04/2020 - 20:11:10: "PROfessor || Ladder<777><STEAM_0:0:369456433><CT>" killed "Branco Bois || pRo_rVlTN<761><STEAM_0:1:546352772><TERRORIST>" with "m4a1"
L 07/04/2020 - 20:11:18: "Branco Bois || Agent Felix<774><STEAM_0:1:539804210><TERRORIST>" killed "PROfessor || Ladder<777><STEAM_0:0:369456433><CT>" with "ak47"
L 07/04/2020 - 20:11:20: "Branco Bois || Agent Felix<774><STEAM_0:1:539804210><TERRORIST>" killed "PROfessor || Professor<779><STEAM_0:0:493150978><CT>" with "ak47"
L 07/04/2020 - 20:11:20: Team "TERRORIST" triggered "Terrorists_Win" (CT "12") (T "2")
L 07/04/2020 - 20:11:20: World triggered "Round_End"
L 07/04/2020 - 20:11:25: "Branco Bois || Cristiano<773><STEAM_0:0:1465890162><TERRORIST>" triggered "Spawned_With_The_Bomb"
L 07/04/2020 - 20:11:35: World triggered "Round_Start"
L 07/04/2020 - 20:12:14: "PROfessor || wolf<775><VALVE_0:4:1088121065><CT>" killed "Branco Bois || Agent Felix<774><STEAM_0:1:539804210><TERRORIST>" with "aug"
L 07/04/2020 - 20:12:42: "PROfessor || Hathoda Tyagi<778><STEAM_0:0:266700107><CT>" killed "Branco Bois || Cristiano<773><STEAM_0:0:1465890162><TERRORIST>" with "m4a1"
L 07/04/2020 - 20:12:42: "Branco Bois || Cristiano<773><STEAM_0:0:1465890162><TERRORIST>" triggered "Dropped_The_Bomb"
L 07/04/2020 - 20:12:44: "PROfessor || Ladder<777><STEAM_0:0:369456433><CT>" killed "Branco Bois || noob_assassin<783><STEAM_0:0:1060612858><TERRORIST>" with "m4a1"
L 07/04/2020 - 20:12:46: "Branco Bois || pRo_rVlTN<761><STEAM_0:1:546352772><TERRORIST>" killed "PROfessor || Ladder<777><STEAM_0:0:369456433><CT>" with "ak47"
L 07/04/2020 - 20:12:49: "Branco Bois || pRo_rVlTN<761><STEAM_0:1:546352772><TERRORIST>" killed "PROfessor || Professor<779><STEAM_0:0:493150978><CT>" with "ak47"
L 07/04/2020 - 20:12:56: "Branco Bois || Sic Mundus<764><STEAM_0:1:66144441><TERRORIST>" killed "PROfessor || Aga!N! [3:16]<780><STEAM_0:0:810273828><CT>" with "m4a1"
L 07/04/2020 - 20:12:57: "PROfessor || Hathoda Tyagi<778><STEAM_0:0:266700107><CT>" killed "Branco Bois || pRo_rVlTN<761><STEAM_0:1:546352772><TERRORIST>" with "m4a1"
L 07/04/2020 - 20:12:58: "Branco Bois || Sic Mundus<764><STEAM_0:1:66144441><TERRORIST>" triggered "Got_The_Bomb"
L 07/04/2020 - 20:12:59: "PROfessor || Hathoda Tyagi<778><STEAM_0:0:266700107><CT>" killed "Branco Bois || Sic Mundus<764><STEAM_0:1:66144441><TERRORIST>" with "usp"
L 07/04/2020 - 20:12:59: Team "CT" triggered "CTs_Win" (CT "13") (T "2")
L 07/04/2020 - 20:12:59: World triggered "Round_End"
L 07/04/2020 - 20:13:04: "Branco Bois || Agent Felix<774><STEAM_0:1:539804210><TERRORIST>" triggered "Spawned_With_The_Bomb"
L 07/04/2020 - 20:13:05: "PROfessor || Aga!N! [3:16]<780><STEAM_0:0:810273828><CT>" committed suicide with "world"
L 07/04/2020 - 20:13:05: "PROfessor || Aga!N! [3:16]<780><STEAM_0:0:810273828><CT>" joined team "TERRORIST"
L 07/04/2020 - 20:13:07: "PROfessor || Professor<779><STEAM_0:0:493150978><CT>" committed suicide with "world"
L 07/04/2020 - 20:13:07: "PROfessor || Professor<779><STEAM_0:0:493150978><CT>" joined team "TERRORIST"
L 07/04/2020 - 20:13:08: "Branco Bois || pRo_rVlTN<761><STEAM_0:1:546352772><TERRORIST>" committed suicide with "world"
L 07/04/2020 - 20:13:08: "Branco Bois || pRo_rVlTN<761><STEAM_0:1:546352772><TERRORIST>" joined team "CT"
L 07/04/2020 - 20:13:08: "PROfessor || Ladder<777><STEAM_0:0:369456433><CT>" committed suicide with "world"
L 07/04/2020 - 20:13:08: "PROfessor || Ladder<777><STEAM_0:0:369456433><CT>" joined team "TERRORIST"
L 07/04/2020 - 20:13:08: "Branco Bois || Agent Felix<774><STEAM_0:1:539804210><TERRORIST>" committed suicide with "world"
L 07/04/2020 - 20:13:08: "Branco Bois || Agent Felix<774><STEAM_0:1:539804210><TERRORIST>" triggered "Dropped_The_Bomb"
L 07/04/2020 - 20:13:08: "Branco Bois || Agent Felix<774><STEAM_0:1:539804210><TERRORIST>" joined team "CT"
L 07/04/2020 - 20:13:08: "PROfessor || Hathoda Tyagi<778><STEAM_0:0:266700107><CT>" committed suicide with "world"
L 07/04/2020 - 20:13:08: "PROfessor || Hathoda Tyagi<778><STEAM_0:0:266700107><CT>" joined team "TERRORIST"
L 07/04/2020 - 20:13:09: "Branco Bois || noob_assassin<783><STEAM_0:0:1060612858><TERRORIST>" committed suicide with "world"
L 07/04/2020 - 20:13:09: "Branco Bois || noob_assassin<783><STEAM_0:0:1060612858><TERRORIST>" joined team "CT"
L 07/04/2020 - 20:13:09: "Branco Bois || Cristiano<773><STEAM_0:0:1465890162><TERRORIST>" committed suicide with "world"
L 07/04/2020 - 20:13:09: "Branco Bois || Cristiano<773><STEAM_0:0:1465890162><TERRORIST>" joined team "CT"
L 07/04/2020 - 20:13:10: "PROfessor || wolf<775><VALVE_0:4:1088121065><CT>" committed suicide with "world"
L 07/04/2020 - 20:13:10: Team "TERRORIST" triggered "Terrorists_Win" (CT "13") (T "3")
L 07/04/2020 - 20:13:10: World triggered "Round_End"
L 07/04/2020 - 20:13:10: "PROfessor || wolf<775><VALVE_0:4:1088121065><CT>" joined team "TERRORIST"
L 07/04/2020 - 20:13:11: Rcon: "rcon 730833704 "Lauda2" say "Match 3.1 ends"" from "106.51.30.169:30398"
L 07/04/2020 - 20:13:11: Server say "Match 3.1 ends"
L 07/04/2020 - 20:13:12: "Branco Bois || Sic Mundus<764><STEAM_0:1:66144441><TERRORIST>" committed suicide with "world"
L 07/04/2020 - 20:13:12: "Branco Bois || Sic Mundus<764><STEAM_0:1:66144441><TERRORIST>" joined team "CT"
L 07/04/2020 - 20:13:13: Rcon: "rcon 730833704 "Lauda2" sv_restart 5" from "106.51.30.169:30398"
L 07/04/2020 - 20:13:13: Server cvar "sv_restart" = "5"
L 07/04/2020 - 20:13:13: World triggered "Restart_Round_(5_seconds)"
L 07/04/2020 - 20:13:13: Team "CT" scored "13" with "5" players
L 07/04/2020 - 20:13:13: Team "TERRORIST" scored "3" with "5" players
L 07/04/2020 - 20:13:13: Server cvar "sv_restart" = "0"
L 07/04/2020 - 20:13:14: World triggered "Round_Start"
L 07/04/2020 - 20:13:16: Rcon: "rcon 730833704 "Lauda2" sv_restart 1" from "106.51.30.169:30398"
L 07/04/2020 - 20:13:16: Server cvar "sv_restart" = "1"
L 07/04/2020 - 20:13:16: World triggered "Restart_Round_(1_second)"
L 07/04/2020 - 20:13:16: Team "CT" scored "13" with "5" players
L 07/04/2020 - 20:13:16: Team "TERRORIST" scored "3" with "5" players
L 07/04/2020 - 20:13:16: Server cvar "sv_restart" = "0"
L 07/04/2020 - 20:13:17: "PROfessor || Ladder<777><STEAM_0:0:369456433><TERRORIST>" triggered "Spawned_With_The_Bomb"
L 07/04/2020 - 20:13:21: "Branco Bois || Agent Felix<774><STEAM_0:1:539804210><CT>" say "ready"
L 07/04/2020 - 20:13:27: World triggered "Round_Start"
L 07/04/2020 - 20:13:36: "Branco Bois || Agent Felix<774><STEAM_0:1:539804210><CT>" say "ready amra"
L 07/04/2020 - 20:13:38: "Branco Bois || Agent Felix<774><STEAM_0:1:539804210><CT>" say "live?"
L 07/04/2020 - 20:13:42: "Branco Bois || Agent Felix<774><STEAM_0:1:539804210><CT>" say "res live"
L 07/04/2020 - 20:13:48: "PROfessor || Aga!N! [3:16]<780><STEAM_0:0:810273828><TERRORIST>" say "yes"
L 07/04/2020 - 20:13:50: "PROfessor || Hathoda Tyagi<778><STEAM_0:0:266700107><TERRORIST>" say "ready"
L 07/04/2020 - 20:13:53: "PROfessor || Aga!N! [3:16]<780><STEAM_0:0:810273828><TERRORIST>" say "res live"
L 07/04/2020 - 20:13:54: "Branco Bois || Cristiano<773><STEAM_0:0:1465890162><CT>" say "1min wait"
L 07/04/2020 - 20:13:55: "Branco Bois || Sic Mundus<764><STEAM_0:1:66144441><CT>" killed "PROfessor || Professor<779><STEAM_0:0:493150978><TERRORIST>" with "usp"
L 07/04/2020 - 20:14:04: "Branco Bois || noob_assassin<783><STEAM_0:0:1060612858><CT>" killed "PROfessor || Ladder<777><STEAM_0:0:369456433><TERRORIST>" with "usp"
L 07/04/2020 - 20:14:04: "PROfessor || Ladder<777><STEAM_0:0:369456433><TERRORIST>" triggered "Dropped_The_Bomb"
L 07/04/2020 - 20:14:08: "PROfessor || Aga!N! [3:16]<780><STEAM_0:0:810273828><TERRORIST>" killed "Branco Bois || noob_assassin<783><STEAM_0:0:1060612858><CT>" with "glock18"
L 07/04/2020 - 20:14:09: "Branco Bois || Sic Mundus<764><STEAM_0:1:66144441><CT>" killed "PROfessor || Hathoda Tyagi<778><STEAM_0:0:266700107><TERRORIST>" with "usp"
L 07/04/2020 - 20:14:12: "PROfessor || Aga!N! [3:16]<780><STEAM_0:0:810273828><TERRORIST>" killed "Branco Bois || Sic Mundus<764><STEAM_0:1:66144441><CT>" with "glock18"
L 07/04/2020 - 20:14:33: "PROfessor || Aga!N! [3:16]<780><STEAM_0:0:810273828><TERRORIST>" killed "Branco Bois || pRo_rVlTN<761><STEAM_0:1:546352772><CT>" with "glock18"
L 07/04/2020 - 20:14:59: "PROfessor || Professor<779><STEAM_0:0:493150978><TERRORIST>" say "amra ready" (dead)
L 07/04/2020 - 20:15:09: Rcon: "rcon 730833704 "Lauda2" sv_restart 1" from "106.51.30.169:30398"
L 07/04/2020 - 20:15:09: Server cvar "sv_restart" = "1"
L 07/04/2020 - 20:15:10: Rcon: "rcon 730833704 "Lauda2" sv_restart 1" from "106.51.30.169:30398"
L 07/04/2020 - 20:15:10: World triggered "Restart_Round_(1_second)"
L 07/04/2020 - 20:15:10: Team "CT" scored "0" with "5" players
L 07/04/2020 - 20:15:10: Team "TERRORIST" scored "0" with "5" players
L 07/04/2020 - 20:15:10: Server cvar "sv_restart" = "0"
L 07/04/2020 - 20:15:11: "Branco Bois || Agent Felix<774><STEAM_0:1:539804210><CT>" killed "PROfessor || Aga!N! [3:16]<780><STEAM_0:0:810273828><TERRORIST>" with "usp"
L 07/04/2020 - 20:15:11: "PROfessor || Hathoda Tyagi<778><STEAM_0:0:266700107><TERRORIST>" triggered "Spawned_With_The_Bomb"
L 07/04/2020 - 20:15:16: "Branco Bois || pRo_rVlTN<761><STEAM_0:1:546352772><CT>" say "live?"
L 07/04/2020 - 20:15:21: World triggered "Round_Start"
L 07/04/2020 - 20:15:23: "PROfessor || Hathoda Tyagi<778><STEAM_0:0:266700107><TERRORIST>" say "amra  ready. Tomra?"
L 07/04/2020 - 20:15:23: "PROfessor || Professor<779><STEAM_0:0:493150978><TERRORIST>" say "jani na"
L 07/04/2020 - 20:15:26: "Branco Bois || pRo_rVlTN<761><STEAM_0:1:546352772><CT>" say "yes"
L 07/04/2020 - 20:15:28: "Branco Bois || Agent Felix<774><STEAM_0:1:539804210><CT>" say "ready"
L 07/04/2020 - 20:15:29: "PROfessor || Hathoda Tyagi<778><STEAM_0:0:266700107><TERRORIST>" say "res live"
L 07/04/2020 - 20:15:29: "PROfessor || Aga!N! [3:16]<780><STEAM_0:0:810273828><TERRORIST>" say "yes ready"
L 07/04/2020 - 20:15:31: "Branco Bois || Sic Mundus<764><STEAM_0:1:66144441><CT>" say "RES LIVE"
L 07/04/2020 - 20:15:31: "PROfessor || wolf<775><VALVE_0:4:1088121065><TERRORIST>" say "res live"
L 07/04/2020 - 20:15:31: "PROfessor || Professor<779><STEAM_0:0:493150978><TERRORIST>" say "res live"
L 07/04/2020 - 20:15:31: "Branco Bois || pRo_rVlTN<761><STEAM_0:1:546352772><CT>" say "amra ready"
L 07/04/2020 - 20:15:45: "PROfessor || Ladder<777><STEAM_0:0:369456433><TERRORIST>" killed "PROfessor || Aga!N! [3:16]<780><STEAM_0:0:810273828><TERRORIST>" with "usp"
L 07/04/2020 - 20:15:49: "PROfessor || Ladder<777><STEAM_0:0:369456433><TERRORIST>" killed "PROfessor || Professor<779><STEAM_0:0:493150978><TERRORIST>" with "usp"
L 07/04/2020 - 20:15:55: "PROfessor || Hathoda Tyagi<778><STEAM_0:0:266700107><TERRORIST>" killed "Branco Bois || noob_assassin<783><STEAM_0:0:1060612858><CT>" with "deagle"
L 07/04/2020 - 20:16:03: "Branco Bois || noob_assassin<783><STEAM_0:0:1060612858><CT>" say "RES LIV" (dead)
L 07/04/2020 - 20:16:11: "Branco Bois || Sic Mundus<764><STEAM_0:1:66144441><CT>" killed "Branco Bois || Agent Felix<774><STEAM_0:1:539804210><CT>" with "usp"
L 07/04/2020 - 20:16:11: "PROfessor || Hathoda Tyagi<778><STEAM_0:0:266700107><TERRORIST>" killed "PROfessor || Ladder<777><STEAM_0:0:369456433><TERRORIST>" with "deagle"
L 07/04/2020 - 20:16:14: "PROfessor || Hathoda Tyagi<778><STEAM_0:0:266700107><TERRORIST>" killed "PROfessor || wolf<775><VALVE_0:4:1088121065><TERRORIST>" with "deagle"
L 07/04/2020 - 20:16:22: "Branco Bois || Agent Felix<774><STEAM_0:1:539804210><CT>" say "arey res live" (dead)
L 07/04/2020 - 20:16:34: Rcon: "rcon 730833704 "Lauda2" SAY "NEXT RES LIVE"" from "106.51.30.169:30398"
L 07/04/2020 - 20:16:34: Server say "NEXT RES LIVE"
L 07/04/2020 - 20:16:34: Rcon: "rcon 730833704 "Lauda2" SAY "NEXT RES LIVE"" from "106.51.30.169:30398"
L 07/04/2020 - 20:16:34: Server say "NEXT RES LIVE"
L 07/04/2020 - 20:16:35: Rcon: "rcon 730833704 "Lauda2" SAY "NEXT RES LIVE"" from "106.51.30.169:30398"
L 07/04/2020 - 20:16:35: Server say "NEXT RES LIVE"
L 07/04/2020 - 20:16:37: Rcon: "rcon 730833704 "Lauda2" sv_restart 5" from "106.51.30.169:30398"
L 07/04/2020 - 20:16:37: Server cvar "sv_restart" = "5"
L 07/04/2020 - 20:16:38: World triggered "Restart_Round_(5_seconds)"
L 07/04/2020 - 20:16:38: Team "CT" scored "0" with "5" players
L 07/04/2020 - 20:16:38: Team "TERRORIST" scored "0" with "5" players
L 07/04/2020 - 20:16:38: Server cvar "sv_restart" = "0"
L 07/04/2020 - 20:16:43: "PROfessor || Professor<779><STEAM_0:0:493150978><TERRORIST>" triggered "Spawned_With_The_Bomb"
L 07/04/2020 - 20:16:44: Rcon: "rcon 730833704 "Lauda2" SAY "Live"" from "106.51.30.169:30398"
L 07/04/2020 - 20:16:44: Server say "Live"
L 07/04/2020 - 20:16:45: Rcon: "rcon 730833704 "Lauda2" SAY "Live"" from "106.51.30.169:30398"
L 07/04/2020 - 20:16:45: Server say "Live"
L 07/04/2020 - 20:16:45: Rcon: "rcon 730833704 "Lauda2" SAY "Live"" from "106.51.30.169:30398"
L 07/04/2020 - 20:16:45: Server say "Live"
L 07/04/2020 - 20:16:45: Rcon: "rcon 730833704 "Lauda2" SAY "Live"" from "106.51.30.169:30398"
L 07/04/2020 - 20:16:45: Server say "Live"
L 07/04/2020 - 20:16:53: World triggered "Round_Start"
L 07/04/2020 - 20:16:55: Rcon: "rcon 730833704 "Lauda2" say "match 3.2 starts"" from "106.51.30.169:30398"
L 07/04/2020 - 20:16:55: Server say "match 3.2 starts"
L 07/04/2020 - 20:17:01: "PROfessor || Professor<779><STEAM_0:0:493150978><TERRORIST>" triggered "Dropped_The_Bomb"
L 07/04/2020 - 20:17:02: "PROfessor || Ladder<777><STEAM_0:0:369456433><TERRORIST>" triggered "Got_The_Bomb"
L 07/04/2020 - 20:17:09: "PROfessor || Professor<779><STEAM_0:0:493150978><TERRORIST>" killed "Branco Bois || Cristiano<773><STEAM_0:0:1465890162><CT>" with "deagle"
L 07/04/2020 - 20:17:13: "PROfessor || wolf<775><VALVE_0:4:1088121065><TERRORIST>" killed "Branco Bois || Agent Felix<774><STEAM_0:1:539804210><CT>" with "glock18"
L 07/04/2020 - 20:17:15: "Branco Bois || pRo_rVlTN<761><STEAM_0:1:546352772><CT>" killed "PROfessor || wolf<775><VALVE_0:4:1088121065><TERRORIST>" with "usp"
L 07/04/2020 - 20:17:17: "Branco Bois || noob_assassin<783><STEAM_0:0:1060612858><CT>" killed "PROfessor || Hathoda Tyagi<778><STEAM_0:0:266700107><TERRORIST>" with "usp"
L 07/04/2020 - 20:17:20: "PROfessor || Aga!N! [3:16]<780><STEAM_0:0:810273828><TERRORIST>" killed "Branco Bois || noob_assassin<783><STEAM_0:0:1060612858><CT>" with "glock18"
L 07/04/2020 - 20:17:20: "Branco Bois || pRo_rVlTN<761><STEAM_0:1:546352772><CT>" killed "PROfessor || Professor<779><STEAM_0:0:493150978><TERRORIST>" with "usp"
L 07/04/2020 - 20:17:22: "Branco Bois || Sic Mundus<764><STEAM_0:1:66144441><CT>" killed "PROfessor || Aga!N! [3:16]<780><STEAM_0:0:810273828><TERRORIST>" with "usp"
L 07/04/2020 - 20:17:28: "PROfessor || Ladder<777><STEAM_0:0:369456433><TERRORIST>" killed "Branco Bois || Sic Mundus<764><STEAM_0:1:66144441><CT>" with "glock18"
L 07/04/2020 - 20:18:04: "PROfessor || Ladder<777><STEAM_0:0:369456433><TERRORIST>" triggered "Planted_The_Bomb"
L 07/04/2020 - 20:18:08: "Branco Bois || pRo_rVlTN<761><STEAM_0:1:546352772><CT>" killed "PROfessor || Ladder<777><STEAM_0:0:369456433><TERRORIST>" with "usp"
L 07/04/2020 - 20:18:12: "Branco Bois || pRo_rVlTN<761><STEAM_0:1:546352772><CT>" triggered "Begin_Bomb_Defuse_With_Kit"
L 07/04/2020 - 20:18:17: "Branco Bois || pRo_rVlTN<761><STEAM_0:1:546352772><CT>" triggered "Defused_The_Bomb"
L 07/04/2020 - 20:18:17: Team "CT" triggered "Bomb_Defused" (CT "1") (T "0")
L 07/04/2020 - 20:18:17: World triggered "Round_End"
L 07/04/2020 - 20:18:22: "PROfessor || wolf<775><VALVE_0:4:1088121065><TERRORIST>" triggered "Spawned_With_The_Bomb"
L 07/04/2020 - 20:18:32: World triggered "Round_Start"
L 07/04/2020 - 20:18:41: "PROfessor || wolf<775><VALVE_0:4:1088121065><TERRORIST>" triggered "Dropped_The_Bomb"
L 07/04/2020 - 20:18:42: "PROfessor || Hathoda Tyagi<778><STEAM_0:0:266700107><TERRORIST>" triggered "Got_The_Bomb"
L 07/04/2020 - 20:19:04: "Branco Bois || Agent Felix<774><STEAM_0:1:539804210><CT>" killed "PROfessor || Hathoda Tyagi<778><STEAM_0:0:266700107><TERRORIST>" with "m4a1"
L 07/04/2020 - 20:19:04: "PROfessor || Hathoda Tyagi<778><STEAM_0:0:266700107><TERRORIST>" triggered "Dropped_The_Bomb"
L 07/04/2020 - 20:19:06: "PROfessor || Ladder<777><STEAM_0:0:369456433><TERRORIST>" killed "Branco Bois || Cristiano<773><STEAM_0:0:1465890162><CT>" with "ak47"
L 07/04/2020 - 20:19:08: "Branco Bois || noob_assassin<783><STEAM_0:0:1060612858><CT>" killed "PROfessor || Professor<779><STEAM_0:0:493150978><TERRORIST>" with "m4a1"
L 07/04/2020 - 20:19:09: "PROfessor || wolf<775><VALVE_0:4:1088121065><TERRORIST>" triggered "Got_The_Bomb"
L 07/04/2020 - 20:19:37: "Branco Bois || Agent Felix<774><STEAM_0:1:539804210><CT>" killed "PROfessor || Aga!N! [3:16]<780><STEAM_0:0:810273828><TERRORIST>" with "m4a1"
L 07/04/2020 - 20:19:47: "PROfessor || Ladder<777><STEAM_0:0:369456433><TERRORIST>" killed "Branco Bois || noob_assassin<783><STEAM_0:0:1060612858><CT>" with "ak47"
L 07/04/2020 - 20:19:50: "Branco Bois || Sic Mundus<764><STEAM_0:1:66144441><CT>" killed "PROfessor || wolf<775><VALVE_0:4:1088121065><TERRORIST>" with "m4a1"
L 07/04/2020 - 20:19:50: "PROfessor || wolf<775><VALVE_0:4:1088121065><TERRORIST>" triggered "Dropped_The_Bomb"
L 07/04/2020 - 20:19:51: "Branco Bois || pRo_rVlTN<761><STEAM_0:1:546352772><CT>" killed "PROfessor || Ladder<777><STEAM_0:0:369456433><TERRORIST>" with "m4a1"
L 07/04/2020 - 20:19:51: Team "CT" triggered "CTs_Win" (CT "2") (T "0")
L 07/04/2020 - 20:19:51: World triggered "Round_End"
L 07/04/2020 - 20:19:56: "PROfessor || Aga!N! [3:16]<780><STEAM_0:0:810273828><TERRORIST>" triggered "Spawned_With_The_Bomb"
L 07/04/2020 - 20:19:59: "PROfessor || Aga!N! [3:16]<780><STEAM_0:0:810273828><TERRORIST>" say_team "e"
L 07/04/2020 - 20:20:06: World triggered "Round_Start"
L 07/04/2020 - 20:20:33: "Branco Bois || Agent Felix<774><STEAM_0:1:539804210><CT>" killed "PROfessor || wolf<775><VALVE_0:4:1088121065><TERRORIST>" with "m4a1"
L 07/04/2020 - 20:20:35: "PROfessor || Hathoda Tyagi<778><STEAM_0:0:266700107><TERRORIST>" killed "Branco Bois || Agent Felix<774><STEAM_0:1:539804210><CT>" with "deagle"
L 07/04/2020 - 20:20:38: "Branco Bois || Cristiano<773><STEAM_0:0:1465890162><CT>" killed "PROfessor || Ladder<777><STEAM_0:0:369456433><TERRORIST>" with "famas"
L 07/04/2020 - 20:20:44: "PROfessor || Hathoda Tyagi<778><STEAM_0:0:266700107><TERRORIST>" killed "Branco Bois || Cristiano<773><STEAM_0:0:1465890162><CT>" with "deagle"
L 07/04/2020 - 20:21:17: "PROfessor || Professor<779><STEAM_0:0:493150978><TERRORIST>" killed "Branco Bois || noob_assassin<783><STEAM_0:0:1060612858><CT>" with "glock18"
L 07/04/2020 - 20:21:19: "Branco Bois || pRo_rVlTN<761><STEAM_0:1:546352772><CT>" killed "PROfessor || Hathoda Tyagi<778><STEAM_0:0:266700107><TERRORIST>" with "m4a1"
L 07/04/2020 - 20:21:21: "PROfessor || Professor<779><STEAM_0:0:493150978><TERRORIST>" killed "Branco Bois || Sic Mundus<764><STEAM_0:1:66144441><CT>" with "glock18"
L 07/04/2020 - 20:21:27: "PROfessor || Aga!N! [3:16]<780><STEAM_0:0:810273828><TERRORIST>" killed "Branco Bois || pRo_rVlTN<761><STEAM_0:1:546352772><CT>" with "glock18"
L 07/04/2020 - 20:21:27: Team "TERRORIST" triggered "Terrorists_Win" (CT "2") (T "1")
L 07/04/2020 - 20:21:27: World triggered "Round_End"
L 07/04/2020 - 20:21:32: "PROfessor || Ladder<777><STEAM_0:0:369456433><TERRORIST>" triggered "Spawned_With_The_Bomb"
L 07/04/2020 - 20:21:42: World triggered "Round_Start"
L 07/04/2020 - 20:21:50: "PROfessor || Ladder<777><STEAM_0:0:369456433><TERRORIST>" triggered "Dropped_The_Bomb"
L 07/04/2020 - 20:21:52: "PROfessor || Professor<779><STEAM_0:0:493150978><TERRORIST>" triggered "Got_The_Bomb"
L 07/04/2020 - 20:22:22: "PROfessor || Aga!N! [3:16]<780><STEAM_0:0:810273828><TERRORIST>" killed "Branco Bois || noob_assassin<783><STEAM_0:0:1060612858><CT>" with "m4a1"
L 07/04/2020 - 20:22:35: "Branco Bois || Sic Mundus<764><STEAM_0:1:66144441><CT>" killed "PROfessor || Aga!N! [3:16]<780><STEAM_0:0:810273828><TERRORIST>" with "m4a1"
L 07/04/2020 - 20:22:36: "PROfessor || Professor<779><STEAM_0:0:493150978><TERRORIST>" killed "Branco Bois || Sic Mundus<764><STEAM_0:1:66144441><CT>" with "ak47"
L 07/04/2020 - 20:22:42: "PROfessor || Ladder<777><STEAM_0:0:369456433><TERRORIST>" killed "Branco Bois || pRo_rVlTN<761><STEAM_0:1:546352772><CT>" with "ak47"
L 07/04/2020 - 20:22:50: "PROfessor || Hathoda Tyagi<778><STEAM_0:0:266700107><TERRORIST>" killed "Branco Bois || Cristiano<773><STEAM_0:0:1465890162><CT>" with "ak47"
L 07/04/2020 - 20:22:52: "Branco Bois || Agent Felix<774><STEAM_0:1:539804210><CT>" killed "PROfessor || Hathoda Tyagi<778><STEAM_0:0:266700107><TERRORIST>" with "m4a1"
L 07/04/2020 - 20:22:53: "PROfessor || Professor<779><STEAM_0:0:493150978><TERRORIST>" triggered "Planted_The_Bomb"
L 07/04/2020 - 20:23:10: "Branco Bois || Agent Felix<774><STEAM_0:1:539804210><CT>" killed "PROfessor || wolf<775><VALVE_0:4:1088121065><TERRORIST>" with "m4a1"
L 07/04/2020 - 20:23:22: "PROfessor || Professor<779><STEAM_0:0:493150978><TERRORIST>" killed "Branco Bois || Agent Felix<774><STEAM_0:1:539804210><CT>" with "ak47"
L 07/04/2020 - 20:23:22: Team "TERRORIST" triggered "Terrorists_Win" (CT "2") (T "2")
L 07/04/2020 - 20:23:22: World triggered "Round_End"
L 07/04/2020 - 20:23:27: "PROfessor || Hathoda Tyagi<778><STEAM_0:0:266700107><TERRORIST>" triggered "Spawned_With_The_Bomb"
L 07/04/2020 - 20:23:33: "PROfessor || Hathoda Tyagi<778><STEAM_0:0:266700107><TERRORIST>" triggered "Dropped_The_Bomb"
L 07/04/2020 - 20:23:37: World triggered "Round_Start"
L 07/04/2020 - 20:23:45: "PROfessor || Aga!N! [3:16]<780><STEAM_0:0:810273828><TERRORIST>" triggered "Got_The_Bomb"
L 07/04/2020 - 20:23:56: "PROfessor || Hathoda Tyagi<778><STEAM_0:0:266700107><TERRORIST>" killed "Branco Bois || Cristiano<773><STEAM_0:0:1465890162><CT>" with "ak47"
L 07/04/2020 - 20:24:01: "Branco Bois || noob_assassin<783><STEAM_0:0:1060612858><CT>" killed "PROfessor || Aga!N! [3:16]<780><STEAM_0:0:810273828><TERRORIST>" with "ump45"
L 07/04/2020 - 20:24:01: "PROfessor || Aga!N! [3:16]<780><STEAM_0:0:810273828><TERRORIST>" triggered "Dropped_The_Bomb"
L 07/04/2020 - 20:24:03: "Branco Bois || Agent Felix<774><STEAM_0:1:539804210><CT>" killed "PROfessor || wolf<775><VALVE_0:4:1088121065><TERRORIST>" with "famas"
L 07/04/2020 - 20:24:04: "PROfessor || Hathoda Tyagi<778><STEAM_0:0:266700107><TERRORIST>" killed "Branco Bois || Agent Felix<774><STEAM_0:1:539804210><CT>" with "ak47"
L 07/04/2020 - 20:24:18: "PROfessor || Hathoda Tyagi<778><STEAM_0:0:266700107><TERRORIST>" killed "Branco Bois || noob_assassin<783><STEAM_0:0:1060612858><CT>" with "ak47"
L 07/04/2020 - 20:24:18: "Branco Bois || Sic Mundus<764><STEAM_0:1:66144441><CT>" killed "PROfessor || Ladder<777><STEAM_0:0:369456433><TERRORIST>" with "mp5navy"
L 07/04/2020 - 20:24:26: "Branco Bois || pRo_rVlTN<761><STEAM_0:1:546352772><CT>" killed "PROfessor || Professor<779><STEAM_0:0:493150978><TERRORIST>" with "famas"
L 07/04/2020 - 20:24:53: "PROfessor || Hathoda Tyagi<778><STEAM_0:0:266700107><TERRORIST>" killed "Branco Bois || Sic Mundus<764><STEAM_0:1:66144441><CT>" with "ak47"
L 07/04/2020 - 20:25:19: "PROfessor || Hathoda Tyagi<778><STEAM_0:0:266700107><TERRORIST>" triggered "Got_The_Bomb"
L 07/04/2020 - 20:25:20: "Branco Bois || pRo_rVlTN<761><STEAM_0:1:546352772><CT>" killed "PROfessor || Hathoda Tyagi<778><STEAM_0:0:266700107><TERRORIST>" with "ak47"
L 07/04/2020 - 20:25:20: Team "CT" triggered "CTs_Win" (CT "3") (T "2")
L 07/04/2020 - 20:25:20: World triggered "Round_End"
L 07/04/2020 - 20:25:25: "PROfessor || Professor<779><STEAM_0:0:493150978><TERRORIST>" triggered "Spawned_With_The_Bomb"
L 07/04/2020 - 20:25:35: World triggered "Round_Start"
L 07/04/2020 - 20:25:52: "Branco Bois || Agent Felix<774><STEAM_0:1:539804210><CT>" killed "PROfessor || Aga!N! [3:16]<780><STEAM_0:0:810273828><TERRORIST>" with "m4a1"
L 07/04/2020 - 20:25:53: "Branco Bois || Agent Felix<774><STEAM_0:1:539804210><CT>" killed "PROfessor || wolf<775><VALVE_0:4:1088121065><TERRORIST>" with "m4a1"
L 07/04/2020 - 20:25:54: "PROfessor || Hathoda Tyagi<778><STEAM_0:0:266700107><TERRORIST>" killed "Branco Bois || Cristiano<773><STEAM_0:0:1465890162><CT>" with "ak47"
L 07/04/2020 - 20:26:40: "Branco Bois || Agent Felix<774><STEAM_0:1:539804210><CT>" killed "PROfessor || Hathoda Tyagi<778><STEAM_0:0:266700107><TERRORIST>" with "m4a1"
L 07/04/2020 - 20:26:57: "Branco Bois || Agent Felix<774><STEAM_0:1:539804210><CT>" killed "PROfessor || Professor<779><STEAM_0:0:493150978><TERRORIST>" with "m4a1"
L 07/04/2020 - 20:26:57: "PROfessor || Professor<779><STEAM_0:0:493150978><TERRORIST>" triggered "Dropped_The_Bomb"
L 07/04/2020 - 20:27:07: "Branco Bois || pRo_rVlTN<761><STEAM_0:1:546352772><CT>" killed "PROfessor || Ladder<777><STEAM_0:0:369456433><TERRORIST>" with "ak47"
L 07/04/2020 - 20:27:08: Team "CT" triggered "CTs_Win" (CT "4") (T "2")
L 07/04/2020 - 20:27:08: World triggered "Round_End"
L 07/04/2020 - 20:27:13: "PROfessor || wolf<775><VALVE_0:4:1088121065><TERRORIST>" triggered "Spawned_With_The_Bomb"
L 07/04/2020 - 20:27:15: "PROfessor || Aga!N! [3:16]<780><STEAM_0:0:810273828><TERRORIST>" say_team "pppepppppp"
L 07/04/2020 - 20:27:18: [DPROTO]: Client 4 - Set AuthIdType 1 [dp_RevEmu]; pClient = 0567C088
L 07/04/2020 - 20:27:18: "First Aid Box || sUthoL<784><STEAM_0:0:1414580386><>" connected, address "103.217.243.166:27005"
L 07/04/2020 - 20:27:23: World triggered "Round_Start"
L 07/04/2020 - 20:27:23: "First Aid Box || sUthoL<784><STEAM_0:0:1414580386><>" entered the game
L 07/04/2020 - 20:27:29: [DPROTO]: Client 11 - Set AuthIdType 4 [dproto]; pClient = 0569F130
L 07/04/2020 - 20:27:29: "Ninja Bois || F5<785><VALVE_0:4:60688751><>" connected, address "103.240.96.174:27005"
L 07/04/2020 - 20:27:33: "Ninja Bois || F5<785><VALVE_0:4:60688751><>" entered the game
L 07/04/2020 - 20:27:42: "First Aid Box || sUthoL<784><STEAM_0:0:1414580386><>" joined team "SPECTATOR"
L 07/04/2020 - 20:27:59: "Branco Bois || pRo_rVlTN<761><STEAM_0:1:546352772><CT>" killed "PROfessor || Aga!N! [3:16]<780><STEAM_0:0:810273828><TERRORIST>" with "m4a1"
L 07/04/2020 - 20:28:03: "Branco Bois || noob_assassin<783><STEAM_0:0:1060612858><CT>" killed "PROfessor || Hathoda Tyagi<778><STEAM_0:0:266700107><TERRORIST>" with "m4a1"
L 07/04/2020 - 20:28:06: "Branco Bois || noob_assassin<783><STEAM_0:0:1060612858><CT>" killed "PROfessor || Ladder<777><STEAM_0:0:369456433><TERRORIST>" with "m4a1"
L 07/04/2020 - 20:28:28: "Branco Bois || pRo_rVlTN<761><STEAM_0:1:546352772><CT>" killed "PROfessor || Professor<779><STEAM_0:0:493150978><TERRORIST>" with "m4a1"
L 07/04/2020 - 20:28:36: "Branco Bois || pRo_rVlTN<761><STEAM_0:1:546352772><CT>" killed "PROfessor || wolf<775><VALVE_0:4:1088121065><TERRORIST>" with "m4a1"
L 07/04/2020 - 20:28:36: Team "CT" triggered "CTs_Win" (CT "5") (T "2")
L 07/04/2020 - 20:28:36: World triggered "Round_End"
L 07/04/2020 - 20:28:41: "PROfessor || Aga!N! [3:16]<780><STEAM_0:0:810273828><TERRORIST>" triggered "Spawned_With_The_Bomb"
L 07/04/2020 - 20:28:51: World triggered "Round_Start"
L 07/04/2020 - 20:29:21: "Branco Bois || pRo_rVlTN<761><STEAM_0:1:546352772><CT>" killed "PROfessor || Professor<779><STEAM_0:0:493150978><TERRORIST>" with "m4a1"
L 07/04/2020 - 20:29:45: "First Aid Box || sUthoL<784><STEAM_0:0:1414580386><SPECTATOR>" disconnected
L 07/04/2020 - 20:29:45: [DPROTO]: Client 4 - Set AuthIdType 1 [dp_RevEmu]; pClient = 0567C088
L 07/04/2020 - 20:29:45: "First Aid Box || sUthoL<786><STEAM_0:0:1414580386><>" connected, address "103.217.243.166:27005"
L 07/04/2020 - 20:29:49: "First Aid Box || sUthoL<786><STEAM_0:0:1414580386><>" entered the game
L 07/04/2020 - 20:29:57: "First Aid Box || sUthoL<786><STEAM_0:0:1414580386><>" joined team "SPECTATOR"
L 07/04/2020 - 20:30:00: "PROfessor || Aga!N! [3:16]<780><STEAM_0:0:810273828><TERRORIST>" triggered "Planted_The_Bomb"
L 07/04/2020 - 20:30:02: "PROfessor || Ladder<777><STEAM_0:0:369456433><TERRORIST>" killed "Branco Bois || Agent Felix<774><STEAM_0:1:539804210><CT>" with "ak47"
L 07/04/2020 - 20:30:08: "Branco Bois || Cristiano<773><STEAM_0:0:1465890162><CT>" killed "PROfessor || Ladder<777><STEAM_0:0:369456433><TERRORIST>" with "ak47"
L 07/04/2020 - 20:30:15: "PROfessor || wolf<775><VALVE_0:4:1088121065><TERRORIST>" killed "Branco Bois || Sic Mundus<764><STEAM_0:1:66144441><CT>" with "deagle"
L 07/04/2020 - 20:30:18: "Branco Bois || noob_assassin<783><STEAM_0:0:1060612858><CT>" killed "PROfessor || wolf<775><VALVE_0:4:1088121065><TERRORIST>" with "m4a1"
L 07/04/2020 - 20:30:25: "Branco Bois || Cristiano<773><STEAM_0:0:1465890162><CT>" killed "Branco Bois || noob_assassin<783><STEAM_0:0:1060612858><CT>" with "ak47"
L 07/04/2020 - 20:30:31: "PROfessor || Aga!N! [3:16]<780><STEAM_0:0:810273828><TERRORIST>" killed "Branco Bois || pRo_rVlTN<761><STEAM_0:1:546352772><CT>" with "ak47"
L 07/04/2020 - 20:30:32: "Branco Bois || Cristiano<773><STEAM_0:0:1465890162><CT>" killed "PROfessor || Hathoda Tyagi<778><STEAM_0:0:266700107><TERRORIST>" with "ak47"
L 07/04/2020 - 20:30:35: "Branco Bois || Cristiano<773><STEAM_0:0:1465890162><CT>" triggered "Begin_Bomb_Defuse_With_Kit"
L 07/04/2020 - 20:30:38: "PROfessor || Aga!N! [3:16]<780><STEAM_0:0:810273828><TERRORIST>" killed "Branco Bois || Cristiano<773><STEAM_0:0:1465890162><CT>" with "ak47"
L 07/04/2020 - 20:30:38: Team "TERRORIST" triggered "Terrorists_Win" (CT "5") (T "3")
L 07/04/2020 - 20:30:38: World triggered "Round_End"
L 07/04/2020 - 20:30:42: "PROfessor || Hathoda Tyagi<778><STEAM_0:0:266700107><TERRORIST>" say "gg" (dead)
L 07/04/2020 - 20:30:43: "PROfessor || Ladder<777><STEAM_0:0:369456433><TERRORIST>" triggered "Spawned_With_The_Bomb"
L 07/04/2020 - 20:30:44: "Branco Bois || Agent Felix<774><STEAM_0:1:539804210><CT>" say "gg"
L 07/04/2020 - 20:30:45: "PROfessor || Hathoda Tyagi<778><STEAM_0:0:266700107><TERRORIST>" say "gg"
L 07/04/2020 - 20:30:45: "PROfessor || Professor<779><STEAM_0:0:493150978><TERRORIST>" say "gg"
L 07/04/2020 - 20:30:45: "Branco Bois || pRo_rVlTN<761><STEAM_0:1:546352772><CT>" say "gg"
L 07/04/2020 - 20:30:46: "PROfessor || Ladder<777><STEAM_0:0:369456433><TERRORIST>" say "gg"
L 07/04/2020 - 20:30:46: Rcon: "rcon 730833704 "Lauda2" say "match 3.2 ENDS"" from "106.51.30.169:30398"
L 07/04/2020 - 20:30:46: Server say "match 3.2 ENDS"
L 07/04/2020 - 20:30:47: "PROfessor || Aga!N! [3:16]<780><STEAM_0:0:810273828><TERRORIST>" say "gg"
L 07/04/2020 - 20:30:49: Rcon: "rcon 730833704 "Lauda2" say "GG"" from "106.51.30.169:30398"
L 07/04/2020 - 20:30:49: Server say "GG"
L 07/04/2020 - 20:30:50: "Branco Bois || Agent Felix<774><STEAM_0:1:539804210><CT>" disconnected
L 07/04/2020 - 20:30:53: World triggered "Round_Start"
L 07/04/2020 - 20:30:53: "PROfessor || Aga!N! [3:16]<780><STEAM_0:0:810273828><TERRORIST>" disconnected
L 07/04/2020 - 20:30:54: "PROfessor || Hathoda Tyagi<778><STEAM_0:0:266700107><TERRORIST>" disconnected
L 07/04/2020 - 20:30:55: Rcon: "rcon 730833704 "Lauda2" say "GG"" from "106.51.30.169:30398"
L 07/04/2020 - 20:30:55: Server say "GG"
L 07/04/2020 - 20:30:55: Rcon: "rcon 730833704 "Lauda2" say "GG"" from "106.51.30.169:30398"
L 07/04/2020 - 20:30:55: Server say "GG"
L 07/04/2020 - 20:30:56: [DPROTO]: Client 5 - Set AuthIdType 1 [Native]; pClient = 056810A0
L 07/04/2020 - 20:30:56: "Ninja Bois || Escanor<787><STEAM_0:0:83230422><>" connected, address "103.76.82.177:6115"
L 07/04/2020 - 20:30:56: "Ninja Bois || Escanor<787><STEAM_0:0:83230422><>" STEAM USERID validated
L 07/04/2020 - 20:30:57: "PROfessor || Ladder<777><STEAM_0:0:369456433><TERRORIST>" killed "PROfessor || Professor<779><STEAM_0:0:493150978><TERRORIST>" with "glock18"
L 07/04/2020 - 20:30:57: "Branco Bois || Cristiano<773><STEAM_0:0:1465890162><CT>" disconnected
L 07/04/2020 - 20:30:59: "PROfessor || Professor<779><STEAM_0:0:493150978><TERRORIST>" disconnected
L 07/04/2020 - 20:31:01: "Ninja Bois || Escanor<787><STEAM_0:0:83230422><>" entered the game
L 07/04/2020 - 20:31:01: "PROfessor || Ladder<777><STEAM_0:0:369456433><TERRORIST>" triggered "Dropped_The_Bomb"
L 07/04/2020 - 20:31:01: "PROfessor || Ladder<777><STEAM_0:0:369456433><TERRORIST>" disconnected
L 07/04/2020 - 20:31:03: "Branco Bois || noob_assassin<783><STEAM_0:0:1060612858><CT>" disconnected
L 07/04/2020 - 20:31:04: "Branco Bois || Sic Mundus<764><STEAM_0:1:66144441><CT>" disconnected
L 07/04/2020 - 20:31:06: Rcon: "rcon 730833704 "Lauda2" CHANGELEVEL DE_NUKE" from "106.51.30.169:30398"
L 07/04/2020 - 20:31:06: [META] ini: Begin re-reading plugins list: g:/tcafiles/users/fkguxmko/7303/cstrike/addons/metamod/plugins.ini
L 07/04/2020 - 20:31:06: [META] ini: Read plugin config for: AMX Mod X
L 07/04/2020 - 20:31:06: [META] ini: Read plugin config for: dproto_EF
L 07/04/2020 - 20:31:06: [META] ini: Finished reading plugins list: g:/tcafiles/users/fkguxmko/7303/cstrike/addons/metamod/plugins.ini; Found 2 plugins
L 07/04/2020 - 20:31:06: [META] dll: Updating plugins...
L 07/04/2020 - 20:31:06: [META] dll: Finished updating 5 plugins; kept 2, loaded 0, unloaded 0, reloaded 0, delayed 0
L 07/04/2020 - 20:31:06: "Branco Bois || pRo_rVlTN<761><STEAM_0:1:546352772><CT>" disconnected
L 07/04/2020 - 20:31:06: "First Aid Box || sUthoL<786><STEAM_0:0:1414580386><SPECTATOR>" disconnected
L 07/04/2020 - 20:31:06: "Ninja Bois || Escanor<787><STEAM_0:0:83230422><>" disconnected
L 07/04/2020 - 20:31:06: "Ninja Bois || StuFu<782><STEAM_0:1:147341737><SPECTATOR>" disconnected
L 07/04/2020 - 20:31:06: "PROfessor || wolf<775><VALVE_0:4:1088121065><TERRORIST>" disconnected
L 07/04/2020 - 20:31:06: World triggered "Round_Draw" (CT "5") (T "3")
L 07/04/2020 - 20:31:06: World triggered "Round_End"
L 07/04/2020 - 20:31:06: "Ninja Bois || F5<785><VALVE_0:4:60688751><>" disconnected
L 07/04/2020 - 20:31:06: World triggered "Round_Draw" (CT "5") (T "3")
L 07/04/2020 - 20:31:06: World triggered "Round_End"
L 07/04/2020 - 20:31:06: Log file closed
