L 07/04/2020 - 18:38:16: Log file started (file "logs\L0704012.log") (game "cstrike") (version "48/1.1.2.7/8308")
L 07/04/2020 - 18:38:16: Loading map "DE_INFERNO"
L 07/04/2020 - 18:38:16: Server cvars start
L 07/04/2020 - 18:38:16: Server cvar "_tutor_bomb_viewable_check_interval" = "0.5"
L 07/04/2020 - 18:38:16: Server cvar "_tutor_debug_level" = "0"
L 07/04/2020 - 18:38:16: Server cvar "_tutor_examine_time" = "0.5"
L 07/04/2020 - 18:38:16: Server cvar "_tutor_hint_interval_time" = "10.0"
L 07/04/2020 - 18:38:16: Server cvar "_tutor_look_angle" = "10"
L 07/04/2020 - 18:38:16: Server cvar "_tutor_look_distance" = "200"
L 07/04/2020 - 18:38:16: Server cvar "_tutor_message_character_display_time_coefficient" = "0.07"
L 07/04/2020 - 18:38:16: Server cvar "_tutor_message_minimum_display_time" = "1"
L 07/04/2020 - 18:38:16: Server cvar "_tutor_message_repeats" = "5"
L 07/04/2020 - 18:38:16: Server cvar "_tutor_view_distance" = "1000"
L 07/04/2020 - 18:38:16: Server cvar "allow_spectators" = "1"
L 07/04/2020 - 18:38:16: Server cvar "amx_client_languages" = "1"
L 07/04/2020 - 18:38:16: Server cvar "amx_language" = "en"
L 07/04/2020 - 18:38:16: Server cvar "amx_nextmap" = "de_train"
L 07/04/2020 - 18:38:16: Server cvar "amx_timeleft" = "65534:53"
L 07/04/2020 - 18:38:16: Server cvar "amxmodx_version" = "1.8.2"
L 07/04/2020 - 18:38:16: Server cvar "coop" = "0"
L 07/04/2020 - 18:38:16: Server cvar "deathmatch" = "1"
L 07/04/2020 - 18:38:16: Server cvar "decalfrequency" = "60"
L 07/04/2020 - 18:38:16: Server cvar "dp_version" = "0.9.582"
L 07/04/2020 - 18:38:16: Server cvar "edgefriction" = "2"
L 07/04/2020 - 18:38:16: Server cvar "hostage_debug" = "0"
L 07/04/2020 - 18:38:16: Server cvar "hostage_stop" = "0"
L 07/04/2020 - 18:38:16: Server cvar "humans_join_team" = "any"
L 07/04/2020 - 18:38:16: Server cvar "max_queries_sec" = "3.0"
L 07/04/2020 - 18:38:16: Server cvar "max_queries_sec_global" = "30"
L 07/04/2020 - 18:38:16: Server cvar "max_queries_window" = "60"
L 07/04/2020 - 18:38:16: Server cvar "metamod_version" = "1.20"
L 07/04/2020 - 18:38:16: Server cvar "mp_allowmonsters" = "0"
L 07/04/2020 - 18:38:16: Server cvar "mp_autokick" = "0"
L 07/04/2020 - 18:38:16: Server cvar "mp_autokick_timeout" = "-1"
L 07/04/2020 - 18:38:16: Server cvar "mp_autoteambalance" = "0"
L 07/04/2020 - 18:38:16: Server cvar "mp_buytime" = "1.5"
L 07/04/2020 - 18:38:16: Server cvar "mp_c4timer" = "45"
L 07/04/2020 - 18:38:16: Server cvar "mp_chattime" = "0"
L 07/04/2020 - 18:38:16: Server cvar "mp_consistency" = "1"
L 07/04/2020 - 18:38:16: Server cvar "mp_fadetoblack" = "0"
L 07/04/2020 - 18:38:16: Server cvar "mp_flashlight" = "0"
L 07/04/2020 - 18:38:16: Server cvar "mp_footsteps" = "1"
L 07/04/2020 - 18:38:16: Server cvar "mp_forcecamera" = "0"
L 07/04/2020 - 18:38:16: Server cvar "mp_forcechasecam" = "2"
L 07/04/2020 - 18:38:16: Server cvar "mp_fragsleft" = "0"
L 07/04/2020 - 18:38:16: Server cvar "mp_freezetime" = "10"
L 07/04/2020 - 18:38:16: Server cvar "mp_friendlyfire" = "1"
L 07/04/2020 - 18:38:16: Server cvar "mp_ghostfrequency" = "0.1"
L 07/04/2020 - 18:38:16: Server cvar "mp_hostagepenalty" = "2"
L 07/04/2020 - 18:38:16: Server cvar "mp_infinite_ammo" = "0"
L 07/04/2020 - 18:38:16: Server cvar "mp_kickpercent" = "0.66"
L 07/04/2020 - 18:38:16: Server cvar "mp_limitteams" = "5"
L 07/04/2020 - 18:38:16: Server cvar "mp_logdetail" = "0"
L 07/04/2020 - 18:38:16: Server cvar "mp_logfile" = "1"
L 07/04/2020 - 18:38:16: Server cvar "mp_logmessages" = "1"
L 07/04/2020 - 18:38:16: Server cvar "mp_mapvoteratio" = "0.66"
L 07/04/2020 - 18:38:16: Server cvar "mp_maxrounds" = "0"
L 07/04/2020 - 18:38:16: Server cvar "mp_mirrordamage" = "0"
L 07/04/2020 - 18:38:16: Server cvar "mp_playerid" = "0"
L 07/04/2020 - 18:38:16: Server cvar "mp_roundtime" = "2"
L 07/04/2020 - 18:38:16: Server cvar "mp_scoreboard_showhealth" = "3"
L 07/04/2020 - 18:38:16: Server cvar "mp_scoreboard_showmoney" = "3"
L 07/04/2020 - 18:38:16: Server cvar "mp_startmoney" = "800"
L 07/04/2020 - 18:38:16: Server cvar "mp_timeleft" = "0"
L 07/04/2020 - 18:38:16: Server cvar "mp_timelimit" = "65535"
L 07/04/2020 - 18:38:16: Server cvar "mp_tkpunish" = "0"
L 07/04/2020 - 18:38:16: Server cvar "mp_windifference" = "1"
L 07/04/2020 - 18:38:16: Server cvar "mp_winlimit" = "0"
L 07/04/2020 - 18:38:16: Server cvar "pausable" = "0"
L 07/04/2020 - 18:38:16: Server cvar "sv_accelerate" = "5"
L 07/04/2020 - 18:38:16: Server cvar "sv_aim" = "0"
L 07/04/2020 - 18:38:16: Server cvar "sv_airaccelerate" = "10"
L 07/04/2020 - 18:38:16: Server cvar "sv_allowupload" = "1"
L 07/04/2020 - 18:38:16: Server cvar "sv_alltalk" = "0"
L 07/04/2020 - 18:38:16: Server cvar "sv_bounce" = "1"
L 07/04/2020 - 18:38:16: Server cvar "sv_cheats" = "0"
L 07/04/2020 - 18:38:16: Server cvar "sv_clienttrace" = "1"
L 07/04/2020 - 18:38:16: Server cvar "sv_contact" = "apoo12345@gmail.com"
L 07/04/2020 - 18:38:16: Server cvar "sv_friction" = "4"
L 07/04/2020 - 18:38:16: Server cvar "sv_gravity" = "800"
L 07/04/2020 - 18:38:16: Server cvar "sv_logblocks" = "0"
L 07/04/2020 - 18:38:16: Server cvar "sv_maxrate" = "20000"
L 07/04/2020 - 18:38:16: Server cvar "sv_maxspeed" = "900"
L 07/04/2020 - 18:38:16: Server cvar "sv_minrate" = "5000"
L 07/04/2020 - 18:38:16: Server cvar "sv_password" = "Lauda"
L 07/04/2020 - 18:38:16: Server cvar "sv_proxies" = "1"
L 07/04/2020 - 18:38:16: Server cvar "sv_restart" = "0"
L 07/04/2020 - 18:38:16: Server cvar "sv_restartround" = "0"
L 07/04/2020 - 18:38:16: Server cvar "sv_stepsize" = "18"
L 07/04/2020 - 18:38:16: Server cvar "sv_stopspeed" = "75"
L 07/04/2020 - 18:38:16: Server cvar "sv_uploadmax" = "0.5"
L 07/04/2020 - 18:38:16: Server cvar "sv_voiceenable" = "0"
L 07/04/2020 - 18:38:16: Server cvar "sv_wateraccelerate" = "10"
L 07/04/2020 - 18:38:16: Server cvar "sv_waterfriction" = "1"
L 07/04/2020 - 18:38:16: Server cvars end
L 07/04/2020 - 18:38:18: Server cvar "amx_nextmap" = "DE_INFERNO"
L 07/04/2020 - 18:38:19: Started map "DE_INFERNO" (CRC "-1312756001")
L 07/04/2020 - 18:38:23: "Pandavas || Escanor<763><STEAM_0:0:83230422><>" entered the game
L 07/04/2020 - 18:38:24: "pRo_RVltN<761><STEAM_0:1:546352772><>" entered the game
L 07/04/2020 - 18:38:24: "First Aid Box || sUthoL<744><STEAM_0:0:1414580386><>" entered the game
L 07/04/2020 - 18:38:24: "Wolves || StuFu<753><STEAM_0:1:147341737><>" entered the game
L 07/04/2020 - 18:38:25: "F5<759><VALVE_0:4:60688751><>" entered the game
L 07/04/2020 - 18:38:26: "Pandavas || Escanor<763><STEAM_0:0:83230422><>" joined team "TERRORIST"
L 07/04/2020 - 18:38:27: [DPROTO]: Client 3 - Set AuthIdType 1 [Native]; pClient = 05677070
L 07/04/2020 - 18:38:27: "Baruipur Local<764><STEAM_0:1:66144441><>" connected, address "106.51.234.216:29023"
L 07/04/2020 - 18:38:27: "Baruipur Local<764><STEAM_0:1:66144441><>" STEAM USERID validated
L 07/04/2020 - 18:38:28: "Pandavas || Escanor<763><STEAM_0:0:83230422><TERRORIST>" triggered "Spawned_With_The_Bomb"
L 07/04/2020 - 18:38:28: "bored_assassin<762><STEAM_0:0:1060612858><>" entered the game
L 07/04/2020 - 18:38:29: "First Aid Box || sUthoL<744><STEAM_0:0:1414580386><>" disconnected
L 07/04/2020 - 18:38:29: [DPROTO]: Client 5 - Set AuthIdType 1 [dp_RevEmu]; pClient = 056810A0
L 07/04/2020 - 18:38:29: "First Aid Box || sUthoL<765><STEAM_0:0:1414580386><>" connected, address "103.217.243.166:27005"
L 07/04/2020 - 18:38:30: "pRo_RVltN<761><STEAM_0:1:546352772><>" joined team "CT"
L 07/04/2020 - 18:38:30: World triggered "Game_Commencing"
L 07/04/2020 - 18:38:30: World triggered "Game_Commencing" (CT "0") (T "0")
L 07/04/2020 - 18:38:30: World triggered "Round_End"
L 07/04/2020 - 18:38:30: "Baruipur Local<764><STEAM_0:1:66144441><>" entered the game
L 07/04/2020 - 18:38:33: "First Aid Box || sUthoL<765><STEAM_0:0:1414580386><>" entered the game
L 07/04/2020 - 18:38:33: "Pandavas || Escanor<763><STEAM_0:0:83230422><TERRORIST>" triggered "Spawned_With_The_Bomb"
L 07/04/2020 - 18:38:35: "bored_assassin<762><STEAM_0:0:1060612858><>" joined team "CT"
L 07/04/2020 - 18:38:40: "Wolves || StuFu<753><STEAM_0:1:147341737><>" joined team "TERRORIST"
L 07/04/2020 - 18:38:43: World triggered "Round_Start"
L 07/04/2020 - 18:38:53: "Wolves || StuFu<753><STEAM_0:1:147341737><TERRORIST>" disconnected
L 07/04/2020 - 18:39:00: "pRo_RVltN<761><STEAM_0:1:546352772><CT>" killed "Pandavas || Escanor<763><STEAM_0:0:83230422><TERRORIST>" with "usp"
L 07/04/2020 - 18:39:00: Team "CT" triggered "CTs_Win" (CT "1") (T "0")
L 07/04/2020 - 18:39:00: World triggered "Round_End"
L 07/04/2020 - 18:39:05: "Pandavas || Escanor<763><STEAM_0:0:83230422><TERRORIST>" triggered "Spawned_With_The_Bomb"
L 07/04/2020 - 18:39:15: World triggered "Round_Start"
L 07/04/2020 - 18:39:24: [DPROTO]: Client 13 - Set AuthIdType 1 [Native]; pClient = 056A9160
L 07/04/2020 - 18:39:24: "Agent Felix<766><STEAM_0:1:539804210><>" connected, address "103.251.50.59:27005"
L 07/04/2020 - 18:39:25: "Agent Felix<766><STEAM_0:1:539804210><>" STEAM USERID validated
L 07/04/2020 - 18:39:25: [DPROTO]: Client 6 - Set AuthIdType 1 [Native]; pClient = 056860B8
L 07/04/2020 - 18:39:25: "Wolves || StuFu<767><STEAM_0:1:147341737><>" connected, address "106.51.30.169:30398"
L 07/04/2020 - 18:39:25: "Wolves || StuFu<767><STEAM_0:1:147341737><>" STEAM USERID validated
L 07/04/2020 - 18:39:28: "Wolves || StuFu<767><STEAM_0:1:147341737><>" entered the game
L 07/04/2020 - 18:39:30: [DPROTO]: Client 4 - Set AuthIdType 1 [dp_RevEmu]; pClient = 0567C088
L 07/04/2020 - 18:39:30: "Mute || Cristiano<768><STEAM_0:0:1465890162><>" connected, address "103.200.40.94:27005"
L 07/04/2020 - 18:39:31: "Agent Felix<766><STEAM_0:1:539804210><>" entered the game
L 07/04/2020 - 18:39:35: "bored_assassin<762><STEAM_0:0:1060612858><CT>" killed "Pandavas || Escanor<763><STEAM_0:0:83230422><TERRORIST>" with "m4a1"
L 07/04/2020 - 18:39:35: Team "CT" triggered "CTs_Win" (CT "2") (T "0")
L 07/04/2020 - 18:39:35: World triggered "Round_End"
L 07/04/2020 - 18:39:36: "Mute || Cristiano<768><STEAM_0:0:1465890162><>" entered the game
L 07/04/2020 - 18:39:39: "Wolves || StuFu<767><STEAM_0:1:147341737><>" joined team "TERRORIST"
L 07/04/2020 - 18:39:40: "Wolves || StuFu<767><STEAM_0:1:147341737><TERRORIST>" triggered "Spawned_With_The_Bomb"
L 07/04/2020 - 18:39:42: "Mute || Cristiano<768><STEAM_0:0:1465890162><>" joined team "SPECTATOR"
L 07/04/2020 - 18:39:50: World triggered "Round_Start"
L 07/04/2020 - 18:39:51: "Agent Felix<766><STEAM_0:1:539804210><>" joined team "CT"
L 07/04/2020 - 18:39:57: "Wolves || StuFu<767><STEAM_0:1:147341737><TERRORIST>" triggered "Dropped_The_Bomb"
L 07/04/2020 - 18:39:57: "Wolves || StuFu<767><STEAM_0:1:147341737><TERRORIST>" disconnected
L 07/04/2020 - 18:40:03: "pRo_RVltN<761><STEAM_0:1:546352772><CT>" killed "Pandavas || Escanor<763><STEAM_0:0:83230422><TERRORIST>" with "m4a1"
L 07/04/2020 - 18:40:03: Team "CT" triggered "CTs_Win" (CT "3") (T "0")
L 07/04/2020 - 18:40:03: World triggered "Round_End"
L 07/04/2020 - 18:40:08: "Pandavas || Escanor<763><STEAM_0:0:83230422><TERRORIST>" triggered "Spawned_With_The_Bomb"
L 07/04/2020 - 18:40:16: "Mute || Cristiano<768><STEAM_0:0:1465890162><SPECTATOR>" joined team "CT"
L 07/04/2020 - 18:40:18: World triggered "Round_Start"
L 07/04/2020 - 18:40:31: "Pandavas || Escanor<763><STEAM_0:0:83230422><TERRORIST>" killed "bored_assassin<762><STEAM_0:0:1060612858><CT>" with "ak47"
L 07/04/2020 - 18:40:41: "pRo_RVltN<761><STEAM_0:1:546352772><CT>" killed "Pandavas || Escanor<763><STEAM_0:0:83230422><TERRORIST>" with "m4a1"
L 07/04/2020 - 18:40:41: Team "CT" triggered "CTs_Win" (CT "4") (T "0")
L 07/04/2020 - 18:40:41: World triggered "Round_End"
L 07/04/2020 - 18:40:46: "Pandavas || Escanor<763><STEAM_0:0:83230422><TERRORIST>" triggered "Spawned_With_The_Bomb"
L 07/04/2020 - 18:40:51: "Pandavas || Escanor<763><STEAM_0:0:83230422><TERRORIST>" triggered "Dropped_The_Bomb"
L 07/04/2020 - 18:40:53: "Mute || Cristiano<768><STEAM_0:0:1465890162><CT>" changed name to "Branco Bois || Cristiano"
L 07/04/2020 - 18:40:54: "Agent Felix<766><STEAM_0:1:539804210><CT>" changed name to "Branco Bois || Agent Felix"
L 07/04/2020 - 18:40:56: World triggered "Round_Start"
L 07/04/2020 - 18:40:58: "Baruipur Local<764><STEAM_0:1:66144441><>" joined team "CT"
L 07/04/2020 - 18:40:58: "Baruipur Local<764><STEAM_0:1:66144441><CT>" changed name to "Branco Bois || Sic Mundus"
L 07/04/2020 - 18:41:12: "bored_assassin<762><STEAM_0:0:1060612858><CT>" killed "Pandavas || Escanor<763><STEAM_0:0:83230422><TERRORIST>" with "m4a1"
L 07/04/2020 - 18:41:12: Team "CT" triggered "CTs_Win" (CT "5") (T "0")
L 07/04/2020 - 18:41:12: World triggered "Round_End"
L 07/04/2020 - 18:41:17: "Pandavas || Escanor<763><STEAM_0:0:83230422><TERRORIST>" triggered "Spawned_With_The_Bomb"
L 07/04/2020 - 18:41:22: "Pandavas || Escanor<763><STEAM_0:0:83230422><TERRORIST>" triggered "Dropped_The_Bomb"
L 07/04/2020 - 18:41:27: World triggered "Round_Start"
L 07/04/2020 - 18:41:28: "Pandavas || Escanor<763><STEAM_0:0:83230422><TERRORIST>" triggered "Got_The_Bomb"
L 07/04/2020 - 18:41:51: "Pandavas || Escanor<763><STEAM_0:0:83230422><TERRORIST>" killed "Branco Bois || Agent Felix<766><STEAM_0:1:539804210><CT>" with "ak47"
L 07/04/2020 - 18:42:00: "First Aid Box || sUthoL<765><STEAM_0:0:1414580386><>" joined team "SPECTATOR"
L 07/04/2020 - 18:42:00: "Pandavas || Escanor<763><STEAM_0:0:83230422><TERRORIST>" killed "bored_assassin<762><STEAM_0:0:1060612858><CT>" with "ak47"
L 07/04/2020 - 18:42:38: "Pandavas || Escanor<763><STEAM_0:0:83230422><TERRORIST>" triggered "Planted_The_Bomb"
L 07/04/2020 - 18:42:50: "Branco Bois || Cristiano<768><STEAM_0:0:1465890162><CT>" killed "Pandavas || Escanor<763><STEAM_0:0:83230422><TERRORIST>" with "m4a1"
L 07/04/2020 - 18:42:53: "Branco Bois || Sic Mundus<764><STEAM_0:1:66144441><CT>" triggered "Begin_Bomb_Defuse_With_Kit"
L 07/04/2020 - 18:42:58: "Branco Bois || Sic Mundus<764><STEAM_0:1:66144441><CT>" triggered "Defused_The_Bomb"
L 07/04/2020 - 18:42:58: Team "CT" triggered "Bomb_Defused" (CT "6") (T "0")
L 07/04/2020 - 18:42:58: World triggered "Round_End"
L 07/04/2020 - 18:43:01: "F5<759><VALVE_0:4:60688751><>" joined team "TERRORIST"
L 07/04/2020 - 18:43:03: "F5<759><VALVE_0:4:60688751><TERRORIST>" triggered "Spawned_With_The_Bomb"
L 07/04/2020 - 18:43:03: "bored_assassin<762><STEAM_0:0:1060612858><CT>" changed name to "Branco Bois || noob_assassin"
L 07/04/2020 - 18:43:13: World triggered "Round_Start"
L 07/04/2020 - 18:43:30: "Branco Bois || Sic Mundus<764><STEAM_0:1:66144441><CT>" killed "F5<759><VALVE_0:4:60688751><TERRORIST>" with "m4a1"
L 07/04/2020 - 18:43:30: "F5<759><VALVE_0:4:60688751><TERRORIST>" triggered "Dropped_The_Bomb"
L 07/04/2020 - 18:43:45: [DPROTO]: Client 6 - Set AuthIdType 1 [Native]; pClient = 056860B8
L 07/04/2020 - 18:43:45: "Wolves || StuFu<769><STEAM_0:1:147341737><>" connected, address "106.51.30.169:30398"
L 07/04/2020 - 18:43:45: "Wolves || StuFu<769><STEAM_0:1:147341737><>" STEAM USERID validated
L 07/04/2020 - 18:43:48: "Pandavas || Escanor<763><STEAM_0:0:83230422><TERRORIST>" killed "pRo_RVltN<761><STEAM_0:1:546352772><CT>" with "ak47"
L 07/04/2020 - 18:43:49: "Pandavas || Escanor<763><STEAM_0:0:83230422><TERRORIST>" killed "Branco Bois || Cristiano<768><STEAM_0:0:1465890162><CT>" with "ak47"
L 07/04/2020 - 18:43:51: "Wolves || StuFu<769><STEAM_0:1:147341737><>" entered the game
L 07/04/2020 - 18:43:53: "Branco Bois || Sic Mundus<764><STEAM_0:1:66144441><CT>" killed "Pandavas || Escanor<763><STEAM_0:0:83230422><TERRORIST>" with "m4a1"
L 07/04/2020 - 18:43:53: Team "CT" triggered "CTs_Win" (CT "7") (T "0")
L 07/04/2020 - 18:43:53: World triggered "Round_End"
L 07/04/2020 - 18:43:58: "Wolves || StuFu<769><STEAM_0:1:147341737><>" joined team "TERRORIST"
L 07/04/2020 - 18:43:58: "F5<759><VALVE_0:4:60688751><TERRORIST>" triggered "Spawned_With_The_Bomb"
L 07/04/2020 - 18:44:06: [DPROTO]: Client 7 - Set AuthIdType 1 [dp_RevEmu]; pClient = 0568B0D0
L 07/04/2020 - 18:44:06: "1729<770><STEAM_0:0:1921819853><>" connected, address "49.207.204.237:46479"
L 07/04/2020 - 18:44:08: World triggered "Round_Start"
L 07/04/2020 - 18:44:20: "pRo_RVltN<761><STEAM_0:1:546352772><CT>" killed "F5<759><VALVE_0:4:60688751><TERRORIST>" with "awp"
L 07/04/2020 - 18:44:20: "F5<759><VALVE_0:4:60688751><TERRORIST>" triggered "Dropped_The_Bomb"
L 07/04/2020 - 18:44:21: "Branco Bois || noob_assassin<762><STEAM_0:0:1060612858><CT>" killed "Pandavas || Escanor<763><STEAM_0:0:83230422><TERRORIST>" with "m4a1"
L 07/04/2020 - 18:44:21: "1729<770><STEAM_0:0:1921819853><>" entered the game
L 07/04/2020 - 18:44:26: "Wolves || StuFu<769><STEAM_0:1:147341737><TERRORIST>" changed name to "StuFu"
L 07/04/2020 - 18:44:29: "Branco Bois || Cristiano<768><STEAM_0:0:1465890162><CT>" killed "StuFu<769><STEAM_0:1:147341737><TERRORIST>" with "m4a1"
L 07/04/2020 - 18:44:29: Team "CT" triggered "CTs_Win" (CT "8") (T "0")
L 07/04/2020 - 18:44:29: World triggered "Round_End"
L 07/04/2020 - 18:44:34: "Pandavas || Escanor<763><STEAM_0:0:83230422><TERRORIST>" triggered "Spawned_With_The_Bomb"
L 07/04/2020 - 18:44:44: World triggered "Round_Start"
L 07/04/2020 - 18:44:51: "pRo_RVltN<761><STEAM_0:1:546352772><CT>" changed name to "Branco Bois || pRo_rVlTN"
L 07/04/2020 - 18:45:04: "StuFu<769><STEAM_0:1:147341737><TERRORIST>" killed "Branco Bois || Cristiano<768><STEAM_0:0:1465890162><CT>" with "ak47"
L 07/04/2020 - 18:45:04: "Branco Bois || noob_assassin<762><STEAM_0:0:1060612858><CT>" killed "StuFu<769><STEAM_0:1:147341737><TERRORIST>" with "m4a1"
L 07/04/2020 - 18:45:15: "Branco Bois || noob_assassin<762><STEAM_0:0:1060612858><CT>" killed "F5<759><VALVE_0:4:60688751><TERRORIST>" with "m4a1"
L 07/04/2020 - 18:45:20: "Pandavas || Escanor<763><STEAM_0:0:83230422><TERRORIST>" triggered "Planted_The_Bomb"
L 07/04/2020 - 18:45:36: "Branco Bois || noob_assassin<762><STEAM_0:0:1060612858><CT>" killed "Pandavas || Escanor<763><STEAM_0:0:83230422><TERRORIST>" with "m4a1"
L 07/04/2020 - 18:45:39: "Branco Bois || pRo_rVlTN<761><STEAM_0:1:546352772><CT>" triggered "Begin_Bomb_Defuse_With_Kit"
L 07/04/2020 - 18:45:44: "Branco Bois || pRo_rVlTN<761><STEAM_0:1:546352772><CT>" triggered "Defused_The_Bomb"
L 07/04/2020 - 18:45:44: Team "CT" triggered "Bomb_Defused" (CT "9") (T "0")
L 07/04/2020 - 18:45:44: World triggered "Round_End"
L 07/04/2020 - 18:45:49: "StuFu<769><STEAM_0:1:147341737><TERRORIST>" triggered "Spawned_With_The_Bomb"
L 07/04/2020 - 18:45:53: [DPROTO]: Client 8 - Set AuthIdType 4 [dproto]; pClient = 056900E8
L 07/04/2020 - 18:45:53: "PROfessor || wolf<771><VALVE_0:4:1088121065><>" connected, address "106.51.234.40:20727"
L 07/04/2020 - 18:45:58: "PROfessor || wolf<771><VALVE_0:4:1088121065><>" entered the game
L 07/04/2020 - 18:45:59: World triggered "Round_Start"
L 07/04/2020 - 18:46:02: "PROfessor || wolf<771><VALVE_0:4:1088121065><>" joined team "SPECTATOR"
L 07/04/2020 - 18:46:12: "StuFu<769><STEAM_0:1:147341737><TERRORIST>" killed "Branco Bois || Cristiano<768><STEAM_0:0:1465890162><CT>" with "ak47"
L 07/04/2020 - 18:46:13: "Branco Bois || Agent Felix<766><STEAM_0:1:539804210><CT>" killed "StuFu<769><STEAM_0:1:147341737><TERRORIST>" with "ak47"
L 07/04/2020 - 18:46:13: "StuFu<769><STEAM_0:1:147341737><TERRORIST>" triggered "Dropped_The_Bomb"
L 07/04/2020 - 18:46:17: "Branco Bois || noob_assassin<762><STEAM_0:0:1060612858><CT>" killed "Pandavas || Escanor<763><STEAM_0:0:83230422><TERRORIST>" with "m4a1"
L 07/04/2020 - 18:46:23: "Branco Bois || Agent Felix<766><STEAM_0:1:539804210><CT>" killed "F5<759><VALVE_0:4:60688751><TERRORIST>" with "ak47"
L 07/04/2020 - 18:46:23: Team "CT" triggered "CTs_Win" (CT "10") (T "0")
L 07/04/2020 - 18:46:23: World triggered "Round_End"
L 07/04/2020 - 18:46:26: "Branco Bois || Cristiano<768><STEAM_0:0:1465890162><CT>" disconnected
L 07/04/2020 - 18:46:28: "F5<759><VALVE_0:4:60688751><TERRORIST>" triggered "Spawned_With_The_Bomb"
L 07/04/2020 - 18:46:38: World triggered "Round_Start"
L 07/04/2020 - 18:46:54: "Pandavas || Escanor<763><STEAM_0:0:83230422><TERRORIST>" killed "Branco Bois || Sic Mundus<764><STEAM_0:1:66144441><CT>" with "ak47"
L 07/04/2020 - 18:46:56: "Branco Bois || Agent Felix<766><STEAM_0:1:539804210><CT>" killed "F5<759><VALVE_0:4:60688751><TERRORIST>" with "ak47"
L 07/04/2020 - 18:46:56: "F5<759><VALVE_0:4:60688751><TERRORIST>" triggered "Dropped_The_Bomb"
L 07/04/2020 - 18:46:57: "Pandavas || Escanor<763><STEAM_0:0:83230422><TERRORIST>" killed "Branco Bois || noob_assassin<762><STEAM_0:0:1060612858><CT>" with "ak47"
L 07/04/2020 - 18:47:00: "StuFu<769><STEAM_0:1:147341737><TERRORIST>" triggered "Got_The_Bomb"
L 07/04/2020 - 18:47:03: "Branco Bois || pRo_rVlTN<761><STEAM_0:1:546352772><CT>" killed "Pandavas || Escanor<763><STEAM_0:0:83230422><TERRORIST>" with "m4a1"
L 07/04/2020 - 18:47:09: "StuFu<769><STEAM_0:1:147341737><TERRORIST>" killed "Branco Bois || pRo_rVlTN<761><STEAM_0:1:546352772><CT>" with "ak47"
L 07/04/2020 - 18:47:27: "StuFu<769><STEAM_0:1:147341737><TERRORIST>" killed "Branco Bois || Agent Felix<766><STEAM_0:1:539804210><CT>" with "ak47"
L 07/04/2020 - 18:47:27: Team "TERRORIST" triggered "Terrorists_Win" (CT "10") (T "1")
L 07/04/2020 - 18:47:27: World triggered "Round_End"
L 07/04/2020 - 18:47:32: "Pandavas || Escanor<763><STEAM_0:0:83230422><TERRORIST>" triggered "Spawned_With_The_Bomb"
L 07/04/2020 - 18:47:36: "Pandavas || Escanor<763><STEAM_0:0:83230422><TERRORIST>" triggered "Dropped_The_Bomb"
L 07/04/2020 - 18:47:42: World triggered "Round_Start"
L 07/04/2020 - 18:47:43: "F5<759><VALVE_0:4:60688751><TERRORIST>" triggered "Got_The_Bomb"
L 07/04/2020 - 18:47:54: "StuFu<769><STEAM_0:1:147341737><TERRORIST>" killed "Branco Bois || pRo_rVlTN<761><STEAM_0:1:546352772><CT>" with "ak47"
L 07/04/2020 - 18:48:22: "Pandavas || Escanor<763><STEAM_0:0:83230422><TERRORIST>" killed "Branco Bois || Agent Felix<766><STEAM_0:1:539804210><CT>" with "ak47"
L 07/04/2020 - 18:48:26: [DPROTO]: Client 4 - Set AuthIdType 1 [dp_RevEmu]; pClient = 0567C088
L 07/04/2020 - 18:48:26: "First Aid Box || L@L AsuDh<772><STEAM_0:0:1663171942><>" connected, address "106.51.233.53:12242"
L 07/04/2020 - 18:48:31: "First Aid Box || L@L AsuDh<772><STEAM_0:0:1663171942><>" entered the game
L 07/04/2020 - 18:48:33: "Branco Bois || Sic Mundus<764><STEAM_0:1:66144441><CT>" killed "F5<759><VALVE_0:4:60688751><TERRORIST>" with "m4a1"
L 07/04/2020 - 18:48:33: "F5<759><VALVE_0:4:60688751><TERRORIST>" triggered "Dropped_The_Bomb"
L 07/04/2020 - 18:48:33: "Branco Bois || Sic Mundus<764><STEAM_0:1:66144441><CT>" killed "Pandavas || Escanor<763><STEAM_0:0:83230422><TERRORIST>" with "m4a1"
L 07/04/2020 - 18:48:37: "StuFu<769><STEAM_0:1:147341737><TERRORIST>" killed "Branco Bois || Sic Mundus<764><STEAM_0:1:66144441><CT>" with "ak47"
L 07/04/2020 - 18:48:39: "StuFu<769><STEAM_0:1:147341737><TERRORIST>" triggered "Got_The_Bomb"
L 07/04/2020 - 18:48:42: "Branco Bois || noob_assassin<762><STEAM_0:0:1060612858><CT>" killed "StuFu<769><STEAM_0:1:147341737><TERRORIST>" with "m4a1"
L 07/04/2020 - 18:48:42: Team "CT" triggered "CTs_Win" (CT "11") (T "1")
L 07/04/2020 - 18:48:42: World triggered "Round_End"
L 07/04/2020 - 18:48:43: "First Aid Box || L@L AsuDh<772><STEAM_0:0:1663171942><>" joined team "SPECTATOR"
L 07/04/2020 - 18:48:47: "StuFu<769><STEAM_0:1:147341737><TERRORIST>" triggered "Spawned_With_The_Bomb"
L 07/04/2020 - 18:48:57: World triggered "Round_Start"
L 07/04/2020 - 18:49:06: [DPROTO]: Client 9 - Set AuthIdType 1 [dp_RevEmu]; pClient = 05695100
L 07/04/2020 - 18:49:06: "Branco Bois || Cristiano<773><STEAM_0:0:1465890162><>" connected, address "103.200.40.94:27005"
L 07/04/2020 - 18:49:16: "Branco Bois || Cristiano<773><STEAM_0:0:1465890162><>" entered the game
L 07/04/2020 - 18:49:16: "F5<759><VALVE_0:4:60688751><TERRORIST>" killed "Branco Bois || noob_assassin<762><STEAM_0:0:1060612858><CT>" with "mp5navy"
L 07/04/2020 - 18:49:26: "Branco Bois || Cristiano<773><STEAM_0:0:1465890162><>" joined team "CT"
L 07/04/2020 - 18:49:44: "First Aid Box || sUthoL<765><STEAM_0:0:1414580386><SPECTATOR>" say "b"
L 07/04/2020 - 18:49:45: "Pandavas || Escanor<763><STEAM_0:0:83230422><TERRORIST>" killed "Branco Bois || Agent Felix<766><STEAM_0:1:539804210><CT>" with "mp5navy"
L 07/04/2020 - 18:49:48: "Pandavas || Escanor<763><STEAM_0:0:83230422><TERRORIST>" killed "Branco Bois || pRo_rVlTN<761><STEAM_0:1:546352772><CT>" with "mp5navy"
L 07/04/2020 - 18:49:54: "Branco Bois || Sic Mundus<764><STEAM_0:1:66144441><CT>" killed "Pandavas || Escanor<763><STEAM_0:0:83230422><TERRORIST>" with "m4a1"
L 07/04/2020 - 18:50:01: "Branco Bois || Sic Mundus<764><STEAM_0:1:66144441><CT>" killed "F5<759><VALVE_0:4:60688751><TERRORIST>" with "m4a1"
L 07/04/2020 - 18:50:08: "PROfessor || wolf<771><VALVE_0:4:1088121065><SPECTATOR>" joined team "TERRORIST"
L 07/04/2020 - 18:50:22: Bad Rcon: "rcon 730833704 "" sv_restart 1" from "106.51.30.169:30398"
L 07/04/2020 - 18:50:30: Bad Rcon: "rcon 730833704 "Lauda" sv_restart 1" from "106.51.30.169:30398"
L 07/04/2020 - 18:50:34: Rcon: "rcon 730833704 "Lauda2" sv_restart 1" from "106.51.30.169:30398"
L 07/04/2020 - 18:50:34: Server cvar "sv_restart" = "1"
L 07/04/2020 - 18:50:35: World triggered "Restart_Round_(1_second)"
L 07/04/2020 - 18:50:35: Team "CT" scored "11" with "5" players
L 07/04/2020 - 18:50:35: Team "TERRORIST" scored "1" with "4" players
L 07/04/2020 - 18:50:35: Server cvar "sv_restart" = "0"
L 07/04/2020 - 18:50:36: "PROfessor || wolf<771><VALVE_0:4:1088121065><TERRORIST>" triggered "Spawned_With_The_Bomb"
L 07/04/2020 - 18:50:46: World triggered "Round_Start"
L 07/04/2020 - 18:51:03: "Pandavas || Escanor<763><STEAM_0:0:83230422><TERRORIST>" killed "Branco Bois || noob_assassin<762><STEAM_0:0:1060612858><CT>" with "glock18"
L 07/04/2020 - 18:51:10: "Branco Bois || Sic Mundus<764><STEAM_0:1:66144441><CT>" killed "F5<759><VALVE_0:4:60688751><TERRORIST>" with "usp"
L 07/04/2020 - 18:51:21: "Pandavas || Escanor<763><STEAM_0:0:83230422><TERRORIST>" killed "Branco Bois || pRo_rVlTN<761><STEAM_0:1:546352772><CT>" with "knife"
L 07/04/2020 - 18:51:33: Rcon: "rcon 1656396716 "Lauda2" sv_restart 1" from "139.162.53.89:38743"
L 07/04/2020 - 18:51:33: Server cvar "sv_restart" = "1"
L 07/04/2020 - 18:51:33: World triggered "Restart_Round_(1_second)"
L 07/04/2020 - 18:51:33: Team "CT" scored "0" with "5" players
L 07/04/2020 - 18:51:33: Team "TERRORIST" scored "0" with "4" players
L 07/04/2020 - 18:51:33: Server cvar "sv_restart" = "0"
L 07/04/2020 - 18:51:33: "Pandavas || Escanor<763><STEAM_0:0:83230422><TERRORIST>" killed "Branco Bois || Cristiano<773><STEAM_0:0:1465890162><CT>" with "knife"
L 07/04/2020 - 18:51:34: "F5<759><VALVE_0:4:60688751><TERRORIST>" triggered "Spawned_With_The_Bomb"
L 07/04/2020 - 18:51:41: "1729<770><STEAM_0:0:1921819853><>" joined team "TERRORIST"
L 07/04/2020 - 18:51:42: "Branco Bois || Cristiano<773><STEAM_0:0:1465890162><CT>" say "KL?"
L 07/04/2020 - 18:51:44: World triggered "Round_Start"
L 07/04/2020 - 18:51:49: "F5<759><VALVE_0:4:60688751><TERRORIST>" triggered "Dropped_The_Bomb"
L 07/04/2020 - 18:51:50: "PROfessor || wolf<771><VALVE_0:4:1088121065><TERRORIST>" triggered "Got_The_Bomb"
L 07/04/2020 - 18:52:08: "StuFu<769><STEAM_0:1:147341737><TERRORIST>" changed name to "Ninja Bois || StuFu"
L 07/04/2020 - 18:52:09: "1729<770><STEAM_0:0:1921819853><TERRORIST>" killed "Branco Bois || noob_assassin<762><STEAM_0:0:1060612858><CT>" with "glock18"
L 07/04/2020 - 18:52:13: Rcon: "rcon 730833704 "Lauda2" sv_restart 1" from "106.51.30.169:30398"
L 07/04/2020 - 18:52:13: Server cvar "sv_restart" = "1"
L 07/04/2020 - 18:52:13: World triggered "Restart_Round_(1_second)"
L 07/04/2020 - 18:52:13: Team "CT" scored "0" with "5" players
L 07/04/2020 - 18:52:13: Team "TERRORIST" scored "0" with "5" players
L 07/04/2020 - 18:52:13: Server cvar "sv_restart" = "0"
L 07/04/2020 - 18:52:14: "F5<759><VALVE_0:4:60688751><TERRORIST>" triggered "Spawned_With_The_Bomb"
L 07/04/2020 - 18:52:24: World triggered "Round_Start"
L 07/04/2020 - 18:52:36: "Branco Bois || noob_assassin<762><STEAM_0:0:1060612858><CT>" killed "F5<759><VALVE_0:4:60688751><TERRORIST>" with "usp"
L 07/04/2020 - 18:52:36: "F5<759><VALVE_0:4:60688751><TERRORIST>" triggered "Dropped_The_Bomb"
L 07/04/2020 - 18:52:37: "Pandavas || Escanor<763><STEAM_0:0:83230422><TERRORIST>" triggered "Got_The_Bomb"
L 07/04/2020 - 18:52:42: "1729<770><STEAM_0:0:1921819853><TERRORIST>" killed "Branco Bois || noob_assassin<762><STEAM_0:0:1060612858><CT>" with "glock18"
L 07/04/2020 - 18:52:46: "Ninja Bois || StuFu<769><STEAM_0:1:147341737><TERRORIST>" killed "Branco Bois || pRo_rVlTN<761><STEAM_0:1:546352772><CT>" with "deagle"
L 07/04/2020 - 18:52:49: "PROfessor || wolf<771><VALVE_0:4:1088121065><TERRORIST>" changed name to "Ninja Bois || wolf"
L 07/04/2020 - 18:52:53: "Ninja Bois || StuFu<769><STEAM_0:1:147341737><TERRORIST>" killed "Branco Bois || Agent Felix<766><STEAM_0:1:539804210><CT>" with "deagle"
L 07/04/2020 - 18:53:02: "Branco Bois || Sic Mundus<764><STEAM_0:1:66144441><CT>" killed "Ninja Bois || StuFu<769><STEAM_0:1:147341737><TERRORIST>" with "usp"
L 07/04/2020 - 18:53:17: "Pandavas || Escanor<763><STEAM_0:0:83230422><TERRORIST>" killed "Branco Bois || Sic Mundus<764><STEAM_0:1:66144441><CT>" with "glock18"
L 07/04/2020 - 18:54:03: "Branco Bois || Cristiano<773><STEAM_0:0:1465890162><CT>" killed "Ninja Bois || wolf<771><VALVE_0:4:1088121065><TERRORIST>" with "usp"
L 07/04/2020 - 18:54:05: "Pandavas || Escanor<763><STEAM_0:0:83230422><TERRORIST>" triggered "Planted_The_Bomb"
L 07/04/2020 - 18:54:09: "Branco Bois || Cristiano<773><STEAM_0:0:1465890162><CT>" killed "1729<770><STEAM_0:0:1921819853><TERRORIST>" with "elite"
L 07/04/2020 - 18:54:40: "Branco Bois || Cristiano<773><STEAM_0:0:1465890162><CT>" killed "Pandavas || Escanor<763><STEAM_0:0:83230422><TERRORIST>" with "elite"
L 07/04/2020 - 18:54:50: Team "TERRORIST" triggered "Target_Bombed" (CT "0") (T "1")
L 07/04/2020 - 18:54:50: World triggered "Round_End"
L 07/04/2020 - 18:54:55: "Pandavas || Escanor<763><STEAM_0:0:83230422><TERRORIST>" triggered "Spawned_With_The_Bomb"
L 07/04/2020 - 18:55:01: "Pandavas || Escanor<763><STEAM_0:0:83230422><TERRORIST>" triggered "Dropped_The_Bomb"
L 07/04/2020 - 18:55:01: "Ninja Bois || StuFu<769><STEAM_0:1:147341737><TERRORIST>" triggered "Got_The_Bomb"
L 07/04/2020 - 18:55:02: "Ninja Bois || StuFu<769><STEAM_0:1:147341737><TERRORIST>" say "kl?"
L 07/04/2020 - 18:55:05: World triggered "Round_Start"
L 07/04/2020 - 18:55:38: "Branco Bois || pRo_rVlTN<761><STEAM_0:1:546352772><CT>" killed "1729<770><STEAM_0:0:1921819853><TERRORIST>" with "mp5navy"
L 07/04/2020 - 18:55:39: "Ninja Bois || wolf<771><VALVE_0:4:1088121065><TERRORIST>" killed "Branco Bois || pRo_rVlTN<761><STEAM_0:1:546352772><CT>" with "elite"
L 07/04/2020 - 18:55:45: "Branco Bois || Sic Mundus<764><STEAM_0:1:66144441><CT>" killed "Pandavas || Escanor<763><STEAM_0:0:83230422><TERRORIST>" with "mp5navy"
L 07/04/2020 - 18:55:45: "Branco Bois || noob_assassin<762><STEAM_0:0:1060612858><CT>" killed "F5<759><VALVE_0:4:60688751><TERRORIST>" with "usp"
L 07/04/2020 - 18:55:45: "Ninja Bois || StuFu<769><STEAM_0:1:147341737><TERRORIST>" killed "Branco Bois || noob_assassin<762><STEAM_0:0:1060612858><CT>" with "ak47"
L 07/04/2020 - 18:55:51: "Ninja Bois || StuFu<769><STEAM_0:1:147341737><TERRORIST>" killed "Branco Bois || Sic Mundus<764><STEAM_0:1:66144441><CT>" with "glock18"
L 07/04/2020 - 18:55:54: "Ninja Bois || wolf<771><VALVE_0:4:1088121065><TERRORIST>" killed "Branco Bois || Agent Felix<766><STEAM_0:1:539804210><CT>" with "elite"
L 07/04/2020 - 18:56:08: "Ninja Bois || StuFu<769><STEAM_0:1:147341737><TERRORIST>" triggered "Planted_The_Bomb"
L 07/04/2020 - 18:56:31: "Ninja Bois || StuFu<769><STEAM_0:1:147341737><TERRORIST>" killed "Branco Bois || Cristiano<773><STEAM_0:0:1465890162><CT>" with "ak47"
L 07/04/2020 - 18:56:31: Team "TERRORIST" triggered "Terrorists_Win" (CT "0") (T "2")
L 07/04/2020 - 18:56:31: World triggered "Round_End"
L 07/04/2020 - 18:56:36: "Ninja Bois || StuFu<769><STEAM_0:1:147341737><TERRORIST>" triggered "Spawned_With_The_Bomb"
L 07/04/2020 - 18:56:46: World triggered "Round_Start"
L 07/04/2020 - 18:56:47: "Branco Bois || pRo_rVlTN<761><STEAM_0:1:546352772><CT>" say "knife?"
L 07/04/2020 - 18:56:47: "Branco Bois || Agent Felix<766><STEAM_0:1:539804210><CT>" say "res KL?"
L 07/04/2020 - 18:57:00: "Branco Bois || noob_assassin<762><STEAM_0:0:1060612858><CT>" killed "1729<770><STEAM_0:0:1921819853><TERRORIST>" with "famas"
L 07/04/2020 - 18:57:03: "Branco Bois || Agent Felix<766><STEAM_0:1:539804210><CT>" killed "Ninja Bois || wolf<771><VALVE_0:4:1088121065><TERRORIST>" with "usp"
L 07/04/2020 - 18:57:04: "Pandavas || Escanor<763><STEAM_0:0:83230422><TERRORIST>" killed "Branco Bois || noob_assassin<762><STEAM_0:0:1060612858><CT>" with "elite"
L 07/04/2020 - 18:57:13: "Branco Bois || Sic Mundus<764><STEAM_0:1:66144441><CT>" killed "Pandavas || Escanor<763><STEAM_0:0:83230422><TERRORIST>" with "mp5navy"
L 07/04/2020 - 18:57:13: "Branco Bois || Cristiano<773><STEAM_0:0:1465890162><CT>" killed "F5<759><VALVE_0:4:60688751><TERRORIST>" with "m4a1"
L 07/04/2020 - 18:57:15: "Ninja Bois || StuFu<769><STEAM_0:1:147341737><TERRORIST>" killed "Branco Bois || Sic Mundus<764><STEAM_0:1:66144441><CT>" with "ak47"
L 07/04/2020 - 18:57:21: "Branco Bois || pRo_rVlTN<761><STEAM_0:1:546352772><CT>" killed "Ninja Bois || StuFu<769><STEAM_0:1:147341737><TERRORIST>" with "famas"
L 07/04/2020 - 18:57:21: Team "CT" triggered "CTs_Win" (CT "1") (T "2")
L 07/04/2020 - 18:57:21: World triggered "Round_End"
L 07/04/2020 - 18:57:26: "1729<770><STEAM_0:0:1921819853><TERRORIST>" triggered "Spawned_With_The_Bomb"
L 07/04/2020 - 18:57:26: "1729<770><STEAM_0:0:1921819853><TERRORIST>" changed name to "Ninja Bois || 1729"
L 07/04/2020 - 18:57:31: "F5<759><VALVE_0:4:60688751><TERRORIST>" changed name to "Ninja Bois || F5"
L 07/04/2020 - 18:57:32: "Pandavas || Escanor<763><STEAM_0:0:83230422><TERRORIST>" changed name to "Ninja Bois || Escanor"
L 07/04/2020 - 18:57:36: World triggered "Round_Start"
L 07/04/2020 - 18:57:50: "Ninja Bois || 1729<770><STEAM_0:0:1921819853><TERRORIST>" killed "Branco Bois || pRo_rVlTN<761><STEAM_0:1:546352772><CT>" with "glock18"
L 07/04/2020 - 18:57:53: "Ninja Bois || Escanor<763><STEAM_0:0:83230422><TERRORIST>" killed "Branco Bois || noob_assassin<762><STEAM_0:0:1060612858><CT>" with "ak47"
L 07/04/2020 - 18:58:07: "Ninja Bois || Escanor<763><STEAM_0:0:83230422><TERRORIST>" killed "Branco Bois || Sic Mundus<764><STEAM_0:1:66144441><CT>" with "ak47"
L 07/04/2020 - 18:58:10: "Branco Bois || Cristiano<773><STEAM_0:0:1465890162><CT>" killed "Ninja Bois || 1729<770><STEAM_0:0:1921819853><TERRORIST>" with "m4a1"
L 07/04/2020 - 18:58:10: "Ninja Bois || 1729<770><STEAM_0:0:1921819853><TERRORIST>" triggered "Dropped_The_Bomb"
L 07/04/2020 - 18:58:10: "Ninja Bois || StuFu<769><STEAM_0:1:147341737><TERRORIST>" killed "Branco Bois || Cristiano<773><STEAM_0:0:1465890162><CT>" with "ak47"
L 07/04/2020 - 18:58:11: "Ninja Bois || StuFu<769><STEAM_0:1:147341737><TERRORIST>" triggered "Got_The_Bomb"
L 07/04/2020 - 18:58:12: "Branco Bois || Agent Felix<766><STEAM_0:1:539804210><CT>" killed "Ninja Bois || Escanor<763><STEAM_0:0:83230422><TERRORIST>" with "m4a1"
L 07/04/2020 - 18:58:16: "Ninja Bois || wolf<771><VALVE_0:4:1088121065><TERRORIST>" killed "Branco Bois || Agent Felix<766><STEAM_0:1:539804210><CT>" with "m4a1"
L 07/04/2020 - 18:58:16: Team "TERRORIST" triggered "Terrorists_Win" (CT "1") (T "3")
L 07/04/2020 - 18:58:16: World triggered "Round_End"
L 07/04/2020 - 18:58:21: "Ninja Bois || wolf<771><VALVE_0:4:1088121065><TERRORIST>" triggered "Spawned_With_The_Bomb"
L 07/04/2020 - 18:58:24: "Branco Bois || Cristiano<773><STEAM_0:0:1465890162><CT>" say "kL?"
L 07/04/2020 - 18:58:30: Rcon: "rcon 730833704 "Lauda2" sv_restart 1" from "106.51.30.169:30398"
L 07/04/2020 - 18:58:30: Server cvar "sv_restart" = "1"
L 07/04/2020 - 18:58:30: World triggered "Restart_Round_(1_second)"
L 07/04/2020 - 18:58:30: Team "CT" scored "1" with "5" players
L 07/04/2020 - 18:58:30: Team "TERRORIST" scored "3" with "5" players
L 07/04/2020 - 18:58:30: Server cvar "sv_restart" = "0"
L 07/04/2020 - 18:58:30: Rcon: "rcon 730833704 "Lauda2" sv_restart 1" from "106.51.30.169:30398"
L 07/04/2020 - 18:58:30: Server cvar "sv_restart" = "1"
L 07/04/2020 - 18:58:31: "Ninja Bois || F5<759><VALVE_0:4:60688751><TERRORIST>" triggered "Spawned_With_The_Bomb"
L 07/04/2020 - 18:58:31: World triggered "Restart_Round_(1_second)"
L 07/04/2020 - 18:58:31: Team "CT" scored "0" with "5" players
L 07/04/2020 - 18:58:31: Team "TERRORIST" scored "0" with "5" players
L 07/04/2020 - 18:58:31: Server cvar "sv_restart" = "0"
L 07/04/2020 - 18:58:31: "Branco Bois || Agent Felix<766><STEAM_0:1:539804210><CT>" say "shuru hok"
L 07/04/2020 - 18:58:32: "Ninja Bois || StuFu<769><STEAM_0:1:147341737><TERRORIST>" say "kl"
L 07/04/2020 - 18:58:32: "Ninja Bois || Escanor<763><STEAM_0:0:83230422><TERRORIST>" triggered "Spawned_With_The_Bomb"
L 07/04/2020 - 18:58:40: "Ninja Bois || Escanor<763><STEAM_0:0:83230422><TERRORIST>" triggered "Dropped_The_Bomb"
L 07/04/2020 - 18:58:42: World triggered "Round_Start"
L 07/04/2020 - 18:59:19: "Branco Bois || Cristiano<773><STEAM_0:0:1465890162><CT>" killed "Ninja Bois || Escanor<763><STEAM_0:0:83230422><TERRORIST>" with "knife"
L 07/04/2020 - 18:59:21: "Branco Bois || Agent Felix<766><STEAM_0:1:539804210><CT>" killed "Ninja Bois || StuFu<769><STEAM_0:1:147341737><TERRORIST>" with "knife"
L 07/04/2020 - 18:59:24: "Branco Bois || pRo_rVlTN<761><STEAM_0:1:546352772><CT>" say "cancel"
L 07/04/2020 - 18:59:31: "Branco Bois || Cristiano<773><STEAM_0:0:1465890162><CT>" killed "Ninja Bois || F5<759><VALVE_0:4:60688751><TERRORIST>" with "knife"
L 07/04/2020 - 18:59:34: "Ninja Bois || 1729<770><STEAM_0:0:1921819853><TERRORIST>" killed "Branco Bois || Agent Felix<766><STEAM_0:1:539804210><CT>" with "knife"
L 07/04/2020 - 18:59:34: "Ninja Bois || wolf<771><VALVE_0:4:1088121065><TERRORIST>" killed "Ninja Bois || 1729<770><STEAM_0:0:1921819853><TERRORIST>" with "knife"
L 07/04/2020 - 18:59:39: "Branco Bois || noob_assassin<762><STEAM_0:0:1060612858><CT>" killed "Ninja Bois || wolf<771><VALVE_0:4:1088121065><TERRORIST>" with "knife"
L 07/04/2020 - 18:59:39: Team "CT" triggered "CTs_Win" (CT "1") (T "0")
L 07/04/2020 - 18:59:39: World triggered "Round_End"
L 07/04/2020 - 18:59:44: "Ninja Bois || StuFu<769><STEAM_0:1:147341737><TERRORIST>" triggered "Spawned_With_The_Bomb"
L 07/04/2020 - 18:59:45: "Branco Bois || Agent Felix<766><STEAM_0:1:539804210><CT>" say "stay"
L 07/04/2020 - 18:59:52: "Ninja Bois || 1729<770><STEAM_0:0:1921819853><TERRORIST>" say "ready hole bolo"
L 07/04/2020 - 18:59:54: World triggered "Round_Start"
L 07/04/2020 - 18:59:55: "Branco Bois || Agent Felix<766><STEAM_0:1:539804210><CT>" say "pichon theke F5 eseche by the way"
L 07/04/2020 - 18:59:56: "Branco Bois || noob_assassin<762><STEAM_0:0:1060612858><CT>" killed "Branco Bois || Sic Mundus<764><STEAM_0:1:66144441><CT>" with "m4a1"
L 07/04/2020 - 18:59:56: "Branco Bois || noob_assassin<762><STEAM_0:0:1060612858><CT>" killed "Branco Bois || Agent Felix<766><STEAM_0:1:539804210><CT>" with "m4a1"
L 07/04/2020 - 19:00:18: "Branco Bois || noob_assassin<762><STEAM_0:0:1060612858><CT>" killed "Branco Bois || pRo_rVlTN<761><STEAM_0:1:546352772><CT>" with "usp"
L 07/04/2020 - 19:00:32: "Ninja Bois || Escanor<763><STEAM_0:0:83230422><TERRORIST>" killed "Branco Bois || noob_assassin<762><STEAM_0:0:1060612858><CT>" with "knife"
L 07/04/2020 - 19:00:43: "Ninja Bois || StuFu<769><STEAM_0:1:147341737><TERRORIST>" say "READY?"
L 07/04/2020 - 19:00:46: "Ninja Bois || Escanor<763><STEAM_0:0:83230422><TERRORIST>" killed "Branco Bois || Cristiano<773><STEAM_0:0:1465890162><CT>" with "m4a1"
L 07/04/2020 - 19:00:46: Team "TERRORIST" triggered "Terrorists_Win" (CT "1") (T "1")
L 07/04/2020 - 19:00:46: World triggered "Round_End"
L 07/04/2020 - 19:00:51: Rcon: "rcon 730833704 "Lauda2" sv_restart 1" from "106.51.30.169:30398"
L 07/04/2020 - 19:00:51: Server cvar "sv_restart" = "1"
L 07/04/2020 - 19:00:51: World triggered "Restart_Round_(1_second)"
L 07/04/2020 - 19:00:51: Team "CT" scored "1" with "5" players
L 07/04/2020 - 19:00:51: Team "TERRORIST" scored "1" with "5" players
L 07/04/2020 - 19:00:51: Server cvar "sv_restart" = "0"
L 07/04/2020 - 19:00:52: "Ninja Bois || 1729<770><STEAM_0:0:1921819853><TERRORIST>" triggered "Spawned_With_The_Bomb"
L 07/04/2020 - 19:01:02: World triggered "Round_Start"
L 07/04/2020 - 19:01:18: "Ninja Bois || StuFu<769><STEAM_0:1:147341737><TERRORIST>" killed "Branco Bois || noob_assassin<762><STEAM_0:0:1060612858><CT>" with "deagle"
L 07/04/2020 - 19:01:26: "Ninja Bois || wolf<771><VALVE_0:4:1088121065><TERRORIST>" killed "Branco Bois || pRo_rVlTN<761><STEAM_0:1:546352772><CT>" with "glock18"
L 07/04/2020 - 19:01:31: "First Aid Box || sUthoL<765><STEAM_0:0:1414580386><SPECTATOR>" disconnected
L 07/04/2020 - 19:01:37: "Branco Bois || Sic Mundus<764><STEAM_0:1:66144441><CT>" killed "Ninja Bois || StuFu<769><STEAM_0:1:147341737><TERRORIST>" with "usp"
L 07/04/2020 - 19:01:37: "Ninja Bois || 1729<770><STEAM_0:0:1921819853><TERRORIST>" killed "Branco Bois || Sic Mundus<764><STEAM_0:1:66144441><CT>" with "glock18"
L 07/04/2020 - 19:01:55: "Branco Bois || Agent Felix<766><STEAM_0:1:539804210><CT>" killed "Ninja Bois || 1729<770><STEAM_0:0:1921819853><TERRORIST>" with "usp"
L 07/04/2020 - 19:01:55: "Ninja Bois || 1729<770><STEAM_0:0:1921819853><TERRORIST>" triggered "Dropped_The_Bomb"
L 07/04/2020 - 19:01:56: "Ninja Bois || F5<759><VALVE_0:4:60688751><TERRORIST>" killed "Branco Bois || Agent Felix<766><STEAM_0:1:539804210><CT>" with "p228"
L 07/04/2020 - 19:01:59: "Ninja Bois || wolf<771><VALVE_0:4:1088121065><TERRORIST>" killed "Branco Bois || Cristiano<773><STEAM_0:0:1465890162><CT>" with "glock18"
L 07/04/2020 - 19:01:59: Team "TERRORIST" triggered "Terrorists_Win" (CT "0") (T "1")
L 07/04/2020 - 19:01:59: World triggered "Round_End"
L 07/04/2020 - 19:02:02: "Ninja Bois || wolf<771><VALVE_0:4:1088121065><TERRORIST>" triggered "Got_The_Bomb"
L 07/04/2020 - 19:02:04: "Ninja Bois || wolf<771><VALVE_0:4:1088121065><TERRORIST>" triggered "Spawned_With_The_Bomb"
L 07/04/2020 - 19:02:14: World triggered "Round_Start"
L 07/04/2020 - 19:02:35: "Ninja Bois || 1729<770><STEAM_0:0:1921819853><TERRORIST>" killed "Branco Bois || pRo_rVlTN<761><STEAM_0:1:546352772><CT>" with "ak47"
L 07/04/2020 - 19:02:37: "Ninja Bois || wolf<771><VALVE_0:4:1088121065><TERRORIST>" triggered "Dropped_The_Bomb"
L 07/04/2020 - 19:02:37: "Branco Bois || noob_assassin<762><STEAM_0:0:1060612858><CT>" killed "Ninja Bois || 1729<770><STEAM_0:0:1921819853><TERRORIST>" with "usp"
L 07/04/2020 - 19:02:38: "Branco Bois || noob_assassin<762><STEAM_0:0:1060612858><CT>" killed "Ninja Bois || StuFu<769><STEAM_0:1:147341737><TERRORIST>" with "usp"
L 07/04/2020 - 19:02:40: "Ninja Bois || Escanor<763><STEAM_0:0:83230422><TERRORIST>" killed "Branco Bois || noob_assassin<762><STEAM_0:0:1060612858><CT>" with "ak47"
L 07/04/2020 - 19:02:46: "Branco Bois || Sic Mundus<764><STEAM_0:1:66144441><CT>" killed "Ninja Bois || F5<759><VALVE_0:4:60688751><TERRORIST>" with "mp5navy"
L 07/04/2020 - 19:02:47: Rcon: "rcon 730833704 "Lauda2" sv_restart 1" from "106.51.30.169:30398"
L 07/04/2020 - 19:02:47: Server cvar "sv_restart" = "1"
L 07/04/2020 - 19:02:47: "Ninja Bois || wolf<771><VALVE_0:4:1088121065><TERRORIST>" triggered "Got_The_Bomb"
L 07/04/2020 - 19:02:48: World triggered "Restart_Round_(1_second)"
L 07/04/2020 - 19:02:48: Team "CT" scored "0" with "5" players
L 07/04/2020 - 19:02:48: Team "TERRORIST" scored "1" with "5" players
L 07/04/2020 - 19:02:48: Server cvar "sv_restart" = "0"
L 07/04/2020 - 19:02:49: "Ninja Bois || F5<759><VALVE_0:4:60688751><TERRORIST>" triggered "Spawned_With_The_Bomb"
L 07/04/2020 - 19:02:49: "Ninja Bois || StuFu<769><STEAM_0:1:147341737><TERRORIST>" say "READY?"
L 07/04/2020 - 19:02:56: "Branco Bois || Sic Mundus<764><STEAM_0:1:66144441><CT>" say "READY"
L 07/04/2020 - 19:02:59: World triggered "Round_Start"
L 07/04/2020 - 19:03:03: Rcon: "rcon 730833704 "Lauda2" sv_restart 1" from "106.51.30.169:30398"
L 07/04/2020 - 19:03:03: Server cvar "sv_restart" = "1"
L 07/04/2020 - 19:03:04: World triggered "Restart_Round_(1_second)"
L 07/04/2020 - 19:03:04: Team "CT" scored "0" with "5" players
L 07/04/2020 - 19:03:04: Team "TERRORIST" scored "0" with "5" players
L 07/04/2020 - 19:03:04: Server cvar "sv_restart" = "0"
L 07/04/2020 - 19:03:05: "Ninja Bois || Escanor<763><STEAM_0:0:83230422><TERRORIST>" triggered "Spawned_With_The_Bomb"
L 07/04/2020 - 19:03:11: "Branco Bois || Agent Felix<766><STEAM_0:1:539804210><CT>" say "arekta res plz"
L 07/04/2020 - 19:03:13: Rcon: "rcon 730833704 "Lauda2" sv_restart 1" from "106.51.30.169:30398"
L 07/04/2020 - 19:03:13: Server cvar "sv_restart" = "1"
L 07/04/2020 - 19:03:14: World triggered "Restart_Round_(1_second)"
L 07/04/2020 - 19:03:14: Team "CT" scored "0" with "5" players
L 07/04/2020 - 19:03:14: Team "TERRORIST" scored "0" with "5" players
L 07/04/2020 - 19:03:14: Server cvar "sv_restart" = "0"
L 07/04/2020 - 19:03:14: "Branco Bois || Agent Felix<766><STEAM_0:1:539804210><CT>" say "arekta res"
L 07/04/2020 - 19:03:15: World triggered "Round_Start"
L 07/04/2020 - 19:03:15: "Ninja Bois || StuFu<769><STEAM_0:1:147341737><TERRORIST>" triggered "Spawned_With_The_Bomb"
L 07/04/2020 - 19:03:17: "Ninja Bois || 1729<770><STEAM_0:0:1921819853><TERRORIST>" say "LIVE"
L 07/04/2020 - 19:03:20: Rcon: "rcon 1131067204 "Lauda2" say "Match 2.1 Begins"" from "106.51.233.53:12242"
L 07/04/2020 - 19:03:20: Server say "Match 2.1 Begins"
L 07/04/2020 - 19:03:21: "Branco Bois || Agent Felix<766><STEAM_0:1:539804210><CT>" say "live"
L 07/04/2020 - 19:03:21: Rcon: "rcon 1131067204 "Lauda2" say "Match 2.1 Begins" " from "106.51.233.53:12242"
L 07/04/2020 - 19:03:22: Server say "Match 2.1 Begins""
L 07/04/2020 - 19:03:22: Rcon: "rcon 1131067204 "Lauda2" say "Match 2.1 Begins" " from "106.51.233.53:12242"
L 07/04/2020 - 19:03:22: Server say "Match 2.1 Begins""
L 07/04/2020 - 19:03:23: "Branco Bois || Sic Mundus<764><STEAM_0:1:66144441><CT>" say "GLHF"
L 07/04/2020 - 19:03:23: Rcon: "rcon 1131067204 "Lauda2" say "Match 2.1 Begins" " from "106.51.233.53:12242"
L 07/04/2020 - 19:03:23: Server say "Match 2.1 Begins""
L 07/04/2020 - 19:03:25: World triggered "Round_Start"
L 07/04/2020 - 19:03:31: Rcon: "rcon 1131067204 "Lauda2" say "Live"" from "106.51.233.53:12242"
L 07/04/2020 - 19:03:31: Server say "Live"
L 07/04/2020 - 19:03:32: Rcon: "rcon 1131067204 "Lauda2" say "Live" " from "106.51.233.53:12242"
L 07/04/2020 - 19:03:32: Server say "Live""
L 07/04/2020 - 19:03:33: Rcon: "rcon 1131067204 "Lauda2" say "Live" " from "106.51.233.53:12242"
L 07/04/2020 - 19:03:33: Server say "Live""
L 07/04/2020 - 19:03:51: "Branco Bois || pRo_rVlTN<761><STEAM_0:1:546352772><CT>" killed "Ninja Bois || Escanor<763><STEAM_0:0:83230422><TERRORIST>" with "usp"
L 07/04/2020 - 19:03:52: "Ninja Bois || 1729<770><STEAM_0:0:1921819853><TERRORIST>" killed "Branco Bois || noob_assassin<762><STEAM_0:0:1060612858><CT>" with "glock18"
L 07/04/2020 - 19:03:52: "Ninja Bois || StuFu<769><STEAM_0:1:147341737><TERRORIST>" killed "Branco Bois || pRo_rVlTN<761><STEAM_0:1:546352772><CT>" with "glock18"
L 07/04/2020 - 19:04:00: "Branco Bois || Cristiano<773><STEAM_0:0:1465890162><CT>" killed "Ninja Bois || 1729<770><STEAM_0:0:1921819853><TERRORIST>" with "usp"
L 07/04/2020 - 19:04:01: "Ninja Bois || StuFu<769><STEAM_0:1:147341737><TERRORIST>" triggered "Planted_The_Bomb"
L 07/04/2020 - 19:04:07: "Ninja Bois || StuFu<769><STEAM_0:1:147341737><TERRORIST>" killed "Branco Bois || Cristiano<773><STEAM_0:0:1465890162><CT>" with "glock18"
L 07/04/2020 - 19:04:15: "Branco Bois || Agent Felix<766><STEAM_0:1:539804210><CT>" killed "Ninja Bois || F5<759><VALVE_0:4:60688751><TERRORIST>" with "usp"
L 07/04/2020 - 19:04:15: "Branco Bois || Agent Felix<766><STEAM_0:1:539804210><CT>" killed "Ninja Bois || wolf<771><VALVE_0:4:1088121065><TERRORIST>" with "usp"
L 07/04/2020 - 19:04:19: "Branco Bois || Agent Felix<766><STEAM_0:1:539804210><CT>" triggered "Begin_Bomb_Defuse_With_Kit"
L 07/04/2020 - 19:04:20: "Branco Bois || Sic Mundus<764><STEAM_0:1:66144441><CT>" triggered "Begin_Bomb_Defuse_With_Kit"
L 07/04/2020 - 19:04:25: "Branco Bois || Sic Mundus<764><STEAM_0:1:66144441><CT>" triggered "Defused_The_Bomb"
L 07/04/2020 - 19:04:25: Team "CT" triggered "Bomb_Defused" (CT "1") (T "0")
L 07/04/2020 - 19:04:25: World triggered "Round_End"
L 07/04/2020 - 19:04:28: "Branco Bois || Sic Mundus<764><STEAM_0:1:66144441><CT>" killed "Ninja Bois || StuFu<769><STEAM_0:1:147341737><TERRORIST>" with "usp"
L 07/04/2020 - 19:04:30: "Ninja Bois || 1729<770><STEAM_0:0:1921819853><TERRORIST>" triggered "Spawned_With_The_Bomb"
L 07/04/2020 - 19:04:31: "Branco Bois || pRo_rVlTN<761><STEAM_0:1:546352772><CT>" say_team "beautful"
L 07/04/2020 - 19:04:40: World triggered "Round_Start"
L 07/04/2020 - 19:04:59: "Ninja Bois || StuFu<769><STEAM_0:1:147341737><TERRORIST>" killed "Branco Bois || Agent Felix<766><STEAM_0:1:539804210><CT>" with "deagle"
L 07/04/2020 - 19:05:04: "Branco Bois || Cristiano<773><STEAM_0:0:1465890162><CT>" killed "Ninja Bois || wolf<771><VALVE_0:4:1088121065><TERRORIST>" with "famas"
L 07/04/2020 - 19:05:27: "Ninja Bois || F5<759><VALVE_0:4:60688751><TERRORIST>" killed "Branco Bois || noob_assassin<762><STEAM_0:0:1060612858><CT>" with "p228"
L 07/04/2020 - 19:05:31: "Branco Bois || pRo_rVlTN<761><STEAM_0:1:546352772><CT>" killed "Ninja Bois || F5<759><VALVE_0:4:60688751><TERRORIST>" with "m4a1"
L 07/04/2020 - 19:05:31: "Ninja Bois || 1729<770><STEAM_0:0:1921819853><TERRORIST>" triggered "Planted_The_Bomb"
L 07/04/2020 - 19:05:36: "Branco Bois || pRo_rVlTN<761><STEAM_0:1:546352772><CT>" killed "Ninja Bois || Escanor<763><STEAM_0:0:83230422><TERRORIST>" with "m4a1"
L 07/04/2020 - 19:05:41: "Ninja Bois || 1729<770><STEAM_0:0:1921819853><TERRORIST>" killed "Branco Bois || pRo_rVlTN<761><STEAM_0:1:546352772><CT>" with "m4a1"
L 07/04/2020 - 19:05:43: "Branco Bois || Sic Mundus<764><STEAM_0:1:66144441><CT>" killed "Ninja Bois || 1729<770><STEAM_0:0:1921819853><TERRORIST>" with "m4a1"
L 07/04/2020 - 19:05:48: "Ninja Bois || StuFu<769><STEAM_0:1:147341737><TERRORIST>" killed "Branco Bois || Cristiano<773><STEAM_0:0:1465890162><CT>" with "deagle"
L 07/04/2020 - 19:05:52: "Branco Bois || Sic Mundus<764><STEAM_0:1:66144441><CT>" killed "Ninja Bois || StuFu<769><STEAM_0:1:147341737><TERRORIST>" with "m4a1"
L 07/04/2020 - 19:05:55: "Branco Bois || Sic Mundus<764><STEAM_0:1:66144441><CT>" triggered "Begin_Bomb_Defuse_With_Kit"
L 07/04/2020 - 19:06:00: "Branco Bois || Sic Mundus<764><STEAM_0:1:66144441><CT>" triggered "Defused_The_Bomb"
L 07/04/2020 - 19:06:00: Team "CT" triggered "Bomb_Defused" (CT "2") (T "0")
L 07/04/2020 - 19:06:00: World triggered "Round_End"
L 07/04/2020 - 19:06:05: "Ninja Bois || wolf<771><VALVE_0:4:1088121065><TERRORIST>" triggered "Spawned_With_The_Bomb"
L 07/04/2020 - 19:06:15: World triggered "Round_Start"
L 07/04/2020 - 19:06:29: "Ninja Bois || 1729<770><STEAM_0:0:1921819853><TERRORIST>" killed "Branco Bois || noob_assassin<762><STEAM_0:0:1060612858><CT>" with "ak47"
L 07/04/2020 - 19:06:49: "Ninja Bois || Escanor<763><STEAM_0:0:83230422><TERRORIST>" killed "Branco Bois || Cristiano<773><STEAM_0:0:1465890162><CT>" with "ak47"
L 07/04/2020 - 19:07:01: "Branco Bois || pRo_rVlTN<761><STEAM_0:1:546352772><CT>" killed "Ninja Bois || 1729<770><STEAM_0:0:1921819853><TERRORIST>" with "m4a1"
L 07/04/2020 - 19:07:02: "Ninja Bois || F5<759><VALVE_0:4:60688751><TERRORIST>" killed "Branco Bois || pRo_rVlTN<761><STEAM_0:1:546352772><CT>" with "ak47"
L 07/04/2020 - 19:07:25: "Ninja Bois || wolf<771><VALVE_0:4:1088121065><TERRORIST>" triggered "Planted_The_Bomb"
L 07/04/2020 - 19:07:30: "Branco Bois || Sic Mundus<764><STEAM_0:1:66144441><CT>" killed "Ninja Bois || Escanor<763><STEAM_0:0:83230422><TERRORIST>" with "m4a1"
L 07/04/2020 - 19:07:33: "Ninja Bois || wolf<771><VALVE_0:4:1088121065><TERRORIST>" killed "Branco Bois || Sic Mundus<764><STEAM_0:1:66144441><CT>" with "ak47"
L 07/04/2020 - 19:07:40: "Branco Bois || Agent Felix<766><STEAM_0:1:539804210><CT>" killed "Ninja Bois || F5<759><VALVE_0:4:60688751><TERRORIST>" with "m4a1"
L 07/04/2020 - 19:07:46: "Ninja Bois || StuFu<769><STEAM_0:1:147341737><TERRORIST>" killed "Branco Bois || Agent Felix<766><STEAM_0:1:539804210><CT>" with "ak47"
L 07/04/2020 - 19:07:46: Team "TERRORIST" triggered "Terrorists_Win" (CT "2") (T "1")
L 07/04/2020 - 19:07:46: World triggered "Round_End"
L 07/04/2020 - 19:07:51: "Ninja Bois || F5<759><VALVE_0:4:60688751><TERRORIST>" triggered "Spawned_With_The_Bomb"
L 07/04/2020 - 19:07:58: "Ninja Bois || F5<759><VALVE_0:4:60688751><TERRORIST>" triggered "Dropped_The_Bomb"
L 07/04/2020 - 19:07:58: "Ninja Bois || 1729<770><STEAM_0:0:1921819853><TERRORIST>" triggered "Got_The_Bomb"
L 07/04/2020 - 19:08:01: World triggered "Round_Start"
L 07/04/2020 - 19:08:02: "Ninja Bois || 1729<770><STEAM_0:0:1921819853><TERRORIST>" triggered "Dropped_The_Bomb"
L 07/04/2020 - 19:08:04: "Ninja Bois || wolf<771><VALVE_0:4:1088121065><TERRORIST>" triggered "Got_The_Bomb"
L 07/04/2020 - 19:08:51: "Ninja Bois || Escanor<763><STEAM_0:0:83230422><TERRORIST>" killed "Branco Bois || Sic Mundus<764><STEAM_0:1:66144441><CT>" with "ak47"
L 07/04/2020 - 19:08:54: "Ninja Bois || StuFu<769><STEAM_0:1:147341737><TERRORIST>" killed "Branco Bois || Agent Felix<766><STEAM_0:1:539804210><CT>" with "ak47"
L 07/04/2020 - 19:08:58: "Ninja Bois || StuFu<769><STEAM_0:1:147341737><TERRORIST>" killed "Branco Bois || Cristiano<773><STEAM_0:0:1465890162><CT>" with "ak47"
L 07/04/2020 - 19:09:07: "Branco Bois || noob_assassin<762><STEAM_0:0:1060612858><CT>" killed "Ninja Bois || Escanor<763><STEAM_0:0:83230422><TERRORIST>" with "usp"
L 07/04/2020 - 19:09:08: "Ninja Bois || wolf<771><VALVE_0:4:1088121065><TERRORIST>" triggered "Planted_The_Bomb"
L 07/04/2020 - 19:09:12: "Branco Bois || noob_assassin<762><STEAM_0:0:1060612858><CT>" killed "Ninja Bois || 1729<770><STEAM_0:0:1921819853><TERRORIST>" with "usp"
L 07/04/2020 - 19:09:16: "Ninja Bois || F5<759><VALVE_0:4:60688751><TERRORIST>" killed "Branco Bois || noob_assassin<762><STEAM_0:0:1060612858><CT>" with "ak47"
L 07/04/2020 - 19:09:18: "Ninja Bois || wolf<771><VALVE_0:4:1088121065><TERRORIST>" killed "Branco Bois || pRo_rVlTN<761><STEAM_0:1:546352772><CT>" with "ak47"
L 07/04/2020 - 19:09:18: Team "TERRORIST" triggered "Terrorists_Win" (CT "2") (T "2")
L 07/04/2020 - 19:09:18: World triggered "Round_End"
L 07/04/2020 - 19:09:23: "Ninja Bois || Escanor<763><STEAM_0:0:83230422><TERRORIST>" triggered "Spawned_With_The_Bomb"
L 07/04/2020 - 19:09:33: World triggered "Round_Start"
L 07/04/2020 - 19:09:53: "Ninja Bois || Escanor<763><STEAM_0:0:83230422><TERRORIST>" killed "Branco Bois || Agent Felix<766><STEAM_0:1:539804210><CT>" with "ak47"
L 07/04/2020 - 19:10:02: "Branco Bois || Sic Mundus<764><STEAM_0:1:66144441><CT>" killed "Ninja Bois || Escanor<763><STEAM_0:0:83230422><TERRORIST>" with "mp5navy"
L 07/04/2020 - 19:10:02: "Ninja Bois || Escanor<763><STEAM_0:0:83230422><TERRORIST>" triggered "Dropped_The_Bomb"
L 07/04/2020 - 19:10:04: "Ninja Bois || wolf<771><VALVE_0:4:1088121065><TERRORIST>" killed "Branco Bois || Cristiano<773><STEAM_0:0:1465890162><CT>" with "ak47"
L 07/04/2020 - 19:10:05: "Ninja Bois || 1729<770><STEAM_0:0:1921819853><TERRORIST>" killed "Branco Bois || noob_assassin<762><STEAM_0:0:1060612858><CT>" with "ak47"
L 07/04/2020 - 19:10:15: "Branco Bois || Sic Mundus<764><STEAM_0:1:66144441><CT>" killed "Ninja Bois || StuFu<769><STEAM_0:1:147341737><TERRORIST>" with "mp5navy"
L 07/04/2020 - 19:10:18: "Ninja Bois || 1729<770><STEAM_0:0:1921819853><TERRORIST>" killed "Branco Bois || Sic Mundus<764><STEAM_0:1:66144441><CT>" with "ak47"
L 07/04/2020 - 19:10:22: "Ninja Bois || wolf<771><VALVE_0:4:1088121065><TERRORIST>" triggered "Got_The_Bomb"
L 07/04/2020 - 19:10:29: "Ninja Bois || wolf<771><VALVE_0:4:1088121065><TERRORIST>" triggered "Planted_The_Bomb"
L 07/04/2020 - 19:10:47: "Branco Bois || pRo_rVlTN<761><STEAM_0:1:546352772><CT>" killed "Ninja Bois || F5<759><VALVE_0:4:60688751><TERRORIST>" with "m4a1"
L 07/04/2020 - 19:11:06: "Branco Bois || pRo_rVlTN<761><STEAM_0:1:546352772><CT>" triggered "Begin_Bomb_Defuse_With_Kit"
L 07/04/2020 - 19:11:08: "Ninja Bois || 1729<770><STEAM_0:0:1921819853><TERRORIST>" killed "Branco Bois || pRo_rVlTN<761><STEAM_0:1:546352772><CT>" with "ak47"
L 07/04/2020 - 19:11:08: Team "TERRORIST" triggered "Terrorists_Win" (CT "2") (T "3")
L 07/04/2020 - 19:11:08: World triggered "Round_End"
L 07/04/2020 - 19:11:13: "Ninja Bois || StuFu<769><STEAM_0:1:147341737><TERRORIST>" triggered "Spawned_With_The_Bomb"
L 07/04/2020 - 19:11:23: World triggered "Round_Start"
L 07/04/2020 - 19:11:36: "Ninja Bois || 1729<770><STEAM_0:0:1921819853><TERRORIST>" killed "Branco Bois || Sic Mundus<764><STEAM_0:1:66144441><CT>" with "ak47"
L 07/04/2020 - 19:11:40: "Ninja Bois || 1729<770><STEAM_0:0:1921819853><TERRORIST>" killed "Branco Bois || Agent Felix<766><STEAM_0:1:539804210><CT>" with "ak47"
L 07/04/2020 - 19:11:51: "Ninja Bois || 1729<770><STEAM_0:0:1921819853><TERRORIST>" killed "Branco Bois || noob_assassin<762><STEAM_0:0:1060612858><CT>" with "ak47"
L 07/04/2020 - 19:11:54: "Branco Bois || pRo_rVlTN<761><STEAM_0:1:546352772><CT>" killed "Ninja Bois || 1729<770><STEAM_0:0:1921819853><TERRORIST>" with "famas"
L 07/04/2020 - 19:12:00: "Ninja Bois || Escanor<763><STEAM_0:0:83230422><TERRORIST>" killed "Branco Bois || Cristiano<773><STEAM_0:0:1465890162><CT>" with "ak47"
L 07/04/2020 - 19:12:00: "Ninja Bois || F5<759><VALVE_0:4:60688751><TERRORIST>" killed "Branco Bois || pRo_rVlTN<761><STEAM_0:1:546352772><CT>" with "ak47"
L 07/04/2020 - 19:12:00: Team "TERRORIST" triggered "Terrorists_Win" (CT "2") (T "4")
L 07/04/2020 - 19:12:00: World triggered "Round_End"
L 07/04/2020 - 19:12:05: "Ninja Bois || 1729<770><STEAM_0:0:1921819853><TERRORIST>" triggered "Spawned_With_The_Bomb"
L 07/04/2020 - 19:12:15: World triggered "Round_Start"
L 07/04/2020 - 19:12:53: "Ninja Bois || Escanor<763><STEAM_0:0:83230422><TERRORIST>" killed "Branco Bois || Cristiano<773><STEAM_0:0:1465890162><CT>" with "ak47"
L 07/04/2020 - 19:13:14: "Branco Bois || pRo_rVlTN<761><STEAM_0:1:546352772><CT>" killed "Ninja Bois || StuFu<769><STEAM_0:1:147341737><TERRORIST>" with "m4a1"
L 07/04/2020 - 19:13:15: "Ninja Bois || 1729<770><STEAM_0:0:1921819853><TERRORIST>" triggered "Planted_The_Bomb"
L 07/04/2020 - 19:13:34: "Ninja Bois || wolf<771><VALVE_0:4:1088121065><TERRORIST>" killed "Branco Bois || noob_assassin<762><STEAM_0:0:1060612858><CT>" with "ak47"
L 07/04/2020 - 19:13:46: "Ninja Bois || 1729<770><STEAM_0:0:1921819853><TERRORIST>" killed "Branco Bois || Sic Mundus<764><STEAM_0:1:66144441><CT>" with "ak47"
L 07/04/2020 - 19:13:47: "Branco Bois || pRo_rVlTN<761><STEAM_0:1:546352772><CT>" killed "Ninja Bois || wolf<771><VALVE_0:4:1088121065><TERRORIST>" with "m4a1"
L 07/04/2020 - 19:13:49: "Ninja Bois || F5<759><VALVE_0:4:60688751><TERRORIST>" killed "Branco Bois || Agent Felix<766><STEAM_0:1:539804210><CT>" with "ak47"
L 07/04/2020 - 19:13:50: "Ninja Bois || Escanor<763><STEAM_0:0:83230422><TERRORIST>" killed "Branco Bois || pRo_rVlTN<761><STEAM_0:1:546352772><CT>" with "ak47"
L 07/04/2020 - 19:13:50: Team "TERRORIST" triggered "Terrorists_Win" (CT "2") (T "5")
L 07/04/2020 - 19:13:50: World triggered "Round_End"
L 07/04/2020 - 19:13:55: "Ninja Bois || wolf<771><VALVE_0:4:1088121065><TERRORIST>" triggered "Spawned_With_The_Bomb"
L 07/04/2020 - 19:14:05: World triggered "Round_Start"
L 07/04/2020 - 19:14:38: "Ninja Bois || Escanor<763><STEAM_0:0:83230422><TERRORIST>" killed "Branco Bois || Cristiano<773><STEAM_0:0:1465890162><CT>" with "ak47"
L 07/04/2020 - 19:14:47: "Ninja Bois || StuFu<769><STEAM_0:1:147341737><TERRORIST>" killed "Branco Bois || pRo_rVlTN<761><STEAM_0:1:546352772><CT>" with "ak47"
L 07/04/2020 - 19:14:53: "Ninja Bois || 1729<770><STEAM_0:0:1921819853><TERRORIST>" killed "Branco Bois || Agent Felix<766><STEAM_0:1:539804210><CT>" with "ak47"
L 07/04/2020 - 19:14:59: "Branco Bois || noob_assassin<762><STEAM_0:0:1060612858><CT>" killed "Ninja Bois || 1729<770><STEAM_0:0:1921819853><TERRORIST>" with "usp"
L 07/04/2020 - 19:15:02: "Branco Bois || Sic Mundus<764><STEAM_0:1:66144441><CT>" killed "Ninja Bois || wolf<771><VALVE_0:4:1088121065><TERRORIST>" with "mp5navy"
L 07/04/2020 - 19:15:02: "Ninja Bois || wolf<771><VALVE_0:4:1088121065><TERRORIST>" triggered "Dropped_The_Bomb"
L 07/04/2020 - 19:15:03: "Ninja Bois || Escanor<763><STEAM_0:0:83230422><TERRORIST>" killed "Branco Bois || Sic Mundus<764><STEAM_0:1:66144441><CT>" with "ak47"
L 07/04/2020 - 19:15:05: "Ninja Bois || Escanor<763><STEAM_0:0:83230422><TERRORIST>" triggered "Got_The_Bomb"
L 07/04/2020 - 19:15:10: "Ninja Bois || StuFu<769><STEAM_0:1:147341737><TERRORIST>" killed "Branco Bois || noob_assassin<762><STEAM_0:0:1060612858><CT>" with "ak47"
L 07/04/2020 - 19:15:10: Team "TERRORIST" triggered "Terrorists_Win" (CT "2") (T "6")
L 07/04/2020 - 19:15:10: World triggered "Round_End"
L 07/04/2020 - 19:15:15: "Ninja Bois || F5<759><VALVE_0:4:60688751><TERRORIST>" triggered "Spawned_With_The_Bomb"
L 07/04/2020 - 19:15:25: World triggered "Round_Start"
L 07/04/2020 - 19:15:57: "Ninja Bois || Escanor<763><STEAM_0:0:83230422><TERRORIST>" killed "Branco Bois || pRo_rVlTN<761><STEAM_0:1:546352772><CT>" with "ak47"
L 07/04/2020 - 19:16:00: "Branco Bois || Sic Mundus<764><STEAM_0:1:66144441><CT>" killed "Ninja Bois || Escanor<763><STEAM_0:0:83230422><TERRORIST>" with "m4a1"
L 07/04/2020 - 19:16:28: "Branco Bois || Agent Felix<766><STEAM_0:1:539804210><CT>" killed "Ninja Bois || StuFu<769><STEAM_0:1:147341737><TERRORIST>" with "m4a1"
L 07/04/2020 - 19:16:31: "Ninja Bois || F5<759><VALVE_0:4:60688751><TERRORIST>" killed "Branco Bois || Agent Felix<766><STEAM_0:1:539804210><CT>" with "ak47"
L 07/04/2020 - 19:16:35: "Branco Bois || noob_assassin<762><STEAM_0:0:1060612858><CT>" killed "Ninja Bois || F5<759><VALVE_0:4:60688751><TERRORIST>" with "m4a1"
L 07/04/2020 - 19:16:35: "Ninja Bois || F5<759><VALVE_0:4:60688751><TERRORIST>" triggered "Dropped_The_Bomb"
L 07/04/2020 - 19:16:35: "Ninja Bois || 1729<770><STEAM_0:0:1921819853><TERRORIST>" killed "Branco Bois || noob_assassin<762><STEAM_0:0:1060612858><CT>" with "awp"
L 07/04/2020 - 19:16:38: "Ninja Bois || 1729<770><STEAM_0:0:1921819853><TERRORIST>" triggered "Got_The_Bomb"
L 07/04/2020 - 19:16:43: "Ninja Bois || 1729<770><STEAM_0:0:1921819853><TERRORIST>" triggered "Planted_The_Bomb"
L 07/04/2020 - 19:16:45: "Ninja Bois || wolf<771><VALVE_0:4:1088121065><TERRORIST>" killed "Branco Bois || Cristiano<773><STEAM_0:0:1465890162><CT>" with "ak47"
L 07/04/2020 - 19:16:52: "Branco Bois || Sic Mundus<764><STEAM_0:1:66144441><CT>" killed "Ninja Bois || 1729<770><STEAM_0:0:1921819853><TERRORIST>" with "m4a1"
L 07/04/2020 - 19:16:57: "Branco Bois || Sic Mundus<764><STEAM_0:1:66144441><CT>" triggered "Begin_Bomb_Defuse_With_Kit"
L 07/04/2020 - 19:17:01: "Branco Bois || Sic Mundus<764><STEAM_0:1:66144441><CT>" killed "Ninja Bois || wolf<771><VALVE_0:4:1088121065><TERRORIST>" with "m4a1"
L 07/04/2020 - 19:17:02: "Branco Bois || Sic Mundus<764><STEAM_0:1:66144441><CT>" triggered "Begin_Bomb_Defuse_With_Kit"
L 07/04/2020 - 19:17:04: "Branco Bois || pRo_rVlTN<761><STEAM_0:1:546352772><CT>" say_team "n1" (dead)
L 07/04/2020 - 19:17:07: "Branco Bois || Sic Mundus<764><STEAM_0:1:66144441><CT>" triggered "Defused_The_Bomb"
L 07/04/2020 - 19:17:07: Team "CT" triggered "Bomb_Defused" (CT "3") (T "6")
L 07/04/2020 - 19:17:07: World triggered "Round_End"
L 07/04/2020 - 19:17:12: "Ninja Bois || Escanor<763><STEAM_0:0:83230422><TERRORIST>" triggered "Spawned_With_The_Bomb"
L 07/04/2020 - 19:17:15: "Ninja Bois || Escanor<763><STEAM_0:0:83230422><TERRORIST>" triggered "Dropped_The_Bomb"
L 07/04/2020 - 19:17:15: "Ninja Bois || wolf<771><VALVE_0:4:1088121065><TERRORIST>" triggered "Got_The_Bomb"
L 07/04/2020 - 19:17:22: World triggered "Round_Start"
L 07/04/2020 - 19:17:37: "Ninja Bois || 1729<770><STEAM_0:0:1921819853><TERRORIST>" killed "Branco Bois || Cristiano<773><STEAM_0:0:1465890162><CT>" with "ak47"
L 07/04/2020 - 19:17:42: "Ninja Bois || StuFu<769><STEAM_0:1:147341737><TERRORIST>" killed "Branco Bois || pRo_rVlTN<761><STEAM_0:1:546352772><CT>" with "ak47"
L 07/04/2020 - 19:17:46: "Ninja Bois || 1729<770><STEAM_0:0:1921819853><TERRORIST>" killed "Branco Bois || Sic Mundus<764><STEAM_0:1:66144441><CT>" with "ak47"
L 07/04/2020 - 19:17:53: "Branco Bois || noob_assassin<762><STEAM_0:0:1060612858><CT>" killed "Ninja Bois || 1729<770><STEAM_0:0:1921819853><TERRORIST>" with "m4a1"
L 07/04/2020 - 19:17:54: "Ninja Bois || wolf<771><VALVE_0:4:1088121065><TERRORIST>" triggered "Planted_The_Bomb"
L 07/04/2020 - 19:17:59: "Ninja Bois || Escanor<763><STEAM_0:0:83230422><TERRORIST>" killed "Branco Bois || Agent Felix<766><STEAM_0:1:539804210><CT>" with "ak47"
L 07/04/2020 - 19:18:15: "Ninja Bois || Escanor<763><STEAM_0:0:83230422><TERRORIST>" killed "Branco Bois || noob_assassin<762><STEAM_0:0:1060612858><CT>" with "ak47"
L 07/04/2020 - 19:18:15: Team "TERRORIST" triggered "Terrorists_Win" (CT "3") (T "7")
L 07/04/2020 - 19:18:15: World triggered "Round_End"
L 07/04/2020 - 19:18:20: "Ninja Bois || StuFu<769><STEAM_0:1:147341737><TERRORIST>" triggered "Spawned_With_The_Bomb"
L 07/04/2020 - 19:18:26: "Branco Bois || pRo_rVlTN<761><STEAM_0:1:546352772><CT>" say_team "eco"
L 07/04/2020 - 19:18:30: World triggered "Round_Start"
L 07/04/2020 - 19:18:56: "Ninja Bois || 1729<770><STEAM_0:0:1921819853><TERRORIST>" killed "Branco Bois || noob_assassin<762><STEAM_0:0:1060612858><CT>" with "ak47"
L 07/04/2020 - 19:19:04: "Branco Bois || Agent Felix<766><STEAM_0:1:539804210><CT>" killed "Ninja Bois || 1729<770><STEAM_0:0:1921819853><TERRORIST>" with "usp"
L 07/04/2020 - 19:19:06: "Branco Bois || Sic Mundus<764><STEAM_0:1:66144441><CT>" killed "Ninja Bois || F5<759><VALVE_0:4:60688751><TERRORIST>" with "m4a1"
L 07/04/2020 - 19:19:17: "Ninja Bois || wolf<771><VALVE_0:4:1088121065><TERRORIST>" killed "Branco Bois || pRo_rVlTN<761><STEAM_0:1:546352772><CT>" with "ak47"
L 07/04/2020 - 19:19:22: "Ninja Bois || StuFu<769><STEAM_0:1:147341737><TERRORIST>" triggered "Planted_The_Bomb"
L 07/04/2020 - 19:19:42: "Ninja Bois || StuFu<769><STEAM_0:1:147341737><TERRORIST>" killed "Branco Bois || Sic Mundus<764><STEAM_0:1:66144441><CT>" with "ak47"
L 07/04/2020 - 19:19:42: "Branco Bois || Agent Felix<766><STEAM_0:1:539804210><CT>" killed "Ninja Bois || Escanor<763><STEAM_0:0:83230422><TERRORIST>" with "ak47"
L 07/04/2020 - 19:19:46: "Branco Bois || Agent Felix<766><STEAM_0:1:539804210><CT>" killed "Ninja Bois || wolf<771><VALVE_0:4:1088121065><TERRORIST>" with "ak47"
L 07/04/2020 - 19:19:48: "Ninja Bois || StuFu<769><STEAM_0:1:147341737><TERRORIST>" killed "Branco Bois || Cristiano<773><STEAM_0:0:1465890162><CT>" with "ak47"
L 07/04/2020 - 19:19:51: "Ninja Bois || StuFu<769><STEAM_0:1:147341737><TERRORIST>" killed "Branco Bois || Agent Felix<766><STEAM_0:1:539804210><CT>" with "ak47"
L 07/04/2020 - 19:19:51: Team "TERRORIST" triggered "Terrorists_Win" (CT "3") (T "8")
L 07/04/2020 - 19:19:51: World triggered "Round_End"
L 07/04/2020 - 19:19:56: "Ninja Bois || 1729<770><STEAM_0:0:1921819853><TERRORIST>" triggered "Spawned_With_The_Bomb"
L 07/04/2020 - 19:20:06: World triggered "Round_Start"
L 07/04/2020 - 19:20:14: "Ninja Bois || 1729<770><STEAM_0:0:1921819853><TERRORIST>" triggered "Dropped_The_Bomb"
L 07/04/2020 - 19:20:16: "Ninja Bois || F5<759><VALVE_0:4:60688751><TERRORIST>" triggered "Got_The_Bomb"
L 07/04/2020 - 19:20:50: "Ninja Bois || 1729<770><STEAM_0:0:1921819853><TERRORIST>" killed "Branco Bois || Agent Felix<766><STEAM_0:1:539804210><CT>" with "ak47"
L 07/04/2020 - 19:21:02: "Ninja Bois || F5<759><VALVE_0:4:60688751><TERRORIST>" triggered "Planted_The_Bomb"
L 07/04/2020 - 19:21:02: "Branco Bois || pRo_rVlTN<761><STEAM_0:1:546352772><CT>" killed "Ninja Bois || Escanor<763><STEAM_0:0:83230422><TERRORIST>" with "m4a1"
L 07/04/2020 - 19:21:11: "Ninja Bois || 1729<770><STEAM_0:0:1921819853><TERRORIST>" killed "Branco Bois || pRo_rVlTN<761><STEAM_0:1:546352772><CT>" with "ak47"
L 07/04/2020 - 19:21:13: "Ninja Bois || 1729<770><STEAM_0:0:1921819853><TERRORIST>" killed "Branco Bois || noob_assassin<762><STEAM_0:0:1060612858><CT>" with "ak47"
L 07/04/2020 - 19:21:14: "Branco Bois || Sic Mundus<764><STEAM_0:1:66144441><CT>" killed "Ninja Bois || 1729<770><STEAM_0:0:1921819853><TERRORIST>" with "mp5navy"
L 07/04/2020 - 19:21:26: "Ninja Bois || wolf<771><VALVE_0:4:1088121065><TERRORIST>" killed "Branco Bois || Sic Mundus<764><STEAM_0:1:66144441><CT>" with "ak47"
L 07/04/2020 - 19:21:26: "Ninja Bois || StuFu<769><STEAM_0:1:147341737><TERRORIST>" killed "Branco Bois || Cristiano<773><STEAM_0:0:1465890162><CT>" with "ak47"
L 07/04/2020 - 19:21:26: Team "TERRORIST" triggered "Terrorists_Win" (CT "3") (T "9")
L 07/04/2020 - 19:21:26: World triggered "Round_End"
L 07/04/2020 - 19:21:31: "Ninja Bois || wolf<771><VALVE_0:4:1088121065><TERRORIST>" triggered "Spawned_With_The_Bomb"
L 07/04/2020 - 19:21:41: World triggered "Round_Start"
L 07/04/2020 - 19:21:57: "Ninja Bois || 1729<770><STEAM_0:0:1921819853><TERRORIST>" killed "Branco Bois || Cristiano<773><STEAM_0:0:1465890162><CT>" with "ak47"
L 07/04/2020 - 19:21:58: "Ninja Bois || 1729<770><STEAM_0:0:1921819853><TERRORIST>" killed "Branco Bois || Agent Felix<766><STEAM_0:1:539804210><CT>" with "ak47"
L 07/04/2020 - 19:22:07: "Ninja Bois || 1729<770><STEAM_0:0:1921819853><TERRORIST>" killed "Branco Bois || Sic Mundus<764><STEAM_0:1:66144441><CT>" with "ak47"
L 07/04/2020 - 19:22:07: "Ninja Bois || StuFu<769><STEAM_0:1:147341737><TERRORIST>" killed "Branco Bois || pRo_rVlTN<761><STEAM_0:1:546352772><CT>" with "ak47"
L 07/04/2020 - 19:22:17: "Ninja Bois || wolf<771><VALVE_0:4:1088121065><TERRORIST>" triggered "Planted_The_Bomb"
L 07/04/2020 - 19:22:22: "Ninja Bois || Escanor<763><STEAM_0:0:83230422><TERRORIST>" killed "Branco Bois || noob_assassin<762><STEAM_0:0:1060612858><CT>" with "ak47"
L 07/04/2020 - 19:22:22: Team "TERRORIST" triggered "Terrorists_Win" (CT "3") (T "10")
L 07/04/2020 - 19:22:22: World triggered "Round_End"
L 07/04/2020 - 19:22:27: "Ninja Bois || F5<759><VALVE_0:4:60688751><TERRORIST>" triggered "Spawned_With_The_Bomb"
L 07/04/2020 - 19:22:37: World triggered "Round_Start"
L 07/04/2020 - 19:23:10: "Branco Bois || Agent Felix<766><STEAM_0:1:539804210><CT>" killed "Ninja Bois || 1729<770><STEAM_0:0:1921819853><TERRORIST>" with "m4a1"
L 07/04/2020 - 19:23:10: "Ninja Bois || Escanor<763><STEAM_0:0:83230422><TERRORIST>" killed "Branco Bois || Cristiano<773><STEAM_0:0:1465890162><CT>" with "ak47"
L 07/04/2020 - 19:23:15: "Branco Bois || pRo_rVlTN<761><STEAM_0:1:546352772><CT>" killed "Ninja Bois || Escanor<763><STEAM_0:0:83230422><TERRORIST>" with "awp"
L 07/04/2020 - 19:23:35: "Ninja Bois || wolf<771><VALVE_0:4:1088121065><TERRORIST>" killed "Branco Bois || pRo_rVlTN<761><STEAM_0:1:546352772><CT>" with "ak47"
L 07/04/2020 - 19:23:38: "Ninja Bois || F5<759><VALVE_0:4:60688751><TERRORIST>" killed "Branco Bois || Sic Mundus<764><STEAM_0:1:66144441><CT>" with "ak47"
L 07/04/2020 - 19:23:49: "Ninja Bois || F5<759><VALVE_0:4:60688751><TERRORIST>" triggered "Planted_The_Bomb"
L 07/04/2020 - 19:23:50: "Ninja Bois || StuFu<769><STEAM_0:1:147341737><TERRORIST>" killed "Branco Bois || noob_assassin<762><STEAM_0:0:1060612858><CT>" with "ak47"
L 07/04/2020 - 19:23:55: "Ninja Bois || wolf<771><VALVE_0:4:1088121065><TERRORIST>" killed "Branco Bois || Agent Felix<766><STEAM_0:1:539804210><CT>" with "ak47"
L 07/04/2020 - 19:23:55: Team "TERRORIST" triggered "Terrorists_Win" (CT "3") (T "11")
L 07/04/2020 - 19:23:55: World triggered "Round_End"
L 07/04/2020 - 19:24:00: "Ninja Bois || Escanor<763><STEAM_0:0:83230422><TERRORIST>" triggered "Spawned_With_The_Bomb"
L 07/04/2020 - 19:24:06: "Ninja Bois || Escanor<763><STEAM_0:0:83230422><TERRORIST>" triggered "Dropped_The_Bomb"
L 07/04/2020 - 19:24:10: World triggered "Round_Start"
L 07/04/2020 - 19:24:10: "Ninja Bois || StuFu<769><STEAM_0:1:147341737><TERRORIST>" triggered "Got_The_Bomb"
L 07/04/2020 - 19:24:25: "Ninja Bois || 1729<770><STEAM_0:0:1921819853><TERRORIST>" killed "Branco Bois || Cristiano<773><STEAM_0:0:1465890162><CT>" with "ak47"
L 07/04/2020 - 19:24:29: "Ninja Bois || Escanor<763><STEAM_0:0:83230422><TERRORIST>" killed "Branco Bois || pRo_rVlTN<761><STEAM_0:1:546352772><CT>" with "ak47"
L 07/04/2020 - 19:24:33: "Branco Bois || Sic Mundus<764><STEAM_0:1:66144441><CT>" killed "Ninja Bois || 1729<770><STEAM_0:0:1921819853><TERRORIST>" with "m4a1"
L 07/04/2020 - 19:24:36: "Branco Bois || Sic Mundus<764><STEAM_0:1:66144441><CT>" killed "Ninja Bois || F5<759><VALVE_0:4:60688751><TERRORIST>" with "m4a1"
L 07/04/2020 - 19:24:41: "Ninja Bois || StuFu<769><STEAM_0:1:147341737><TERRORIST>" triggered "Planted_The_Bomb"
L 07/04/2020 - 19:24:53: "Ninja Bois || StuFu<769><STEAM_0:1:147341737><TERRORIST>" killed "Branco Bois || noob_assassin<762><STEAM_0:0:1060612858><CT>" with "ak47"
L 07/04/2020 - 19:25:03: "Ninja Bois || StuFu<769><STEAM_0:1:147341737><TERRORIST>" killed "Branco Bois || Sic Mundus<764><STEAM_0:1:66144441><CT>" with "ak47"
L 07/04/2020 - 19:25:18: "Ninja Bois || StuFu<769><STEAM_0:1:147341737><TERRORIST>" killed "Branco Bois || Agent Felix<766><STEAM_0:1:539804210><CT>" with "ak47"
L 07/04/2020 - 19:25:18: Team "TERRORIST" triggered "Terrorists_Win" (CT "3") (T "12")
L 07/04/2020 - 19:25:18: World triggered "Round_End"
L 07/04/2020 - 19:25:23: "Ninja Bois || StuFu<769><STEAM_0:1:147341737><TERRORIST>" triggered "Spawned_With_The_Bomb"
L 07/04/2020 - 19:25:25: "Branco Bois || pRo_rVlTN<761><STEAM_0:1:546352772><CT>" committed suicide with "world"
L 07/04/2020 - 19:25:25: "Branco Bois || pRo_rVlTN<761><STEAM_0:1:546352772><CT>" joined team "TERRORIST"
L 07/04/2020 - 19:25:26: "Branco Bois || Agent Felix<766><STEAM_0:1:539804210><CT>" committed suicide with "world"
L 07/04/2020 - 19:25:26: "Branco Bois || Agent Felix<766><STEAM_0:1:539804210><CT>" joined team "TERRORIST"
L 07/04/2020 - 19:25:27: "Ninja Bois || StuFu<769><STEAM_0:1:147341737><TERRORIST>" committed suicide with "world"
L 07/04/2020 - 19:25:27: "Ninja Bois || StuFu<769><STEAM_0:1:147341737><TERRORIST>" triggered "Dropped_The_Bomb"
L 07/04/2020 - 19:25:27: "Ninja Bois || StuFu<769><STEAM_0:1:147341737><TERRORIST>" joined team "CT"
L 07/04/2020 - 19:25:27: "Ninja Bois || F5<759><VALVE_0:4:60688751><TERRORIST>" committed suicide with "world"
L 07/04/2020 - 19:25:27: "Ninja Bois || F5<759><VALVE_0:4:60688751><TERRORIST>" joined team "CT"
L 07/04/2020 - 19:25:27: "Branco Bois || Cristiano<773><STEAM_0:0:1465890162><CT>" committed suicide with "world"
L 07/04/2020 - 19:25:27: "Branco Bois || Cristiano<773><STEAM_0:0:1465890162><CT>" joined team "TERRORIST"
L 07/04/2020 - 19:25:28: "Ninja Bois || 1729<770><STEAM_0:0:1921819853><TERRORIST>" committed suicide with "world"
L 07/04/2020 - 19:25:28: "Ninja Bois || 1729<770><STEAM_0:0:1921819853><TERRORIST>" joined team "CT"
L 07/04/2020 - 19:25:28: Rcon: "rcon 730833704 "Lauda2" sv_restart 1" from "106.51.30.169:30398"
L 07/04/2020 - 19:25:28: Server cvar "sv_restart" = "1"
L 07/04/2020 - 19:25:28: World triggered "Restart_Round_(1_second)"
L 07/04/2020 - 19:25:28: Team "CT" scored "3" with "5" players
L 07/04/2020 - 19:25:28: Team "TERRORIST" scored "12" with "5" players
L 07/04/2020 - 19:25:28: Server cvar "sv_restart" = "0"
L 07/04/2020 - 19:25:28: Rcon: "rcon 730833704 "Lauda2" sv_restart 1" from "106.51.30.169:30398"
L 07/04/2020 - 19:25:28: Server cvar "sv_restart" = "1"
L 07/04/2020 - 19:25:28: "Branco Bois || noob_assassin<762><STEAM_0:0:1060612858><CT>" committed suicide with "world"
L 07/04/2020 - 19:25:28: "Branco Bois || noob_assassin<762><STEAM_0:0:1060612858><CT>" joined team "TERRORIST"
L 07/04/2020 - 19:25:28: Rcon: "rcon 730833704 "Lauda2" sv_restart 1" from "106.51.30.169:30398"
L 07/04/2020 - 19:25:29: "Ninja Bois || wolf<771><VALVE_0:4:1088121065><TERRORIST>" triggered "Spawned_With_The_Bomb"
L 07/04/2020 - 19:25:29: World triggered "Restart_Round_(1_second)"
L 07/04/2020 - 19:25:29: Team "CT" scored "0" with "4" players
L 07/04/2020 - 19:25:29: Team "TERRORIST" scored "0" with "6" players
L 07/04/2020 - 19:25:29: Server cvar "sv_restart" = "0"
L 07/04/2020 - 19:25:30: "Ninja Bois || Escanor<763><STEAM_0:0:83230422><TERRORIST>" committed suicide with "world"
L 07/04/2020 - 19:25:30: "Ninja Bois || Escanor<763><STEAM_0:0:83230422><TERRORIST>" joined team "CT"
L 07/04/2020 - 19:25:30: "Branco Bois || Cristiano<773><STEAM_0:0:1465890162><TERRORIST>" triggered "Spawned_With_The_Bomb"
L 07/04/2020 - 19:25:30: Rcon: "rcon 730833704 "Lauda2" sv_restart 1" from "106.51.30.169:30398"
L 07/04/2020 - 19:25:30: Server cvar "sv_restart" = "1"
L 07/04/2020 - 19:25:31: "Branco Bois || Sic Mundus<764><STEAM_0:1:66144441><CT>" committed suicide with "world"
L 07/04/2020 - 19:25:31: "Branco Bois || Sic Mundus<764><STEAM_0:1:66144441><CT>" joined team "TERRORIST"
L 07/04/2020 - 19:25:31: Rcon: "rcon 730833704 "Lauda2" sv_restart 1" from "106.51.30.169:30398"
L 07/04/2020 - 19:25:31: World triggered "Restart_Round_(1_second)"
L 07/04/2020 - 19:25:31: Team "CT" scored "0" with "4" players
L 07/04/2020 - 19:25:31: Team "TERRORIST" scored "0" with "6" players
L 07/04/2020 - 19:25:31: Server cvar "sv_restart" = "0"
L 07/04/2020 - 19:25:32: "Ninja Bois || wolf<771><VALVE_0:4:1088121065><TERRORIST>" committed suicide with "world"
L 07/04/2020 - 19:25:32: "Ninja Bois || wolf<771><VALVE_0:4:1088121065><TERRORIST>" joined team "CT"
L 07/04/2020 - 19:25:32: "Branco Bois || Agent Felix<766><STEAM_0:1:539804210><TERRORIST>" triggered "Spawned_With_The_Bomb"
L 07/04/2020 - 19:25:39: "Ninja Bois || 1729<770><STEAM_0:0:1921819853><CT>" say "amra ready"
L 07/04/2020 - 19:25:42: World triggered "Round_Start"
L 07/04/2020 - 19:26:29: "Branco Bois || Agent Felix<766><STEAM_0:1:539804210><TERRORIST>" say "READY"
L 07/04/2020 - 19:26:33: Rcon: "rcon 730833704 "Lauda2" sv_restart 1" from "106.51.30.169:30398"
L 07/04/2020 - 19:26:33: Server cvar "sv_restart" = "1"
L 07/04/2020 - 19:26:33: World triggered "Restart_Round_(1_second)"
L 07/04/2020 - 19:26:33: Team "CT" scored "0" with "5" players
L 07/04/2020 - 19:26:34: Team "TERRORIST" scored "0" with "5" players
L 07/04/2020 - 19:26:34: Server cvar "sv_restart" = "0"
L 07/04/2020 - 19:26:34: "Branco Bois || pRo_rVlTN<761><STEAM_0:1:546352772><TERRORIST>" triggered "Spawned_With_The_Bomb"
L 07/04/2020 - 19:26:45: World triggered "Round_Start"
L 07/04/2020 - 19:26:46: "Branco Bois || pRo_rVlTN<761><STEAM_0:1:546352772><TERRORIST>" triggered "Dropped_The_Bomb"
L 07/04/2020 - 19:26:47: "Branco Bois || Cristiano<773><STEAM_0:0:1465890162><TERRORIST>" triggered "Got_The_Bomb"
L 07/04/2020 - 19:26:52: "Branco Bois || Agent Felix<766><STEAM_0:1:539804210><TERRORIST>" say "LIVE"
L 07/04/2020 - 19:26:52: "Branco Bois || pRo_rVlTN<761><STEAM_0:1:546352772><TERRORIST>" say "live?"
L 07/04/2020 - 19:26:54: "Ninja Bois || StuFu<769><STEAM_0:1:147341737><CT>" say "live"
L 07/04/2020 - 19:26:54: "Branco Bois || Sic Mundus<764><STEAM_0:1:66144441><TERRORIST>" say "RES LIVE"
L 07/04/2020 - 19:26:55: "Branco Bois || Agent Felix<766><STEAM_0:1:539804210><TERRORIST>" say "KOTHAY"
L 07/04/2020 - 19:26:56: Rcon: "rcon 730833704 "Lauda2" sv_restart 1" from "106.51.30.169:30398"
L 07/04/2020 - 19:26:56: Server cvar "sv_restart" = "1"
L 07/04/2020 - 19:26:57: World triggered "Restart_Round_(1_second)"
L 07/04/2020 - 19:26:57: Team "CT" scored "0" with "5" players
L 07/04/2020 - 19:26:57: Team "TERRORIST" scored "0" with "5" players
L 07/04/2020 - 19:26:57: Server cvar "sv_restart" = "0"
L 07/04/2020 - 19:26:58: "Branco Bois || Agent Felix<766><STEAM_0:1:539804210><TERRORIST>" say "RES LIVE"
L 07/04/2020 - 19:26:58: "Branco Bois || noob_assassin<762><STEAM_0:0:1060612858><TERRORIST>" triggered "Spawned_With_The_Bomb"
L 07/04/2020 - 19:27:00: "Ninja Bois || 1729<770><STEAM_0:0:1921819853><CT>" say "LIVE"
L 07/04/2020 - 19:27:00: "Ninja Bois || StuFu<769><STEAM_0:1:147341737><CT>" say "live"
L 07/04/2020 - 19:27:01: "Branco Bois || noob_assassin<762><STEAM_0:0:1060612858><TERRORIST>" triggered "Dropped_The_Bomb"
L 07/04/2020 - 19:27:08: World triggered "Round_Start"
L 07/04/2020 - 19:27:08: "Branco Bois || Cristiano<773><STEAM_0:0:1465890162><TERRORIST>" triggered "Got_The_Bomb"
L 07/04/2020 - 19:27:37: "Ninja Bois || 1729<770><STEAM_0:0:1921819853><CT>" killed "Branco Bois || Cristiano<773><STEAM_0:0:1465890162><TERRORIST>" with "usp"
L 07/04/2020 - 19:27:37: "Branco Bois || Cristiano<773><STEAM_0:0:1465890162><TERRORIST>" triggered "Dropped_The_Bomb"
L 07/04/2020 - 19:27:37: "Branco Bois || Agent Felix<766><STEAM_0:1:539804210><TERRORIST>" killed "Ninja Bois || 1729<770><STEAM_0:0:1921819853><CT>" with "deagle"
L 07/04/2020 - 19:27:49: "Ninja Bois || F5<759><VALVE_0:4:60688751><CT>" killed "Branco Bois || Agent Felix<766><STEAM_0:1:539804210><TERRORIST>" with "usp"
L 07/04/2020 - 19:27:53: "Ninja Bois || StuFu<769><STEAM_0:1:147341737><CT>" killed "Branco Bois || Sic Mundus<764><STEAM_0:1:66144441><TERRORIST>" with "deagle"
L 07/04/2020 - 19:27:53: "Branco Bois || noob_assassin<762><STEAM_0:0:1060612858><TERRORIST>" killed "Ninja Bois || Escanor<763><STEAM_0:0:83230422><CT>" with "glock18"
L 07/04/2020 - 19:27:55: "Ninja Bois || F5<759><VALVE_0:4:60688751><CT>" killed "Branco Bois || pRo_rVlTN<761><STEAM_0:1:546352772><TERRORIST>" with "usp"
L 07/04/2020 - 19:28:03: "Branco Bois || noob_assassin<762><STEAM_0:0:1060612858><TERRORIST>" killed "Ninja Bois || F5<759><VALVE_0:4:60688751><CT>" with "glock18"
L 07/04/2020 - 19:28:19: "Branco Bois || noob_assassin<762><STEAM_0:0:1060612858><TERRORIST>" killed "Ninja Bois || wolf<771><VALVE_0:4:1088121065><CT>" with "usp"
L 07/04/2020 - 19:28:55: "Ninja Bois || StuFu<769><STEAM_0:1:147341737><CT>" killed "Branco Bois || noob_assassin<762><STEAM_0:0:1060612858><TERRORIST>" with "deagle"
L 07/04/2020 - 19:28:55: Team "CT" triggered "CTs_Win" (CT "1") (T "0")
L 07/04/2020 - 19:28:55: World triggered "Round_End"
L 07/04/2020 - 19:29:00: "Branco Bois || Sic Mundus<764><STEAM_0:1:66144441><TERRORIST>" triggered "Spawned_With_The_Bomb"
L 07/04/2020 - 19:29:10: World triggered "Round_Start"
L 07/04/2020 - 19:29:28: "Ninja Bois || Escanor<763><STEAM_0:0:83230422><CT>" killed "Branco Bois || Cristiano<773><STEAM_0:0:1465890162><TERRORIST>" with "famas"
L 07/04/2020 - 19:29:32: "Branco Bois || noob_assassin<762><STEAM_0:0:1060612858><TERRORIST>" killed "Ninja Bois || 1729<770><STEAM_0:0:1921819853><CT>" with "galil"
L 07/04/2020 - 19:29:32: "Branco Bois || pRo_rVlTN<761><STEAM_0:1:546352772><TERRORIST>" killed "Ninja Bois || Escanor<763><STEAM_0:0:83230422><CT>" with "glock18"
L 07/04/2020 - 19:30:04: "Ninja Bois || wolf<771><VALVE_0:4:1088121065><CT>" say_team "f5 b"
L 07/04/2020 - 19:30:15: "Branco Bois || pRo_rVlTN<761><STEAM_0:1:546352772><TERRORIST>" killed "Ninja Bois || StuFu<769><STEAM_0:1:147341737><CT>" with "famas"
L 07/04/2020 - 19:30:29: "Ninja Bois || F5<759><VALVE_0:4:60688751><CT>" killed "Branco Bois || Agent Felix<766><STEAM_0:1:539804210><TERRORIST>" with "m4a1"
L 07/04/2020 - 19:30:34: "Branco Bois || Sic Mundus<764><STEAM_0:1:66144441><TERRORIST>" triggered "Planted_The_Bomb"
L 07/04/2020 - 19:30:37: "Branco Bois || pRo_rVlTN<761><STEAM_0:1:546352772><TERRORIST>" killed "Ninja Bois || wolf<771><VALVE_0:4:1088121065><CT>" with "m4a1"
L 07/04/2020 - 19:30:54: "Branco Bois || noob_assassin<762><STEAM_0:0:1060612858><TERRORIST>" killed "Ninja Bois || F5<759><VALVE_0:4:60688751><CT>" with "galil"
L 07/04/2020 - 19:30:54: Team "TERRORIST" triggered "Terrorists_Win" (CT "1") (T "1")
L 07/04/2020 - 19:30:54: World triggered "Round_End"
L 07/04/2020 - 19:30:59: "Branco Bois || Cristiano<773><STEAM_0:0:1465890162><TERRORIST>" triggered "Spawned_With_The_Bomb"
L 07/04/2020 - 19:31:05: "Ninja Bois || StuFu<769><STEAM_0:1:147341737><CT>" say_team "ECO"
L 07/04/2020 - 19:31:09: World triggered "Round_Start"
L 07/04/2020 - 19:31:25: "Ninja Bois || Escanor<763><STEAM_0:0:83230422><CT>" killed "Branco Bois || noob_assassin<762><STEAM_0:0:1060612858><TERRORIST>" with "deagle"
L 07/04/2020 - 19:31:28: "Ninja Bois || wolf<771><VALVE_0:4:1088121065><CT>" killed "Branco Bois || Agent Felix<766><STEAM_0:1:539804210><TERRORIST>" with "usp"
L 07/04/2020 - 19:31:31: "Branco Bois || Sic Mundus<764><STEAM_0:1:66144441><TERRORIST>" killed "Ninja Bois || 1729<770><STEAM_0:0:1921819853><CT>" with "ak47"
L 07/04/2020 - 19:31:33: "Ninja Bois || Escanor<763><STEAM_0:0:83230422><CT>" killed "Branco Bois || Sic Mundus<764><STEAM_0:1:66144441><TERRORIST>" with "deagle"
L 07/04/2020 - 19:31:36: "Branco Bois || Cristiano<773><STEAM_0:0:1465890162><TERRORIST>" killed "Ninja Bois || wolf<771><VALVE_0:4:1088121065><CT>" with "ak47"
L 07/04/2020 - 19:31:38: "Ninja Bois || Escanor<763><STEAM_0:0:83230422><CT>" killed "Branco Bois || Cristiano<773><STEAM_0:0:1465890162><TERRORIST>" with "ak47"
L 07/04/2020 - 19:31:38: "Branco Bois || Cristiano<773><STEAM_0:0:1465890162><TERRORIST>" triggered "Dropped_The_Bomb"
L 07/04/2020 - 19:31:42: "Branco Bois || pRo_rVlTN<761><STEAM_0:1:546352772><TERRORIST>" killed "Ninja Bois || Escanor<763><STEAM_0:0:83230422><CT>" with "ak47"
L 07/04/2020 - 19:32:02: "Branco Bois || pRo_rVlTN<761><STEAM_0:1:546352772><TERRORIST>" killed "Ninja Bois || F5<759><VALVE_0:4:60688751><CT>" with "ak47"
L 07/04/2020 - 19:32:09: "Ninja Bois || StuFu<769><STEAM_0:1:147341737><CT>" killed "Branco Bois || pRo_rVlTN<761><STEAM_0:1:546352772><TERRORIST>" with "ak47"
L 07/04/2020 - 19:32:09: Team "CT" triggered "CTs_Win" (CT "2") (T "1")
L 07/04/2020 - 19:32:09: World triggered "Round_End"
L 07/04/2020 - 19:32:14: "Branco Bois || Agent Felix<766><STEAM_0:1:539804210><TERRORIST>" triggered "Spawned_With_The_Bomb"
L 07/04/2020 - 19:32:24: World triggered "Round_Start"
L 07/04/2020 - 19:32:33: "Branco Bois || pRo_rVlTN<761><STEAM_0:1:546352772><TERRORIST>" killed "Ninja Bois || 1729<770><STEAM_0:0:1921819853><CT>" with "ak47"
L 07/04/2020 - 19:32:34: "Ninja Bois || Escanor<763><STEAM_0:0:83230422><CT>" killed "Branco Bois || pRo_rVlTN<761><STEAM_0:1:546352772><TERRORIST>" with "m4a1"
L 07/04/2020 - 19:32:36: "Ninja Bois || Escanor<763><STEAM_0:0:83230422><CT>" killed "Branco Bois || noob_assassin<762><STEAM_0:0:1060612858><TERRORIST>" with "m4a1"
L 07/04/2020 - 19:32:39: "Ninja Bois || StuFu<769><STEAM_0:1:147341737><CT>" killed "Branco Bois || Sic Mundus<764><STEAM_0:1:66144441><TERRORIST>" with "grenade"
L 07/04/2020 - 19:32:39: "Ninja Bois || StuFu<769><STEAM_0:1:147341737><CT>" killed "Branco Bois || Cristiano<773><STEAM_0:0:1465890162><TERRORIST>" with "grenade"
L 07/04/2020 - 19:32:41: "Ninja Bois || Escanor<763><STEAM_0:0:83230422><CT>" killed "Branco Bois || Agent Felix<766><STEAM_0:1:539804210><TERRORIST>" with "m4a1"
L 07/04/2020 - 19:32:41: Team "CT" triggered "CTs_Win" (CT "3") (T "1")
L 07/04/2020 - 19:32:41: World triggered "Round_End"
L 07/04/2020 - 19:32:46: "Branco Bois || pRo_rVlTN<761><STEAM_0:1:546352772><TERRORIST>" triggered "Spawned_With_The_Bomb"
L 07/04/2020 - 19:32:56: World triggered "Round_Start"
L 07/04/2020 - 19:33:20: "Branco Bois || pRo_rVlTN<761><STEAM_0:1:546352772><TERRORIST>" killed "Ninja Bois || wolf<771><VALVE_0:4:1088121065><CT>" with "ak47"
L 07/04/2020 - 19:33:26: "Ninja Bois || 1729<770><STEAM_0:0:1921819853><CT>" killed "Branco Bois || Sic Mundus<764><STEAM_0:1:66144441><TERRORIST>" with "m4a1"
L 07/04/2020 - 19:33:27: "Branco Bois || pRo_rVlTN<761><STEAM_0:1:546352772><TERRORIST>" triggered "Planted_The_Bomb"
L 07/04/2020 - 19:33:34: "Ninja Bois || 1729<770><STEAM_0:0:1921819853><CT>" killed "Branco Bois || pRo_rVlTN<761><STEAM_0:1:546352772><TERRORIST>" with "m4a1"
L 07/04/2020 - 19:33:35: "Branco Bois || noob_assassin<762><STEAM_0:0:1060612858><TERRORIST>" killed "Ninja Bois || F5<759><VALVE_0:4:60688751><CT>" with "m4a1"
L 07/04/2020 - 19:33:37: "Ninja Bois || Escanor<763><STEAM_0:0:83230422><CT>" killed "Branco Bois || Agent Felix<766><STEAM_0:1:539804210><TERRORIST>" with "m4a1"
L 07/04/2020 - 19:33:40: "Branco Bois || Cristiano<773><STEAM_0:0:1465890162><TERRORIST>" killed "Ninja Bois || 1729<770><STEAM_0:0:1921819853><CT>" with "ak47"
L 07/04/2020 - 19:33:40: "Branco Bois || noob_assassin<762><STEAM_0:0:1060612858><TERRORIST>" killed "Ninja Bois || Escanor<763><STEAM_0:0:83230422><CT>" with "m4a1"
L 07/04/2020 - 19:33:42: "Branco Bois || noob_assassin<762><STEAM_0:0:1060612858><TERRORIST>" killed "Ninja Bois || StuFu<769><STEAM_0:1:147341737><CT>" with "m4a1"
L 07/04/2020 - 19:33:42: Team "TERRORIST" triggered "Terrorists_Win" (CT "3") (T "2")
L 07/04/2020 - 19:33:42: World triggered "Round_End"
L 07/04/2020 - 19:33:47: "Branco Bois || noob_assassin<762><STEAM_0:0:1060612858><TERRORIST>" triggered "Spawned_With_The_Bomb"
L 07/04/2020 - 19:33:55: "Branco Bois || noob_assassin<762><STEAM_0:0:1060612858><TERRORIST>" triggered "Dropped_The_Bomb"
L 07/04/2020 - 19:33:57: World triggered "Round_Start"
L 07/04/2020 - 19:33:58: "Branco Bois || Cristiano<773><STEAM_0:0:1465890162><TERRORIST>" triggered "Got_The_Bomb"
L 07/04/2020 - 19:34:02: "Branco Bois || Cristiano<773><STEAM_0:0:1465890162><TERRORIST>" triggered "Dropped_The_Bomb"
L 07/04/2020 - 19:34:03: "Branco Bois || pRo_rVlTN<761><STEAM_0:1:546352772><TERRORIST>" triggered "Got_The_Bomb"
L 07/04/2020 - 19:34:10: "Ninja Bois || wolf<771><VALVE_0:4:1088121065><CT>" killed "Branco Bois || Sic Mundus<764><STEAM_0:1:66144441><TERRORIST>" with "m4a1"
L 07/04/2020 - 19:34:15: "Ninja Bois || Escanor<763><STEAM_0:0:83230422><CT>" killed "Branco Bois || Cristiano<773><STEAM_0:0:1465890162><TERRORIST>" with "m4a1"
L 07/04/2020 - 19:34:17: "Ninja Bois || 1729<770><STEAM_0:0:1921819853><CT>" killed "Branco Bois || noob_assassin<762><STEAM_0:0:1060612858><TERRORIST>" with "mp5navy"
L 07/04/2020 - 19:34:37: "Branco Bois || pRo_rVlTN<761><STEAM_0:1:546352772><TERRORIST>" triggered "Planted_The_Bomb"
L 07/04/2020 - 19:34:38: "Branco Bois || Agent Felix<766><STEAM_0:1:539804210><TERRORIST>" killed "Ninja Bois || StuFu<769><STEAM_0:1:147341737><CT>" with "ak47"
L 07/04/2020 - 19:34:44: "Branco Bois || Agent Felix<766><STEAM_0:1:539804210><TERRORIST>" killed "Ninja Bois || 1729<770><STEAM_0:0:1921819853><CT>" with "ak47"
L 07/04/2020 - 19:34:49: "Branco Bois || pRo_rVlTN<761><STEAM_0:1:546352772><TERRORIST>" killed "Ninja Bois || Escanor<763><STEAM_0:0:83230422><CT>" with "ak47"
L 07/04/2020 - 19:34:52: "Ninja Bois || F5<759><VALVE_0:4:60688751><CT>" killed "Branco Bois || Agent Felix<766><STEAM_0:1:539804210><TERRORIST>" with "aug"
L 07/04/2020 - 19:34:56: "Ninja Bois || wolf<771><VALVE_0:4:1088121065><CT>" killed "Branco Bois || pRo_rVlTN<761><STEAM_0:1:546352772><TERRORIST>" with "m4a1"
L 07/04/2020 - 19:34:58: "Ninja Bois || wolf<771><VALVE_0:4:1088121065><CT>" triggered "Begin_Bomb_Defuse_With_Kit"
L 07/04/2020 - 19:35:03: "Branco Bois || Agent Felix<766><STEAM_0:1:539804210><TERRORIST>" say "GG" (dead)
L 07/04/2020 - 19:35:03: "Ninja Bois || wolf<771><VALVE_0:4:1088121065><CT>" triggered "Defused_The_Bomb"
L 07/04/2020 - 19:35:03: Team "CT" triggered "Bomb_Defused" (CT "4") (T "2")
L 07/04/2020 - 19:35:03: World triggered "Round_End"
L 07/04/2020 - 19:35:07: "Branco Bois || pRo_rVlTN<761><STEAM_0:1:546352772><TERRORIST>" say "GG" (dead)
L 07/04/2020 - 19:35:08: "Branco Bois || Sic Mundus<764><STEAM_0:1:66144441><TERRORIST>" triggered "Spawned_With_The_Bomb"
L 07/04/2020 - 19:35:09: "Ninja Bois || StuFu<769><STEAM_0:1:147341737><CT>" say_team "GG"
L 07/04/2020 - 19:35:12: "Branco Bois || Agent Felix<766><STEAM_0:1:539804210><TERRORIST>" disconnected
L 07/04/2020 - 19:35:16: "Ninja Bois || 1729<770><STEAM_0:0:1921819853><CT>" disconnected
L 07/04/2020 - 19:35:17: "Ninja Bois || StuFu<769><STEAM_0:1:147341737><CT>" disconnected
L 07/04/2020 - 19:35:18: World triggered "Round_Start"
L 07/04/2020 - 19:35:20: "Ninja Bois || Escanor<763><STEAM_0:0:83230422><CT>" disconnected
L 07/04/2020 - 19:35:21: "Ninja Bois || wolf<771><VALVE_0:4:1088121065><CT>" disconnected
L 07/04/2020 - 19:35:24: "Ninja Bois || F5<759><VALVE_0:4:60688751><CT>" disconnected
L 07/04/2020 - 19:35:37: [DPROTO]: Client 13 - Set AuthIdType 1 [Native]; pClient = 056A9160
L 07/04/2020 - 19:35:37: "Branco Bois || Agent Felix<774><STEAM_0:1:539804210><>" connected, address "103.251.50.59:27005"
L 07/04/2020 - 19:35:38: "Branco Bois || Agent Felix<774><STEAM_0:1:539804210><>" STEAM USERID validated
L 07/04/2020 - 19:35:41: "Branco Bois || Agent Felix<774><STEAM_0:1:539804210><>" entered the game
L 07/04/2020 - 19:36:14: [DPROTO]: Client 8 - Set AuthIdType 4 [dproto]; pClient = 056900E8
L 07/04/2020 - 19:36:14: "Ninja Bois || wolf<775><VALVE_0:4:1088121065><>" connected, address "106.51.234.40:20727"
L 07/04/2020 - 19:36:19: "Ninja Bois || wolf<775><VALVE_0:4:1088121065><>" entered the game
L 07/04/2020 - 19:36:24: "Branco Bois || Sic Mundus<764><STEAM_0:1:66144441><TERRORIST>" triggered "Planted_The_Bomb"
L 07/04/2020 - 19:36:35: "Ninja Bois || wolf<775><VALVE_0:4:1088121065><>" joined team "CT"
L 07/04/2020 - 19:36:35: World triggered "Game_Commencing"
L 07/04/2020 - 19:36:35: World triggered "Game_Commencing" (CT "4") (T "2")
L 07/04/2020 - 19:36:35: World triggered "Round_End"
L 07/04/2020 - 19:36:38: "Branco Bois || Cristiano<773><STEAM_0:0:1465890162><TERRORIST>" triggered "Spawned_With_The_Bomb"
L 07/04/2020 - 19:36:40: [DPROTO]: Client 6 - Set AuthIdType 1 [Native]; pClient = 056860B8
L 07/04/2020 - 19:36:40: "Ninja Bois || StuFu<776><STEAM_0:1:147341737><>" connected, address "106.51.30.169:30398"
L 07/04/2020 - 19:36:40: "Ninja Bois || StuFu<776><STEAM_0:1:147341737><>" STEAM USERID validated
L 07/04/2020 - 19:36:45: "Ninja Bois || StuFu<776><STEAM_0:1:147341737><>" entered the game
L 07/04/2020 - 19:36:48: World triggered "Round_Start"
L 07/04/2020 - 19:36:48: [DPROTO]: Client 2 - Set AuthIdType 1 [dp_RevEmu]; pClient = 05672058
L 07/04/2020 - 19:36:48: "PROfessor || Ladder<777><STEAM_0:0:369456433><>" connected, address "49.207.204.237:46660"
L 07/04/2020 - 19:36:49: "Branco Bois || Sic Mundus<764><STEAM_0:1:66144441><TERRORIST>" killed "Branco Bois || noob_assassin<762><STEAM_0:0:1060612858><TERRORIST>" with "deagle"
L 07/04/2020 - 19:36:53: "Branco Bois || Sic Mundus<764><STEAM_0:1:66144441><TERRORIST>" killed "Branco Bois || Cristiano<773><STEAM_0:0:1465890162><TERRORIST>" with "deagle"
L 07/04/2020 - 19:36:53: "Branco Bois || Cristiano<773><STEAM_0:0:1465890162><TERRORIST>" triggered "Dropped_The_Bomb"
L 07/04/2020 - 19:37:04: "PROfessor || Ladder<777><STEAM_0:0:369456433><>" entered the game
L 07/04/2020 - 19:37:07: "Branco Bois || Sic Mundus<764><STEAM_0:1:66144441><TERRORIST>" killed "Branco Bois || pRo_rVlTN<761><STEAM_0:1:546352772><TERRORIST>" with "knife"
L 07/04/2020 - 19:37:21: "Ninja Bois || StuFu<776><STEAM_0:1:147341737><>" joined team "TERRORIST"
L 07/04/2020 - 19:37:26: "PROfessor || Ladder<777><STEAM_0:0:369456433><>" joined team "CT"
L 07/04/2020 - 19:37:33: "Branco Bois || Sic Mundus<764><STEAM_0:1:66144441><TERRORIST>" killed "Ninja Bois || wolf<775><VALVE_0:4:1088121065><CT>" with "knife"
L 07/04/2020 - 19:37:33: Team "TERRORIST" triggered "Terrorists_Win" (CT "0") (T "1")
L 07/04/2020 - 19:37:33: World triggered "Round_End"
L 07/04/2020 - 19:37:38: "Branco Bois || Cristiano<773><STEAM_0:0:1465890162><TERRORIST>" triggered "Spawned_With_The_Bomb"
L 07/04/2020 - 19:37:48: World triggered "Round_Start"
L 07/04/2020 - 19:37:49: "Branco Bois || noob_assassin<762><STEAM_0:0:1060612858><TERRORIST>" killed "Branco Bois || Sic Mundus<764><STEAM_0:1:66144441><TERRORIST>" with "ak47"
L 07/04/2020 - 19:37:49: "Ninja Bois || wolf<775><VALVE_0:4:1088121065><CT>" changed name to "PROfessor || wolf"
L 07/04/2020 - 19:37:59: "Branco Bois || noob_assassin<762><STEAM_0:0:1060612858><TERRORIST>" killed "PROfessor || Ladder<777><STEAM_0:0:369456433><CT>" with "ak47"
L 07/04/2020 - 19:38:16: "Branco Bois || noob_assassin<762><STEAM_0:0:1060612858><TERRORIST>" killed "PROfessor || wolf<775><VALVE_0:4:1088121065><CT>" with "ak47"
L 07/04/2020 - 19:38:16: Team "TERRORIST" triggered "Terrorists_Win" (CT "0") (T "2")
L 07/04/2020 - 19:38:16: World triggered "Round_End"
L 07/04/2020 - 19:38:21: "Branco Bois || pRo_rVlTN<761><STEAM_0:1:546352772><TERRORIST>" triggered "Spawned_With_The_Bomb"
L 07/04/2020 - 19:38:31: World triggered "Round_Start"
L 07/04/2020 - 19:38:40: "Branco Bois || Agent Felix<774><STEAM_0:1:539804210><>" joined team "TERRORIST"
L 07/04/2020 - 19:38:45: Rcon: "rcon 730833704 "Lauda2" changelevel de_nuke" from "106.51.30.169:30398"
L 07/04/2020 - 19:38:45: [META] ini: Begin re-reading plugins list: g:/tcafiles/users/fkguxmko/7303/cstrike/addons/metamod/plugins.ini
L 07/04/2020 - 19:38:45: [META] ini: Read plugin config for: AMX Mod X
L 07/04/2020 - 19:38:45: [META] ini: Read plugin config for: dproto_EF
L 07/04/2020 - 19:38:45: [META] ini: Finished reading plugins list: g:/tcafiles/users/fkguxmko/7303/cstrike/addons/metamod/plugins.ini; Found 2 plugins
L 07/04/2020 - 19:38:45: [META] dll: Updating plugins...
L 07/04/2020 - 19:38:45: [META] dll: Finished updating 5 plugins; kept 2, loaded 0, unloaded 0, reloaded 0, delayed 0
L 07/04/2020 - 19:38:45: "Branco Bois || pRo_rVlTN<761><STEAM_0:1:546352772><TERRORIST>" triggered "Dropped_The_Bomb"
L 07/04/2020 - 19:38:45: "Branco Bois || pRo_rVlTN<761><STEAM_0:1:546352772><TERRORIST>" disconnected
L 07/04/2020 - 19:38:45: "Branco Bois || noob_assassin<762><STEAM_0:0:1060612858><TERRORIST>" disconnected
L 07/04/2020 - 19:38:45: "PROfessor || Ladder<777><STEAM_0:0:369456433><CT>" disconnected
L 07/04/2020 - 19:38:45: "Branco Bois || Sic Mundus<764><STEAM_0:1:66144441><TERRORIST>" disconnected
L 07/04/2020 - 19:38:45: "First Aid Box || L@L AsuDh<772><STEAM_0:0:1663171942><SPECTATOR>" disconnected
L 07/04/2020 - 19:38:45: "Ninja Bois || StuFu<776><STEAM_0:1:147341737><TERRORIST>" disconnected
L 07/04/2020 - 19:38:45: "PROfessor || wolf<775><VALVE_0:4:1088121065><CT>" disconnected
L 07/04/2020 - 19:38:45: "Branco Bois || Cristiano<773><STEAM_0:0:1465890162><TERRORIST>" disconnected
L 07/04/2020 - 19:38:45: "Branco Bois || Agent Felix<774><STEAM_0:1:539804210><TERRORIST>" disconnected
L 07/04/2020 - 19:38:45: World triggered "Round_Draw" (CT "0") (T "2")
L 07/04/2020 - 19:38:45: World triggered "Round_End"
L 07/04/2020 - 19:38:45: Log file closed
