L 06/28/2020 - 23:29:43: Log file started (file "logs\L0628017.log") (game "cstrike") (version "48/1.1.2.7/8308")
L 06/28/2020 - 23:29:43: Loading map "$2000$"
L 06/28/2020 - 23:29:43: Server cvars start
L 06/28/2020 - 23:29:43: Server cvar "_tutor_bomb_viewable_check_interval" = "0.5"
L 06/28/2020 - 23:29:43: Server cvar "_tutor_debug_level" = "0"
L 06/28/2020 - 23:29:43: Server cvar "_tutor_examine_time" = "0.5"
L 06/28/2020 - 23:29:43: Server cvar "_tutor_hint_interval_time" = "10.0"
L 06/28/2020 - 23:29:43: Server cvar "_tutor_look_angle" = "10"
L 06/28/2020 - 23:29:43: Server cvar "_tutor_look_distance" = "200"
L 06/28/2020 - 23:29:43: Server cvar "_tutor_message_character_display_time_coefficient" = "0.07"
L 06/28/2020 - 23:29:43: Server cvar "_tutor_message_minimum_display_time" = "1"
L 06/28/2020 - 23:29:43: Server cvar "_tutor_message_repeats" = "5"
L 06/28/2020 - 23:29:43: Server cvar "_tutor_view_distance" = "1000"
L 06/28/2020 - 23:29:43: Server cvar "allow_spectators" = "1"
L 06/28/2020 - 23:29:43: Server cvar "amx_client_languages" = "1"
L 06/28/2020 - 23:29:43: Server cvar "amx_language" = "en"
L 06/28/2020 - 23:29:43: Server cvar "amx_nextmap" = "de_dust2"
L 06/28/2020 - 23:29:43: Server cvar "amx_timeleft" = "65534:46"
L 06/28/2020 - 23:29:43: Server cvar "amxmodx_version" = "1.8.2"
L 06/28/2020 - 23:29:43: Server cvar "coop" = "0"
L 06/28/2020 - 23:29:43: Server cvar "deathmatch" = "1"
L 06/28/2020 - 23:29:43: Server cvar "decalfrequency" = "60"
L 06/28/2020 - 23:29:43: Server cvar "dp_version" = "0.9.582"
L 06/28/2020 - 23:29:43: Server cvar "edgefriction" = "2"
L 06/28/2020 - 23:29:43: Server cvar "hostage_debug" = "0"
L 06/28/2020 - 23:29:43: Server cvar "hostage_stop" = "0"
L 06/28/2020 - 23:29:43: Server cvar "humans_join_team" = "any"
L 06/28/2020 - 23:29:43: Server cvar "max_queries_sec" = "3.0"
L 06/28/2020 - 23:29:43: Server cvar "max_queries_sec_global" = "30"
L 06/28/2020 - 23:29:43: Server cvar "max_queries_window" = "60"
L 06/28/2020 - 23:29:43: Server cvar "metamod_version" = "1.20"
L 06/28/2020 - 23:29:43: Server cvar "mp_allowmonsters" = "0"
L 06/28/2020 - 23:29:43: Server cvar "mp_autokick" = "0"
L 06/28/2020 - 23:29:43: Server cvar "mp_autokick_timeout" = "-1"
L 06/28/2020 - 23:29:43: Server cvar "mp_autoteambalance" = "0"
L 06/28/2020 - 23:29:43: Server cvar "mp_buytime" = "1.5"
L 06/28/2020 - 23:29:43: Server cvar "mp_c4timer" = "45"
L 06/28/2020 - 23:29:43: Server cvar "mp_chattime" = "0"
L 06/28/2020 - 23:29:43: Server cvar "mp_consistency" = "1"
L 06/28/2020 - 23:29:43: Server cvar "mp_fadetoblack" = "0"
L 06/28/2020 - 23:29:43: Server cvar "mp_flashlight" = "0"
L 06/28/2020 - 23:29:43: Server cvar "mp_footsteps" = "1"
L 06/28/2020 - 23:29:43: Server cvar "mp_forcecamera" = "0"
L 06/28/2020 - 23:29:43: Server cvar "mp_forcechasecam" = "2"
L 06/28/2020 - 23:29:43: Server cvar "mp_fragsleft" = "0"
L 06/28/2020 - 23:29:43: Server cvar "mp_freezetime" = "13"
L 06/28/2020 - 23:29:43: Server cvar "mp_friendlyfire" = "1"
L 06/28/2020 - 23:29:43: Server cvar "mp_ghostfrequency" = "0.1"
L 06/28/2020 - 23:29:43: Server cvar "mp_hostagepenalty" = "2"
L 06/28/2020 - 23:29:43: Server cvar "mp_infinite_ammo" = "0"
L 06/28/2020 - 23:29:43: Server cvar "mp_kickpercent" = "0.66"
L 06/28/2020 - 23:29:43: Server cvar "mp_limitteams" = "5"
L 06/28/2020 - 23:29:43: Server cvar "mp_logdetail" = "0"
L 06/28/2020 - 23:29:43: Server cvar "mp_logfile" = "1"
L 06/28/2020 - 23:29:43: Server cvar "mp_logmessages" = "1"
L 06/28/2020 - 23:29:43: Server cvar "mp_mapvoteratio" = "0.66"
L 06/28/2020 - 23:29:43: Server cvar "mp_maxrounds" = "0"
L 06/28/2020 - 23:29:43: Server cvar "mp_mirrordamage" = "0"
L 06/28/2020 - 23:29:43: Server cvar "mp_playerid" = "0"
L 06/28/2020 - 23:29:43: Server cvar "mp_roundtime" = "2"
L 06/28/2020 - 23:29:43: Server cvar "mp_scoreboard_showhealth" = "3"
L 06/28/2020 - 23:29:43: Server cvar "mp_scoreboard_showmoney" = "3"
L 06/28/2020 - 23:29:43: Server cvar "mp_startmoney" = "800"
L 06/28/2020 - 23:29:43: Server cvar "mp_timeleft" = "0"
L 06/28/2020 - 23:29:43: Server cvar "mp_timel