L 06/20/2020 - 20:43:29: Log file started (file "logs\L0620018.log") (game "cstrike") (version "48/1.1.2.7/8308")
L 06/20/2020 - 20:43:29: Loading map "de_dust2"
L 06/20/2020 - 20:43:29: Server cvars start
L 06/20/2020 - 20:43:29: Server cvar "_tutor_bomb_viewable_check_interval" = "0.5"
L 06/20/2020 - 20:43:29: Server cvar "_tutor_debug_level" = "0"
L 06/20/2020 - 20:43:29: Server cvar "_tutor_examine_time" = "0.5"
L 06/20/2020 - 20:43:29: Server cvar "_tutor_hint_interval_time" = "10.0"
L 06/20/2020 - 20:43:29: Server cvar "_tutor_look_angle" = "10"
L 06/20/2020 - 20:43:29: Server cvar "_tutor_look_distance" = "200"
L 06/20/2020 - 20:43:29: Server cvar "_tutor_message_character_display_time_coefficient" = "0.07"
L 06/20/2020 - 20:43:29: Server cvar "_tutor_message_minimum_display_time" = "1"
L 06/20/2020 - 20:43:29: Server cvar "_tutor_message_repeats" = "5"
L 06/20/2020 - 20:43:29: Server cvar "_tutor_view_distance" = "1000"
L 06/20/2020 - 20:43:29: Server cvar "allow_spectators" = "1.0"
L 06/20/2020 - 20:43:29: Server cvar "amx_client_languages" = ""
L 06/20/2020 - 20:43:29: Server cvar "amxmodx_version" = ""
L 06/20/2020 - 20:43:29: Server cvar "coop" = "0"
L 06/20/2020 - 20:43:29: Server cvar "deathmatch" = "1"
L 06/20/2020 - 20:43:29: Server cvar "decalfrequency" = "30"
L 06/20/2020 - 20:43:29: Server cvar "dp_version" = "0.9.582"
L 06/20/2020 - 20:43:29: Server cvar "edgefriction" = "2"
L 06/20/2020 - 20:43:29: Server cvar "hostage_debug" = "0"
L 06/20/2020 - 20:43:29: Server cvar "hostage_stop" = "0"
L 06/20/2020 - 20:43:29: Server cvar "humans_join_team" = "any"
L 06/20/2020 - 20:43:29: Server cvar "max_queries_sec" = "3.0"
L 06/20/2020 - 20:43:29: Server cvar "max_queries_sec_global" = "30"
L 06/20/2020 - 20:43:29: Server cvar "max_queries_window" = "60"
L 06/20/2020 - 20:43:29: Server cvar "metamod_version" = "1.20"
L 06/20/2020 - 20:43:29: Server cvar "mp_allowmonsters" = "0"
L 06/20/2020 - 20:43:29: Server cvar "mp_autokick" = "1"
L 06/20/2020 - 20:43:29: Server cvar "mp_autokick_timeout" = "-1"
L 06/20/2020 - 20:43:29: Server cvar "mp_autoteambalance" = "1"
L 06/20/2020 - 20:43:29: Server cvar "mp_buytime" = "1.5"
L 06/20/2020 - 20:43:29: Server cvar "mp_c4timer" = "45"
L 06/20/2020 - 20:43:29: Server cvar "mp_chattime" = "10"
L 06/20/2020 - 20:43:29: Server cvar "mp_consistency" = "1"
L 06/20/2020 - 20:43:29: Server cvar "mp_fadetoblack" = "0"
L 06/20/2020 - 20:43:29: Server cvar "mp_flashlight" = "0"
L 06/20/2020 - 20:43:29: Server cvar "mp_footsteps" = "1"
L 06/20/2020 - 20:43:29: Server cvar "mp_forcecamera" = "0"
L 06/20/2020 - 20:43:29: Server cvar "mp_forcechasecam" = "0"
L 06/20/2020 - 20:43:29: Server cvar "mp_fragsleft" = "0"
L 06/20/2020 - 20:43:29: Server cvar "mp_freezetime" = "6"
L 06/20/2020 - 20:43:29: Server cvar "mp_friendlyfire" = "0"
L 06/20/2020 - 20:43:29: Server cvar "mp_ghostfrequency" = "0.1"
L 06/20/2020 - 20:43:29: Server cvar "mp_hostagepenalty" = "13"
L 06/20/2020 - 20:43:29: Server cvar "mp_infinite_ammo" = "0"
L 06/20/2020 - 20:43:30: Server cvar "mp_kickpercent" = "0.66"
L 06/20/2020 - 20:43:30: Server cvar "mp_limitteams" = "2"
L 06/20/2020 - 20:43:30: Server cvar "mp_logdetail" = "0"
L 06/20/2020 - 20:43:30: Server cvar "mp_logfile" = "1"
L 06/20/2020 - 20:43:30: Server cvar "mp_logmessages" = "1"
L 06/20/2020 - 20:43:30: Server cvar "mp_mapvoteratio" = "0.66"
L 06/20/2020 - 20:43:30: Server cvar "mp_maxrounds" = "0"
L 06/20/2020 - 20:43:30: Server cvar "mp_mirrordamage" = "0"
L 06/20/2020 - 20:43:30: Server cvar "mp_playerid" = "0"
L 06/20/2020 - 20:43:30: Server cvar "mp_roundtime" = "5"
L 06/20/2020 - 20:43:30: Server cvar "mp_scoreboard_showhealth" = "3"
L 06/20/2020 - 20:43:30: Server cvar "mp_scoreboard_showmoney" = "3"
L 06/20/2020 - 20:43:30: Server cvar "mp_startmoney" = "800"
L 06/20/2020 - 20:43:30: Server cvar "mp_timeleft" = "0"
L 06/20/2020 - 20:43:30: Server cvar "mp_timelimit" = "0"
L 06/20/2020 - 20:43:30: Server cvar "mp_tkpunish" = "0"
L 06/20/2020 - 20:43:30: Server cvar "mp_windifference" = "1"
L 06/20/2020 - 20:43:30: Server cvar "mp_winlimit" = "0"
L 06/20/2020 - 20:43:30: Server cvar "pausable" = "0"
L 06/20/2020 - 20:43:30: Server cvar "sv_accelerate" = "10"
L 06/20/2020 - 20:43:30: Server cvar "sv_aim" = "0"
L 06/20/2020 - 20:43:30: Server cvar "sv_airaccelerate" = "10"
L 06/20/2020 - 20:43:30: Server cvar "sv_allowupload" = "1"
L 06/20/2020 - 20:43:30: Server cvar "sv_bounce" = "1"
L 06/20/2020 - 20:43:30: Server cvar "sv_cheats" = "0"
L 06/20/2020 - 20:43:30: Server cvar "sv_clienttrace" = "1"
L 06/20/2020 - 20:43:30: Server cvar "sv_contact" = "apoo12345@gmail.com"
L 06/20/2020 - 20:43:30: Server cvar "sv_friction" = "4"
L 06/20/2020 - 20:43:30: Server cvar "sv_gravity" = "800"
L 06/20/2020 - 20:43:30: Server cvar "sv_logblocks" = "0"
L 06/20/2020 - 20:43:30: Server cvar "sv_maxrate" = "20000"
L 06/20/2020 - 20:43:30: Server cvar "sv_maxspeed" = "320"
L 06/20/2020 - 20:43:30: Server cvar "sv_minrate" = "5000"
L 06/20/2020 - 20:43:30: Server cvar "sv_password" = "Lauda"
L 06/20/2020 - 20:43:30: Server cvar "sv_proxies" = "1"
L 06/20/2020 - 20:43:30: Server cvar "sv_restart" = "0"
L 06/20/2020 - 20:43:30: Server cvar "sv_restartround" = "0"
L 06/20/2020 - 20:43:30: Server cvar "sv_stepsize" = "18"
L 06/20/2020 - 20:43:30: Server cvar "sv_stopspeed" = "100"
L 06/20/2020 - 20:43:30: Server cvar "sv_uploadmax" = "0.5"
L 06/20/2020 - 20:43:30: Server cvar "sv_voiceenable" = "0"
L 06/20/2020 - 20:43:30: Server cvar "sv_wateraccelerate" = "10"
L 06/20/2020 - 20:43:30: Server cvar "sv_waterfriction" = "1"
L 06/20/2020 - 20:43:30: Server cvars end
L 06/20/2020 - 20:43:30: Server cvar "amxmodx_version" = "1.8.2"
L 06/20/2020 - 20:43:30: Server cvar "sv_maxspeed" = "900"
L 06/20/2020 - 20:43:31: Server cvar "amx_language" = "en"
L 06/20/2020 - 20:43:31: Server cvar "amx_client_languages" = "1"
L 06/20/2020 - 20:43:31: Server cvar "amx_nextmap" = "de_dust2"
L 06/20/2020 - 20:43:31: Server cvar "sv_accelerate" = "5"
L 06/20/2020 - 20:43:31: Server cvar "sv_stopspeed" = "75"
L 06/20/2020 - 20:43:32: Started map "de_dust2" (CRC "1159425449")
L 06/20/2020 - 20:43:32: Server cvar "sv_aim" = "1"
L 06/20/2020 - 20:43:32: Server cvar "sv_voiceenable" = "1"
L 06/20/2020 - 20:43:32: Server cvar "sv_allowupload" = "0"
L 06/20/2020 - 20:43:32: Log file closed
