L 06/20/2020 - 22:49:32: Log file started (file "logs\L0620022.log") (game "cstrike") (version "48/1.1.2.7/8308")
L 06/20/2020 - 22:49:32: Loading map "DE_DUST2"
L 06/20/2020 - 22:49:32: Server cvars start
L 06/20/2020 - 22:49:32: Server cvar "_tutor_bomb_viewable_check_interval" = "0.5"
L 06/20/2020 - 22:49:32: Server cvar "_tutor_debug_level" = "0"
L 06/20/2020 - 22:49:32: Server cvar "_tutor_examine_time" = "0.5"
L 06/20/2020 - 22:49:32: Server cvar "_tutor_hint_interval_time" = "10.0"
L 06/20/2020 - 22:49:32: Server cvar "_tutor_look_angle" = "10"
L 06/20/2020 - 22:49:32: Server cvar "_tutor_look_distance" = "200"
L 06/20/2020 - 22:49:32: Server cvar "_tutor_message_character_display_time_coefficient" = "0.07"
L 06/20/2020 - 22:49:32: Server cvar "_tutor_message_minimum_display_time" = "1"
L 06/20/2020 - 22:49:32: Server cvar "_tutor_message_repeats" = "5"
L 06/20/2020 - 22:49:32: Server cvar "_tutor_view_distance" = "1000"
L 06/20/2020 - 22:49:32: Server cvar "allow_spectators" = "1"
L 06/20/2020 - 22:49:32: Server cvar "amx_client_languages" = "1"
L 06/20/2020 - 22:49:32: Server cvar "amx_language" = "en"
L 06/20/2020 - 22:49:32: Server cvar "amx_nextmap" = "de_nuke"
L 06/20/2020 - 22:49:32: Server cvar "amx_timeleft" = "65533:54"
L 06/20/2020 - 22:49:32: Server cvar "amxmodx_version" = "1.8.2"
L 06/20/2020 - 22:49:32: Server cvar "coop" = "0"
L 06/20/2020 - 22:49:32: Server cvar "deathmatch" = "1"
L 06/20/2020 - 22:49:32: Server cvar "decalfrequency" = "60"
L 06/20/2020 - 22:49:32: Server cvar "dp_version" = "0.9.582"
L 06/20/2020 - 22:49:32: Server cvar "edgefriction" = "2"
L 06/20/2020 - 22:49:32: Server cvar "hostage_debug" = "0"
L 06/20/2020 - 22:49:32: Server cvar "hostage_stop" = "0"
L 06/20/2020 - 22:49:32: Server cvar "humans_join_team" = "any"
L 06/20/2020 - 22:49:32: Server cvar "max_queries_sec" = "3.0"
L 06/20/2020 - 22:49:32: Server cvar "max_queries_sec_global" = "30"
L 06/20/2020 - 22:49:32: Server cvar "max_queries_window" = "60"
L 06/20/2020 - 22:49:32: Server cvar "metamod_version" = "1.20"
L 06/20/2020 - 22:49:32: Server cvar "mp_allowmonsters" = "0"
L 06/20/2020 - 22:49:32: Server cvar "mp_autokick" = "0"
L 06/20/2020 - 22:49:32: Server cvar "mp_autokick_timeout" = "-1"
L 06/20/2020 - 22:49:32: Server cvar "mp_autoteambalance" = "0"
L 06/20/2020 - 22:49:32: Server cvar "mp_buytime" = "1.5"
L 06/20/2020 - 22:49:32: Server cvar "mp_c4timer" = "45"
L 06/20/2020 - 22:49:32: Server cvar "mp_chattime" = "0"
L 06/20/2020 - 22:49:32: Server cvar "mp_consistency" = "1"
L 06/20/2020 - 22:49:32: Server cvar "mp_fadetoblack" = "0"
L 06/20/2020 - 22:49:32: Server cvar "mp_flashlight" = "0"
L 06/20/2020 - 22:49:32: Server cvar "mp_footsteps" = "1"
L 06/20/2020 - 22:49:32: Server cvar "mp_forcecamera" = "0"
L 06/20/2020 - 22:49:32: Server cvar "mp_forcechasecam" = "2"
L 06/20/2020 - 22:49:32: Server cvar "mp_fragsleft" = "0"
L 06/20/2020 - 22:49:32: Server cvar "mp_freezetime" = "13"
L 06/20/2020 - 22:49:32: Server cvar "mp_friendlyfire" = "1"
L 06/20/2020 - 22:49:32: Server cvar "mp_ghostfrequency" = "0.1"
L 06/20/2020 - 22:49:32: Server cvar "mp_hostagepenalty" = "2"
L 06/20/2020 - 22:49:32: Server cvar "mp_infinite_ammo" = "0"
L 06/20/2020 - 22:49:32: Server cvar "mp_kickpercent" = "0.66"
L 06/20/2020 - 22:49:32: Server cvar "mp_limitteams" = "5"
L 06/20/2020 - 22:49:32: Server cvar "mp_logdetail" = "0"
L 06/20/2020 - 22:49:32: Server cvar "mp_logfile" = "1"
L 06/20/2020 - 22:49:32: Server cvar "mp_logmessages" = "1"
L 06/20/2020 - 22:49:32: Server cvar "mp_mapvoteratio" = "0.66"
L 06/20/2020 - 22:49:32: Server cvar "mp_maxrounds" = "0"
L 06/20/2020 - 22:49:32: Server cvar "mp_mirrordamage" = "0"
L 06/20/2020 - 22:49:32: Server cvar "mp_playerid" = "0"
L 06/20/2020 - 22:49:32: Server cvar "mp_roundtime" = "2"
L 06/20/2020 - 22:49:32: Server cvar "mp_scoreboard_showhealth" = "3"
L 06/20/2020 - 22:49:32: Server cvar "mp_scoreboard_showmoney" = "3"
L 06/20/2020 - 22:49:32: Server cvar "mp_startmoney" = "800"
L 06/20/2020 - 22:49:32: Server cvar "mp_timeleft" = "0"
L 06/20/2020 - 22:49:32: Server cvar "mp_timelimit" = "65535"
L 06/20/2020 - 22:49:32: Server cvar "mp_tkpunish" = "0"
L 06/20/2020 - 22:49:32: Server cvar "mp_windifference" = "1"
L 06/20/2020 - 22:49:32: Server cvar "mp_winlimit" = "0"
L 06/20/2020 - 22:49:32: Server cvar "pausable" = "0"
L 06/20/2020 - 22:49:32: Server cvar "sv_accelerate" = "5"
L 06/20/2020 - 22:49:32: Server cvar "sv_aim" = "0"
L 06/20/2020 - 22:49:32: Server cvar "sv_airaccelerate" = "10"
L 06/20/2020 - 22:49:32: Server cvar "sv_allowupload" = "1"
L 06/20/2020 - 22:49:32: Server cvar "sv_alltalk" = "0"
L 06/20/2020 - 22:49:32: Server cvar "sv_bounce" = "1"
L 06/20/2020 - 22:49:32: Server cvar "sv_cheats" = "0"
L 06/20/2020 - 22:49:32: Server cvar "sv_clienttrace" = "1"
L 06/20/2020 - 22:49:32: Server cvar "sv_contact" = "apoo12345@gmail.com"
L 06/20/2020 - 22:49:32: Server cvar "sv_friction" = "4"
L 06/20/2020 - 22:49:32: Server cvar "sv_gravity" = "800"
L 06/20/2020 - 22:49:32: Server cvar "sv_logblocks" = "0"
L 06/20/2020 - 22:49:32: Server cvar "sv_maxrate" = "20000"
L 06/20/2020 - 22:49:32: Server cvar "sv_maxspeed" = "900"
L 06/20/2020 - 22:49:32: Server cvar "sv_minrate" = "5000"
L 06/20/2020 - 22:49:32: Server cvar "sv_password" = "Lauda"
L 06/20/2020 - 22:49:32: Server cvar "sv_proxies" = "1"
L 06/20/2020 - 22:49:32: Server cvar "sv_restart" = "0"
L 06/20/2020 - 22:49:32: Server cvar "sv_restartround" = "0"
L 06/20/2020 - 22:49:32: Server cvar "sv_stepsize" = "18"
L 06/20/2020 - 22:49:32: Server cvar "sv_stopspeed" = "75"
L 06/20/2020 - 22:49:32: Server cvar "sv_uploadmax" = "0.5"
L 06/20/2020 - 22:49:32: Server cvar "sv_voiceenable" = "0"
L 06/20/2020 - 22:49:32: Server cvar "sv_wateraccelerate" = "10"
L 06/20/2020 - 22:49:32: Server cvar "sv_waterfriction" = "1"
L 06/20/2020 - 22:49:32: Server cvars end
L 06/20/2020 - 22:49:33: Server cvar "amx_nextmap" = "DE_DUST2"
L 06/20/2020 - 22:49:34: Started map "DE_DUST2" (CRC "1159425449")
L 06/20/2020 - 22:49:37: "Mahabharat || StuFu<29><STEAM_0:1:147341737><>" entered the game
L 06/20/2020 - 22:49:37: "Mahabharat || Parabellum<34><STEAM_0:0:60684219><>" entered the game
L 06/20/2020 - 22:49:38: "Mahabharat || pRo_rvltn<35><STEAM_0:1:546352772><>" entered the game
L 06/20/2020 - 22:49:48: World triggered "Round_Start"
L 06/20/2020 - 22:49:49: "Mahabharat || StuFu<29><STEAM_0:1:147341737><>" joined team "TERRORIST"
L 06/20/2020 - 22:49:49: "Mahabharat || StuFu<29><STEAM_0:1:147341737><TERRORIST>" triggered "Spawned_With_The_Bomb"
L 06/20/2020 - 22:49:50: "Mahabharat || pRo_rvltn<35><STEAM_0:1:546352772><>" joined team "CT"
L 06/20/2020 - 22:49:51: World triggered "Game_Commencing"
L 06/20/2020 - 22:49:51: World triggered "Game_Commencing" (CT "0") (T "0")
L 06/20/2020 - 22:49:51: World triggered "Round_End"
L 06/20/2020 - 22:49:54: "Mahabharat || StuFu<29><STEAM_0:1:147341737><TERRORIST>" committed suicide with "world"
L 06/20/2020 - 22:49:54: "Mahabharat || StuFu<29><STEAM_0:1:147341737><TERRORIST>" joined team "CT"
L 06/20/2020 - 22:50:02: Rcon: "rcon 1830616470 "Lauda2" sV_RESTART 1" from "49.207.58.179:17399"
L 06/20/2020 - 22:50:02: Server cvar "sv_restart" = "1"
L 06/20/2020 - 22:50:02: World triggered "Restart_Round_(1_second)"
L 06/20/2020 - 22:50:02: Team "CT" scored "0" with "2" players
L 06/20/2020 - 22:50:02: Team "TERRORIST" scored "0" with "0" players
L 06/20/2020 - 22:50:02: Server cvar "sv_restart" = "0"
L 06/20/2020 - 22:50:06: [DPROTO]: Client 2 - Set AuthIdType 1 [dp_RevEmu]; pClient = 05676058
L 06/20/2020 - 22:50:06: "Mahabharat || 1729<36><STEAM_0:0:1921819853><>" connected, address "49.207.193.253:14240"
L 06/20/2020 - 22:50:11: "Mahabharat || 1729<36><STEAM_0:0:1921819853><>" entered the game
L 06/20/2020 - 22:50:16: World triggered "Round_Start"
L 06/20/2020 - 22:50:25: [DPROTO]: Client 3 - Set AuthIdType 1 [dp_RevEmu]; pClient = 0567B070
L 06/20/2020 - 22:50:25: "Mahabharat || Cristiano<37><STEAM_0:0:1465890162><>" connected, address "103.200.40.94:27005"
L 06/20/2020 - 22:50:28: "Mahabharat || Parabellum<34><STEAM_0:0:60684219><>" joined team "CT"
L 06/20/2020 - 22:50:28: Rcon: "rcon 1830616470 "Lauda2" sV_RESTART 1" from "49.207.58.179:17399"
L 06/20/2020 - 22:50:28: Server cvar "sv_restart" = "1"
L 06/20/2020 - 22:50:29: World triggered "Restart_Round_(1_second)"
L 06/20/2020 - 22:50:29: Team "CT" scored "0" with "2" players
L 06/20/2020 - 22:50:29: Team "TERRORIST" scored "0" with "0" players
L 06/20/2020 - 22:50:29: Server cvar "sv_restart" = "0"
L 06/20/2020 - 22:50:29: "Mahabharat || 1729<36><STEAM_0:0:1921819853><>" joined team "CT"
L 06/20/2020 - 22:50:43: World triggered "Round_Start"
L 06/20/2020 - 22:50:50: [DPROTO]: Client 4 - Set AuthIdType 1 [Native]; pClient = 05680088
L 06/20/2020 - 22:50:50: "Classic 0.5 || Agent Felix<38><STEAM_0:1:539804210><>" connected, address "103.235.3.157:27005"
L 06/20/2020 - 22:50:50: "Classic 0.5 || Agent Felix<38><STEAM_0:1:539804210><>" STEAM USERID validated
L 06/20/2020 - 22:50:53: "Classic 0.5 || Agent Felix<38><STEAM_0:1:539804210><>" entered the game
L 06/20/2020 - 22:50:56: [DPROTO]: Client 3 - Set AuthIdType 1 [Native]; pClient = 0567B070
L 06/20/2020 - 22:50:56: "Classic 0.51 || MERA BAAP<39><STEAM_0:0:63052104><>" connected, address "49.207.58.179:15762"
L 06/20/2020 - 22:50:56: "Classic 0.51 || MERA BAAP<39><STEAM_0:0:63052104><>" STEAM USERID validated
L 06/20/2020 - 22:50:58: "Classic 0.5 || Agent Felix<38><STEAM_0:1:539804210><>" joined team "TERRORIST"
L 06/20/2020 - 22:50:59: "Classic 0.51 || MERA BAAP<39><STEAM_0:0:63052104><>" entered the game
L 06/20/2020 - 22:50:59: World triggered "Game_Commencing"
L 06/20/2020 - 22:50:59: World triggered "Game_Commencing" (CT "0") (T "0")
L 06/20/2020 - 22:50:59: World triggered "Round_End"
L 06/20/2020 - 22:51:02: "Classic 0.5 || Agent Felix<38><STEAM_0:1:539804210><TERRORIST>" triggered "Spawned_With_The_Bomb"
L 06/20/2020 - 22:51:04: "Classic 0.51 || MERA BAAP<39><STEAM_0:0:63052104><>" joined team "TERRORIST"
L 06/20/2020 - 22:51:04: "Classic 0.5 || Agent Felix<38><STEAM_0:1:539804210><TERRORIST>" changed name to "Classic 0.51 || Agent Felix"
L 06/20/2020 - 22:51:05: "Mahabharat || StuFu<29><STEAM_0:1:147341737><CT>" disconnected
L 06/20/2020 - 22:51:15: World triggered "Round_Start"
L 06/20/2020 - 22:51:27: [DPROTO]: Client 10 - Set AuthIdType 1 [Native]; pClient = 0569E118
L 06/20/2020 - 22:51:27: "Mahabharat || StuFu<40><STEAM_0:1:147341737><>" connected, address "49.207.58.179:17399"
L 06/20/2020 - 22:51:27: "Mahabharat || StuFu<40><STEAM_0:1:147341737><>" STEAM USERID validated
L 06/20/2020 - 22:51:29: "Mahabharat || StuFu<40><STEAM_0:1:147341737><>" entered the game
L 06/20/2020 - 22:51:32: "Mahabharat || StuFu<40><STEAM_0:1:147341737><>" joined team "SPECTATOR"
L 06/20/2020 - 22:51:35: "Mahabharat || 1729<36><STEAM_0:0:1921819853><CT>" killed "Classic 0.51 || Agent Felix<38><STEAM_0:1:539804210><TERRORIST>" with "usp"
L 06/20/2020 - 22:51:35: "Classic 0.51 || Agent Felix<38><STEAM_0:1:539804210><TERRORIST>" triggered "Dropped_The_Bomb"
L 06/20/2020 - 22:51:39: [DPROTO]: Client 5 - Set AuthIdType 1 [Native]; pClient = 056850A0
L 06/20/2020 - 22:51:39: "Classic 0.51 || This is Spartaa<41><STEAM_0:0:441338076><>" connected, address "94.224.68.144:27005"
L 06/20/2020 - 22:51:39: "Classic 0.51 || This is Spartaa<41><STEAM_0:0:441338076><>" STEAM USERID validated
L 06/20/2020 - 22:51:40: "Classic 0.51 || MERA BAAP<39><STEAM_0:0:63052104><TERRORIST>" killed "Mahabharat || 1729<36><STEAM_0:0:1921819853><CT>" with "glock18"
L 06/20/2020 - 22:51:46: "Classic 0.51 || This is Spartaa<41><STEAM_0:0:441338076><>" entered the game
L 06/20/2020 - 22:51:56: "Classic 0.51 || This is Spartaa<41><STEAM_0:0:441338076><>" joined team "TERRORIST"
L 06/20/2020 - 22:51:56: [DPROTO]: Client 6 - Set AuthIdType 1 [dp_RevEmu]; pClient = 0568A0B8
L 06/20/2020 - 22:51:56: "Classic 0.5 || Achillies<42><STEAM_0:0:1663171942><>" connected, address "106.51.233.53:14159"
L 06/20/2020 - 22:52:00: "Classic 0.5 || Achillies<42><STEAM_0:0:1663171942><>" entered the game
L 06/20/2020 - 22:52:02: Rcon: "rcon 1830616470 "Lauda2" sv_restart 1" from "49.207.58.179:17399"
L 06/20/2020 - 22:52:02: Server cvar "sv_restart" = "1"
L 06/20/2020 - 22:52:02: World triggered "Restart_Round_(1_second)"
L 06/20/2020 - 22:52:02: Team "CT" scored "0" with "3" players
L 06/20/2020 - 22:52:02: Team "TERRORIST" scored "0" with "3" players
L 06/20/2020 - 22:52:02: Server cvar "sv_restart" = "0"
L 06/20/2020 - 22:52:03: "Classic 0.51 || Agent Felix<38><STEAM_0:1:539804210><TERRORIST>" triggered "Spawned_With_The_Bomb"
L 06/20/2020 - 22:52:15: "Mahabharat || StuFu<40><STEAM_0:1:147341737><SPECTATOR>" joined team "CT"
L 06/20/2020 - 22:52:16: World triggered "Round_Start"
L 06/20/2020 - 22:52:17: Rcon: "rcon 1830616470 "Lauda2" sv_restart 1" from "49.207.58.179:17399"
L 06/20/2020 - 22:52:17: Server cvar "sv_restart" = "1"
L 06/20/2020 - 22:52:18: World triggered "Restart_Round_(1_second)"
L 06/20/2020 - 22:52:18: Team "CT" scored "0" with "4" players
L 06/20/2020 - 22:52:18: Team "TERRORIST" scored "0" with "3" players
L 06/20/2020 - 22:52:18: Server cvar "sv_restart" = "0"
L 06/20/2020 - 22:52:19: "Classic 0.51 || This is Spartaa<41><STEAM_0:0:441338076><TERRORIST>" triggered "Spawned_With_The_Bomb"
L 06/20/2020 - 22:52:32: World triggered "Round_Start"
L 06/20/2020 - 22:52:32: [DPROTO]: Client 7 - Set AuthIdType 1 [dp_RevEmu]; pClient = 0568F0D0
L 06/20/2020 - 22:52:32: "classic 0.51 || hattori<43><STEAM_0:0:861404367><>" connected, address "203.175.164.18:56897"
L 06/20/2020 - 22:52:42: "classic 0.51 || hattori<43><STEAM_0:0:861404367><>" entered the game
L 06/20/2020 - 22:52:42: "Classic 0.51 || MERA BAAP<39><STEAM_0:0:63052104><TERRORIST>" killed "Mahabharat || pRo_rvltn<35><STEAM_0:1:546352772><CT>" with "deagle"
L 06/20/2020 - 22:52:50: "classic 0.51 || hattori<43><STEAM_0:0:861404367><>" joined team "TERRORIST"
L 06/20/2020 - 22:52:53: "Classic 0.51 || MERA BAAP<39><STEAM_0:0:63052104><TERRORIST>" killed "Mahabharat || StuFu<40><STEAM_0:1:147341737><CT>" with "deagle"
L 06/20/2020 - 22:52:55: "Classic 0.5 || Achillies<42><STEAM_0:0:1663171942><>" joined team "SPECTATOR"
L 06/20/2020 - 22:53:10: "Classic 0.51 || This is Spartaa<41><STEAM_0:0:441338076><TERRORIST>" triggered "Planted_The_Bomb"
L 06/20/2020 - 22:53:16: "Classic 0.51 || Agent Felix<38><STEAM_0:1:539804210><TERRORIST>" killed "Mahabharat || 1729<36><STEAM_0:0:1921819853><CT>" with "deagle"
L 06/20/2020 - 22:53:21: [DPROTO]: Client 8 - Set AuthIdType 1 [Native]; pClient = 056940E8
L 06/20/2020 - 22:53:21: "Classic 0.51 || Mode : plant<44><STEAM_0:0:83230422><>" connected, address "103.76.82.177:25094"
L 06/20/2020 - 22:53:21: "Classic 0.51 || Mode : plant<44><STEAM_0:0:83230422><>" STEAM USERID validated
L 06/20/2020 - 22:53:26: "Classic 0.51 || Mode : plant<44><STEAM_0:0:83230422><>" entered the game
L 06/20/2020 - 22:53:26: "Classic 0.51 || This is Spartaa<41><STEAM_0:0:441338076><TERRORIST>" killed "Mahabharat || Parabellum<34><STEAM_0:0:60684219><CT>" with "glock18"
L 06/20/2020 - 22:53:26: Team "TERRORIST" triggered "Terrorists_Win" (CT "0") (T "1")
L 06/20/2020 - 22:53:26: World triggered "Round_End"
L 06/20/2020 - 22:53:31: Rcon: "rcon 26563604 "Lauda2" say "STUFU MAMBA SAMBHAL LENA... MEIN BAS SPEC KARWA RAHA HU"" from "106.51.233.53:14159"
L 06/20/2020 - 22:53:31: Server say "STUFU MAMBA SAMBHAL LENA... MEIN BAS SPEC KARWA RAHA HU"
L 06/20/2020 - 22:53:31: "classic 0.51 || hattori<43><STEAM_0:0:861404367><TERRORIST>" triggered "Spawned_With_The_Bomb"
L 06/20/2020 - 22:53:31: "classic 0.51 || hattori<43><STEAM_0:0:861404367><TERRORIST>" changed name to "Classic  0.51  || hattori"
L 06/20/2020 - 22:53:33: Rcon: "rcon 26563604 "Lauda2" say "STUFU MAMBA SAMBHAL LENA... MEIN BAS SPEC KARWA RAHA HU" " from "106.51.233.53:14159"
L 06/20/2020 - 22:53:33: Server say "STUFU MAMBA SAMBHAL LENA... MEIN BAS SPEC KARWA RAHA HU""
L 06/20/2020 - 22:53:34: Rcon: "rcon 26563604 "Lauda2" say "STUFU MAMBA SAMBHAL LENA... MEIN BAS SPEC KARWA RAHA HU" " from "106.51.233.53:14159"
L 06/20/2020 - 22:53:34: Server say "STUFU MAMBA SAMBHAL LENA... MEIN BAS SPEC KARWA RAHA HU""
L 06/20/2020 - 22:53:34: "Classic 0.51 || Mode : plant<44><STEAM_0:0:83230422><>" joined team "TERRORIST"
L 06/20/2020 - 22:53:35: Rcon: "rcon 26563604 "Lauda2" say "STUFU MAMBA SAMBHAL LENA... MEIN BAS SPEC KARWA RAHA HU" " from "106.51.233.53:14159"
L 06/20/2020 - 22:53:35: Server say "STUFU MAMBA SAMBHAL LENA... MEIN BAS SPEC KARWA RAHA HU""
L 06/20/2020 - 22:53:36: Rcon: "rcon 26563604 "Lauda2" say "STUFU MAMBA SAMBHAL LENA... MEIN BAS SPEC KARWA RAHA HU" " from "106.51.233.53:14159"
L 06/20/2020 - 22:53:36: Server say "STUFU MAMBA SAMBHAL LENA... MEIN BAS SPEC KARWA RAHA HU""
L 06/20/2020 - 22:53:42: "Classic  0.51  || hattori<43><STEAM_0:0:861404367><TERRORIST>" changed name to "Classic 0.51  || hattori"
L 06/20/2020 - 22:53:42: Rcon: "rcon 1830616470 "Lauda2" say "cool"" from "49.207.58.179:17399"
L 06/20/2020 - 22:53:42: Server say "cool"
L 06/20/2020 - 22:53:44: Rcon: "rcon 1830616470 "Lauda2" say "cool"" from "49.207.58.179:17399"
L 06/20/2020 - 22:53:44: Server say "cool"
L 06/20/2020 - 22:53:44: World triggered "Round_Start"
L 06/20/2020 - 22:53:49: [DPROTO]: Client 9 - Set AuthIdType 1 [dp_RevEmu]; pClient = 05699100
L 06/20/2020 - 22:53:49: "Mahabharat || Cristiano<45><STEAM_0:0:1465890162><>" connected, address "103.200.40.94:27005"
L 06/20/2020 - 22:53:53: "Classic 0.51  || hattori<43><STEAM_0:0:861404367><TERRORIST>" changed name to "Classic 0.51 || hattori"
L 06/20/2020 - 22:53:59: "Mahabharat || Cristiano<45><STEAM_0:0:1465890162><>" entered the game
L 06/20/2020 - 22:54:02: "Mahabharat || Cristiano<45><STEAM_0:0:1465890162><>" joined team "CT"
L 06/20/2020 - 22:54:12: "Classic 0.51 || MERA BAAP<39><STEAM_0:0:63052104><TERRORIST>" killed "Mahabharat || StuFu<40><STEAM_0:1:147341737><CT>" with "deagle"
L 06/20/2020 - 22:54:13: "Mahabharat || Cristiano<45><STEAM_0:0:1465890162><CT>" killed "Classic 0.51 || MERA BAAP<39><STEAM_0:0:63052104><TERRORIST>" with "usp"
L 06/20/2020 - 22:54:23: Rcon: "rcon 1830616470 "Lauda2" sv_restart 1" from "49.207.58.179:17399"
L 06/20/2020 - 22:54:23: Server cvar "sv_restart" = "1"
L 06/20/2020 - 22:54:24: World triggered "Restart_Round_(1_second)"
L 06/20/2020 - 22:54:24: Team "CT" scored "0" with "5" players
L 06/20/2020 - 22:54:24: Team "TERRORIST" scored "1" with "5" players
L 06/20/2020 - 22:54:24: Server cvar "sv_restart" = "0"
L 06/20/2020 - 22:54:24: "Mahabharat || 1729<36><STEAM_0:0:1921819853><CT>" killed "Classic 0.51 || This is Spartaa<41><STEAM_0:0:441338076><TERRORIST>" with "usp"
L 06/20/2020 - 22:54:25: "Classic 0.51 || Mode : plant<44><STEAM_0:0:83230422><TERRORIST>" triggered "Spawned_With_The_Bomb"
L 06/20/2020 - 22:54:29: "Mahabharat || StuFu<40><STEAM_0:1:147341737><CT>" say "ready? kl?"
L 06/20/2020 - 22:54:31: "Mahabharat || Parabellum<34><STEAM_0:0:60684219><CT>" say "wait"
L 06/20/2020 - 22:54:31: "Classic 0.51 || Mode : plant<44><STEAM_0:0:83230422><TERRORIST>" triggered "Dropped_The_Bomb"
L 06/20/2020 - 22:54:34: "Classic 0.51 || This is Spartaa<41><STEAM_0:0:441338076><TERRORIST>" say "wait"
L 06/20/2020 - 22:54:37: "Classic 0.51 || Mode : plant<44><STEAM_0:0:83230422><TERRORIST>" say "2 min"
L 06/20/2020 - 22:54:38: World triggered "Round_Start"
L 06/20/2020 - 22:54:38: "Classic 0.51 || This is Spartaa<41><STEAM_0:0:441338076><TERRORIST>" say "reja afk"
L 06/20/2020 - 22:54:38: "Classic 0.51 || MERA BAAP<39><STEAM_0:0:63052104><TERRORIST>" triggered "Got_The_Bomb"
L 06/20/2020 - 22:55:08: "Classic 0.51 || MERA BAAP<39><STEAM_0:0:63052104><TERRORIST>" killed "Mahabharat || Parabellum<34><STEAM_0:0:60684219><CT>" with "glock18"
L 06/20/2020 - 22:55:09: "Classic 0.51 || Mode : plant<44><STEAM_0:0:83230422><TERRORIST>" killed "Mahabharat || Cristiano<45><STEAM_0:0:1465890162><CT>" with "glock18"
L 06/20/2020 - 22:55:14: "Mahabharat || pRo_rvltn<35><STEAM_0:1:546352772><CT>" killed "Classic 0.51 || This is Spartaa<41><STEAM_0:0:441338076><TERRORIST>" with "usp"
L 06/20/2020 - 22:55:14: "Classic 0.51 || Mode : plant<44><STEAM_0:0:83230422><TERRORIST>" killed "Mahabharat || pRo_rvltn<35><STEAM_0:1:546352772><CT>" with "glock18"
L 06/20/2020 - 22:55:16: "Classic 0.51 || MERA BAAP<39><STEAM_0:0:63052104><TERRORIST>" killed "Mahabharat || StuFu<40><STEAM_0:1:147341737><CT>" with "glock18"
L 06/20/2020 - 22:55:22: Rcon: "rcon 1830616470 "Lauda2" sv_restart 1" from "49.207.58.179:17399"
L 06/20/2020 - 22:55:22: Server cvar "sv_restart" = "1"
L 06/20/2020 - 22:55:23: World triggered "Restart_Round_(1_second)"
L 06/20/2020 - 22:55:23: Team "CT" scored "0" with "5" players
L 06/20/2020 - 22:55:23: Team "TERRORIST" scored "0" with "5" players
L 06/20/2020 - 22:55:23: Server cvar "sv_restart" = "0"
L 06/20/2020 - 22:55:24: "Classic 0.51 || MERA BAAP<39><STEAM_0:0:63052104><TERRORIST>" triggered "Spawned_With_The_Bomb"
L 06/20/2020 - 22:55:37: World triggered "Round_Start"
L 06/20/2020 - 22:55:39: "Classic 0.51 || hattori<43><STEAM_0:0:861404367><TERRORIST>" say "wait"
L 06/20/2020 - 22:55:56: "Mahabharat || StuFu<40><STEAM_0:1:147341737><CT>" say "eaddy?"
L 06/20/2020 - 22:55:58: "Mahabharat || 1729<36><STEAM_0:0:1921819853><CT>" say "KL?"
L 06/20/2020 - 22:55:59: "Mahabharat || StuFu<40><STEAM_0:1:147341737><CT>" say "ready?"
L 06/20/2020 - 22:56:03: "Classic 0.51 || This is Spartaa<41><STEAM_0:0:441338076><TERRORIST>" killed "Mahabharat || Parabellum<34><STEAM_0:0:60684219><CT>" with "glock18"
L 06/20/2020 - 22:56:06: "Mahabharat || Parabellum<34><STEAM_0:0:60684219><CT>" say "ready" (dead)
L 06/20/2020 - 22:56:11: "Classic 0.51 || Mode : plant<44><STEAM_0:0:83230422><TERRORIST>" killed "Mahabharat || 1729<36><STEAM_0:0:1921819853><CT>" with "glock18"
L 06/20/2020 - 22:56:19: "Mahabharat || pRo_rvltn<35><STEAM_0:1:546352772><CT>" killed "Classic 0.51 || Agent Felix<38><STEAM_0:1:539804210><TERRORIST>" with "usp"
L 06/20/2020 - 22:56:20: "Mahabharat || StuFu<40><STEAM_0:1:147341737><CT>" killed "Classic 0.51 || Mode : plant<44><STEAM_0:0:83230422><TERRORIST>" with "deagle"
L 06/20/2020 - 22:56:22: "Classic 0.51 || hattori<43><STEAM_0:0:861404367><TERRORIST>" say "ready"
L 06/20/2020 - 22:56:29: "Mahabharat || pRo_rvltn<35><STEAM_0:1:546352772><CT>" killed "Classic 0.51 || This is Spartaa<41><STEAM_0:0:441338076><TERRORIST>" with "usp"
L 06/20/2020 - 22:56:30: Rcon: "rcon 26563604 "Lauda2" say "ALL READY"" from "106.51.233.53:14159"
L 06/20/2020 - 22:56:30: Server say "ALL READY"
L 06/20/2020 - 22:56:33: Rcon: "rcon 26563604 "Lauda2" say "ALL READY" " from "106.51.233.53:14159"
L 06/20/2020 - 22:56:33: Server say "ALL READY""
L 06/20/2020 - 22:56:34: Rcon: "rcon 26563604 "Lauda2" say "ALL READY" " from "106.51.233.53:14159"
L 06/20/2020 - 22:56:34: Server say "ALL READY""
L 06/20/2020 - 22:56:35: "Classic 0.51 || This is Spartaa<41><STEAM_0:0:441338076><TERRORIST>" say "wait" (dead)
L 06/20/2020 - 22:56:41: "Mahabharat || Parabellum<34><STEAM_0:0:60684219><CT>" say "ready" (dead)
L 06/20/2020 - 22:57:02: "Classic 0.51 || Agent Felix<38><STEAM_0:1:539804210><TERRORIST>" say "READY" (dead)
L 06/20/2020 - 22:57:03: "Classic 0.51 || This is Spartaa<41><STEAM_0:0:441338076><TERRORIST>" say "ready" (dead)
L 06/20/2020 - 22:57:06: "Mahabharat || pRo_rvltn<35><STEAM_0:1:546352772><CT>" killed "Classic 0.51 || hattori<43><STEAM_0:0:861404367><TERRORIST>" with "usp"
L 06/20/2020 - 22:57:06: "Classic 0.51 || Agent Felix<38><STEAM_0:1:539804210><TERRORIST>" say "START KL" (dead)
L 06/20/2020 - 22:57:07: "Classic 0.51 || Mode : plant<44><STEAM_0:0:83230422><TERRORIST>" say "reja da discord e aso" (dead)
L 06/20/2020 - 22:57:17: Rcon: "rcon 26563604 "Lauda2" say "NEXT RES LIVE"" from "106.51.233.53:14159"
L 06/20/2020 - 22:57:17: Server say "NEXT RES LIVE"
L 06/20/2020 - 22:57:17: "Classic 0.51 || Mode : plant<44><STEAM_0:0:83230422><TERRORIST>" say "reja da discord e aso" (dead)
L 06/20/2020 - 22:57:19: "Classic 0.51 || MERA BAAP<39><STEAM_0:0:63052104><TERRORIST>" killed "Mahabharat || StuFu<40><STEAM_0:1:147341737><CT>" with "deagle"
L 06/20/2020 - 22:57:19: Rcon: "rcon 26563604 "Lauda2" say "NEXT RES LIVE" " from "106.51.233.53:14159"
L 06/20/2020 - 22:57:19: Server say "NEXT RES LIVE""
L 06/20/2020 - 22:57:24: "Classic 0.51 || MERA BAAP<39><STEAM_0:0:63052104><TERRORIST>" killed "Mahabharat || pRo_rvltn<35><STEAM_0:1:546352772><CT>" with "usp"
L 06/20/2020 - 22:57:26: Rcon: "rcon 1830616470 "Lauda2" sv_restart 1" from "49.207.58.179:17399"
L 06/20/2020 - 22:57:26: Server cvar "sv_restart" = "1"
L 06/20/2020 - 22:57:27: World triggered "Restart_Round_(1_second)"
L 06/20/2020 - 22:57:27: Team "CT" scored "0" with "5" players
L 06/20/2020 - 22:57:27: Team "TERRORIST" scored "0" with "5" players
L 06/20/2020 - 22:57:27: Server cvar "sv_restart" = "0"
L 06/20/2020 - 22:57:28: "Classic 0.51 || Agent Felix<38><STEAM_0:1:539804210><TERRORIST>" triggered "Spawned_With_The_Bomb"
L 06/20/2020 - 22:57:33: "Classic 0.51 || Agent Felix<38><STEAM_0:1:539804210><TERRORIST>" triggered "Dropped_The_Bomb"
L 06/20/2020 - 22:57:41: World triggered "Round_Start"
L 06/20/2020 - 22:57:41: "Mahabharat || Parabellum<34><STEAM_0:0:60684219><CT>" say "ok"
L 06/20/2020 - 22:57:43: "Mahabharat || Parabellum<34><STEAM_0:0:60684219><CT>" say "kl"
L 06/20/2020 - 22:57:47: "Classic 0.51 || This is Spartaa<41><STEAM_0:0:441338076><TERRORIST>" say "live?"
L 06/20/2020 - 22:57:49: "Mahabharat || StuFu<40><STEAM_0:1:147341737><CT>" say "ready"
L 06/20/2020 - 22:57:51: "Mahabharat || Parabellum<34><STEAM_0:0:60684219><CT>" say "kl"
L 06/20/2020 - 22:57:51: "Classic 0.51 || This is Spartaa<41><STEAM_0:0:441338076><TERRORIST>" say "res?"
L 06/20/2020 - 22:57:53: "Mahabharat || StuFu<40><STEAM_0:1:147341737><CT>" say "kl"
L 06/20/2020 - 22:57:55: "Classic 0.51 || Mode : plant<44><STEAM_0:0:83230422><TERRORIST>" killed "Mahabharat || pRo_rvltn<35><STEAM_0:1:546352772><CT>" with "glock18"
L 06/20/2020 - 22:57:56: Rcon: "rcon 1830616470 "Lauda2" sv_restart 1" from "49.207.58.179:17399"
L 06/20/2020 - 22:57:56: Server cvar "sv_restart" = "1"
L 06/20/2020 - 22:57:57: World triggered "Restart_Round_(1_second)"
L 06/20/2020 - 22:57:57: Team "CT" scored "0" with "5" players
L 06/20/2020 - 22:57:57: Team "TERRORIST" scored "0" with "5" players
L 06/20/2020 - 22:57:57: Server cvar "sv_restart" = "0"
L 06/20/2020 - 22:57:58: "Mahabharat || StuFu<40><STEAM_0:1:147341737><CT>" say "kl"
L 06/20/2020 - 22:57:58: "Classic 0.51 || This is Spartaa<41><STEAM_0:0:441338076><TERRORIST>" triggered "Spawned_With_The_Bomb"
L 06/20/2020 - 22:58:02: "Classic 0.51 || This is Spartaa<41><STEAM_0:0:441338076><TERRORIST>" triggered "Dropped_The_Bomb"
L 06/20/2020 - 22:58:11: World triggered "Round_Start"
L 06/20/2020 - 22:58:26: "Classic 0.51 || MERA BAAP<39><STEAM_0:0:63052104><TERRORIST>" killed "Mahabharat || 1729<36><STEAM_0:0:1921819853><CT>" with "knife"
L 06/20/2020 - 22:58:35: "Mahabharat || StuFu<40><STEAM_0:1:147341737><CT>" killed "Classic 0.51 || MERA BAAP<39><STEAM_0:0:63052104><TERRORIST>" with "knife"
L 06/20/2020 - 22:58:37: "Mahabharat || StuFu<40><STEAM_0:1:147341737><CT>" killed "Classic 0.51 || Agent Felix<38><STEAM_0:1:539804210><TERRORIST>" with "knife"
L 06/20/2020 - 22:58:37: "Classic 0.51 || This is Spartaa<41><STEAM_0:0:441338076><TERRORIST>" killed "Classic 0.51 || Mode : plant<44><STEAM_0:0:83230422><TERRORIST>" with "knife"
L 06/20/2020 - 22:58:38: "Mahabharat || StuFu<40><STEAM_0:1:147341737><CT>" killed "Classic 0.51 || hattori<43><STEAM_0:0:861404367><TERRORIST>" with "knife"
L 06/20/2020 - 22:58:42: "Mahabharat || StuFu<40><STEAM_0:1:147341737><CT>" killed "Classic 0.51 || This is Spartaa<41><STEAM_0:0:441338076><TERRORIST>" with "knife"
L 06/20/2020 - 22:58:42: Team "CT" triggered "CTs_Win" (CT "1") (T "0")
L 06/20/2020 - 22:58:42: World triggered "Round_End"
L 06/20/2020 - 22:58:47: "Classic 0.51 || hattori<43><STEAM_0:0:861404367><TERRORIST>" triggered "Spawned_With_The_Bomb"
L 06/20/2020 - 22:58:49: "Mahabharat || StuFu<40><STEAM_0:1:147341737><CT>" say "SAWP"
L 06/20/2020 - 22:58:51: "Mahabharat || StuFu<40><STEAM_0:1:147341737><CT>" committed suicide with "world"
L 06/20/2020 - 22:58:51: "Mahabharat || StuFu<40><STEAM_0:1:147341737><CT>" joined team "TERRORIST"
L 06/20/2020 - 22:58:51: "Mahabharat || Parabellum<34><STEAM_0:0:60684219><CT>" committed suicide with "world"
L 06/20/2020 - 22:58:51: "Mahabharat || Parabellum<34><STEAM_0:0:60684219><CT>" joined team "TERRORIST"
L 06/20/2020 - 22:58:52: "Mahabharat || 1729<36><STEAM_0:0:1921819853><CT>" committed suicide with "world"
L 06/20/2020 - 22:58:52: "Mahabharat || 1729<36><STEAM_0:0:1921819853><CT>" joined team "TERRORIST"
L 06/20/2020 - 22:58:52: Rcon: "rcon 1830616470 "Lauda2" sv_restart 1" from "49.207.58.179:17399"
L 06/20/2020 - 22:58:52: Server cvar "sv_restart" = "1"
L 06/20/2020 - 22:58:53: World triggered "Restart_Round_(1_second)"
L 06/20/2020 - 22:58:53: Team "CT" scored "1" with "3" players
L 06/20/2020 - 22:58:53: Team "TERRORIST" scored "0" with "7" players
L 06/20/2020 - 22:58:53: Server cvar "sv_restart" = "0"
L 06/20/2020 - 22:58:53: "Classic 0.51 || MERA BAAP<39><STEAM_0:0:63052104><TERRORIST>" committed suicide with "world"
L 06/20/2020 - 22:58:53: "Classic 0.51 || MERA BAAP<39><STEAM_0:0:63052104><TERRORIST>" joined team "CT"
L 06/20/2020 - 22:58:53: "Classic 0.51 || Mode : plant<44><STEAM_0:0:83230422><TERRORIST>" committed suicide with "world"
L 06/20/2020 - 22:58:53: "Classic 0.51 || Mode : plant<44><STEAM_0:0:83230422><TERRORIST>" joined team "CT"
L 06/20/2020 - 22:58:54: "Mahabharat || StuFu<40><STEAM_0:1:147341737><TERRORIST>" triggered "Spawned_With_The_Bomb"
L 06/20/2020 - 22:58:54: "Classic 0.51 || Agent Felix<38><STEAM_0:1:539804210><TERRORIST>" say "SALA STUFU :P"
L 06/20/2020 - 22:58:54: Rcon: "rcon 1830616470 "Lauda2" sv_restart 1" from "49.207.58.179:17399"
L 06/20/2020 - 22:58:54: Server cvar "sv_restart" = "1"
L 06/20/2020 - 22:58:54: "Mahabharat || Cristiano<45><STEAM_0:0:1465890162><CT>" committed suicide with "world"
L 06/20/2020 - 22:58:54: "Mahabharat || Cristiano<45><STEAM_0:0:1465890162><CT>" joined team "TERRORIST"
L 06/20/2020 - 22:58:54: Rcon: "rcon 1830616470 "Lauda2" sv_restart 1" from "49.207.58.179:17399"
L 06/20/2020 - 22:58:55: World triggered "Restart_Round_(1_second)"
L 06/20/2020 - 22:58:55: Team "CT" scored "0" with "3" players
L 06/20/2020 - 22:58:55: Team "TERRORIST" scored "0" with "7" players
L 06/20/2020 - 22:58:55: Server cvar "sv_restart" = "0"
L 06/20/2020 - 22:58:56: "Mahabharat || Parabellum<34><STEAM_0:0:60684219><TERRORIST>" triggered "Spawned_With_The_Bomb"
L 06/20/2020 - 22:58:56: "Classic 0.51 || hattori<43><STEAM_0:0:861404367><TERRORIST>" committed suicide with "world"
L 06/20/2020 - 22:58:57: "Classic 0.51 || hattori<43><STEAM_0:0:861404367><TERRORIST>" joined team "CT"
L 06/20/2020 - 22:58:57: "Mahabharat || pRo_rvltn<35><STEAM_0:1:546352772><CT>" committed suicide with "world"
L 06/20/2020 - 22:58:57: "Mahabharat || pRo_rvltn<35><STEAM_0:1:546352772><CT>" joined team "TERRORIST"
L 06/20/2020 - 22:58:57: "Classic 0.51 || This is Spartaa<41><STEAM_0:0:441338076><TERRORIST>" committed suicide with "world"
L 06/20/2020 - 22:58:57: "Classic 0.51 || This is Spartaa<41><STEAM_0:0:441338076><TERRORIST>" joined team "TERRORIST"
L 06/20/2020 - 22:59:01: Rcon: "rcon 1830616470 "Lauda2" sv_restart 1" from "49.207.58.179:17399"
L 06/20/2020 - 22:59:01: Server cvar "sv_restart" = "1"
L 06/20/2020 - 22:59:02: World triggered "Restart_Round_(1_second)"
L 06/20/2020 - 22:59:02: Team "CT" scored "0" with "3" players
L 06/20/2020 - 22:59:02: Team "TERRORIST" scored "0" with "7" players
L 06/20/2020 - 22:59:02: Server cvar "sv_restart" = "0"
L 06/20/2020 - 22:59:03: "Mahabharat || Parabellum<34><STEAM_0:0:60684219><TERRORIST>" triggered "Spawned_With_The_Bomb"
L 06/20/2020 - 22:59:03: Rcon: "rcon 1830616470 "Lauda2" sv_restart 1" from "49.207.58.179:17399"
L 06/20/2020 - 22:59:03: Server cvar "sv_restart" = "1"
L 06/20/2020 - 22:59:04: World triggered "Restart_Round_(1_second)"
L 06/20/2020 - 22:59:04: Team "CT" scored "0" with "3" players
L 06/20/2020 - 22:59:04: Team "TERRORIST" scored "0" with "7" players
L 06/20/2020 - 22:59:04: Server cvar "sv_restart" = "0"
L 06/20/2020 - 22:59:04: "Classic 0.51 || Agent Felix<38><STEAM_0:1:539804210><TERRORIST>" committed suicide with "world"
L 06/20/2020 - 22:59:04: "Classic 0.51 || Agent Felix<38><STEAM_0:1:539804210><TERRORIST>" joined team "CT"
L 06/20/2020 - 22:59:05: "Mahabharat || pRo_rvltn<35><STEAM_0:1:546352772><TERRORIST>" triggered "Spawned_With_The_Bomb"
L 06/20/2020 - 22:59:06: "Classic 0.51 || This is Spartaa<41><STEAM_0:0:441338076><TERRORIST>" committed suicide with "world"
L 06/20/2020 - 22:59:06: "Classic 0.51 || This is Spartaa<41><STEAM_0:0:441338076><TERRORIST>" joined team "CT"
L 06/20/2020 - 22:59:18: World triggered "Round_Start"
L 06/20/2020 - 22:59:41: "Classic 0.51 || MERA BAAP<39><STEAM_0:0:63052104><CT>" killed "Mahabharat || Parabellum<34><STEAM_0:0:60684219><TERRORIST>" with "usp"
L 06/20/2020 - 22:59:43: "Mahabharat || 1729<36><STEAM_0:0:1921819853><TERRORIST>" killed "Classic 0.51 || MERA BAAP<39><STEAM_0:0:63052104><CT>" with "glock18"
L 06/20/2020 - 22:59:44: "Classic 0.51 || Agent Felix<38><STEAM_0:1:539804210><CT>" killed "Mahabharat || 1729<36><STEAM_0:0:1921819853><TERRORIST>" with "usp"
L 06/20/2020 - 22:59:48: "Mahabharat || Cristiano<45><STEAM_0:0:1465890162><TERRORIST>" killed "Classic 0.51 || hattori<43><STEAM_0:0:861404367><CT>" with "glock18"
L 06/20/2020 - 22:59:49: "Classic 0.51 || Mode : plant<44><STEAM_0:0:83230422><CT>" killed "Mahabharat || Cristiano<45><STEAM_0:0:1465890162><TERRORIST>" with "usp"
L 06/20/2020 - 22:59:52: "Mahabharat || pRo_rvltn<35><STEAM_0:1:546352772><TERRORIST>" killed "Classic 0.51 || Mode : plant<44><STEAM_0:0:83230422><CT>" with "glock18"
L 06/20/2020 - 23:00:05: "Mahabharat || pRo_rvltn<35><STEAM_0:1:546352772><TERRORIST>" killed "Classic 0.51 || Agent Felix<38><STEAM_0:1:539804210><CT>" with "knife"
L 06/20/2020 - 23:00:05: Team "TERRORIST" triggered "Terrorists_Win" (CT "0") (T "1")
L 06/20/2020 - 23:00:05: World triggered "Round_End"
L 06/20/2020 - 23:00:10: "Mahabharat || 1729<36><STEAM_0:0:1921819853><TERRORIST>" triggered "Spawned_With_The_Bomb"
L 06/20/2020 - 23:00:13: "Mahabharat || Parabellum<34><STEAM_0:0:60684219><TERRORIST>" say "ready"
L 06/20/2020 - 23:00:15: "Mahabharat || StuFu<40><STEAM_0:1:147341737><TERRORIST>" say "READY"
L 06/20/2020 - 23:00:23: World triggered "Round_Start"
L 06/20/2020 - 23:00:34: Rcon: "rcon 1830616470 "Lauda2" sv_restart 1" from "49.207.58.179:17399"
L 06/20/2020 - 23:00:34: Server cvar "sv_restart" = "1"
L 06/20/2020 - 23:00:34: World triggered "Restart_Round_(1_second)"
L 06/20/2020 - 23:00:34: Team "CT" scored "0" with "5" players
L 06/20/2020 - 23:00:34: Team "TERRORIST" scored "1" with "5" players
L 06/20/2020 - 23:00:34: Server cvar "sv_restart" = "0"
L 06/20/2020 - 23:00:35: "Mahabharat || Cristiano<45><STEAM_0:0:1465890162><TERRORIST>" triggered "Spawned_With_The_Bomb"
L 06/20/2020 - 23:00:48: "Mahabharat || Parabellum<34><STEAM_0:0:60684219><TERRORIST>" say "call when ready"
L 06/20/2020 - 23:00:48: World triggered "Round_Start"
L 06/20/2020 - 23:01:09: "Mahabharat || 1729<36><STEAM_0:0:1921819853><TERRORIST>" killed "Classic 0.51 || Agent Felix<38><STEAM_0:1:539804210><CT>" with "glock18"
L 06/20/2020 - 23:01:12: "Mahabharat || Cristiano<45><STEAM_0:0:1465890162><TERRORIST>" say "dont kill"
L 06/20/2020 - 23:01:14: "Classic 0.51 || MERA BAAP<39><STEAM_0:0:63052104><CT>" killed "Mahabharat || StuFu<40><STEAM_0:1:147341737><TERRORIST>" with "usp"
L 06/20/2020 - 23:01:18: "Classic 0.51 || hattori<43><STEAM_0:0:861404367><CT>" killed "Mahabharat || Parabellum<34><STEAM_0:0:60684219><TERRORIST>" with "usp"
L 06/20/2020 - 23:01:19: Rcon: "rcon 1830616470 "Lauda2" sv_restart 1" from "49.207.58.179:17399"
L 06/20/2020 - 23:01:19: Server cvar "sv_restart" = "1"
L 06/20/2020 - 23:01:20: World triggered "Restart_Round_(1_second)"
L 06/20/2020 - 23:01:20: Team "CT" scored "0" with "5" players
L 06/20/2020 - 23:01:20: Team "TERRORIST" scored "0" with "5" players
L 06/20/2020 - 23:01:20: Server cvar "sv_restart" = "0"
L 06/20/2020 - 23:01:21: "Mahabharat || 1729<36><STEAM_0:0:1921819853><TERRORIST>" killed "Classic 0.51 || This is Spartaa<41><STEAM_0:0:441338076><CT>" with "glock18"
L 06/20/2020 - 23:01:21: "Mahabharat || StuFu<40><STEAM_0:1:147341737><TERRORIST>" triggered "Spawned_With_The_Bomb"
L 06/20/2020 - 23:01:34: World triggered "Round_Start"
L 06/20/2020 - 23:01:44: "Classic 0.51 || hattori<43><STEAM_0:0:861404367><CT>" killed "Mahabharat || Cristiano<45><STEAM_0:0:1465890162><TERRORIST>" with "usp"
L 06/20/2020 - 23:01:46: "Classic 0.51 || Agent Felix<38><STEAM_0:1:539804210><CT>" killed "Mahabharat || Parabellum<34><STEAM_0:0:60684219><TERRORIST>" with "usp"
L 06/20/2020 - 23:01:47: "Mahabharat || 1729<36><STEAM_0:0:1921819853><TERRORIST>" killed "Classic 0.51 || hattori<43><STEAM_0:0:861404367><CT>" with "glock18"
L 06/20/2020 - 23:01:47: "Classic 0.51 || MERA BAAP<39><STEAM_0:0:63052104><CT>" killed "Mahabharat || StuFu<40><STEAM_0:1:147341737><TERRORIST>" with "usp"
L 06/20/2020 - 23:01:47: "Mahabharat || StuFu<40><STEAM_0:1:147341737><TERRORIST>" triggered "Dropped_The_Bomb"
L 06/20/2020 - 23:01:50: "Classic 0.51 || Agent Felix<38><STEAM_0:1:539804210><CT>" killed "Mahabharat || pRo_rvltn<35><STEAM_0:1:546352772><TERRORIST>" with "usp"
L 06/20/2020 - 23:02:13: "Classic 0.51 || Agent Felix<38><STEAM_0:1:539804210><CT>" killed "Mahabharat || 1729<36><STEAM_0:0:1921819853><TERRORIST>" with "usp"
L 06/20/2020 - 23:02:13: Team "CT" triggered "CTs_Win" (CT "1") (T "0")
L 06/20/2020 - 23:02:13: World triggered "Round_End"
L 06/20/2020 - 23:02:18: "Mahabharat || Parabellum<34><STEAM_0:0:60684219><TERRORIST>" triggered "Spawned_With_The_Bomb"
L 06/20/2020 - 23:02:27: "Mahabharat || Parabellum<34><STEAM_0:0:60684219><TERRORIST>" triggered "Dropped_The_Bomb"
L 06/20/2020 - 23:02:31: World triggered "Round_Start"
L 06/20/2020 - 23:02:35: "Mahabharat || Cristiano<45><STEAM_0:0:1465890162><TERRORIST>" triggered "Got_The_Bomb"
L 06/20/2020 - 23:02:55: "Mahabharat || Cristiano<45><STEAM_0:0:1465890162><TERRORIST>" killed "Classic 0.51 || Mode : plant<44><STEAM_0:0:83230422><CT>" with "galil"
L 06/20/2020 - 23:02:56: "Classic 0.51 || hattori<43><STEAM_0:0:861404367><CT>" killed "Mahabharat || Cristiano<45><STEAM_0:0:1465890162><TERRORIST>" with "usp"
L 06/20/2020 - 23:02:56: "Mahabharat || Cristiano<45><STEAM_0:0:1465890162><TERRORIST>" triggered "Dropped_The_Bomb"
L 06/20/2020 - 23:02:57: "Classic 0.51 || MERA BAAP<39><STEAM_0:0:63052104><CT>" killed "Mahabharat || 1729<36><STEAM_0:0:1921819853><TERRORIST>" with "usp"
L 06/20/2020 - 23:02:58: "Mahabharat || Parabellum<34><STEAM_0:0:60684219><TERRORIST>" say "start?"
L 06/20/2020 - 23:03:01: "Mahabharat || Parabellum<34><STEAM_0:0:60684219><TERRORIST>" say "ready?"
L 06/20/2020 - 23:03:01: "Classic 0.51 || Agent Felix<38><STEAM_0:1:539804210><CT>" killed "Mahabharat || Parabellum<34><STEAM_0:0:60684219><TERRORIST>" with "m4a1"
L 06/20/2020 - 23:03:08: "Classic 0.51 || MERA BAAP<39><STEAM_0:0:63052104><CT>" killed "Mahabharat || pRo_rvltn<35><STEAM_0:1:546352772><TERRORIST>" with "usp"
L 06/20/2020 - 23:03:16: "Mahabharat || pRo_rvltn<35><STEAM_0:1:546352772><TERRORIST>" say "START" (dead)
L 06/20/2020 - 23:03:27: "Mahabharat || pRo_rvltn<35><STEAM_0:1:546352772><TERRORIST>" say "ATLEAST BOL KICHGU" (dead)
L 06/20/2020 - 23:03:30: "Classic 0.51 || MERA BAAP<39><STEAM_0:0:63052104><CT>" say "ready"
L 06/20/2020 - 23:03:35: "Classic 0.51 || This is Spartaa<41><STEAM_0:0:441338076><CT>" say "ready"
L 06/20/2020 - 23:03:35: "Mahabharat || Cristiano<45><STEAM_0:0:1465890162><TERRORIST>" say "gg" (dead)
L 06/20/2020 - 23:03:38: "Mahabharat || pRo_rvltn<35><STEAM_0:1:546352772><TERRORIST>" disconnected
L 06/20/2020 - 23:03:38: [DPROTO]: Client 1 - Set AuthIdType 1 [Native]; pClient = 05671040
L 06/20/2020 - 23:03:38: "Mahabharat || pRo_rvltn<46><STEAM_0:1:546352772><>" connected, address "122.179.148.87:27005"
L 06/20/2020 - 23:03:38: "Classic 0.51 || Mode : plant<44><STEAM_0:0:83230422><CT>" say "ready" (dead)
L 06/20/2020 - 23:03:38: "Mahabharat || pRo_rvltn<46><STEAM_0:1:546352772><>" STEAM USERID validated
L 06/20/2020 - 23:03:42: "Mahabharat || pRo_rvltn<46><STEAM_0:1:546352772><>" entered the game
L 06/20/2020 - 23:03:42: Rcon: "rcon 1830616470 "Lauda2" sv_restart 5" from "49.207.58.179:17399"
L 06/20/2020 - 23:03:42: Server cvar "sv_restart" = "5"
L 06/20/2020 - 23:03:42: "Mahabharat || Parabellum<34><STEAM_0:0:60684219><TERRORIST>" say "go" (dead)
L 06/20/2020 - 23:03:43: World triggered "Restart_Round_(5_seconds)"
L 06/20/2020 - 23:03:43: Team "CT" scored "1" with "5" players
L 06/20/2020 - 23:03:43: Team "TERRORIST" scored "0" with "4" players
L 06/20/2020 - 23:03:43: Server cvar "sv_restart" = "0"
L 06/20/2020 - 23:03:44: "Mahabharat || pRo_rvltn<46><STEAM_0:1:546352772><>" joined team "TERRORIST"
L 06/20/2020 - 23:03:48: "Mahabharat || pRo_rvltn<46><STEAM_0:1:546352772><TERRORIST>" triggered "Spawned_With_The_Bomb"
L 06/20/2020 - 23:03:49: "Mahabharat || StuFu<40><STEAM_0:1:147341737><TERRORIST>" say "LIVE"
L 06/20/2020 - 23:03:53: "Classic 0.51 || Mode : plant<44><STEAM_0:0:83230422><CT>" say "res"
L 06/20/2020 - 23:03:55: Rcon: "rcon 1830616470 "Lauda2" sv_restart 5" from "49.207.58.179:17399"
L 06/20/2020 - 23:03:55: Server cvar "sv_restart" = "5"
L 06/20/2020 - 23:03:55: "Classic 0.51 || Agent Felix<38><STEAM_0:1:539804210><CT>" say "RES LIVE"
L 06/20/2020 - 23:03:56: World triggered "Restart_Round_(5_seconds)"
L 06/20/2020 - 23:03:56: Team "CT" scored "0" with "5" players
L 06/20/2020 - 23:03:56: Team "TERRORIST" scored "0" with "5" players
L 06/20/2020 - 23:03:56: Server cvar "sv_restart" = "0"
L 06/20/2020 - 23:03:57: Rcon: "rcon 1830616470 "Lauda2" sv_restart 1" from "49.207.58.179:17399"
L 06/20/2020 - 23:03:57: Server cvar "sv_restart" = "1"
L 06/20/2020 - 23:03:58: Rcon: "rcon 26563604 "Lauda2" say "LIVE" " from "106.51.233.53:14159"
L 06/20/2020 - 23:03:58: Server say "LIVE""
L 06/20/2020 - 23:03:58: World triggered "Restart_Round_(1_second)"
L 06/20/2020 - 23:03:58: Team "CT" scored "0" with "5" players
L 06/20/2020 - 23:03:58: Team "TERRORIST" scored "0" with "5" players
L 06/20/2020 - 23:03:58: Server cvar "sv_restart" = "0"
L 06/20/2020 - 23:03:58: "Mahabharat || Parabellum<34><STEAM_0:0:60684219><TERRORIST>" say "yres live"
L 06/20/2020 - 23:03:59: "Classic 0.51 || This is Spartaa<41><STEAM_0:0:441338076><CT>" say "res"
L 06/20/2020 - 23:03:59: Rcon: "rcon 26563604 "Lauda2" say "LIVE" " from "106.51.233.53:14159"
L 06/20/2020 - 23:03:59: Server say "LIVE""
L 06/20/2020 - 23:03:59: "Mahabharat || 1729<36><STEAM_0:0:1921819853><TERRORIST>" triggered "Spawned_With_The_Bomb"
L 06/20/2020 - 23:04:00: Rcon: "rcon 26563604 "Lauda2" say "LIVE" " from "106.51.233.53:14159"
L 06/20/2020 - 23:04:00: Server say "LIVE""
L 06/20/2020 - 23:04:01: Rcon: "rcon 26563604 "Lauda2" say "LIVE" " from "106.51.233.53:14159"
L 06/20/2020 - 23:04:01: Server say "LIVE""
L 06/20/2020 - 23:04:01: "Mahabharat || StuFu<40><STEAM_0:1:147341737><TERRORIST>" say "LIVE"
L 06/20/2020 - 23:04:01: Rcon: "rcon 26563604 "Lauda2" say "LIVE" " from "106.51.233.53:14159"
L 06/20/2020 - 23:04:01: Server say "LIVE""
L 06/20/2020 - 23:04:02: "Mahabharat || Parabellum<34><STEAM_0:0:60684219><TERRORIST>" say "live"
L 06/20/2020 - 23:04:02: "Classic 0.5 || Achillies<42><STEAM_0:0:1663171942><SPECTATOR>" disconnected
L 06/20/2020 - 23:04:02: [DPROTO]: Client 6 - Set AuthIdType 1 [dp_RevEmu]; pClient = 0568A0B8
L 06/20/2020 - 23:04:02: "Classic 0.5 || Achillies<47><STEAM_0:0:1663171942><>" connected, address "106.51.233.53:14159"
L 06/20/2020 - 23:04:03: "Mahabharat || Parabellum<34><STEAM_0:0:60684219><TERRORIST>" say "live"
L 06/20/2020 - 23:04:07: "Classic 0.5 || Achillies<47><STEAM_0:0:1663171942><>" entered the game
L 06/20/2020 - 23:04:09: "Classic 0.5 || Achillies<47><STEAM_0:0:1663171942><>" joined team "SPECTATOR"
L 06/20/2020 - 23:04:12: World triggered "Round_Start"
L 06/20/2020 - 23:04:18: "Mahabharat || 1729<36><STEAM_0:0:1921819853><TERRORIST>" triggered "Dropped_The_Bomb"
L 06/20/2020 - 23:04:19: "Mahabharat || pRo_rvltn<46><STEAM_0:1:546352772><TERRORIST>" triggered "Got_The_Bomb"
L 06/20/2020 - 23:04:27: "Mahabharat || StuFu<40><STEAM_0:1:147341737><TERRORIST>" killed "Classic 0.51 || hattori<43><STEAM_0:0:861404367><CT>" with "deagle"
L 06/20/2020 - 23:04:33: "Mahabharat || Parabellum<34><STEAM_0:0:60684219><TERRORIST>" killed "Classic 0.51 || Mode : plant<44><STEAM_0:0:83230422><CT>" with "glock18"
L 06/20/2020 - 23:04:40: "Mahabharat || pRo_rvltn<46><STEAM_0:1:546352772><TERRORIST>" triggered "Planted_The_Bomb"
L 06/20/2020 - 23:04:43: "Mahabharat || Parabellum<34><STEAM_0:0:60684219><TERRORIST>" killed "Classic 0.51 || MERA BAAP<39><STEAM_0:0:63052104><CT>" with "glock18"
L 06/20/2020 - 23:04:46: "Classic 0.51 || This is Spartaa<41><STEAM_0:0:441338076><CT>" killed "Mahabharat || 1729<36><STEAM_0:0:1921819853><TERRORIST>" with "usp"
L 06/20/2020 - 23:04:48: "Mahabharat || Cristiano<45><STEAM_0:0:1465890162><TERRORIST>" killed "Classic 0.51 || This is Spartaa<41><STEAM_0:0:441338076><CT>" with "usp"
L 06/20/2020 - 23:04:58: "Mahabharat || StuFu<40><STEAM_0:1:147341737><TERRORIST>" killed "Classic 0.51 || Agent Felix<38><STEAM_0:1:539804210><CT>" with "deagle"
L 06/20/2020 - 23:04:58: Team "TERRORIST" triggered "Terrorists_Win" (CT "0") (T "1")
L 06/20/2020 - 23:04:58: World triggered "Round_End"
L 06/20/2020 - 23:05:03: "Mahabharat || Cristiano<45><STEAM_0:0:1465890162><TERRORIST>" triggered "Spawned_With_The_Bomb"
L 06/20/2020 - 23:05:16: World triggered "Round_Start"
L 06/20/2020 - 23:05:38: "Mahabharat || StuFu<40><STEAM_0:1:147341737><TERRORIST>" killed "Classic 0.51 || Mode : plant<44><STEAM_0:0:83230422><CT>" with "ak47"
L 06/20/2020 - 23:05:46: "Mahabharat || Cristiano<45><STEAM_0:0:1465890162><TERRORIST>" triggered "Planted_The_Bomb"
L 06/20/2020 - 23:05:50: "Classic 0.51 || This is Spartaa<41><STEAM_0:0:441338076><CT>" killed "Mahabharat || StuFu<40><STEAM_0:1:147341737><TERRORIST>" with "usp"
L 06/20/2020 - 23:05:55: "Mahabharat || 1729<36><STEAM_0:0:1921819853><TERRORIST>" killed "Classic 0.51 || MERA BAAP<39><STEAM_0:0:63052104><CT>" with "ak47"
L 06/20/2020 - 23:05:55: "Classic 0.51 || Agent Felix<38><STEAM_0:1:539804210><CT>" killed "Classic 0.51 || This is Spartaa<41><STEAM_0:0:441338076><CT>" with "usp"
L 06/20/2020 - 23:06:02: "Mahabharat || pRo_rvltn<46><STEAM_0:1:546352772><TERRORIST>" killed "Classic 0.51 || Agent Felix<38><STEAM_0:1:539804210><CT>" with "ak47"
L 06/20/2020 - 23:06:06: "Mahabharat || 1729<36><STEAM_0:0:1921819853><TERRORIST>" killed "Classic 0.51 || hattori<43><STEAM_0:0:861404367><CT>" with "ak47"
L 06/20/2020 - 23:06:06: Team "TERRORIST" triggered "Terrorists_Win" (CT "0") (T "2")
L 06/20/2020 - 23:06:06: World triggered "Round_End"
L 06/20/2020 - 23:06:11: "Mahabharat || StuFu<40><STEAM_0:1:147341737><TERRORIST>" triggered "Spawned_With_The_Bomb"
L 06/20/2020 - 23:06:24: World triggered "Round_Start"
L 06/20/2020 - 23:06:49: "Classic 0.51 || MERA BAAP<39><STEAM_0:0:63052104><CT>" killed "Mahabharat || 1729<36><STEAM_0:0:1921819853><TERRORIST>" with "m4a1"
L 06/20/2020 - 23:07:09: "Mahabharat || StuFu<40><STEAM_0:1:147341737><TERRORIST>" killed "Classic 0.51 || Agent Felix<38><STEAM_0:1:539804210><CT>" with "ak47"
L 06/20/2020 - 23:07:19: "Mahabharat || StuFu<40><STEAM_0:1:147341737><TERRORIST>" triggered "Planted_The_Bomb"
L 06/20/2020 - 23:07:28: "Mahabharat || Parabellum<34><STEAM_0:0:60684219><TERRORIST>" killed "Classic 0.51 || hattori<43><STEAM_0:0:861404367><CT>" with "ak47"
L 06/20/2020 - 23:07:41: "Classic 0.51 || MERA BAAP<39><STEAM_0:0:63052104><CT>" killed "Mahabharat || Cristiano<45><STEAM_0:0:1465890162><TERRORIST>" with "m4a1"
L 06/20/2020 - 23:07:43: "Classic 0.51 || Mode : plant<44><STEAM_0:0:83230422><CT>" killed "Mahabharat || pRo_rvltn<46><STEAM_0:1:546352772><TERRORIST>" with "m4a1"
L 06/20/2020 - 23:07:45: "Mahabharat || Parabellum<34><STEAM_0:0:60684219><TERRORIST>" killed "Classic 0.51 || MERA BAAP<39><STEAM_0:0:63052104><CT>" with "ak47"
L 06/20/2020 - 23:07:47: "Mahabharat || StuFu<40><STEAM_0:1:147341737><TERRORIST>" killed "Classic 0.51 || Mode : plant<44><STEAM_0:0:83230422><CT>" with "ak47"
L 06/20/2020 - 23:07:48: "Classic 0.51 || This is Spartaa<41><STEAM_0:0:441338076><CT>" killed "Mahabharat || StuFu<40><STEAM_0:1:147341737><TERRORIST>" with "m4a1"
L 06/20/2020 - 23:07:49: "Mahabharat || Parabellum<34><STEAM_0:0:60684219><TERRORIST>" killed "Classic 0.51 || This is Spartaa<41><STEAM_0:0:441338076><CT>" with "ak47"
L 06/20/2020 - 23:07:49: Team "TERRORIST" triggered "Terrorists_Win" (CT "0") (T "3")
L 06/20/2020 - 23:07:49: World triggered "Round_End"
L 06/20/2020 - 23:07:54: "Mahabharat || Parabellum<34><STEAM_0:0:60684219><TERRORIST>" triggered "Spawned_With_The_Bomb"
L 06/20/2020 - 23:07:57: "Mahabharat || Parabellum<34><STEAM_0:0:60684219><TERRORIST>" triggered "Dropped_The_Bomb"
L 06/20/2020 - 23:08:07: World triggered "Round_Start"
L 06/20/2020 - 23:08:08: "Mahabharat || Cristiano<45><STEAM_0:0:1465890162><TERRORIST>" triggered "Got_The_Bomb"
L 06/20/2020 - 23:08:21: "Mahabharat || 1729<36><STEAM_0:0:1921819853><TERRORIST>" killed "Classic 0.51 || This is Spartaa<41><STEAM_0:0:441338076><CT>" with "ak47"
L 06/20/2020 - 23:08:27: "Classic 0.51 || MERA BAAP<39><STEAM_0:0:63052104><CT>" killed "Mahabharat || 1729<36><STEAM_0:0:1921819853><TERRORIST>" with "famas"
L 06/20/2020 - 23:08:30: "Classic 0.51 || MERA BAAP<39><STEAM_0:0:63052104><CT>" killed "Mahabharat || Cristiano<45><STEAM_0:0:1465890162><TERRORIST>" with "famas"
L 06/20/2020 - 23:08:30: "Mahabharat || Cristiano<45><STEAM_0:0:1465890162><TERRORIST>" triggered "Dropped_The_Bomb"
L 06/20/2020 - 23:08:34: "Mahabharat || Parabellum<34><STEAM_0:0:60684219><TERRORIST>" triggered "Got_The_Bomb"
L 06/20/2020 - 23:08:36: "Classic 0.51 || Agent Felix<38><STEAM_0:1:539804210><CT>" killed "Mahabharat || pRo_rvltn<46><STEAM_0:1:546352772><TERRORIST>" with "m4a1"
L 06/20/2020 - 23:08:36: "Classic 0.51 || Agent Felix<38><STEAM_0:1:539804210><CT>" killed "Classic 0.51 || hattori<43><STEAM_0:0:861404367><CT>" with "m4a1"
L 06/20/2020 - 23:08:43: "Mahabharat || StuFu<40><STEAM_0:1:147341737><TERRORIST>" killed "Classic 0.51 || Agent Felix<38><STEAM_0:1:539804210><CT>" with "ak47"
L 06/20/2020 - 23:08:45: "Classic 0.51 || Mode : plant<44><STEAM_0:0:83230422><CT>" killed "Mahabharat || StuFu<40><STEAM_0:1:147341737><TERRORIST>" with "usp"
L 06/20/2020 - 23:08:46: "Mahabharat || Parabellum<34><STEAM_0:0:60684219><TERRORIST>" killed "Classic 0.51 || MERA BAAP<39><STEAM_0:0:63052104><CT>" with "ak47"
L 06/20/2020 - 23:08:53: "Mahabharat || Parabellum<34><STEAM_0:0:60684219><TERRORIST>" triggered "Planted_The_Bomb"
L 06/20/2020 - 23:09:01: "Mahabharat || Parabellum<34><STEAM_0:0:60684219><TERRORIST>" killed "Classic 0.51 || Mode : plant<44><STEAM_0:0:83230422><CT>" with "ak47"
L 06/20/2020 - 23:09:01: Team "TERRORIST" triggered "Terrorists_Win" (CT "0") (T "4")
L 06/20/2020 - 23:09:01: World triggered "Round_End"
L 06/20/2020 - 23:09:05: "Mahabharat || pRo_rvltn<46><STEAM_0:1:546352772><TERRORIST>" say_team "N1" (dead)
L 06/20/2020 - 23:09:06: "Mahabharat || pRo_rvltn<46><STEAM_0:1:546352772><TERRORIST>" triggered "Spawned_With_The_Bomb"
L 06/20/2020 - 23:09:07: "Mahabharat || StuFu<40><STEAM_0:1:147341737><TERRORIST>" say_team "N1"
L 06/20/2020 - 23:09:19: World triggered "Round_Start"
L 06/20/2020 - 23:09:32: "Classic 0.51 || MERA BAAP<39><STEAM_0:0:63052104><CT>" killed "Mahabharat || 1729<36><STEAM_0:0:1921819853><TERRORIST>" with "m4a1"
L 06/20/2020 - 23:09:35: "Mahabharat || pRo_rvltn<46><STEAM_0:1:546352772><TERRORIST>" killed "Classic 0.51 || MERA BAAP<39><STEAM_0:0:63052104><CT>" with "ak47"
L 06/20/2020 - 23:09:46: "Mahabharat || pRo_rvltn<46><STEAM_0:1:546352772><TERRORIST>" triggered "Planted_The_Bomb"
L 06/20/2020 - 23:09:50: "Mahabharat || Parabellum<34><STEAM_0:0:60684219><TERRORIST>" killed "Classic 0.51 || hattori<43><STEAM_0:0:861404367><CT>" with "ak47"
L 06/20/2020 - 23:09:53: "Mahabharat || Parabellum<34><STEAM_0:0:60684219><TERRORIST>" killed "Classic 0.51 || Agent Felix<38><STEAM_0:1:539804210><CT>" with "ak47"
L 06/20/2020 - 23:09:57: "Mahabharat || StuFu<40><STEAM_0:1:147341737><TERRORIST>" killed "Classic 0.51 || Mode : plant<44><STEAM_0:0:83230422><CT>" with "ak47"
L 06/20/2020 - 23:10:04: "Mahabharat || StuFu<40><STEAM_0:1:147341737><TERRORIST>" killed "Classic 0.51 || This is Spartaa<41><STEAM_0:0:441338076><CT>" with "glock18"
L 06/20/2020 - 23:10:04: Team "TERRORIST" triggered "Terrorists_Win" (CT "0") (T "5")
L 06/20/2020 - 23:10:04: World triggered "Round_End"
L 06/20/2020 - 23:10:09: "Mahabharat || 1729<36><STEAM_0:0:1921819853><TERRORIST>" triggered "Spawned_With_The_Bomb"
L 06/20/2020 - 23:10:17: "Mahabharat || 1729<36><STEAM_0:0:1921819853><TERRORIST>" triggered "Dropped_The_Bomb"
L 06/20/2020 - 23:10:22: World triggered "Round_Start"
L 06/20/2020 - 23:10:22: "Mahabharat || StuFu<40><STEAM_0:1:147341737><TERRORIST>" triggered "Got_The_Bomb"
L 06/20/2020 - 23:10:27: "Mahabharat || StuFu<40><STEAM_0:1:147341737><TERRORIST>" triggered "Dropped_The_Bomb"
L 06/20/2020 - 23:10:29: "Mahabharat || Cristiano<45><STEAM_0:0:1465890162><TERRORIST>" triggered "Got_The_Bomb"
L 06/20/2020 - 23:10:46: "Classic 0.51 || This is Spartaa<41><STEAM_0:0:441338076><CT>" killed "Mahabharat || 1729<36><STEAM_0:0:1921819853><TERRORIST>" with "m4a1"
L 06/20/2020 - 23:11:03: "Mahabharat || Parabellum<34><STEAM_0:0:60684219><TERRORIST>" killed "Classic 0.51 || hattori<43><STEAM_0:0:861404367><CT>" with "ak47"
L 06/20/2020 - 23:11:05: "Mahabharat || pRo_rvltn<46><STEAM_0:1:546352772><TERRORIST>" killed "Classic 0.51 || This is Spartaa<41><STEAM_0:0:441338076><CT>" with "ak47"
L 06/20/2020 - 23:11:10: "Classic 0.51 || MERA BAAP<39><STEAM_0:0:63052104><CT>" killed "Mahabharat || Parabellum<34><STEAM_0:0:60684219><TERRORIST>" with "m4a1"
L 06/20/2020 - 23:11:12: "Mahabharat || StuFu<40><STEAM_0:1:147341737><TERRORIST>" killed "Classic 0.51 || MERA BAAP<39><STEAM_0:0:63052104><CT>" with "ak47"
L 06/20/2020 - 23:11:20: "Mahabharat || Cristiano<45><STEAM_0:0:1465890162><TERRORIST>" triggered "Planted_The_Bomb"
L 06/20/2020 - 23:11:28: "Classic 0.51 || Agent Felix<38><STEAM_0:1:539804210><CT>" killed "Mahabharat || Cristiano<45><STEAM_0:0:1465890162><TERRORIST>" with "m4a1"
L 06/20/2020 - 23:11:34: "Mahabharat || StuFu<40><STEAM_0:1:147341737><TERRORIST>" killed "Classic 0.51 || Mode : plant<44><STEAM_0:0:83230422><CT>" with "ak47"
L 06/20/2020 - 23:11:39: "Mahabharat || StuFu<40><STEAM_0:1:147341737><TERRORIST>" killed "Classic 0.51 || Agent Felix<38><STEAM_0:1:539804210><CT>" with "ak47"
L 06/20/2020 - 23:11:39: Team "TERRORIST" triggered "Terrorists_Win" (CT "0") (T "6")
L 06/20/2020 - 23:11:39: World triggered "Round_End"
L 06/20/2020 - 23:11:44: "Mahabharat || Cristiano<45><STEAM_0:0:1465890162><TERRORIST>" triggered "Spawned_With_The_Bomb"
L 06/20/2020 - 23:11:57: World triggered "Round_Start"
L 06/20/2020 - 23:12:13: "Mahabharat || 1729<36><STEAM_0:0:1921819853><TERRORIST>" killed "Classic 0.51 || Mode : plant<44><STEAM_0:0:83230422><CT>" with "ak47"
L 06/20/2020 - 23:12:18: "Mahabharat || StuFu<40><STEAM_0:1:147341737><TERRORIST>" killed "Classic 0.51 || Agent Felix<38><STEAM_0:1:539804210><CT>" with "ak47"
L 06/20/2020 - 23:12:21: "Mahabharat || StuFu<40><STEAM_0:1:147341737><TERRORIST>" killed "Classic 0.51 || hattori<43><STEAM_0:0:861404367><CT>" with "ak47"
L 06/20/2020 - 23:12:26: "Classic 0.51 || MERA BAAP<39><STEAM_0:0:63052104><CT>" killed "Mahabharat || 1729<36><STEAM_0:0:1921819853><TERRORIST>" with "awp"
L 06/20/2020 - 23:12:29: "Mahabharat || Cristiano<45><STEAM_0:0:1465890162><TERRORIST>" triggered "Planted_The_Bomb"
L 06/20/2020 - 23:12:32: "Mahabharat || StuFu<40><STEAM_0:1:147341737><TERRORIST>" killed "Classic 0.51 || This is Spartaa<41><STEAM_0:0:441338076><CT>" with "ak47"
L 06/20/2020 - 23:12:39: "Mahabharat || Parabellum<34><STEAM_0:0:60684219><TERRORIST>" killed "Classic 0.51 || MERA BAAP<39><STEAM_0:0:63052104><CT>" with "ak47"
L 06/20/2020 - 23:12:39: Team "TERRORIST" triggered "Terrorists_Win" (CT "0") (T "7")
L 06/20/2020 - 23:12:39: World triggered "Round_End"
L 06/20/2020 - 23:12:44: "Mahabharat || StuFu<40><STEAM_0:1:147341737><TERRORIST>" triggered "Spawned_With_The_Bomb"
L 06/20/2020 - 23:12:57: World triggered "Round_Start"
L 06/20/2020 - 23:13:22: "Mahabharat || Parabellum<34><STEAM_0:0:60684219><TERRORIST>" killed "Classic 0.51 || MERA BAAP<39><STEAM_0:0:63052104><CT>" with "ak47"
L 06/20/2020 - 23:13:22: "Mahabharat || 1729<36><STEAM_0:0:1921819853><TERRORIST>" killed "Classic 0.51 || hattori<43><STEAM_0:0:861404367><CT>" with "awp"
L 06/20/2020 - 23:13:32: "Classic 0.51 || This is Spartaa<41><STEAM_0:0:441338076><CT>" killed "Mahabharat || Parabellum<34><STEAM_0:0:60684219><TERRORIST>" with "m4a1"
L 06/20/2020 - 23:13:33: "Mahabharat || StuFu<40><STEAM_0:1:147341737><TERRORIST>" killed "Classic 0.51 || This is Spartaa<41><STEAM_0:0:441338076><CT>" with "ak47"
L 06/20/2020 - 23:13:51: "Mahabharat || StuFu<40><STEAM_0:1:147341737><TERRORIST>" triggered "Planted_The_Bomb"
L 06/20/2020 - 23:14:36: Team "TERRORIST" triggered "Target_Bombed" (CT "0") (T "8")
L 06/20/2020 - 23:14:36: World triggered "Round_End"
L 06/20/2020 - 23:14:41: "Mahabharat || Parabellum<34><STEAM_0:0:60684219><TERRORIST>" triggered "Spawned_With_The_Bomb"
L 06/20/2020 - 23:14:48: "Mahabharat || Parabellum<34><STEAM_0:0:60684219><TERRORIST>" triggered "Dropped_The_Bomb"
L 06/20/2020 - 23:14:48: "Mahabharat || Cristiano<45><STEAM_0:0:1465890162><TERRORIST>" triggered "Got_The_Bomb"
L 06/20/2020 - 23:14:54: World triggered "Round_Start"
L 06/20/2020 - 23:15:12: "Mahabharat || 1729<36><STEAM_0:0:1921819853><TERRORIST>" killed "Classic 0.51 || hattori<43><STEAM_0:0:861404367><CT>" with "awp"
L 06/20/2020 - 23:15:13: "Mahabharat || Cristiano<45><STEAM_0:0:1465890162><TERRORIST>" killed "Classic 0.51 || Mode : plant<44><STEAM_0:0:83230422><CT>" with "ak47"
L 06/20/2020 - 23:15:16: "Mahabharat || pRo_rvltn<46><STEAM_0:1:546352772><TERRORIST>" killed "Classic 0.51 || MERA BAAP<39><STEAM_0:0:63052104><CT>" with "ak47"
L 06/20/2020 - 23:15:24: "Mahabharat || Cristiano<45><STEAM_0:0:1465890162><TERRORIST>" triggered "Planted_The_Bomb"
L 06/20/2020 - 23:15:31: "Classic 0.51 || Agent Felix<38><STEAM_0:1:539804210><CT>" killed "Mahabharat || Parabellum<34><STEAM_0:0:60684219><TERRORIST>" with "m4a1"
L 06/20/2020 - 23:15:38: "Mahabharat || StuFu<40><STEAM_0:1:147341737><TERRORIST>" killed "Classic 0.51 || This is Spartaa<41><STEAM_0:0:441338076><CT>" with "ak47"
L 06/20/2020 - 23:15:43: "Classic 0.51 || hattori<43><STEAM_0:0:861404367><CT>" say_team "awp a long" (dead)
L 06/20/2020 - 23:15:43: "Classic 0.51 || Agent Felix<38><STEAM_0:1:539804210><CT>" killed "Mahabharat || StuFu<40><STEAM_0:1:147341737><TERRORIST>" with "m4a1"
L 06/20/2020 - 23:15:47: "Mahabharat || pRo_rvltn<46><STEAM_0:1:546352772><TERRORIST>" killed "Classic 0.51 || Agent Felix<38><STEAM_0:1:539804210><CT>" with "ak47"
L 06/20/2020 - 23:15:47: Team "TERRORIST" triggered "Terrorists_Win" (CT "0") (T "9")
L 06/20/2020 - 23:15:47: World triggered "Round_End"
L 06/20/2020 - 23:15:52: "Mahabharat || pRo_rvltn<46><STEAM_0:1:546352772><TERRORIST>" triggered "Spawned_With_The_Bomb"
L 06/20/2020 - 23:16:05: World triggered "Round_Start"
L 06/20/2020 - 23:16:24: "Mahabharat || Parabellum<34><STEAM_0:0:60684219><TERRORIST>" killed "Classic 0.51 || Mode : plant<44><STEAM_0:0:83230422><CT>" with "ak47"
L 06/20/2020 - 23:16:35: "Mahabharat || 1729<36><STEAM_0:0:1921819853><TERRORIST>" killed "Classic 0.51 || This is Spartaa<41><STEAM_0:0:441338076><CT>" with "awp"
L 06/20/2020 - 23:16:38: "Classic 0.51 || MERA BAAP<39><STEAM_0:0:63052104><CT>" killed "Mahabharat || Parabellum<34><STEAM_0:0:60684219><TERRORIST>" with "awp"
L 06/20/2020 - 23:16:45: "Mahabharat || 1729<36><STEAM_0:0:1921819853><TERRORIST>" killed "Classic 0.51 || MERA BAAP<39><STEAM_0:0:63052104><CT>" with "awp"
L 06/20/2020 - 23:16:48: "Mahabharat || 1729<36><STEAM_0:0:1921819853><TERRORIST>" killed "Classic 0.51 || hattori<43><STEAM_0:0:861404367><CT>" with "awp"
L 06/20/2020 - 23:16:54: "Mahabharat || pRo_rvltn<46><STEAM_0:1:546352772><TERRORIST>" triggered "Planted_The_Bomb"
L 06/20/2020 - 23:17:04: "Mahabharat || Cristiano<45><STEAM_0:0:1465890162><TERRORIST>" killed "Classic 0.51 || Agent Felix<38><STEAM_0:1:539804210><CT>" with "ak47"
L 06/20/2020 - 23:17:04: Team "TERRORIST" triggered "Terrorists_Win" (CT "0") (T "10")
L 06/20/2020 - 23:17:04: World triggered "Round_End"
L 06/20/2020 - 23:17:09: "Mahabharat || 1729<36><STEAM_0:0:1921819853><TERRORIST>" triggered "Spawned_With_The_Bomb"
L 06/20/2020 - 23:17:17: "Mahabharat || 1729<36><STEAM_0:0:1921819853><TERRORIST>" triggered "Dropped_The_Bomb"
L 06/20/2020 - 23:17:22: World triggered "Round_Start"
L 06/20/2020 - 23:17:22: "Mahabharat || Cristiano<45><STEAM_0:0:1465890162><TERRORIST>" triggered "Got_The_Bomb"
L 06/20/2020 - 23:17:35: "Classic 0.51 || Mode : plant<44><STEAM_0:0:83230422><CT>" killed "Mahabharat || pRo_rvltn<46><STEAM_0:1:546352772><TERRORIST>" with "m4a1"
L 06/20/2020 - 23:17:38: "Mahabharat || StuFu<40><STEAM_0:1:147341737><TERRORIST>" killed "Classic 0.51 || This is Spartaa<41><STEAM_0:0:441338076><CT>" with "grenade"
L 06/20/2020 - 23:17:42: "Classic 0.51 || Mode : plant<44><STEAM_0:0:83230422><CT>" killed "Mahabharat || Parabellum<34><STEAM_0:0:60684219><TERRORIST>" with "m4a1"
L 06/20/2020 - 23:17:45: "Mahabharat || StuFu<40><STEAM_0:1:147341737><TERRORIST>" killed "Classic 0.51 || MERA BAAP<39><STEAM_0:0:63052104><CT>" with "ak47"
L 06/20/2020 - 23:17:49: "Classic 0.51 || Mode : plant<44><STEAM_0:0:83230422><CT>" killed "Mahabharat || StuFu<40><STEAM_0:1:147341737><TERRORIST>" with "m4a1"
L 06/20/2020 - 23:17:52: "Mahabharat || Cristiano<45><STEAM_0:0:1465890162><TERRORIST>" triggered "Planted_The_Bomb"
L 06/20/2020 - 23:18:09: "Mahabharat || 1729<36><STEAM_0:0:1921819853><TERRORIST>" killed "Classic 0.51 || Mode : plant<44><STEAM_0:0:83230422><CT>" with "awp"
L 06/20/2020 - 23:18:13: "Mahabharat || 1729<36><STEAM_0:0:1921819853><TERRORIST>" killed "Classic 0.51 || hattori<43><STEAM_0:0:861404367><CT>" with "awp"
L 06/20/2020 - 23:18:18: "Mahabharat || 1729<36><STEAM_0:0:1921819853><TERRORIST>" killed "Classic 0.51 || Agent Felix<38><STEAM_0:1:539804210><CT>" with "awp"
L 06/20/2020 - 23:18:18: Team "TERRORIST" triggered "Terrorists_Win" (CT "0") (T "11")
L 06/20/2020 - 23:18:18: World triggered "Round_End"
L 06/20/2020 - 23:18:23: "Mahabharat || Cristiano<45><STEAM_0:0:1465890162><TERRORIST>" triggered "Spawned_With_The_Bomb"
L 06/20/2020 - 23:18:36: World triggered "Round_Start"
L 06/20/2020 - 23:18:55: "Classic 0.51 || Agent Felix<38><STEAM_0:1:539804210><CT>" killed "Mahabharat || StuFu<40><STEAM_0:1:147341737><TERRORIST>" with "m4a1"
L 06/20/2020 - 23:18:56: "Mahabharat || pRo_rvltn<46><STEAM_0:1:546352772><TERRORIST>" killed "Classic 0.51 || Agent Felix<38><STEAM_0:1:539804210><CT>" with "ak47"
L 06/20/2020 - 23:18:58: "Mahabharat || Cristiano<45><STEAM_0:0:1465890162><TERRORIST>" killed "Classic 0.51 || Mode : plant<44><STEAM_0:0:83230422><CT>" with "ak47"
L 06/20/2020 - 23:19:02: "Mahabharat || 1729<36><STEAM_0:0:1921819853><TERRORIST>" killed "Classic 0.51 || This is Spartaa<41><STEAM_0:0:441338076><CT>" with "awp"
L 06/20/2020 - 23:19:05: "Mahabharat || Cristiano<45><STEAM_0:0:1465890162><TERRORIST>" triggered "Planted_The_Bomb"
L 06/20/2020 - 23:19:09: "Mahabharat || 1729<36><STEAM_0:0:1921819853><TERRORIST>" killed "Classic 0.51 || hattori<43><STEAM_0:0:861404367><CT>" with "awp"
L 06/20/2020 - 23:19:50: Team "TERRORIST" triggered "Target_Bombed" (CT "0") (T "12")
L 06/20/2020 - 23:19:50: World triggered "Round_End"
L 06/20/2020 - 23:19:55: "Mahabharat || StuFu<40><STEAM_0:1:147341737><TERRORIST>" triggered "Spawned_With_The_Bomb"
L 06/20/2020 - 23:20:08: World triggered "Round_Start"
L 06/20/2020 - 23:20:24: "Classic 0.51 || MERA BAAP<39><STEAM_0:0:63052104><CT>" killed "Mahabharat || 1729<36><STEAM_0:0:1921819853><TERRORIST>" with "m4a1"
L 06/20/2020 - 23:20:32: "Mahabharat || pRo_rvltn<46><STEAM_0:1:546352772><TERRORIST>" killed "Classic 0.51 || This is Spartaa<41><STEAM_0:0:441338076><CT>" with "ak47"
L 06/20/2020 - 23:20:34: "Classic 0.51 || Agent Felix<38><STEAM_0:1:539804210><CT>" killed "Mahabharat || Cristiano<45><STEAM_0:0:1465890162><TERRORIST>" with "m4a1"
L 06/20/2020 - 23:20:42: "Mahabharat || StuFu<40><STEAM_0:1:147341737><TERRORIST>" triggered "Planted_The_Bomb"
L 06/20/2020 - 23:20:46: "Mahabharat || Parabellum<34><STEAM_0:0:60684219><TERRORIST>" killed "Classic 0.51 || Agent Felix<38><STEAM_0:1:539804210><CT>" with "m4a1"
L 06/20/2020 - 23:20:50: "Classic 0.51 || MERA BAAP<39><STEAM_0:0:63052104><CT>" killed "Mahabharat || pRo_rvltn<46><STEAM_0:1:546352772><TERRORIST>" with "m4a1"
L 06/20/2020 - 23:20:53: "Mahabharat || Parabellum<34><STEAM_0:0:60684219><TERRORIST>" killed "Classic 0.51 || hattori<43><STEAM_0:0:861404367><CT>" with "m4a1"
L 06/20/2020 - 23:20:57: "Classic 0.51 || Mode : plant<44><STEAM_0:0:83230422><CT>" killed "Mahabharat || Parabellum<34><STEAM_0:0:60684219><TERRORIST>" with "famas"
L 06/20/2020 - 23:21:02: "Classic 0.51 || MERA BAAP<39><STEAM_0:0:63052104><CT>" killed "Mahabharat || StuFu<40><STEAM_0:1:147341737><TERRORIST>" with "m4a1"
L 06/20/2020 - 23:21:06: "Classic 0.51 || Mode : plant<44><STEAM_0:0:83230422><CT>" triggered "Begin_Bomb_Defuse_Without_Kit"
L 06/20/2020 - 23:21:16: "Classic 0.51 || Mode : plant<44><STEAM_0:0:83230422><CT>" triggered "Defused_The_Bomb"
L 06/20/2020 - 23:21:16: Team "CT" triggered "Bomb_Defused" (CT "1") (T "12")
L 06/20/2020 - 23:21:16: World triggered "Round_End"
L 06/20/2020 - 23:21:21: "Mahabharat || Parabellum<34><STEAM_0:0:60684219><TERRORIST>" triggered "Spawned_With_The_Bomb"
L 06/20/2020 - 23:21:27: "Mahabharat || Parabellum<34><STEAM_0:0:60684219><TERRORIST>" triggered "Dropped_The_Bomb"
L 06/20/2020 - 23:21:34: World triggered "Round_Start"
L 06/20/2020 - 23:21:34: "Mahabharat || Cristiano<45><STEAM_0:0:1465890162><TERRORIST>" triggered "Got_The_Bomb"
L 06/20/2020 - 23:21:49: "Classic 0.51 || MERA BAAP<39><STEAM_0:0:63052104><CT>" killed "Mahabharat || pRo_rvltn<46><STEAM_0:1:546352772><TERRORIST>" with "m4a1"
L 06/20/2020 - 23:21:55: "Classic 0.51 || Mode : plant<44><STEAM_0:0:83230422><CT>" killed "Mahabharat || Cristiano<45><STEAM_0:0:1465890162><TERRORIST>" with "ak47"
L 06/20/2020 - 23:21:55: "Mahabharat || Cristiano<45><STEAM_0:0:1465890162><TERRORIST>" triggered "Dropped_The_Bomb"
L 06/20/2020 - 23:21:56: "Mahabharat || 1729<36><STEAM_0:0:1921819853><TERRORIST>" killed "Classic 0.51 || Mode : plant<44><STEAM_0:0:83230422><CT>" with "awp"
L 06/20/2020 - 23:21:59: "Mahabharat || 1729<36><STEAM_0:0:1921819853><TERRORIST>" killed "Classic 0.51 || hattori<43><STEAM_0:0:861404367><CT>" with "awp"
L 06/20/2020 - 23:22:00: "Mahabharat || StuFu<40><STEAM_0:1:147341737><TERRORIST>" triggered "Got_The_Bomb"
L 06/20/2020 - 23:22:13: "Classic 0.51 || MERA BAAP<39><STEAM_0:0:63052104><CT>" killed "Mahabharat || Parabellum<34><STEAM_0:0:60684219><TERRORIST>" with "m4a1"
L 06/20/2020 - 23:22:15: "Mahabharat || 1729<36><STEAM_0:0:1921819853><TERRORIST>" killed "Classic 0.51 || MERA BAAP<39><STEAM_0:0:63052104><CT>" with "awp"
L 06/20/2020 - 23:22:21: "Classic 0.51 || Agent Felix<38><STEAM_0:1:539804210><CT>" killed "Mahabharat || 1729<36><STEAM_0:0:1921819853><TERRORIST>" with "m4a1"
L 06/20/2020 - 23:22:25: "Mahabharat || StuFu<40><STEAM_0:1:147341737><TERRORIST>" killed "Classic 0.51 || Agent Felix<38><STEAM_0:1:539804210><CT>" with "ak47"
L 06/20/2020 - 23:22:33: "Mahabharat || StuFu<40><STEAM_0:1:147341737><TERRORIST>" triggered "Planted_The_Bomb"
L 06/20/2020 - 23:22:48: "Classic 0.51 || This is Spartaa<41><STEAM_0:0:441338076><CT>" triggered "Begin_Bomb_Defuse_Without_Kit"
L 06/20/2020 - 23:22:49: "Mahabharat || StuFu<40><STEAM_0:1:147341737><TERRORIST>" killed "Classic 0.51 || This is Spartaa<41><STEAM_0:0:441338076><CT>" with "ak47"
L 06/20/2020 - 23:22:49: Team "TERRORIST" triggered "Terrorists_Win" (CT "1") (T "13")
L 06/20/2020 - 23:22:49: World triggered "Round_End"
L 06/20/2020 - 23:22:54: "Mahabharat || pRo_rvltn<46><STEAM_0:1:546352772><TERRORIST>" triggered "Spawned_With_The_Bomb"
L 06/20/2020 - 23:23:07: World triggered "Round_Start"
L 06/20/2020 - 23:23:27: "Classic 0.51 || Mode : plant<44><STEAM_0:0:83230422><CT>" killed "Mahabharat || Parabellum<34><STEAM_0:0:60684219><TERRORIST>" with "m4a1"
L 06/20/2020 - 23:23:29: "Classic 0.51 || MERA BAAP<39><STEAM_0:0:63052104><CT>" killed "Mahabharat || 1729<36><STEAM_0:0:1921819853><TERRORIST>" with "awp"
L 06/20/2020 - 23:23:46: "Mahabharat || StuFu<40><STEAM_0:1:147341737><TERRORIST>" killed "Classic 0.51 || MERA BAAP<39><STEAM_0:0:63052104><CT>" with "ak47"
L 06/20/2020 - 23:23:53: "Mahabharat || pRo_rvltn<46><STEAM_0:1:546352772><TERRORIST>" killed "Classic 0.51 || Agent Felix<38><STEAM_0:1:539804210><CT>" with "ak47"
L 06/20/2020 - 23:23:56: "Classic 0.51 || Mode : plant<44><STEAM_0:0:83230422><CT>" killed "Mahabharat || pRo_rvltn<46><STEAM_0:1:546352772><TERRORIST>" with "m4a1"
L 06/20/2020 - 23:23:56: "Mahabharat || pRo_rvltn<46><STEAM_0:1:546352772><TERRORIST>" triggered "Dropped_The_Bomb"
L 06/20/2020 - 23:24:01: "Mahabharat || Cristiano<45><STEAM_0:0:1465890162><TERRORIST>" killed "Classic 0.51 || hattori<43><STEAM_0:0:861404367><CT>" with "ak47"
L 06/20/2020 - 23:24:01: "Mahabharat || StuFu<40><STEAM_0:1:147341737><TERRORIST>" killed "Classic 0.51 || This is Spartaa<41><STEAM_0:0:441338076><CT>" with "ak47"
L 06/20/2020 - 23:24:13: "Classic 0.51 || Mode : plant<44><STEAM_0:0:83230422><CT>" killed "Mahabharat || StuFu<40><STEAM_0:1:147341737><TERRORIST>" with "m4a1"
L 06/20/2020 - 23:24:33: "Mahabharat || Cristiano<45><STEAM_0:0:1465890162><TERRORIST>" triggered "Got_The_Bomb"
L 06/20/2020 - 23:25:01: "Mahabharat || Cristiano<45><STEAM_0:0:1465890162><TERRORIST>" triggered "Planted_The_Bomb"
L 06/20/2020 - 23:25:27: "Mahabharat || Cristiano<45><STEAM_0:0:1465890162><TERRORIST>" killed "Classic 0.51 || Mode : plant<44><STEAM_0:0:83230422><CT>" with "ak47"
L 06/20/2020 - 23:25:27: Team "TERRORIST" triggered "Terrorists_Win" (CT "1") (T "14")
L 06/20/2020 - 23:25:27: World triggered "Round_End"
L 06/20/2020 - 23:25:29: "Mahabharat || pRo_rvltn<46><STEAM_0:1:546352772><TERRORIST>" say_team "N1" (dead)
L 06/20/2020 - 23:25:32: "Mahabharat || StuFu<40><STEAM_0:1:147341737><TERRORIST>" say_team "N1" (dead)
L 06/20/2020 - 23:25:32: "Mahabharat || 1729<36><STEAM_0:0:1921819853><TERRORIST>" triggered "Spawned_With_The_Bomb"
L 06/20/2020 - 23:25:33: "Classic 0.51 || Agent Felix<38><STEAM_0:1:539804210><CT>" committed suicide with "world"
L 06/20/2020 - 23:25:33: "Classic 0.51 || Agent Felix<38><STEAM_0:1:539804210><CT>" joined team "TERRORIST"
L 06/20/2020 - 23:25:34: "Mahabharat || Parabellum<34><STEAM_0:0:60684219><TERRORIST>" committed suicide with "world"
L 06/20/2020 - 23:25:34: "Mahabharat || Parabellum<34><STEAM_0:0:60684219><TERRORIST>" joined team "CT"
L 06/20/2020 - 23:25:35: "Mahabharat || StuFu<40><STEAM_0:1:147341737><TERRORIST>" committed suicide with "world"
L 06/20/2020 - 23:25:35: "Mahabharat || StuFu<40><STEAM_0:1:147341737><TERRORIST>" joined team "TERRORIST"
L 06/20/2020 - 23:25:35: "Classic 0.51 || Mode : plant<44><STEAM_0:0:83230422><CT>" committed suicide with "world"
L 06/20/2020 - 23:25:36: "Classic 0.51 || Mode : plant<44><STEAM_0:0:83230422><CT>" joined team "TERRORIST"
L 06/20/2020 - 23:25:36: "Classic 0.51 || MERA BAAP<39><STEAM_0:0:63052104><CT>" committed suicide with "world"
L 06/20/2020 - 23:25:36: "Classic 0.51 || MERA BAAP<39><STEAM_0:0:63052104><CT>" joined team "TERRORIST"
L 06/20/2020 - 23:25:36: "Mahabharat || Cristiano<45><STEAM_0:0:1465890162><TERRORIST>" committed suicide with "world"
L 06/20/2020 - 23:25:36: "Mahabharat || Cristiano<45><STEAM_0:0:1465890162><TERRORIST>" joined team "CT"
L 06/20/2020 - 23:25:36: "Classic 0.51 || hattori<43><STEAM_0:0:861404367><CT>" committed suicide with "world"
L 06/20/2020 - 23:25:36: "Classic 0.51 || hattori<43><STEAM_0:0:861404367><CT>" joined team "TERRORIST"
L 06/20/2020 - 23:25:37: "Mahabharat || pRo_rvltn<46><STEAM_0:1:546352772><TERRORIST>" committed suicide with "world"
L 06/20/2020 - 23:25:37: "Mahabharat || pRo_rvltn<46><STEAM_0:1:546352772><TERRORIST>" joined team "CT"
L 06/20/2020 - 23:25:37: "Mahabharat || 1729<36><STEAM_0:0:1921819853><TERRORIST>" committed suicide with "world"
L 06/20/2020 - 23:25:37: Team "CT" triggered "CTs_Win" (CT "2") (T "14")
L 06/20/2020 - 23:25:37: World triggered "Round_End"
L 06/20/2020 - 23:25:37: "Mahabharat || 1729<36><STEAM_0:0:1921819853><TERRORIST>" joined team "CT"
L 06/20/2020 - 23:25:37: Rcon: "rcon 1830616470 "Lauda2" sv_restart 1" from "49.207.58.179:17399"
L 06/20/2020 - 23:25:37: Server cvar "sv_restart" = "1"
L 06/20/2020 - 23:25:37: World triggered "Restart_Round_(1_second)"
L 06/20/2020 - 23:25:37: Team "CT" scored "2" with "4" players
L 06/20/2020 - 23:25:37: Team "TERRORIST" scored "14" with "6" players
L 06/20/2020 - 23:25:37: Server cvar "sv_restart" = "0"
L 06/20/2020 - 23:25:38: "Classic 0.51 || Mode : plant<44><STEAM_0:0:83230422><TERRORIST>" triggered "Spawned_With_The_Bomb"
L 06/20/2020 - 23:25:39: "Mahabharat || StuFu<40><STEAM_0:1:147341737><TERRORIST>" committed suicide with "world"
L 06/20/2020 - 23:25:39: "Mahabharat || StuFu<40><STEAM_0:1:147341737><TERRORIST>" joined team "CT"
L 06/20/2020 - 23:25:39: "Classic 0.51 || This is Spartaa<41><STEAM_0:0:441338076><CT>" committed suicide with "world"
L 06/20/2020 - 23:25:39: "Classic 0.51 || This is Spartaa<41><STEAM_0:0:441338076><CT>" joined team "TERRORIST"
L 06/20/2020 - 23:25:41: "Classic 0.51 || Mode : plant<44><STEAM_0:0:83230422><TERRORIST>" triggered "Dropped_The_Bomb"
L 06/20/2020 - 23:25:42: Rcon: "rcon 1830616470 "Lauda2" sv_restart 1" from "49.207.58.179:17399"
L 06/20/2020 - 23:25:42: Server cvar "sv_restart" = "1"
L 06/20/2020 - 23:25:42: World triggered "Restart_Round_(1_second)"
L 06/20/2020 - 23:25:42: Team "CT" scored "0" with "5" players
L 06/20/2020 - 23:25:42: Team "TERRORIST" scored "0" with "5" players
L 06/20/2020 - 23:25:42: Server cvar "sv_restart" = "0"
L 06/20/2020 - 23:25:43: "Classic 0.51 || Mode : plant<44><STEAM_0:0:83230422><TERRORIST>" triggered "Spawned_With_The_Bomb"
L 06/20/2020 - 23:25:56: World triggered "Round_Start"
L 06/20/2020 - 23:25:57: "Mahabharat || pRo_rvltn<46><STEAM_0:1:546352772><CT>" say_team "AMI b"
L 06/20/2020 - 23:26:28: "Classic 0.51 || Mode : plant<44><STEAM_0:0:83230422><TERRORIST>" killed "Mahabharat || Parabellum<34><STEAM_0:0:60684219><CT>" with "glock18"
L 06/20/2020 - 23:26:54: "Classic 0.51 || MERA BAAP<39><STEAM_0:0:63052104><TERRORIST>" killed "Mahabharat || 1729<36><STEAM_0:0:1921819853><CT>" with "glock18"
L 06/20/2020 - 23:27:04: "Classic 0.51 || Mode : plant<44><STEAM_0:0:83230422><TERRORIST>" killed "Mahabharat || Cristiano<45><STEAM_0:0:1465890162><CT>" with "glock18"
L 06/20/2020 - 23:27:08: "Classic 0.51 || This is Spartaa<41><STEAM_0:0:441338076><TERRORIST>" killed "Mahabharat || StuFu<40><STEAM_0:1:147341737><CT>" with "glock18"
L 06/20/2020 - 23:27:10: Rcon: "rcon 1830616470 "Lauda2" sv_restart 1" from "49.207.58.179:17399"
L 06/20/2020 - 23:27:10: Server cvar "sv_restart" = "1"
L 06/20/2020 - 23:27:10: World triggered "Restart_Round_(1_second)"
L 06/20/2020 - 23:27:10: Team "CT" scored "0" with "5" players
L 06/20/2020 - 23:27:10: Team "TERRORIST" scored "0" with "5" players
L 06/20/2020 - 23:27:10: Server cvar "sv_restart" = "0"
L 06/20/2020 - 23:27:11: "Classic 0.51 || MERA BAAP<39><STEAM_0:0:63052104><TERRORIST>" triggered "Spawned_With_The_Bomb"
L 06/20/2020 - 23:27:16: "Classic 0.51 || This is Spartaa<41><STEAM_0:0:441338076><TERRORIST>" say "live?"
L 06/20/2020 - 23:27:24: "Mahabharat || 1729<36><STEAM_0:0:1921819853><CT>" say "ready"
L 06/20/2020 - 23:27:24: World triggered "Round_Start"
L 06/20/2020 - 23:27:27: "Mahabharat || Parabellum<34><STEAM_0:0:60684219><CT>" say "ready"
L 06/20/2020 - 23:27:27: "Classic 0.51 || MERA BAAP<39><STEAM_0:0:63052104><TERRORIST>" say "re live"
L 06/20/2020 - 23:27:32: "Classic 0.51 || This is Spartaa<41><STEAM_0:0:441338076><TERRORIST>" killed "Mahabharat || StuFu<40><STEAM_0:1:147341737><CT>" with "glock18"
L 06/20/2020 - 23:27:33: Rcon: "rcon 1830616470 "Lauda2" sv_restart 1" from "49.207.58.179:17399"
L 06/20/2020 - 23:27:33: Server cvar "sv_restart" = "1"
L 06/20/2020 - 23:27:34: World triggered "Restart_Round_(1_second)"
L 06/20/2020 - 23:27:34: Team "CT" scored "0" with "5" players
L 06/20/2020 - 23:27:34: Team "TERRORIST" scored "0" with "5" players
L 06/20/2020 - 23:27:34: Server cvar "sv_restart" = "0"
L 06/20/2020 - 23:27:34: "Mahabharat || Parabellum<34><STEAM_0:0:60684219><CT>" say "re live"
L 06/20/2020 - 23:27:35: "Mahabharat || StuFu<40><STEAM_0:1:147341737><CT>" say "LIVE" (dead)
L 06/20/2020 - 23:27:35: "Classic 0.51 || Agent Felix<38><STEAM_0:1:539804210><TERRORIST>" triggered "Spawned_With_The_Bomb"
L 06/20/2020 - 23:27:39: "Mahabharat || Parabellum<34><STEAM_0:0:60684219><CT>" say "live"
L 06/20/2020 - 23:27:41: "Mahabharat || Parabellum<34><STEAM_0:0:60684219><CT>" say "live"
L 06/20/2020 - 23:27:48: World triggered "Round_Start"
L 06/20/2020 - 23:28:07: "Mahabharat || Parabellum<34><STEAM_0:0:60684219><CT>" killed "Classic 0.51 || Mode : plant<44><STEAM_0:0:83230422><TERRORIST>" with "usp"
L 06/20/2020 - 23:28:09: "Mahabharat || StuFu<40><STEAM_0:1:147341737><CT>" killed "Classic 0.51 || MERA BAAP<39><STEAM_0:0:63052104><TERRORIST>" with "deagle"
L 06/20/2020 - 23:28:13: "Classic 0.51 || This is Spartaa<41><STEAM_0:0:441338076><TERRORIST>" killed "Mahabharat || StuFu<40><STEAM_0:1:147341737><CT>" with "glock18"
L 06/20/2020 - 23:28:18: "Classic 0.51 || Agent Felix<38><STEAM_0:1:539804210><TERRORIST>" triggered "Planted_The_Bomb"
L 06/20/2020 - 23:28:23: "Mahabharat || Parabellum<34><STEAM_0:0:60684219><CT>" killed "Classic 0.51 || hattori<43><STEAM_0:0:861404367><TERRORIST>" with "usp"
L 06/20/2020 - 23:28:23: "Classic 0.51 || This is Spartaa<41><STEAM_0:0:441338076><TERRORIST>" killed "Mahabharat || pRo_rvltn<46><STEAM_0:1:546352772><CT>" with "glock18"
L 06/20/2020 - 23:28:24: "Mahabharat || Parabellum<34><STEAM_0:0:60684219><CT>" killed "Classic 0.51 || This is Spartaa<41><STEAM_0:0:441338076><TERRORIST>" with "usp"
L 06/20/2020 - 23:28:29: "Classic 0.51 || Agent Felix<38><STEAM_0:1:539804210><TERRORIST>" killed "Mahabharat || Parabellum<34><STEAM_0:0:60684219><CT>" with "deagle"
L 06/20/2020 - 23:28:30: "Mahabharat || Cristiano<45><STEAM_0:0:1465890162><CT>" triggered "Begin_Bomb_Defuse_Without_Kit"
L 06/20/2020 - 23:28:33: "Mahabharat || 1729<36><STEAM_0:0:1921819853><CT>" killed "Classic 0.51 || Agent Felix<38><STEAM_0:1:539804210><TERRORIST>" with "usp"
L 06/20/2020 - 23:28:40: "Mahabharat || Cristiano<45><STEAM_0:0:1465890162><CT>" triggered "Defused_The_Bomb"
L 06/20/2020 - 23:28:40: Team "CT" triggered "Bomb_Defused" (CT "1") (T "0")
L 06/20/2020 - 23:28:40: World triggered "Round_End"
L 06/20/2020 - 23:28:45: "Classic 0.51 || This is Spartaa<41><STEAM_0:0:441338076><TERRORIST>" triggered "Spawned_With_The_Bomb"
L 06/20/2020 - 23:28:58: World triggered "Round_Start"
L 06/20/2020 - 23:29:11: "Classic 0.51 || Agent Felix<38><STEAM_0:1:539804210><TERRORIST>" killed "Mahabharat || pRo_rvltn<46><STEAM_0:1:546352772><CT>" with "ak47"
L 06/20/2020 - 23:29:15: "Mahabharat || Cristiano<45><STEAM_0:0:1465890162><CT>" killed "Classic 0.51 || Agent Felix<38><STEAM_0:1:539804210><TERRORIST>" with "m4a1"
L 06/20/2020 - 23:29:17: "Mahabharat || Cristiano<45><STEAM_0:0:1465890162><CT>" killed "Classic 0.51 || Mode : plant<44><STEAM_0:0:83230422><TERRORIST>" with "m4a1"
L 06/20/2020 - 23:29:17: "Classic 0.51 || This is Spartaa<41><STEAM_0:0:441338076><TERRORIST>" killed "Mahabharat || Cristiano<45><STEAM_0:0:1465890162><CT>" with "galil"
L 06/20/2020 - 23:29:26: "Classic 0.51 || This is Spartaa<41><STEAM_0:0:441338076><TERRORIST>" triggered "Planted_The_Bomb"
L 06/20/2020 - 23:29:27: "Mahabharat || StuFu<40><STEAM_0:1:147341737><CT>" killed "Classic 0.51 || MERA BAAP<39><STEAM_0:0:63052104><TERRORIST>" with "m4a1"
L 06/20/2020 - 23:29:28: "Mahabharat || Parabellum<34><STEAM_0:0:60684219><CT>" killed "Classic 0.51 || hattori<43><STEAM_0:0:861404367><TERRORIST>" with "m4a1"
L 06/20/2020 - 23:29:33: "Mahabharat || 1729<36><STEAM_0:0:1921819853><CT>" killed "Classic 0.51 || This is Spartaa<41><STEAM_0:0:441338076><TERRORIST>" with "m4a1"
L 06/20/2020 - 23:29:35: "Classic 0.51 || Agent Felix<38><STEAM_0:1:539804210><TERRORIST>" say "gg" (dead)
L 06/20/2020 - 23:29:36: "Classic 0.51 || Mode : plant<44><STEAM_0:0:83230422><TERRORIST>" say "gg" (dead)
L 06/20/2020 - 23:29:38: "Mahabharat || StuFu<40><STEAM_0:1:147341737><CT>" triggered "Begin_Bomb_Defuse_Without_Kit"
L 06/20/2020 - 23:29:38: "Classic 0.51 || Agent Felix<38><STEAM_0:1:539804210><TERRORIST>" say "cazz" (dead)
L 06/20/2020 - 23:29:40: "Classic 0.51 || MERA BAAP<39><STEAM_0:0:63052104><TERRORIST>" say_team "gg" (dead)
L 06/20/2020 - 23:29:40: "Mahabharat || 1729<36><STEAM_0:0:1921819853><CT>" triggered "Begin_Bomb_Defuse_With_Kit"
L 06/20/2020 - 23:29:42: "Mahabharat || Parabellum<34><STEAM_0:0:60684219><CT>" say "gg"
L 06/20/2020 - 23:29:45: "Mahabharat || 1729<36><STEAM_0:0:1921819853><CT>" triggered "Defused_The_Bomb"
L 06/20/2020 - 23:29:45: Team "CT" triggered "Bomb_Defused" (CT "2") (T "0")
L 06/20/2020 - 23:29:45: World triggered "Round_End"
L 06/20/2020 - 23:29:46: "Mahabharat || StuFu<40><STEAM_0:1:147341737><CT>" say "GG"
L 06/20/2020 - 23:29:46: "Classic 0.51 || Mode : plant<44><STEAM_0:0:83230422><TERRORIST>" disconnected
L 06/20/2020 - 23:29:47: "Classic 0.51 || Agent Felix<38><STEAM_0:1:539804210><TERRORIST>" disconnected
L 06/20/2020 - 23:29:50: "Classic 0.51 || MERA BAAP<39><STEAM_0:0:63052104><TERRORIST>" triggered "Spawned_With_The_Bomb"
L 06/20/2020 - 23:29:50: "Mahabharat || StuFu<40><STEAM_0:1:147341737><CT>" disconnected
L 06/20/2020 - 23:29:52: "Classic 0.5 || Achillies<47><STEAM_0:0:1663171942><SPECTATOR>" disconnected
L 06/20/2020 - 23:29:54: "Classic 0.51 || This is Spartaa<41><STEAM_0:0:441338076><TERRORIST>" disconnected
L 06/20/2020 - 23:29:54: "Classic 0.51 || hattori<43><STEAM_0:0:861404367><TERRORIST>" disconnected
L 06/20/2020 - 23:29:55: "Mahabharat || Cristiano<45><STEAM_0:0:1465890162><CT>" say "ggg"
L 06/20/2020 - 23:29:58: "Mahabharat || Parabellum<34><STEAM_0:0:60684219><CT>" disconnected
L 06/20/2020 - 23:29:59: "Classic 0.51 || MERA BAAP<39><STEAM_0:0:63052104><TERRORIST>" triggered "Dropped_The_Bomb"
L 06/20/2020 - 23:29:59: "Classic 0.51 || MERA BAAP<39><STEAM_0:0:63052104><TERRORIST>" disconnected
L 06/20/2020 - 23:30:02: "Mahabharat || Cristiano<45><STEAM_0:0:1465890162><CT>" disconnected
L 06/20/2020 - 23:30:03: World triggered "Round_Start"
L 06/20/2020 - 23:30:09: "Mahabharat || 1729<36><STEAM_0:0:1921819853><CT>" disconnected
L 06/20/2020 - 23:32:03: Team "CT" triggered "Target_Saved" (CT "3") (T "0")
L 06/20/2020 - 23:32:03: World triggered "Round_End"
L 06/20/2020 - 23:32:21: World triggered "Round_Start"
L 06/20/2020 - 23:34:21: Team "CT" triggered "Target_Saved" (CT "4") (T "0")
L 06/20/2020 - 23:34:21: World triggered "Round_End"
L 06/20/2020 - 23:34:39: World triggered "Round_Start"
L 06/20/2020 - 23:36:39: Team "CT" triggered "Target_Saved" (CT "5") (T "0")
L 06/20/2020 - 23:36:39: World triggered "Round_End"
L 06/20/2020 - 23:36:57: World triggered "Round_Start"
L 06/20/2020 - 23:38:57: Team "CT" triggered "Target_Saved" (CT "6") (T "0")
L 06/20/2020 - 23:38:57: World triggered "Round_End"
L 06/20/2020 - 23:39:15: World triggered "Round_Start"
L 06/20/2020 - 23:41:09: [DPROTO]: Client 0 - Set AuthIdType 1 [Native]; pClient = 0566C028
L 06/20/2020 - 23:41:09: "Mahabharat || StuFu<48><STEAM_0:1:147341737><>" connected, address "49.207.58.179:17020"
L 06/20/2020 - 23:41:10: "Mahabharat || StuFu<48><STEAM_0:1:147341737><>" STEAM USERID validated
L 06/20/2020 - 23:41:12: "Mahabharat || StuFu<48><STEAM_0:1:147341737><>" entered the game
L 06/20/2020 - 23:41:15: Team "CT" triggered "Target_Saved" (CT "7") (T "0")
L 06/20/2020 - 23:41:15: World triggered "Round_End"
L 06/20/2020 - 23:41:20: Bad Rcon: "rcon 1830616470 "" changelevel de_nuke" from "49.207.58.179:17020"
L 06/20/2020 - 23:41:27: Rcon: "rcon 1830616470 "Lauda2" changelevel de_nuke" from "49.207.58.179:17020"
L 06/20/2020 - 23:41:27: [META] ini: Begin re-reading plugins list: g:/tcafiles/users/fkguxmko/7303/cstrike/addons/metamod/plugins.ini
L 06/20/2020 - 23:41:27: [META] ini: Read plugin config for: AMX Mod X
L 06/20/2020 - 23:41:27: [META] ini: Read plugin config for: dproto_EF
L 06/20/2020 - 23:41:27: [META] ini: Finished reading plugins list: g:/tcafiles/users/fkguxmko/7303/cstrike/addons/metamod/plugins.ini; Found 2 plugins
L 06/20/2020 - 23:41:27: [META] dll: Updating plugins...
L 06/20/2020 - 23:41:27: [META] dll: Finished updating 5 plugins; kept 2, loaded 0, unloaded 0, reloaded 0, delayed 0
L 06/20/2020 - 23:41:27: "Mahabharat || StuFu<48><STEAM_0:1:147341737><>" disconnected
L 06/20/2020 - 23:41:27: "Mahabharat || pRo_rvltn<46><STEAM_0:1:546352772><CT>" disconnected
L 06/20/2020 - 23:41:27: World triggered "Round_Draw" (CT "7") (T "0")
L 06/20/2020 - 23:41:27: World triggered "Round_End"
L 06/20/2020 - 23:41:27: Log file closed
