L 06/20/2020 - 20:34:20: Log file started (file "logs\L0620016.log") (game "cstrike") (version "48/1.1.2.7/8308")
L 06/20/2020 - 20:34:20: Loading map "de_inferno"
L 06/20/2020 - 20:34:20: Server cvars start
L 06/20/2020 - 20:34:20: Server cvar "_tutor_bomb_viewable_check_interval" = "0.5"
L 06/20/2020 - 20:34:20: Server cvar "_tutor_debug_level" = "0"
L 06/20/2020 - 20:34:20: Server cvar "_tutor_examine_time" = "0.5"
L 06/20/2020 - 20:34:20: Server cvar "_tutor_hint_interval_time" = "10.0"
L 06/20/2020 - 20:34:20: Server cvar "_tutor_look_angle" = "10"
L 06/20/2020 - 20:34:20: Server cvar "_tutor_look_distance" = "200"
L 06/20/2020 - 20:34:20: Server cvar "_tutor_message_character_display_time_coefficient" = "0.07"
L 06/20/2020 - 20:34:20: Server cvar "_tutor_message_minimum_display_time" = "1"
L 06/20/2020 - 20:34:20: Server cvar "_tutor_message_repeats" = "5"
L 06/20/2020 - 20:34:20: Server cvar "_tutor_view_distance" = "1000"
L 06/20/2020 - 20:34:20: Server cvar "allow_spectators" = "1"
L 06/20/2020 - 20:34:20: Server cvar "amx_client_languages" = "1"
L 06/20/2020 - 20:34:20: Server cvar "amx_language" = "en"
L 06/20/2020 - 20:34:20: Server cvar "amx_nextmap" = "de_nuke"
L 06/20/2020 - 20:34:20: Server cvar "amx_timeleft" = "65534:36"
L 06/20/2020 - 20:34:20: Server cvar "amxmodx_version" = "1.8.2"
L 06/20/2020 - 20:34:20: Server cvar "coop" = "0"
L 06/20/2020 - 20:34:20: Server cvar "deathmatch" = "1"
L 06/20/2020 - 20:34:20: Server cvar "decalfrequency" = "60"
L 06/20/2020 - 20:34:20: Server cvar "dp_version" = "0.9.582"
L 06/20/2020 - 20:34:20: Server cvar "edgefriction" = "2"
L 06/20/2020 - 20:34:20: Server cvar "hostage_debug" = "0"
L 06/20/2020 - 20:34:20: Server cvar "hostage_stop" = "0"
L 06/20/2020 - 20:34:20: Server cvar "humans_join_team" = "any"
L 06/20/2020 - 20:34:20: Server cvar "max_queries_sec" = "3.0"
L 06/20/2020 - 20:34:20: Server cvar "max_queries_sec_global" = "30"
L 06/20/2020 - 20:34:20: Server cvar "max_queries_window" = "60"
L 06/20/2020 - 20:34:20: Server cvar "metamod_version" = "1.20"
L 06/20/2020 - 20:34:20: Server cvar "mp_allowmonsters" = "0"
L 06/20/2020 - 20:34:20: Server cvar "mp_autokick" = "0"
L 06/20/2020 - 20:34:20: Server cvar "mp_autokick_timeout" = "-1"
L 06/20/2020 - 20:34:20: Server cvar "mp_autoteambalance" = "0"
L 06/20/2020 - 20:34:20: Server cvar "mp_buytime" = "1.5"
L 06/20/2020 - 20:34:20: Server cvar "mp_c4timer" = "45"
L 06/20/2020 - 20:34:20: Server cvar "mp_chattime" = "0"
L 06/20/2020 - 20:34:20: Server cvar "mp_consistency" = "1"
L 06/20/2020 - 20:34:20: Server cvar "mp_fadetoblack" = "0"
L 06/20/2020 - 20:34:20: Server cvar "mp_flashlight" = "0"
L 06/20/2020 - 20:34:20: Server cvar "mp_footsteps" = "1"
L 06/20/2020 - 20:34:20: Server cvar "mp_forcecamera" = "0"
L 06/20/2020 - 20:34:20: Server cvar "mp_forcechasecam" = "2"
L 06/20/2020 - 20:34:20: Server cvar "mp_fragsleft" = "0"
L 06/20/2020 - 20:34:20: Server cvar "mp_freezetime" = "7"
L 06/20/2020 - 20:34:20: Server cvar "mp_friendlyfire" = "1"
L 06/20/2020 - 20:34:20: Server cvar "mp_ghostfrequency" = "0.1"
L 06/20/2020 - 20:34:20: Server cvar "mp_hostagepenalty" = "2"
L 06/20/2020 - 20:34:20: Server cvar "mp_infinite_ammo" = "0"
L 06/20/2020 - 20:34:20: Server cvar "mp_kickpercent" = "0.66"
L 06/20/2020 - 20:34:20: Server cvar "mp_limitteams" = "5"
L 06/20/2020 - 20:34:20: Server cvar "mp_logdetail" = "0"
L 06/20/2020 - 20:34:20: Server cvar "mp_logfile" = "1"
L 06/20/2020 - 20:34:20: Server cvar "mp_logmessages" = "1"
L 06/20/2020 - 20:34:20: Server cvar "mp_mapvoteratio" = "0.66"
L 06/20/2020 - 20:34:20: Server cvar "mp_maxrounds" = "0"
L 06/20/2020 - 20:34:20: Server cvar "mp_mirrordamage" = "0"
L 06/20/2020 - 20:34:20: Server cvar "mp_playerid" = "0"
L 06/20/2020 - 20:34:20: Server cvar "mp_roundtime" = "2"
L 06/20/2020 - 20:34:20: Server cvar "mp_scoreboard_showhealth" = "3"
L 06/20/2020 - 20:34:20: Server cvar "mp_scoreboard_showmoney" = "3"
L 06/20/2020 - 20:34:20: Server cvar "mp_startmoney" = "800"
L 06/20/2020 - 20:34:20: Server cvar "mp_timeleft" = "0"
L 06/20/2020 - 20:34:20: Server cvar "mp_timelimit" = "65535"
L 06/20/2020 - 20:34:20: Server cvar "mp_tkpunish" = "0"
L 06/20/2020 - 20:34:20: Server cvar "mp_windifference" = "1"
L 06/20/2020 - 20:34:20: Server cvar "mp_winlimit" = "0"
L 06/20/2020 - 20:34:20: Server cvar "pausable" = "0"
L 06/20/2020 - 20:34:20: Server cvar "sv_accelerate" = "5"
L 06/20/2020 - 20:34:20: Server cvar "sv_aim" = "0"
L 06/20/2020 - 20:34:20: Server cvar "sv_airaccelerate" = "10"
L 06/20/2020 - 20:34:20: Server cvar "sv_allowupload" = "1"
L 06/20/2020 - 20:34:20: Server cvar "sv_alltalk" = "0"
L 06/20/2020 - 20:34:20: Server cvar "sv_bounce" = "1"
L 06/20/2020 - 20:34:20: Server cvar "sv_cheats" = "0"
L 06/20/2020 - 20:34:20: Server cvar "sv_clienttrace" = "1"
L 06/20/2020 - 20:34:20: Server cvar "sv_contact" = "apoo12345@gmail.com"
L 06/20/2020 - 20:34:20: Server cvar "sv_friction" = "4"
L 06/20/2020 - 20:34:20: Server cvar "sv_gravity" = "800"
L 06/20/2020 - 20:34:20: Server cvar "sv_logblocks" = "0"
L 06/20/2020 - 20:34:20: Server cvar "sv_maxrate" = "20000"
L 06/20/2020 - 20:34:20: Server cvar "sv_maxspeed" = "900"
L 06/20/2020 - 20:34:20: Server cvar "sv_minrate" = "5000"
L 06/20/2020 - 20:34:20: Server cvar "sv_password" = "Lauda"
L 06/20/2020 - 20:34:20: Server cvar "sv_proxies" = "1"
L 06/20/2020 - 20:34:20: Server cvar "sv_restart" = "0"
L 06/20/2020 - 20:34:20: Server cvar "sv_restartround" = "0"
L 06/20/2020 - 20:34:20: Server cvar "sv_stepsize" = "18"
L 06/20/2020 - 20:34:20: Server cvar "sv_stopspeed" = "75"
L 06/20/2020 - 20:34:20: Server cvar "sv_uploadmax" = "0.5"
L 06/20/2020 - 20:34:20: Server cvar "sv_voiceenable" = "0"
L 06/20/2020 - 20:34:20: Server cvar "sv_wateraccelerate" = "10"
L 06/20/2020 - 20:34:20: Server cvar "sv_waterfriction" = "1"
L 06/20/2020 - 20:34:20: Server cvars end
L 06/20/2020 - 20:34:22: Server cvar "amx_nextmap" = "de_inferno"
L 06/20/2020 - 20:34:23: Started map "de_inferno" (CRC "-1312756001")
L 06/20/2020 - 20:34:25: "J<25><STEAM_0:0:60684219><>" entered the game
L 06/20/2020 - 20:34:26: "StuFu<6><STEAM_0:1:147341737><>" entered the game
L 06/20/2020 - 20:34:29: "pRo_rvLTn<24><STEAM_0:1:546352772><>" entered the game
L 06/20/2020 - 20:34:30: "Classic 0.5 || Modon<23><STEAM_0:0:355901680><>" entered the game
L 06/20/2020 - 20:34:31: World triggered "Round_Start"
L 06/20/2020 - 20:34:32: "J<25><STEAM_0:0:60684219><>" joined team "CT"
L 06/20/2020 - 20:34:36: "pRo_rvLTn<24><STEAM_0:1:546352772><>" joined team "CT"
L 06/20/2020 - 20:34:46: [DPROTO]: Client 0 - Set AuthIdType 1 [Native]; pClient = 0583B028
L 06/20/2020 - 20:34:46: "Classic 0.51 || Agent Felix<27><STEAM_0:1:539804210><>" connected, address "103.235.3.157:27005"
L 06/20/2020 - 20:34:46: "Classic 0.51 || Agent Felix<27><STEAM_0:1:539804210><>" STEAM USERID validated
L 06/20/2020 - 20:34:50: "Classic 0.51 || Agent Felix<27><STEAM_0:1:539804210><>" entered the game
L 06/20/2020 - 20:34:55: "pRo_rvLTn<24><STEAM_0:1:546352772><CT>" say_team "J CT te 3 number ta nao"
L 06/20/2020 - 20:34:58: "Classic 0.5 || Modon<23><STEAM_0:0:355901680><>" joined team "TERRORIST"
L 06/20/2020 - 20:34:59: "Classic 0.51 || Agent Felix<27><STEAM_0:1:539804210><>" joined team "SPECTATOR"
L 06/20/2020 - 20:35:02: "StuFu<6><STEAM_0:1:147341737><>" joined team "CT"
L 06/20/2020 - 20:35:07: World triggered "Game_Commencing"
L 06/20/2020 - 20:35:07: World triggered "Game_Commencing" (CT "0") (T "0")
L 06/20/2020 - 20:35:07: World triggered "Round_End"
L 06/20/2020 - 20:35:10: "Classic 0.5 || Modon<23><STEAM_0:0:355901680><TERRORIST>" triggered "Spawned_With_The_Bomb"
L 06/20/2020 - 20:35:13: [DPROTO]: Client 2 - Set AuthIdType 1 [dp_RevEmu]; pClient = 05845058
L 06/20/2020 - 20:35:13: "assassin<28><STEAM_0:0:1060612858><>" connected, address "139.162.53.89:59624"
L 06/20/2020 - 20:35:17: World triggered "Round_Start"
L 06/20/2020 - 20:35:22: [DPROTO]: Client 3 - Set AuthIdType 1 [Native]; pClient = 0584A070
L 06/20/2020 - 20:35:22: "pointless<29><STEAM_0:0:65740571><>" connected, address "106.51.106.48:36027"
L 06/20/2020 - 20:35:22: "pointless<29><STEAM_0:0:65740571><>" STEAM USERID validated
L 06/20/2020 - 20:35:23: "assassin<28><STEAM_0:0:1060612858><>" entered the game
L 06/20/2020 - 20:35:28: "pointless<29><STEAM_0:0:65740571><>" entered the game
L 06/20/2020 - 20:35:33: [DPROTO]: Client 4 - Set AuthIdType 1 [dp_RevEmu]; pClient = 0584F088
L 06/20/2020 - 20:35:33: "Cristiano<30><STEAM_0:0:1465890162><>" connected, address "103.200.40.94:27005"
L 06/20/2020 - 20:35:37: "Cristiano<30><STEAM_0:0:1465890162><>" entered the game
L 06/20/2020 - 20:35:41: "assassin<28><STEAM_0:0:1060612858><>" joined team "TERRORIST"
L 06/20/2020 - 20:35:42: "pointless<29><STEAM_0:0:65740571><>" joined team "TERRORIST"
L 06/20/2020 - 20:35:44: [DPROTO]: Client 6 - Set AuthIdType 1 [dp_RevEmu]; pClient = 058590B8
L 06/20/2020 - 20:35:44: "1729<31><STEAM_0:0:1921819853><>" connected, address "49.207.193.253:14637"
L 06/20/2020 - 20:35:44: "pRo_rvLTn<24><STEAM_0:1:546352772><CT>" changed name to "Mahabharat || pRo_rvltn"
L 06/20/2020 - 20:35:47: "Cristiano<30><STEAM_0:0:1465890162><>" joined team "CT"
L 06/20/2020 - 20:35:51: "J<25><STEAM_0:0:60684219><CT>" killed "StuFu<6><STEAM_0:1:147341737><CT>" with "knife"
L 06/20/2020 - 20:35:55: "Classic 0.5 || Modon<23><STEAM_0:0:355901680><TERRORIST>" killed "J<25><STEAM_0:0:60684219><CT>" with "deagle"
L 06/20/2020 - 20:35:56: "Mahabharat || pRo_rvltn<24><STEAM_0:1:546352772><CT>" killed "Classic 0.5 || Modon<23><STEAM_0:0:355901680><TERRORIST>" with "usp"
L 06/20/2020 - 20:35:56: Team "CT" triggered "CTs_Win" (CT "1") (T "0")
L 06/20/2020 - 20:35:56: World triggered "Round_End"
L 06/20/2020 - 20:36:01: "pointless<29><STEAM_0:0:65740571><TERRORIST>" triggered "Spawned_With_The_Bomb"
L 06/20/2020 - 20:36:02: "1729<31><STEAM_0:0:1921819853><>" entered the game
L 06/20/2020 - 20:36:08: World triggered "Round_Start"
L 06/20/2020 - 20:36:11: "1729<31><STEAM_0:0:1921819853><>" joined team "CT"
L 06/20/2020 - 20:36:12: "Cristiano<30><STEAM_0:0:1465890162><CT>" changed name to "Mahabharat || Cristiano"
L 06/20/2020 - 20:36:21: "J<25><STEAM_0:0:60684219><CT>" changed name to "Mahabharat || Parabellum"
L 06/20/2020 - 20:36:23: "assassin<28><STEAM_0:0:1060612858><TERRORIST>" killed "Mahabharat || pRo_rvltn<24><STEAM_0:1:546352772><CT>" with "galil"
L 06/20/2020 - 20:36:28: "assassin<28><STEAM_0:0:1060612858><TERRORIST>" killed "1729<31><STEAM_0:0:1921819853><CT>" with "galil"
L 06/20/2020 - 20:36:32: "Mahabharat || Cristiano<30><STEAM_0:0:1465890162><CT>" killed "assassin<28><STEAM_0:0:1060612858><TERRORIST>" with "famas"
L 06/20/2020 - 20:36:33: "pointless<29><STEAM_0:0:65740571><TERRORIST>" killed "Mahabharat || Cristiano<30><STEAM_0:0:1465890162><CT>" with "p228"
L 06/20/2020 - 20:36:35: Rcon: "rcon 486714887 "Lauda2" sv_restart 1" from "103.235.3.157:27005"
L 06/20/2020 - 20:36:35: Server cvar "sv_restart" = "1"
L 06/20/2020 - 20:36:35: World triggered "Restart_Round_(1_second)"
L 06/20/2020 - 20:36:35: Team "CT" scored "1" with "5" players
L 06/20/2020 - 20:36:35: Team "TERRORIST" scored "0" with "3" players
L 06/20/2020 - 20:36:35: Server cvar "sv_restart" = "0"
L 06/20/2020 - 20:36:36: "Classic 0.5 || Modon<23><STEAM_0:0:355901680><TERRORIST>" triggered "Spawned_With_The_Bomb"
L 06/20/2020 - 20:36:36: "1729<31><STEAM_0:0:1921819853><CT>" changed name to "Mahabharat || 1729"
L 06/20/2020 - 20:36:43: World triggered "Round_Start"
L 06/20/2020 - 20:36:50: "Mahabharat || Parabellum<25><STEAM_0:0:60684219><CT>" killed "StuFu<6><STEAM_0:1:147341737><CT>" with "usp"
L 06/20/2020 - 20:36:53: "Classic 0.5 || Modon<23><STEAM_0:0:355901680><TERRORIST>" changed name to "Classic 5 || Berlin"
L 06/20/2020 - 20:37:08: "Mahabharat || Cristiano<30><STEAM_0:0:1465890162><CT>" killed "assassin<28><STEAM_0:0:1060612858><TERRORIST>" with "usp"
L 06/20/2020 - 20:37:13: [DPROTO]: Client 10 - Set AuthIdType 1 [dp_RevEmu]; pClient = 0586D118
L 06/20/2020 - 20:37:13: "Classic 0.5 || Achillies<32><STEAM_0:0:1663171942><>" connected, address "106.51.233.53:14587"
L 06/20/2020 - 20:37:15: "pointless<29><STEAM_0:0:65740571><TERRORIST>" killed "Mahabharat || Cristiano<30><STEAM_0:0:1465890162><CT>" with "p228"
L 06/20/2020 - 20:37:16: "Mahabharat || 1729<31><STEAM_0:0:1921819853><CT>" killed "pointless<29><STEAM_0:0:65740571><TERRORIST>" with "usp"
L 06/20/2020 - 20:37:19: "Classic 0.5 || Achillies<32><STEAM_0:0:1663171942><>" entered the game
L 06/20/2020 - 20:37:35: "Mahabharat || 1729<31><STEAM_0:0:1921819853><CT>" killed "Classic 5 || Berlin<23><STEAM_0:0:355901680><TERRORIST>" with "usp"
L 06/20/2020 - 20:37:35: Team "CT" triggered "CTs_Win" (CT "1") (T "0")
L 06/20/2020 - 20:37:35: World triggered "Round_End"
L 06/20/2020 - 20:37:40: "assassin<28><STEAM_0:0:1060612858><TERRORIST>" triggered "Spawned_With_The_Bomb"
L 06/20/2020 - 20:37:47: World triggered "Round_Start"
L 06/20/2020 - 20:37:51: "Classic 0.5 || Achillies<32><STEAM_0:0:1663171942><>" joined team "SPECTATOR"
L 06/20/2020 - 20:38:00: "Mahabharat || 1729<31><STEAM_0:0:1921819853><CT>" disconnected
L 06/20/2020 - 20:38:07: "Classic 5 || Berlin<23><STEAM_0:0:355901680><TERRORIST>" killed "Mahabharat || pRo_rvltn<24><STEAM_0:1:546352772><CT>" with "deagle"
L 06/20/2020 - 20:38:14: "StuFu<6><STEAM_0:1:147341737><CT>" disconnected
L 06/20/2020 - 20:38:32: "Mahabharat || Cristiano<30><STEAM_0:0:1465890162><CT>" killed "assassin<28><STEAM_0:0:1060612858><TERRORIST>" with "usp"
L 06/20/2020 - 20:38:32: "assassin<28><STEAM_0:0:1060612858><TERRORIST>" triggered "Dropped_The_Bomb"
L 06/20/2020 - 20:38:32: "pointless<29><STEAM_0:0:65740571><TERRORIST>" killed "Mahabharat || Parabellum<25><STEAM_0:0:60684219><CT>" with "p228"
L 06/20/2020 - 20:38:44: "Classic 5 || Berlin<23><STEAM_0:0:355901680><TERRORIST>" killed "Mahabharat || Cristiano<30><STEAM_0:0:1465890162><CT>" with "m4a1"
L 06/20/2020 - 20:38:44: Team "TERRORIST" triggered "Terrorists_Win" (CT "1") (T "1")
L 06/20/2020 - 20:38:44: World triggered "Round_End"
L 06/20/2020 - 20:38:49: "pointless<29><STEAM_0:0:65740571><TERRORIST>" triggered "Spawned_With_The_Bomb"
L 06/20/2020 - 20:38:57: World triggered "Round_Start"
L 06/20/2020 - 20:38:59: [DPROTO]: Client 5 - Set AuthIdType 4 [dproto]; pClient = 058540A0
L 06/20/2020 - 20:38:59: "wolf<33><VALVE_0:4:1088121065><>" connected, address "106.51.234.40:33156"
L 06/20/2020 - 20:39:10: [DPROTO]: Client 6 - Set AuthIdType 1 [dp_RevEmu]; pClient = 058590B8
L 06/20/2020 - 20:39:10: "Mahabharat || 1729<34><STEAM_0:0:1921819853><>" connected, address "49.207.193.253:15129"
L 06/20/2020 - 20:39:11: "wolf<33><VALVE_0:4:1088121065><>" entered the game
L 06/20/2020 - 20:39:14: "Mahabharat || 1729<34><STEAM_0:0:1921819853><>" entered the game
L 06/20/2020 - 20:39:14: "pointless<29><STEAM_0:0:65740571><TERRORIST>" killed "Mahabharat || Cristiano<30><STEAM_0:0:1465890162><CT>" with "p228"
L 06/20/2020 - 20:39:19: "Mahabharat || 1729<34><STEAM_0:0:1921819853><>" joined team "CT"
L 06/20/2020 - 20:39:19: "assassin<28><STEAM_0:0:1060612858><TERRORIST>" killed "Mahabharat || Parabellum<25><STEAM_0:0:60684219><CT>" with "ak47"
L 06/20/2020 - 20:39:21: "wolf<33><VALVE_0:4:1088121065><>" joined team "TERRORIST"
L 06/20/2020 - 20:39:23: "assassin<28><STEAM_0:0:1060612858><TERRORIST>" killed "Mahabharat || pRo_rvltn<24><STEAM_0:1:546352772><CT>" with "ak47"
L 06/20/2020 - 20:39:23: Team "TERRORIST" triggered "Terrorists_Win" (CT "1") (T "2")
L 06/20/2020 - 20:39:23: World triggered "Round_End"
L 06/20/2020 - 20:39:28: [DPROTO]: Client "Mahabharat || pRo_rvltn" timed out for 44.0959sec
L 06/20/2020 - 20:39:28: "wolf<33><VALVE_0:4:1088121065><TERRORIST>" triggered "Spawned_With_The_Bomb"
L 06/20/2020 - 20:39:35: World triggered "Round_Start"
L 06/20/2020 - 20:39:44: "Mahabharat || pRo_rvltn<24><STEAM_0:1:546352772><CT>" disconnected
L 06/20/2020 - 20:39:48: "wolf<33><VALVE_0:4:1088121065><TERRORIST>" changed name to "Classic 5 || wolf"
L 06/20/2020 - 20:39:57: "pointless<29><STEAM_0:0:65740571><TERRORIST>" killed "Mahabharat || 1729<34><STEAM_0:0:1921819853><CT>" with "p228"
L 06/20/2020 - 20:39:58: "assassin<28><STEAM_0:0:1060612858><TERRORIST>" killed "Mahabharat || Cristiano<30><STEAM_0:0:1465890162><CT>" with "ak47"
L 06/20/2020 - 20:40:08: "Mahabharat || Parabellum<25><STEAM_0:0:60684219><CT>" killed "assassin<28