L 06/20/2020 - 20:43:28: Log file started (file "logs\L0620017.log") (game "cstrike") (version "48/1.1.2.7/8308")
L 06/20/2020 - 20:43:28: Server cvar "sv_allowupload" = "1"
L 06/20/2020 - 20:43:28: Server cvar "sv_voiceenable" = "0"
L 06/20/2020 - 20:43:28: Server cvar "pausable" = "0"
L 06/20/2020 - 20:43:28: Server cvar "sv_aim" = "0"
L 06/20/2020 - 20:43:28: Server cvar "sv_maxrate" = "20000"
L 06/20/2020 - 20:43:28: Server cvar "sv_minrate" = "5000"
L 06/20/2020 - 20:43:28: Server cvar "sv_contact" = "apoo12345@gmail.com"
L 06/20/2020 - 20:43:28: [META] Metamod v1.20  2013-02-16
L 06/20/2020 - 20:43:28: [META] by Will Day <willday@metamod.org>
L 06/20/2020 - 20:43:28: [META]    http://www.metamod.org/
L 06/20/2020 - 20:43:28: [META] compiled: Feb 16 2013, 17:12:42 +0100 (optimized)
L 06/20/2020 - 20:43:28: [META] engine: swds
L 06/20/2020 - 20:43:28: [META] Recognized game 'cstrike'; using dllfile 'mp.dll'
L 06/20/2020 - 20:43:28: [META] Game DLL for 'Counter-Strike' loaded successfully
L 06/20/2020 - 20:43:28: [META] ini: Begin reading plugins list: g:/tcafiles/users/fkguxmko/7303/cstrike/addons/metamod/plugins.ini
L 06/20/2020 - 20:43:28: [META] ini: Read plugin config for: <amxmodx_mm.dll>
L 06/20/2020 - 20:43:28: [META] ini: Read plugin config for: <dproto.dll>
L 06/20/2020 - 20:43:28: [META] ini: Finished reading plugins list: g:/tcafiles/users/fkguxmko/7303/cstrike/addons/metamod/plugins.ini; Found 2 plugins to load
L 06/20/2020 - 20:43:28: [META] dll: Loading plugins...
L 06/20/2020 - 20:43:28: [META] dll: Loaded plugin 'Fun': Fun v1.8.2 Feb 14 2013, AMX Mod X Dev Team
L 06/20/2020 - 20:43:28: [META] dll: Loaded plugin 'CStrike': CStrike v1.8.2 Feb 14 2013, AMX Mod X Dev Team
L 06/20/2020 - 20:43:28: [META] dll: Loaded plugin 'CSX': CSX v1.8.2 Feb 14 2013, AMX Mod X Dev Team
L 06/20/2020 - 20:43:28: [META] dll: Loaded plugin 'AMX Mod X': AMX Mod X v1.8.2 Feb 14 2013, AMX Mod X Dev Team
L 06/20/2020 - 20:43:29: [DPROTO]: Loading config './cstrike/dproto.cfg'
L 06/20/2020 - 20:43:29: [DPROTO]:  AuthID for HLTV: HLTV
L 06/20/2020 - 20:43:29: [DPROTO]:  AuthID for No-steam p47 clients: VALVE id generated by ip
L 06/20/2020 - 20:43:29: [DPROTO]:  AuthID for No-steam p48 clients: VALVE id generated by ip
L 06/20/2020 - 20:43:29: [DPROTO]:  AuthID for steam clients: Real STEAM_x:x:x
L 06/20/2020 - 20:43:29: [DPROTO]:  AuthID for steam unauthorized clients: STEAM_ID_PENDING
L 06/20/2020 - 20:43:29: [DPROTO]:  AuthID for RevEmu clients: Real STEAM_x:x:x
L 06/20/2020 - 20:43:29: [DPROTO]:  AuthID for RevEmu2013 clients: Real STEAM_x:x:x
L 06/20/2020 - 20:43:29: [DPROTO]:  AuthID for SteamClient2009 clients: Real STEAM_x:x:x
L 06/20/2020 - 20:43:29: [DPROTO]:  AuthID for Old RevEmu clients: Real STEAM_x:x:x
L 06/20/2020 - 20:43:29: [DPROTO]:  AuthID for SteamEmu clients: Real STEAM_x:x:x
L 06/20/2020 - 20:43:29: [DPROTO]:  AuthID for AVSMP clients: Real STEAM_x:x:x
L 06/20/2020 - 20:43:29: [DPROTO]:  AuthID for SSE3 clients: Real STEAM_x:x:x
L 06/20/2020 - 20:43:29: [DPROTO]:  AuthID for SETTI server scanner: STEAM id generated by ip
L 06/20/2020 - 20:43:29: [DPROTO]:  AuthID for SXEI clients: Real STEAM_x:x:x
L 06/20/2020 - 20:43:29: [DPROTO]:  Enable SteamID generation based on data sent by sXeI client: OFF
L 06/20/2020 - 20:43:29: [DPROTO]:  SC2009 => revEmu SteamID Compatibility fix: ENABLED
L 06/20/2020 - 20:43:29: [DPROTO]:  P47 emulator SteamEmuCompatMode: ON
L 06/20/2020 - 20:43:29: [DPROTO]:  Disable fix for steamids generated by eST in 0.3.1 version: No
L 06/20/2020 - 20:43:29: [DPROTO]:  SteamID Hash Salt: NOT SET
L 06/20/2020 - 20:43:29: [DPROTO]:  First prefix of authids generated by ip: 0
L 06/20/2020 - 20:43:29: [DPROTO]:  Second prefix of authids generated by ip: 4
L 06/20/2020 - 20:43:29: [DPROTO]:  First prefix of authids assigned by native auth method(Steam): 0
L 06/20/2020 - 20:43:29: [DPROTO]:  First prefix of authids assigned by SteamClient2009: 0
L 06/20/2020 - 20:43:29: [DPROTO]:  First prefix of authids assigned by RevEmu: 0
L 06/20/2020 - 20:43:29: [DPROTO]:  First prefix of authids assigned by RevEmu2013: 0
L 06/20/2020 - 20:43:29: [DPROTO]:  First prefix of authids assigned by old RevEmu: 0
L 06/20/2020 - 20:43:29: [DPROTO]:  First prefix of authids assigned by SteamEmu: 0
L 06/20/2020 - 20:43:29: [DPROTO]:  First prefix of authids for AVSMP clients: 0
L 06/20/2020 - 20:43:29: [DPROTO]:  First prefix of authids for SSE3 clients: 0
L 06/20/2020 - 20:43:29: [DPROTO]:  First prefix of authids for Setti server scanner: 0
L 06/20/2020 - 20:43:29: [DPROTO]:  First prefix of authids for SXEI clients: 0
L 06/20/2020 - 20:43:29: [DPROTO]:  [FakePlayers]: Agressive check reconnecting clients: ON
L 06/20/2020 - 20:43:29: [DPROTO]:  [FakePlayers]: Ban IP that spamming fake players for: 120.000000 minutes
L 06/20/2020 - 20:43:29: [DPROTO]:  [Exploits]: Check requested download files against precached resources: ON
L 06/20/2020 - 20:43:29: [DPROTO]:  [Exploits]: Disable file uploads (not customizations) to the server: ON
L 06/20/2020 - 20:43:29: [DPROTO]:  LoggingMode = 2
L 06/20/2020 - 20:43:29: [DPROTO]:  ThreatsLoggingMode = 0
L 06/20/2020 - 20:43:29: [DPROTO]:  Disable Native Auth (Steam/Valve): OFF
L 06/20/2020 - 20:43:29: [DPROTO]:  ServerInfo answer type: Hybrid (Old first)
L 06/20/2020 - 20:43:29: [DPROTO]:  Setting game name to: (Native game name)
L 06/20/2020 - 20:43:29: [DPROTO]:  Enable Fix for player ids on hlstats monitoring: OFF
L 06/20/2020 - 20:43:29: [DPROTO]:  Spread user top and bottom colors: ON
L 06/20/2020 - 20:43:29: [DPROTO]:  dp_version cvar will be exported: Yes
L 06/20/2020 - 20:43:29: [DPROTO]:  HLTV Kick Exception Address: 127.0.0.1
L 06/20/2020 - 20:43:29: [DPROTO]: Config sucessfully loaded.
L 06/20/2020 - 20:43:29: [DPROTO]: Server port: 27435
L 06/20/2020 - 20:43:29: [DPROTO]: Found swds.dll at 02870000
L 06/20/2020 - 20:43:29: [DPROTO]: Patching for: <Windows p48 Dynamic Patcher>...
L 06/20/2020 - 20:43:29: [META] ERROR: Failed to find memloc for regcmd 'dp_clientinfo'
L 06/20/2020 - 20:43:29: [META] ERROR: Failed to find memloc for regcmd 'dp_lastthreats'
L 06/20/2020 - 20:43:29: [META] ERROR: Failed to find memloc for regcmd 'dp_secplrinfo'
L 06/20/2020 - 20:43:29: [META] ERROR: Failed to find memloc for regcmd 'dp_ipsessions'
L 06/20/2020 - 20:43:29: [META] ERROR: Failed to find memloc for regcmd 'dp_heapinfo'
L 06/20/2020 - 20:43:29: [META] ERROR: Failed to find memloc for regcmd 'dp_estrpool_stat'
L 06/20/2020 - 20:43:29: [META] ERROR: Failed to find memloc for regcmd 'dp_estrpool_dump'
L 06/20/2020 - 20:43:29: [META] ERROR: Failed to find memloc for regcmd 'dp_procfiledump'
L 06/20/2020 - 20:43:29: [META] ERROR: Failed to find memloc for regcmd 'dp_fddump'
L 06/20/2020 - 20:43:29: [DPROTO]: Done.
L 06/20/2020 - 20:43:29: [META] dll: Loaded plugin 'dproto_EF': dproto_EF v0.9.582 2017-09-22, Crock
L 06/20/2020 - 20:43:29: [META] ERROR: dll: Not loading plugin 'Fun'; already loaded (status=running)
L 06/20/2020 - 20:43:29: [META] ERROR: dll: Failed to load plugin 'fun_amxx.dll'
L 06/20/2020 - 20:43:29: [META] ERROR: dll: Not loading plugin 'CStrike'; already loaded (status=running)
L 06/20/2020 - 20:43:29: [META] ERROR: dll: Failed to load plugin 'cstrike_amxx.dll'
L 06/20/2020 - 20:43:29: [META] ERROR: dll: Not loading plugin 'CSX'; already loaded (status=running)
L 06/20/2020 - 20:43:29: [META] ERROR: dll: Failed to load plugin 'csx_amxx.dll'
L 06/20/2020 - 20:43:29: [META] dll: Finished loading 2 plugins
L 06/20/2020 - 20:43:29: Log file closed
