L 07/25/2020 - 17:46:10: Log file started (file "logs\L0725016.log") (game "cstrike") (version "48/1.1.2.7/8308")
L 07/25/2020 - 17:46:10: Server cvar "mp_timelimit" = "65535"
L 07/25/2020 - 17:46:10: Server cvar "mp_autokick" = "0"
L 07/25/2020 - 17:46:10: Server cvar "mp_autoteambalance" = "0"
L 07/25/2020 - 17:46:10: Server cvar "mp_forcechasecam" = "1"
L 07/25/2020 - 17:46:10: Server cvar "mp_freezetime" = "7"
L 07/25/2020 - 17:46:10: Server cvar "mp_friendlyfire" = "1"
L 07/25/2020 - 17:46:10: Server cvar "mp_hostagepenalty" = "2"
L 07/25/2020 - 17:46:10: Server cvar "mp_limitteams" = "5"
L 07/25/2020 - 17:46:10: Server cvar "mp_roundtime" = "2"
L 07/25/2020 - 17:46:10: Server cvar "sv_maxspeed" = "320"
L 07/25/2020 - 17:46:10: Server cvar "allow_spectators" = "1"
L 07/25/2020 - 17:46:10: Server cvar "mp_chattime" = "0"
L 07/25/2020 - 17:46:10: Server cvar "sv_allowupload" = "1"
L 07/25/2020 - 17:46:10: Server cvar "sv_voiceenable" = "0"
L 07/25/2020 - 17:46:10: Server cvar "decalfrequency" = "60"
L 07/25/2020 - 17:46:10: Server cvar "sv_aim" = "0"
L 07/25/2020 - 17:46:11: [DPROTO]: Client 0 - Set AuthIdType 1 [Native]; pClient = 05662028
L 07/25/2020 - 17:46:11: "Agent Felix<1><STEAM_0:1:539804210><>" connected, address "103.251.50.25:27005"
L 07/25/2020 - 17:46:12: "Agent Felix<1><STEAM_0:1:539804210><>" STEAM USERID validated
L 07/25/2020 - 17:46:14: "Agent Felix<1><STEAM_0:1:539804210><>" entered the game
L 07/25/2020 - 17:46:14: [DPROTO]: Client 1 - Set AuthIdType 1 [dp_RevEmu]; pClient = 05667040
L 07/25/2020 - 17:46:14: "Ladder<2><STEAM_0:0:369456433><>" connected, address "49.207.204.39:51160"
L 07/25/2020 - 17:46:17: [DPROTO]: Client 2 - Set AuthIdType 1 [Native]; pClient = 0566C058
L 07/25/2020 - 17:46:17: "Iz 3r3 No 1 3lz || Escanor<3><STEAM_0:0:83230422><>" connected, address "103.76.82.177:33112"
L 07/25/2020 - 17:46:17: "Agent Felix<1><STEAM_0:1:539804210><>" joined team "SPECTATOR"
L 07/25/2020 - 17:46:17: "Iz 3r3 No 1 3lz || Escanor<3><STEAM_0:0:83230422><>" STEAM USERID validated
L 07/25/2020 - 17:46:18: World triggered "Round_Start"
L 07/25/2020 - 17:46:19: "Ladder<2><STEAM_0:0:369456433><>" entered the game
L 07/25/2020 - 17:46:20: [DPROTO]: Client 3 - Set AuthIdType 1 [Native]; pClient = 05671070
L 07/25/2020 - 17:46:20: "FunZ || 1.5-14.5<4><STEAM_0:0:65740571><>" connected, address "49.207.59.42:18626"
L 07/25/2020 - 17:46:20: "FunZ || 1.5-14.5<4><STEAM_0:0:65740571><>" STEAM USERID validated
L 07/25/2020 - 17:46:21: [DPROTO]: Client 4 - Set AuthIdType 1 [dp_RevEmu]; pClient = 05676088
L 07/25/2020 - 17:46:21: "FunZ || U<5><STEAM_0:0:294118000><>" connected, address "94.212.60.141:27429"
L 07/25/2020 - 17:46:22: "Iz 3r3 No 1 3lz || Escanor<3><STEAM_0:0:83230422><>" entered the game
L 07/25/2020 - 17:46:23: [DPROTO]: Client 5 - Set AuthIdType 1 [Native]; pClient = 0567B0A0
L 07/25/2020 - 17:46:23: "Iz 3r3 No 1 3lz || Sic Mundus<6><STEAM_0:1:66144441><>" connected, address "106.51.234.216:12838"
L 07/25/2020 - 17:46:23: "Iz 3r3 No 1 3lz || Sic Mundus<6><STEAM_0:1:66144441><>" STEAM USERID validated
L 07/25/2020 - 17:46:24: [DPROTO]: Client 6 - Set AuthIdType 1 [Native]; pClient = 056800B8
L 07/25/2020 - 17:46:24: "Iz 3r3 No 1 3lz || Player<7><STEAM_0:0:209561119><>" connected, address "202.142.99.251:32104"
L 07/25/2020 - 17:46:24: "FunZ || 1.5-14.5<4><STEAM_0:0:65740571><>" entered the game
L 07/25/2020 - 17:46:24: "Iz 3r3 No 1 3lz || Player<7><STEAM_0:0:209561119><>" STEAM USERID validated
L 07/25/2020 - 17:46:25: "Iz 3r3 No 1 3lz || Escanor<3><STEAM_0:0:83230422><>" joined team "TERRORIST"
L 07/25/2020 - 17:46:26: "Iz 3r3 No 1 3lz || Sic Mundus<6><STEAM_0:1:66144441><>" entered the game
L 07/25/2020 - 17:46:27: [DPROTO]: Client 7 - Set AuthIdType 4 [dproto]; pClient = 056850D0
L 07/25/2020 - 17:46:27: "FunZ || wolf<8><VALVE_0:4:1088121065><>" connected, address "106.51.234.40:28230"
L 07/25/2020 - 17:46:28: "FunZ || U<5><STEAM_0:0:294118000><>" entered the game
L 07/25/2020 - 17:46:29: "Iz 3r3 No 1 3lz || Player<7><STEAM_0:0:209561119><>" entered the game
L 07/25/2020 - 17:46:29: "Iz 3r3 No 1 3lz || Sic Mundus<6><STEAM_0:1:66144441><>" joined team "TERRORIST"
L 07/25/2020 - 17:46:30: "Iz 3r3 No 1 3lz || Sic Mundus<6><STEAM_0:1:66144441><TERRORIST>" triggered "Spawned_With_The_Bomb"
L 07/25/2020 - 17:46:30: [DPROTO]: Client 8 - Set AuthIdType 1 [Native]; pClient = 0568A0E8
L 07/25/2020 - 17:46:30: "FunZ || Cris<9><STEAM_0:1:540695973><>" connected, address "103.200.41.158:27005"
L 07/25/2020 - 17:46:31: "FunZ || Cris<9><STEAM_0:1:540695973><>" STEAM USERID validated
L 07/25/2020 - 17:46:34: "FunZ || Cris<9><STEAM_0:1:540695973><>" entered the game
L 07/25/2020 - 17:46:35: "FunZ || 1.5-14.5<4><STEAM_0:0:65740571><>" joined team "CT"
L 07/25/2020 - 17:46:36: World triggered "Game_Commencing"
L 07/25/2020 - 17:46:36: World triggered "Game_Commencing" (CT "0") (T "0")
L 07/25/2020 - 17:46:36: World triggered "Round_End"
L 07/25/2020 - 17:46:36: "Iz 3r3 No 1 3lz || Player<7><STEAM_0:0:209561119><>" joined team "TERRORIST"
L 07/25/2020 - 17:46:37: "FunZ || Cris<9><STEAM_0:1:540695973><>" joined team "CT"
L 07/25/2020 - 17:46:37: "FunZ || wolf<8><VALVE_0:4:1088121065><>" entered the game
L 07/25/2020 - 17:46:38: [DPROTO]: Client 9 - Set AuthIdType 1 [Native]; pClient = 0568F100
L 07/25/2020 - 17:46:38: "Iz 3r3 No 1 3lz || pRo_reVltN<10><STEAM_0:1:546352772><>" connected, address "182.70.109.51:27005"
L 07/25/2020 - 17:46:38: "Iz 3r3 No 1 3lz || pRo_reVltN<10><STEAM_0:1:546352772><>" STEAM USERID validated
L 07/25/2020 - 17:46:39: "Iz 3r3 No 1 3lz || Sic Mundus<6><STEAM_0:1:66144441><TERRORIST>" triggered "Spawned_With_The_Bomb"
L 07/25/2020 - 17:46:40: "FunZ || wolf<8><VALVE_0:4:1088121065><>" disconnected
L 07/25/2020 - 17:46:42: "Iz 3r3 No 1 3lz || pRo_reVltN<10><STEAM_0:1:546352772><>" entered the game
L 07/25/2020 - 17:46:44: [DPROTO]: Client 7 - Set AuthIdType 1 [dp_RevEmu]; pClient = 056850D0
L 07/25/2020 - 17:46:45: "Iz 3r3 No 1 3lz || @cH!lL!eS<11><STEAM_0:0:1568553987><>" connected, address "106.51.233.53:12353"
L 07/25/2020 - 17:46:45: "Ladder<2><STEAM_0:0:369456433><>" joined team "SPECTATOR"
L 07/25/2020 - 17:46:46: World triggered "Round_Start"
L 07/25/2020 - 17:46:46: [DPROTO]: Client 10 - Set AuthIdType 4 [dproto]; pClient = 05694118
L 07/25/2020 - 17:46:46: "FunZ || wolf<12><VALVE_0:4:1088121065><>" connected, address "106.51.234.40:28230"
L 07/25/2020 - 17:46:47: "Iz 3r3 No 1 3lz || pRo_reVltN<10><STEAM_0:1:546352772><>" joined team "TERRORIST"
L 07/25/2020 - 17:46:48: "Iz 3r3 No 1 3lz || @cH!lL!eS<11><STEAM_0:0:1568553987><>" entered the game
L 07/25/2020 - 17:46:48: "FunZ || U<5><STEAM_0:0:294118000><>" joined team "CT"
L 07/25/2020 - 17:46:52: [DPROTO]: Client 11 - Set AuthIdType 1 [dp_RevEmu]; pClient = 05699130
L 07/25/2020 - 17:46:52: "Iz 3r3 No 1 3lz || HKB<13><STEAM_0:0:976377135><>" connected, address "94.212.60.141:27005"
L 07/25/2020 - 17:46:54: "Iz 3r3 No 1 3lz || @cH!lL!eS<11><STEAM_0:0:1568553987><>" joined team "TERRORIST"
L 07/25/2020 - 17:46:55: "FunZ || wolf<12><VALVE_0:4:1088121065><>" entered the game
L 07/25/2020 - 17:46:58: "FunZ || wolf<12><VALVE_0:4:1088121065><>" disconnected
L 07/25/2020 - 17:47:00: "Iz 3r3 No 1 3lz || HKB<13><STEAM_0:0:976377135><>" entered the game
L 07/25/2020 - 17:47:03: [DPROTO]: Client 10 - Set AuthIdType 1 [Native]; pClient = 05694118
L 07/25/2020 - 17:47:03: "FunZ || N3m3s!$<14><STEAM_0:1:49729967><>" connected, address "1.39.171.212:3425"
L 07/25/2020 - 17:47:03: "FunZ || N3m3s!$<14><STEAM_0:1:49729967><>" STEAM USERID validated
L 07/25/2020 - 17:47:06: [DPROTO]: Client 12 - Set AuthIdType 4 [dproto]; pClient = 0569E148
L 07/25/2020 - 17:47:06: "FunZ || wolf<15><VALVE_0:4:1088121065><>" connected, address "106.51.234.40:28230"
L 07/25/2020 - 17:47:06: "Iz 3r3 No 1 3lz || HKB<13><STEAM_0:0:976377135><>" joined team "TERRORIST"
L 07/25/2020 - 17:47:09: "FunZ || N3m3s!$<14><STEAM_0:1:49729967><>" entered the game
L 07/25/2020 - 17:47:10: "Iz 3r3 No 1 3lz || Sic Mundus<6><STEAM_0:1:66144441><TERRORIST>" killed "FunZ || Cris<9><STEAM_0:1:540695973><CT>" with "glock18"
L 07/25/2020 - 17:47:11: "FunZ || wolf<15><VALVE_0:4:1088121065><>" entered the game
L 07/25/2020 - 17:47:14: "FunZ || N3m3s!$<14><STEAM_0:1:49729967><>" joined team "CT"
L 07/25/2020 - 17:47:15: "FunZ || wolf<15><VALVE_0:4:1088121065><>" joined team "CT"
L 07/25/2020 - 17:47:23: [DPROTO]: Client 13 - Set AuthIdType 1 [dp_RevEmu]; pClient = 056A3160
L 07/25/2020 - 17:47:23: "FunZ || Aga!N!<16><STEAM_0:0:810273828><>" connected, address "157.40.11.166:27005"
L 07/25/2020 - 17:47:29: "FunZ || Aga!N!<16><STEAM_0:0:810273828><>" entered the game
L 07/25/2020 - 17:47:29: "Iz 3r3 No 1 3lz || Sic Mundus<6><STEAM_0:1:66144441><TERRORIST>" triggered "Planted_The_Bomb"
L 07/25/2020 - 17:47:37: "Iz 3r3 No 1 3lz || Sic Mundus<6><STEAM_0:1:66144441><TERRORIST>" killed "FunZ || U<5><STEAM_0:0:294118000><CT>" with "glock18"
L 07/25/2020 - 17:47:38: "FunZ || 1.5-14.5<4><STEAM_0:0:65740571><CT>" killed "Iz 3r3 No 1 3lz || pRo_reVltN<10><STEAM_0:1:546352772><TERRORIST>" with "usp"
L 07/25/2020 - 17:47:39: "Iz 3r3 No 1 3lz || Escanor<3><STEAM_0:0:83230422><TERRORIST>" killed "FunZ || 1.5-14.5<4><STEAM_0:0:65740571><CT>" with "glock18"
L 07/25/2020 - 17:47:39: Team "TERRORIST" triggered "Terrorists_Win" (CT "0") (T "1")
L 07/25/2020 - 17:47:39: World triggered "Round_End"
L 07/25/2020 - 17:47:41: "FunZ || Aga!N!<16><STEAM_0:0:810273828><>" joined team "CT"
L 07/25/2020 - 17:47:44: "Iz 3r3 No 1 3lz || Player<7><STEAM_0:0:209561119><TERRORIST>" triggered "Spawned_With_The_Bomb"
L 07/25/2020 - 17:47:46: "Iz 3r3 No 1 3lz || Player<7><STEAM_0:0:209561119><TERRORIST>" triggered "Dropped_The_Bomb"
L 07/25/2020 - 17:47:51: World triggered "Round_Start"
L 07/25/2020 - 17:48:01: "Iz 3r3 No 1 3lz || pRo_reVltN<10><STEAM_0:1:546352772><TERRORIST>" killed "FunZ || Aga!N!<16><STEAM_0:0:810273828><CT>" with "ak47"
L 07/25/2020 - 17:48:01: "Iz 3r3 No 1 3lz || @cH!lL!eS<11><STEAM_0:0:1568553987><TERRORIST>" killed "FunZ || N3m3s!$<14><STEAM_0:1:49729967><CT>" with "ak47"
L 07/25/2020 - 17:48:07: "FunZ || U<5><STEAM_0:0:294118000><CT>" killed "Iz 3r3 No 1 3lz || Player<7><STEAM_0:0:209561119><TERRORIST>" with "usp"
L 07/25/2020 - 17:48:14: "Iz 3r3 No 1 3lz || pRo_reVltN<10><STEAM_0:1:546352772><TERRORIST>" killed "FunZ || Cris<9><STEAM_0:1:540695973><CT>" with "ak47"
L 07/25/2020 - 17:48:20: Rcon: "rcon 186423943 "Lauda2" mp_freezetime 12" from "49.207.59.42:18626"
L 07/25/2020 - 17:48:20: Server cvar "mp_freezetime" = "12"
L 07/25/2020 - 17:48:22: Rcon: "rcon 186423943 "Lauda2" sv_restart 1" from "49.207.59.42:18626"
L 07/25/2020 - 17:48:22: Server cvar "sv_restart" = "1"
L 07/25/2020 - 17:48:22: World triggered "Restart_Round_(1_second)"
L 07/25/2020 - 17:48:22: Team "CT" scored "0" with "6" players
L 07/25/2020 - 17:48:22: Team "TERRORIST" scored "1" with "6" players
L 07/25/2020 - 17:48:22: Server cvar "sv_restart" = "0"
L 07/25/2020 - 17:48:23: "Iz 3r3 No 1 3lz || @cH!lL!eS<11><STEAM_0:0:1568553987><TERRORIST>" triggered "Spawned_With_The_Bomb"
L 07/25/2020 - 17:48:31: "FunZ || Aga!N!<16><STEAM_0:0:810273828><CT>" say_team "win..  !! ez!!"
L 07/25/2020 - 17:48:34: "FunZ || 1.5-14.5<4><STEAM_0:0:65740571><CT>" say "next res live?"
L 07/25/2020 - 17:48:35: World triggered "Round_Start"
L 07/25/2020 - 17:48:39: Rcon: "rcon 2285686089 "Lauda2" say "next res live"" from "49.207.204.39:51160"
L 07/25/2020 - 17:48:39: Server say "next res live"
L 07/25/2020 - 17:48:39: "Iz 3r3 No 1 3lz || HKB<13><STEAM_0:0:976377135><TERRORIST>" say "cool"
L 07/25/2020 - 17:48:40: Rcon: "rcon 2285686089 "Lauda2" say "next res live" " from "49.207.204.39:51160"
L 07/25/2020 - 17:48:40: Server say "next res live""
L 07/25/2020 - 17:48:41: Rcon: "rcon 2285686089 "Lauda2" say "next res live" " from "49.207.204.39:51160"
L 07/25/2020 - 17:48:41: Server say "next res live""
L 07/25/2020 - 17:48:47: Rcon: "rcon 186423943 "Lauda2" sv_restart 5" from "49.207.59.42:18626"
L 07/25/2020 - 17:48:47: Server cvar "sv_restart" = "5"
L 07/25/2020 - 17:48:47: World triggered "Restart_Round_(5_seconds)"
L 07/25/2020 - 17:48:47: Team "CT" scored "0" with "6" players
L 07/25/2020 - 17:48:47: Team "TERRORIST" scored "0" with "6" players
L 07/25/2020 - 17:48:47: Server cvar "sv_restart" = "0"
L 07/25/2020 - 17:48:52: "Iz 3r3 No 1 3lz || pRo_reVltN<10><STEAM_0:1:546352772><TERRORIST>" triggered "Spawned_With_The_Bomb"
L 07/25/2020 - 17:48:55: "FunZ || 1.5-14.5<4><STEAM_0:0:65740571><CT>" say "live"
L 07/25/2020 - 17:48:59: Rcon: "rcon 2285686089 "Lauda2" say "live" " from "49.207.204.39:51160"
L 07/25/2020 - 17:48:59: Server say "live""
L 07/25/2020 - 17:49:00: Rcon: "rcon 2285686089 "Lauda2" say "live" " from "49.207.204.39:51160"
L 07/25/2020 - 17:49:00: Server say "live""
L 07/25/2020 - 17:49:01: Rcon: "rcon 2285686089 "Lauda2" say "live" " from "49.207.204.39:51160"
L 07/25/2020 - 17:49:01: Server say "live""
L 07/25/2020 - 17:49:02: "FunZ || Aga!N!<16><STEAM_0:0:810273828><CT>" say_team "win!"
L 07/25/2020 - 17:49:04: World triggered "Round_Start"
L 07/25/2020 - 17:49:06: Server say "live"
L 07/25/2020 - 17:49:07: Rcon: "rcon 2285686089 "Lauda2" say "match 1.1 starts" " from "49.207.204.39:51160"
L 07/25/2020 - 17:49:07: Server say "match 1.1 starts""
L 07/25/2020 - 17:49:33: "Iz 3r3 No 1 3lz || @cH!lL!eS<11><STEAM_0:0:1568553987><TERRORIST>" killed "FunZ || N3m3s!$<14><STEAM_0:1:49729967><CT>" with "elite"
L 07/25/2020 - 17:49:35: "Iz 3r3 No 1 3lz || Escanor<3><STEAM_0:0:83230422><TERRORIST>" killed "FunZ || U<5><STEAM_0:0:294118000><CT>" with "glock18"
L 07/25/2020 - 17:49:35: "FunZ || wolf<15><VALVE_0:4:1088121065><CT>" killed "Iz 3r3 No 1 3lz || @cH!lL!eS<11><STEAM_0:0:1568553987><TERRORIST>" with "grenade"
L 07/25/2020 - 17:49:36: "Iz 3r3 No 1 3lz || pRo_reVltN<10><STEAM_0:1:546352772><TERRORIST>" killed "FunZ || Cris<9><STEAM_0:1:540695973><CT>" with "deagle"
L 07/25/2020 - 17:49:40: "FunZ || wolf<15><VALVE_0:4:1088121065><CT>" killed "Iz 3r3 No 1 3lz || Escanor<3><STEAM_0:0:83230422><TERRORIST>" with "usp"
L 07/25/2020 - 17:49:41: "Iz 3r3 No 1 3lz || pRo_reVltN<10><STEAM_0:1:546352772><TERRORIST>" triggered "Planted_The_Bomb"
L 07/25/2020 - 17:49:48: "FunZ || 1.5-14.5<4><STEAM_0:0:65740571><CT>" killed "Iz 3r3 No 1 3lz || HKB<13><STEAM_0:0:976377135><TERRORIST>" with "usp"
L 07/25/2020 - 17:49:56: "Iz 3r3 No 1 3lz || Sic Mundus<6><STEAM_0:1:66144441><TERRORIST>" killed "FunZ || Aga!N!<16><STEAM_0:0:810273828><CT>" with "glock18"
L 07/25/2020 - 17:50:01: "FunZ || 1.5-14.5<4><STEAM_0:0:65740571><CT>" killed "Iz 3r3 No 1 3lz || Player<7><STEAM_0:0:209561119><TERRORIST>" with "usp"
L 07/25/2020 - 17:50:03: "FunZ || 1.5-14.5<4><STEAM_0:0:65740571><CT>" triggered "Begin_Bomb_Defuse_Without_Kit"
L 07/25/2020 - 17:50:06: "Iz 3r3 No 1 3lz || pRo_reVltN<10><STEAM_0:1:546352772><TERRORIST>" killed "FunZ || 1.5-14.5<4><STEAM_0:0:65740571><CT>" with "deagle"
L 07/25/2020 - 17:50:11: "Iz 3r3 No 1 3lz || pRo_reVltN<10><STEAM_0:1:546352772><TERRORIST>" killed "FunZ || wolf<15><VALVE_0:4:1088121065><CT>" with "deagle"
L 07/25/2020 - 17:50:11: Team "TERRORIST" triggered "Terrorists_Win" (CT "0") (T "1")
L 07/25/2020 - 17:50:11: World triggered "Round_End"
L 07/25/2020 - 17:50:16: "Iz 3r3 No 1 3lz || HKB<13><STEAM_0:0:976377135><TERRORIST>" triggered "Spawned_With_The_Bomb"
L 07/25/2020 - 17:50:18: "FunZ || Aga!N!<16><STEAM_0:0:810273828><CT>" say_team "e"
L 07/25/2020 - 17:50:18: "Iz 3r3 No 1 3lz || HKB<13><STEAM_0:0:976377135><TERRORIST>" triggered "Dropped_The_Bomb"
L 07/25/2020 - 17:50:28: World triggered "Round_Start"
L 07/25/2020 - 17:50:28: "Iz 3r3 No 1 3lz || @cH!lL!eS<11><STEAM_0:0:1568553987><TERRORIST>" triggered "Got_The_Bomb"
L 07/25/2020 - 17:50:59: "Iz 3r3 No 1 3lz || Escanor<3><STEAM_0:0:83230422><TERRORIST>" killed "FunZ || N3m3s!$<14><STEAM_0:1:49729967><CT>" with "ak47"
L 07/25/2020 - 17:51:03: "Iz 3r3 No 1 3lz || @cH!lL!eS<11><STEAM_0:0:1568553987><TERRORIST>" killed "FunZ || Cris<9><STEAM_0:1:540695973><CT>" with "ak47"
L 07/25/2020 - 17:51:11: "Iz 3r3 No 1 3lz || @cH!lL!eS<11><STEAM_0:0:1568553987><TERRORIST>" killed "FunZ || U<5><STEAM_0:0:294118000><CT>" with "ak47"
L 07/25/2020 - 17:51:16: "Iz 3r3 No 1 3lz || @cH!lL!eS<11><STEAM_0:0:1568553987><TERRORIST>" triggered "Planted_The_Bomb"
L 07/25/2020 - 17:51:48: "Iz 3r3 No 1 3lz || @cH!lL!eS<11><STEAM_0:0:1568553987><TERRORIST>" killed "FunZ || wolf<15><VALVE_0:4:1088121065><CT>" with "ak47"
L 07/25/2020 - 17:52:00: "Iz 3r3 No 1 3lz || pRo_reVltN<10><STEAM_0:1:546352772><TERRORIST>" killed "FunZ || Aga!N!<16><STEAM_0:0:810273828><CT>" with "ak47"
L 07/25/2020 - 17:52:01: Team "TERRORIST" triggered "Target_Bombed" (CT "0") (T "2")
L 07/25/2020 - 17:52:01: World triggered "Round_End"
L 07/25/2020 - 17:52:06: "Iz 3r3 No 1 3lz || Escanor<3><STEAM_0:0:83230422><TERRORIST>" triggered "Spawned_With_The_Bomb"
L 07/25/2020 - 17:52:08: "Iz 3r3 No 1 3lz || Escanor<3><STEAM_0:0:83230422><TERRORIST>" triggered "Dropped_The_Bomb"
L 07/25/2020 - 17:52:09: "FunZ || Aga!N!<16><STEAM_0:0:810273828><CT>" say_team "3,2"
L 07/25/2020 - 17:52:18: World triggered "Round_Start"
L 07/25/2020 - 17:52:21: "Iz 3r3 No 1 3lz || @cH!lL!eS<11><STEAM_0:0:1568553987><TERRORIST>" triggered "Got_The_Bomb"
L 07/25/2020 - 17:52:57: "Iz 3r3 No 1 3lz || pRo_reVltN<10><STEAM_0:1:546352772><TERRORIST>" killed "FunZ || Cris<9><STEAM_0:1:540695973><CT>" with "ak47"
L 07/25/2020 - 17:52:58: "Iz 3r3 No 1 3lz || Player<7><STEAM_0:0:209561119><TERRORIST>" killed "FunZ || U<5><STEAM_0:0:294118000><CT>" with "ak47"
L 07/25/2020 - 17:53:00: "FunZ || N3m3s!$<14><STEAM_0:1:49729967><CT>" killed "Iz 3r3 No 1 3lz || Player<7><STEAM_0:0:209561119><TERRORIST>" with "usp"
L 07/25/2020 - 17:53:06: "Iz 3r3 No 1 3lz || @cH!lL!eS<11><STEAM_0:0:1568553987><TERRORIST>" killed "FunZ || N3m3s!$<14><STEAM_0:1:49729967><CT>" with "ak47"
L 07/25/2020 - 17:53:08: "Iz 3r3 No 1 3lz || Escanor<3><STEAM_0:0:83230422><TERRORIST>" killed "FunZ || Aga!N!<16><STEAM_0:0:810273828><CT>" with "ak47"
L 07/25/2020 - 17:53:13: [DPROTO]: Client 14 - Set AuthIdType 1 [Native]; pClient = 056A8178
L 07/25/2020 - 17:53:13: "Stufu<17><STEAM_0:1:147341737><>" connected, address "106.51.109.107:25362"
L 07/25/2020 - 17:53:14: "Stufu<17><STEAM_0:1:147341737><>" STEAM USERID validated
L 07/25/2020 - 17:53:16: "Iz 3r3 No 1 3lz || @cH!lL!eS<11><STEAM_0:0:1568553987><TERRORIST>" triggered "Planted_The_Bomb"
L 07/25/2020 - 17:53:18: "Iz 3r3 No 1 3lz || Escanor<3><STEAM_0:0:83230422><TERRORIST>" killed "FunZ || 1.5-14.5<4><STEAM_0:0:65740571><CT>" with "ak47"
L 07/25/2020 - 17:53:19: "Stufu<17><STEAM_0:1:147341737><>" entered the game
L 07/25/2020 - 17:53:20: "FunZ || wolf<15><VALVE_0:4:1088121065><CT>" killed "Iz 3r3 No 1 3lz || Escanor<3><STEAM_0:0:83230422><TERRORIST>" with "usp"
L 07/25/2020 - 17:53:35: "FunZ || 1.5-14.5<4><STEAM_0:0:65740571><CT>" say "chasecam on kyano :(" (dead)
L 07/25/2020 - 17:53:39: "Iz 3r3 No 1 3lz || @cH!lL!eS<11><STEAM_0:0:1568553987><TERRORIST>" killed "FunZ || wolf<15><VALVE_0:4:1088121065><CT>" with "ak47"
L 07/25/2020 - 17:53:39: Team "TERRORIST" triggered "Terrorists_Win" (CT "0") (T "3")
L 07/25/2020 - 17:53:39: World triggered "Round_End"
L 07/25/2020 - 17:53:41: "Stufu<17><STEAM_0:1:147341737><>" joined team "SPECTATOR"
L 07/25/2020 - 17:53:43: "Iz 3r3 No 1 3lz || Escanor<3><STEAM_0:0:83230422><TERRORIST>" say "abe ha toph" (dead)
L 07/25/2020 - 17:53:43: Rcon: "rcon 186423943 "Lauda2" amx_pause" from "49.207.59.42:18626"
L 07/25/2020 - 17:53:43: Server cvar "pausable" = "1"
L 07/25/2020 - 17:53:43: Server cvar "pausable" = "0"
L 07/25/2020 - 17:54:02: Rcon: "rcon 1017254537 "Lauda2" mp_forcechasecam 2" from "106.51.109.107:25362"
L 07/25/2020 - 17:54:02: Server cvar "mp_forcechasecam" = "2"
L 07/25/2020 - 17:54:10: "Iz 3r3 No 1 3lz || @cH!lL!eS<11><STEAM_0:0:1568553987><TERRORIST>" say "unpause ar agey janiyo"
L 07/25/2020 - 17:54:23: Rcon: "rcon 1017254537 "Lauda2" say "chase cam off, unpausing in 10 seconds"" from "106.51.109.107:25362"
L 07/25/2020 - 17:54:23: Server say "chase cam off, unpausing in 10 seconds"
L 07/25/2020 - 17:54:24: Rcon: "rcon 1017254537 "Lauda2" say "chase cam off, unpausing in 10 seconds"" from "106.51.109.107:25362"
L 07/25/2020 - 17:54:24: Server say "chase cam off, unpausing in 10 seconds"
L 07/25/2020 - 17:54:24: Rcon: "rcon 1017254537 "Lauda2" say "chase cam off, unpausing in 10 seconds"" from "106.51.109.107:25362"
L 07/25/2020 - 17:54:24: Server say "chase cam off, unpausing in 10 seconds"
L 07/25/2020 - 17:54:24: Rcon: "rcon 1017254537 "Lauda2" say "chase cam off, unpausing in 10 seconds"" from "106.51.109.107:25362"
L 07/25/2020 - 17:54:24: Server say "chase cam off, unpausing in 10 seconds"
L 07/25/2020 - 17:54:24: Rcon: "rcon 1017254537 "Lauda2" say "chase cam off, unpausing in 10 seconds"" from "106.51.109.107:25362"
L 07/25/2020 - 17:54:24: Server say "chase cam off, unpausing in 10 seconds"
L 07/25/2020 - 17:54:25: "Iz 3r3 No 1 3lz || Sic Mundus<6><STEAM_0:1:66144441><TERRORIST>" say "EKJON SPEC"
L 07/25/2020 - 17:54:34: Rcon: "rcon 1017254537 "Lauda2" amx_pause 0" from "106.51.109.107:25362"
L 07/25/2020 - 17:54:34: Server cvar "pausable" = "1"
L 07/25/2020 - 17:54:34: Server cvar "pausable" = "0"
L 07/25/2020 - 17:54:36: "Iz 3r3 No 1 3lz || Sic Mundus<6><STEAM_0:1:66144441><TERRORIST>" triggered "Spawned_With_The_Bomb"
L 07/25/2020 - 17:54:45: "Iz 3r3 No 1 3lz || Sic Mundus<6><STEAM_0:1:66144441><TERRORIST>" triggered "Dropped_The_Bomb"
L 07/25/2020 - 17:54:48: World triggered "Round_Start"
L 07/25/2020 - 17:54:49: "Iz 3r3 No 1 3lz || @cH!lL!eS<11><STEAM_0:0:1568553987><TERRORIST>" triggered "Got_The_Bomb"
L 07/25/2020 - 17:55:23: "FunZ || Cris<9><STEAM_0:1:540695973><CT>" killed "Iz 3r3 No 1 3lz || Sic Mundus<6><STEAM_0:1:66144441><TERRORIST>" with "m4a1"
L 07/25/2020 - 17:55:28: "Iz 3r3 No 1 3lz || HKB<13><STEAM_0:0:976377135><TERRORIST>" killed "FunZ || 1.5-14.5<4><STEAM_0:0:65740571><CT>" with "mp5navy"
L 07/25/2020 - 17:55:30: "Iz 3r3 No 1 3lz || Escanor<3><STEAM_0:0:83230422><TERRORIST>" killed "FunZ || Aga!N!<16><STEAM_0:0:810273828><CT>" with "ak47"
L 07/25/2020 - 17:55:37: "FunZ || N3m3s!$<14><STEAM_0:1:49729967><CT>" killed "Iz 3r3 No 1 3lz || HKB<13><STEAM_0:0:976377135><TERRORIST>" with "m4a1"
L 07/25/2020 - 17:55:37: "FunZ || U<5><STEAM_0:0:294118000><CT>" killed "Iz 3r3 No 1 3lz || @cH!lL!eS<11><STEAM_0:0:1568553987><TERRORIST>" with "m4a1"
L 07/25/2020 - 17:55:37: "Iz 3r3 No 1 3lz || @cH!lL!eS<11><STEAM_0:0:1568553987><TERRORIST>" triggered "Dropped_The_Bomb"
L 07/25/2020 - 17:55:42: "Stufu<17><STEAM_0:1:147341737><SPECTATOR>" disconnected
L 07/25/2020 - 17:55:47: "Iz 3r3 No 1 3lz || Escanor<3><STEAM_0:0:83230422><TERRORIST>" killed "FunZ || U<5><STEAM_0:0:294118000><CT>" with "ak47"
L 07/25/2020 - 17:55:50: "Iz 3r3 No 1 3lz || pRo_reVltN<10><STEAM_0:1:546352772><TERRORIST>" killed "FunZ || wolf<15><VALVE_0:4:1088121065><CT>" with "ak47"
L 07/25/2020 - 17:55:52: "Iz 3r3 No 1 3lz || Player<7><STEAM_0:0:209561119><TERRORIST>" killed "FunZ || Cris<9><STEAM_0:1:540695973><CT>" with "ak47"
L 07/25/2020 - 17:55:54: "Iz 3r3 No 1 3lz || Escanor<3><STEAM_0:0:83230422><TERRORIST>" triggered "Got_The_Bomb"
L 07/25/2020 - 17:55:54: "Iz 3r3 No 1 3lz || pRo_reVltN<10><STEAM_0:1:546352772><TERRORIST>" killed "FunZ || N3m3s!$<14><STEAM_0:1:49729967><CT>" with "ak47"
L 07/25/2020 - 17:55:54: Team "TERRORIST" triggered "Terrorists_Win" (CT "0") (T "4")
L 07/25/2020 - 17:55:54: World triggered "Round_End"
L 07/25/2020 - 17:55:59: "Iz 3r3 No 1 3lz || Player<7><STEAM_0:0:209561119><TERRORIST>" triggered "Spawned_With_The_Bomb"
L 07/25/2020 - 17:56:02: "Iz 3r3 No 1 3lz || Player<7><STEAM_0:0:209561119><TERRORIST>" triggered "Dropped_The_Bomb"
L 07/25/2020 - 17:56:03: "Iz 3r3 No 1 3lz || pRo_reVltN<10><STEAM_0:1:546352772><TERRORIST>" triggered "Got_The_Bomb"
L 07/25/2020 - 17:56:11: World triggered "Round_Start"
L 07/25/2020 - 17:56:20: "Iz 3r3 No 1 3lz || HKB<13><STEAM_0:0:976377135><TERRORIST>" killed "FunZ || Cris<9><STEAM_0:1:540695973><CT>" with "mp5navy"
L 07/25/2020 - 17:56:23: "Iz 3r3 No 1 3lz || Escanor<3><STEAM_0:0:83230422><TERRORIST>" killed "FunZ || N3m3s!$<14><STEAM_0:1:49729967><CT>" with "ak47"
L 07/25/2020 - 17:56:23: "Iz 3r3 No 1 3lz || Sic Mundus<6><STEAM_0:1:66144441><TERRORIST>" killed "FunZ || Aga!N!<16><STEAM_0:0:810273828><CT>" with "galil"
L 07/25/2020 - 17:56:24: "Iz 3r3 No 1 3lz || @cH!lL!eS<11><STEAM_0:0:1568553987><TERRORIST>" killed "FunZ || wolf<15><VALVE_0:4:1088121065><CT>" with "grenade"
L 07/25/2020 - 17:56:26: "Iz 3r3 No 1 3lz || HKB<13><STEAM_0:0:976377135><TERRORIST>" killed "FunZ || 1.5-14.5<4><STEAM_0:0:65740571><CT>" with "mp5navy"
L 07/25/2020 - 17:56:43: "Iz 3r3 No 1 3lz || pRo_reVltN<10><STEAM_0:1:546352772><TERRORIST>" triggered "Planted_The_Bomb"
L 07/25/2020 - 17:56:47: "Iz 3r3 No 1 3lz || HKB<13><STEAM_0:0:976377135><TERRORIST>" killed "FunZ || U<5><STEAM_0:0:294118000><CT>" with "mp5navy"
L 07/25/2020 - 17:56:47: Team "TERRORIST" triggered "Terrorists_Win" (CT "0") (T "5")
L 07/25/2020 - 17:56:47: World triggered "Round_End"
L 07/25/2020 - 17:56:52: "Iz 3r3 No 1 3lz || @cH!lL!eS<11><STEAM_0:0:1568553987><TERRORIST>" triggered "Spawned_With_The_Bomb"
L 07/25/2020 - 17:57:04: World triggered "Round_Start"
L 07/25/2020 - 17:57:12: "Iz 3r3 No 1 3lz || @cH!lL!eS<11><STEAM_0:0:1568553987><TERRORIST>" triggered "Dropped_The_Bomb"
L 07/25/2020 - 17:57:20: "Iz 3r3 No 1 3lz || Player<7><STEAM_0:0:209561119><TERRORIST>" triggered "Got_The_Bomb"
L 07/25/2020 - 17:57:33: "Iz 3r3 No 1 3lz || Sic Mundus<6><STEAM_0:1:66144441><TERRORIST>" killed "FunZ || Aga!N!<16><STEAM_0:0:810273828><CT>" with "galil"
L 07/25/2020 - 17:57:45: "FunZ || Cris<9><STEAM_0:1:540695973><CT>" killed "Iz 3r3 No 1 3lz || HKB<13><STEAM_0:0:976377135><TERRORIST>" with "m4a1"
L 07/25/2020 - 17:57:57: "Iz 3r3 No 1 3lz || Sic Mundus<6><STEAM_0:1:66144441><TERRORIST>" killed "FunZ || wolf<15><VALVE_0:4:1088121065><CT>" with "galil"
L 07/25/2020 - 17:57:59: "FunZ || U<5><STEAM_0:0:294118000><CT>" killed "Iz 3r3 No 1 3lz || pRo_reVltN<10><STEAM_0:1:546352772><TERRORIST>" with "m4a1"
L 07/25/2020 - 17:58:05: "FunZ || U<5><STEAM_0:0:294118000><CT>" killed "Iz 3r3 No 1 3lz || @cH!lL!eS<11><STEAM_0:0:1568553987><TERRORIST>" with "m4a1"
L 07/25/2020 - 17:58:08: "Iz 3r3 No 1 3lz || Escanor<3><STEAM_0:0:83230422><TERRORIST>" killed "FunZ || Cris<9><STEAM_0:1:540695973><CT>" with "ak47"
L 07/25/2020 - 17:58:13: "FunZ || U<5><STEAM_0:0:294118000><CT>" killed "Iz 3r3 No 1 3lz || Escanor<3><STEAM_0:0:83230422><TERRORIST>" with "m4a1"
L 07/25/2020 - 17:58:18: "Iz 3r3 No 1 3lz || Player<7><STEAM_0:0:209561119><TERRORIST>" killed "FunZ || U<5><STEAM_0:0:294118000><CT>" with "m4a1"
L 07/25/2020 - 17:58:27: "Iz 3r3 No 1 3lz || Sic Mundus<6><STEAM_0:1:66144441><TERRORIST>" killed "FunZ || N3m3s!$<14><STEAM_0:1:49729967><CT>" with "galil"
L 07/25/2020 - 17:58:50: "Iz 3r3 No 1 3lz || Sic Mundus<6><STEAM_0:1:66144441><TERRORIST>" killed "FunZ || 1.5-14.5<4><STEAM_0:0:65740571><CT>" with "galil"
L 07/25/2020 - 17:58:50: Team "TERRORIST" triggered "Terrorists_Win" (CT "0") (T "6")
L 07/25/2020 - 17:58:50: World triggered "Round_End"
L 07/25/2020 - 17:58:55: "Iz 3r3 No 1 3lz || Player<7><STEAM_0:0:209561119><TERRORIST>" triggered "Planted_The_Bomb"
L 07/25/2020 - 17:58:55: "Iz 3r3 No 1 3lz || pRo_reVltN<10><STEAM_0:1:546352772><TERRORIST>" triggered "Spawned_With_The_Bomb"
L 07/25/2020 - 17:59:07: World triggered "Round_Start"
L 07/25/2020 - 17:59:22: "Iz 3r3 No 1 3lz || @cH!lL!eS<11><STEAM_0:0:1568553987><TERRORIST>" killed "FunZ || U<5><STEAM_0:0:294118000><CT>" with "ak47"
L 07/25/2020 - 17:59:34: "FunZ || Cris<9><STEAM_0:1:540695973><CT>" disconnected
L 07/25/2020 - 17:59:34: [DPROTO]: Client 8 - Set AuthIdType 1 [Native]; pClient = 0568A0E8
L 07/25/2020 - 17:59:34: "FunZ || Cris<18><STEAM_0:1:540695973><>" connected, address "103.200.41.158:27005"
L 07/25/2020 - 17:59:34: "FunZ || Cris<18><STEAM_0:1:540695973><>" STEAM USERID validated
L 07/25/2020 - 17:59:38: "FunZ || Cris<18><STEAM_0:1:540695973><>" entered the game
L 07/25/2020 - 17:59:38: Rcon: "rcon 186423943 "Lauda2" amx_pause" from "49.207.59.42:18626"
L 07/25/2020 - 17:59:38: Server cvar "pausable" = "1"
L 07/25/2020 - 17:59:38: Server cvar "pausable" = "0"
L 07/25/2020 - 17:59:41: "FunZ || Cris<18><STEAM_0:1:540695973><>" joined team "CT"
L 07/25/2020 - 18:00:01: "FunZ || 1.5-14.5<4><STEAM_0:0:65740571><CT>" say_team "unpausing in 5"
L 07/25/2020 - 18:00:08: Rcon: "rcon 186423943 "Lauda2" amx_pause" from "49.207.59.42:18626"
L 07/25/2020 - 18:00:08: Server cvar "pausable" = "1"
L 07/25/2020 - 18:00:08: Server cvar "pausable" = "0"
L 07/25/2020 - 18:00:27: "Iz 3r3 No 1 3lz || @cH!lL!eS<11><STEAM_0:0:1568553987><TERRORIST>" killed "FunZ || N3m3s!$<14><STEAM_0:1:49729967><CT>" with "ak47"
L 07/25/2020 - 18:00:31: "Iz 3r3 No 1 3lz || Player<7><STEAM_0:0:209561119><TERRORIST>" killed "FunZ || 1.5-14.5<4><STEAM_0:0:65740571><CT>" with "m4a1"
L 07/25/2020 - 18:00:37: "Iz 3r3 No 1 3lz || pRo_reVltN<10><STEAM_0:1:546352772><TERRORIST>" triggered "Planted_The_Bomb"
L 07/25/2020 - 18:01:19: "FunZ || Aga!N!<16><STEAM_0:0:810273828><CT>" killed "Iz 3r3 No 1 3lz || Sic Mundus<6><STEAM_0:1:66144441><TERRORIST>" with "famas"
L 07/25/2020 - 18:01:20: "Iz 3r3 No 1 3lz || HKB<13><STEAM_0:0:976377135><TERRORIST>" killed "FunZ || Aga!N!<16><STEAM_0:0:810273828><CT>" with "m4a1"
L 07/25/2020 - 18:01:23: Team "TERRORIST" triggered "Target_Bombed" (CT "0") (T "7")
L 07/25/2020 - 18:01:23: World triggered "Round_End"
L 07/25/2020 - 18:01:28: "Iz 3r3 No 1 3lz || HKB<13><STEAM_0:0:976377135><TERRORIST>" triggered "Spawned_With_The_Bomb"
L 07/25/2020 - 18:01:30: "Iz 3r3 No 1 3lz || HKB<13><STEAM_0:0:976377135><TERRORIST>" triggered "Dropped_The_Bomb"
L 07/25/2020 - 18:01:40: World triggered "Round_Start"
L 07/25/2020 - 18:01:40: "Iz 3r3 No 1 3lz || @cH!lL!eS<11><STEAM_0:0:1568553987><TERRORIST>" triggered "Got_The_Bomb"
L 07/25/2020 - 18:01:49: "Iz 3r3 No 1 3lz || @cH!lL!eS<11><STEAM_0:0:1568553987><TERRORIST>" triggered "Dropped_The_Bomb"
L 07/25/2020 - 18:01:53: "Iz 3r3 No 1 3lz || HKB<13><STEAM_0:0:976377135><TERRORIST>" triggered "Got_The_Bomb"
L 07/25/2020 - 18:02:14: "Iz 3r3 No 1 3lz || Player<7><STEAM_0:0:209561119><TERRORIST>" killed "FunZ || Cris<18><STEAM_0:1:540695973><CT>" with "m4a1"
L 07/25/2020 - 18:02:26: "Iz 3r3 No 1 3lz || Player<7><STEAM_0:0:209561119><TERRORIST>" killed "FunZ || N3m3s!$<14><STEAM_0:1:49729967><CT>" with "m4a1"
L 07/25/2020 - 18:02:31: "FunZ || 1.5-14.5<4><STEAM_0:0:65740571><CT>" killed "Iz 3r3 No 1 3lz || @cH!lL!eS<11><STEAM_0:0:1568553987><TERRORIST>" with "m4a1"
L 07/25/2020 - 18:02:31: "Iz 3r3 No 1 3lz || HKB<13><STEAM_0:0:976377135><TERRORIST>" triggered "Planted_The_Bomb"
L 07/25/2020 - 18:02:31: "FunZ || wolf<15><VALVE_0:4:1088121065><CT>" killed "Iz 3r3 No 1 3lz || Player<7><STEAM_0:0:209561119><TERRORIST>" with "m4a1"
L 07/25/2020 - 18:02:35: "FunZ || U<5><STEAM_0:0:294118000><CT>" killed "Iz 3r3 No 1 3lz || Escanor<3><STEAM_0:0:83230422><TERRORIST>" with "m4a1"
L 07/25/2020 - 18:02:37: "FunZ || U<5><STEAM_0:0:294118000><CT>" killed "Iz 3r3 No 1 3lz || Sic Mundus<6><STEAM_0:1:66144441><TERRORIST>" with "m4a1"
L 07/25/2020 - 18:02:39: "Iz 3r3 No 1 3lz || HKB<13><STEAM_0:0:976377135><TERRORIST>" killed "FunZ || wolf<15><VALVE_0:4:1088121065><CT>" with "m4a1"
L 07/25/2020 - 18:02:40: "FunZ || Aga!N!<16><STEAM_0:0:810273828><CT>" killed "Iz 3r3 No 1 3lz || HKB<13><STEAM_0:0:976377135><TERRORIST>" with "m4a1"
L 07/25/2020 - 18:02:47: "FunZ || Aga!N!<16><STEAM_0:0:810273828><CT>" killed "Iz 3r3 No 1 3lz || pRo_reVltN<10><STEAM_0:1:546352772><TERRORIST>" with "m4a1"
L 07/25/2020 - 18:02:50: "FunZ || 1.5-14.5<4><STEAM_0:0:65740571><CT>" triggered "Begin_Bomb_Defuse_Without_Kit"
L 07/25/2020 - 18:02:51: "FunZ || 1.5-14.5<4><STEAM_0:0:65740571><CT>" triggered "Begin_Bomb_Defuse_Without_Kit"
L 07/25/2020 - 18:02:51: "FunZ || 1.5-14.5<4><STEAM_0:0:65740571><CT>" triggered "Begin_Bomb_Defuse_Without_Kit"
L 07/25/2020 - 18:03:01: "FunZ || 1.5-14.5<4><STEAM_0:0:65740571><CT>" triggered "Defused_The_Bomb"
L 07/25/2020 - 18:03:01: Team "CT" triggered "Bomb_Defused" (CT "1") (T "7")
L 07/25/2020 - 18:03:01: World triggered "Round_End"
L 07/25/2020 - 18:03:06: "Iz 3r3 No 1 3lz || Escanor<3><STEAM_0:0:83230422><TERRORIST>" triggered "Spawned_With_The_Bomb"
L 07/25/2020 - 18:03:11: "Iz 3r3 No 1 3lz || Escanor<3><STEAM_0:0:83230422><TERRORIST>" triggered "Dropped_The_Bomb"
L 07/25/2020 - 18:03:11: "Iz 3r3 No 1 3lz || Player<7><STEAM_0:0:209561119><TERRORIST>" triggered "Got_The_Bomb"
L 07/25/2020 - 18:03:16: "Iz 3r3 No 1 3lz || Player<7><STEAM_0:0:209561119><TERRORIST>" triggered "Dropped_The_Bomb"
L 07/25/2020 - 18:03:18: World triggered "Round_Start"
L 07/25/2020 - 18:03:22: "Iz 3r3 No 1 3lz || Player<7><STEAM_0:0:209561119><TERRORIST>" triggered "Got_The_Bomb"
L 07/25/2020 - 18:03:24: "FunZ || Aga!N!<16><STEAM_0:0:810273828><CT>" killed "Iz 3r3 No 1 3lz || pRo_reVltN<10><STEAM_0:1:546352772><TERRORIST>" with "awp"
L 07/25/2020 - 18:03:36: "Iz 3r3 No 1 3lz || @cH!lL!eS<11><STEAM_0:0:1568553987><TERRORIST>" killed "FunZ || U<5><STEAM_0:0:294118000><CT>" with "ak47"
L 07/25/2020 - 18:03:45: "Iz 3r3 No 1 3lz || Escanor<3><STEAM_0:0:83230422><TERRORIST>" killed "FunZ || 1.5-14.5<4><STEAM_0:0:65740571><CT>" with "ak47"
L 07/25/2020 - 18:03:51: "FunZ || Aga!N!<16><STEAM_0:0:810273828><CT>" killed "Iz 3r3 No 1 3lz || Escanor<3><STEAM_0:0:83230422><TERRORIST>" with "awp"
L 07/25/2020 - 18:03:56: "FunZ || wolf<15><VALVE_0:4:1088121065><CT>" killed "Iz 3r3 No 1 3lz || @cH!lL!eS<11><STEAM_0:0:1568553987><TERRORIST>" with "m4a1"
L 07/25/2020 - 18:03:57: "Iz 3r3 No 1 3lz || Player<7><STEAM_0:0:209561119><TERRORIST>" killed "FunZ || wolf<15><VALVE_0:4:1088121065><CT>" with "ak47"
L 07/25/2020 - 18:04:09: "Iz 3r3 No 1 3lz || Sic Mundus<6><STEAM_0:1:66144441><TERRORIST>" killed "FunZ || N3m3s!$<14><STEAM_0:1:49729967><CT>" with "galil"
L 07/25/2020 - 18:04:31: "FunZ || Aga!N!<16><STEAM_0:0:810273828><CT>" killed "Iz 3r3 No 1 3lz || Player<7><STEAM_0:0:209561119><TERRORIST>" with "awp"
L 07/25/2020 - 18:04:31: "Iz 3r3 No 1 3lz || Player<7><STEAM_0:0:209561119><TERRORIST>" triggered "Dropped_The_Bomb"
L 07/25/2020 - 18:04:34: "Iz 3r3 No 1 3lz || Sic Mundus<6><STEAM_0:1:66144441><TERRORIST>" triggered "Got_The_Bomb"
L 07/25/2020 - 18:04:38: "Iz 3r3 No 1 3lz || Sic Mundus<6><STEAM_0:1:66144441><TERRORIST>" killed "FunZ || Aga!N!<16><STEAM_0:0:810273828><CT>" with "galil"
L 07/25/2020 - 18:04:43: "Iz 3r3 No 1 3lz || Sic Mundus<6><STEAM_0:1:66144441><TERRORIST>" triggered "Planted_The_Bomb"
L 07/25/2020 - 18:04:48: "Iz 3r3 No 1 3lz || HKB<13><STEAM_0:0:976377135><TERRORIST>" killed "FunZ || Cris<18><STEAM_0:1:540695973><CT>" with "galil"
L 07/25/2020 - 18:04:48: Team "TERRORIST" triggered "Terrorists_Win" (CT "1") (T "8")
L 07/25/2020 - 18:04:48: World triggered "Round_End"
L 07/25/2020 - 18:04:53: "Iz 3r3 No 1 3lz || Sic Mundus<6><STEAM_0:1:66144441><TERRORIST>" triggered "Spawned_With_The_Bomb"
L 07/25/2020 - 18:05:05: World triggered "Round_Start"
L 07/25/2020 - 18:05:19: "Iz 3r3 No 1 3lz || Sic Mundus<6><STEAM_0:1:66144441><TERRORIST>" triggered "Dropped_The_Bomb"
L 07/25/2020 - 18:05:27: "Iz 3r3 No 1 3lz || HKB<13><STEAM_0:0:976377135><TERRORIST>" triggered "Got_The_Bomb"
L 07/25/2020 - 18:05:59: "FunZ || wolf<15><VALVE_0:4:1088121065><CT>" killed "Iz 3r3 No 1 3lz || @cH!lL!eS<11><STEAM_0:0:1568553987><TERRORIST>" with "usp"
L 07/25/2020 - 18:06:02: "Iz 3r3 No 1 3lz || Sic Mundus<6><STEAM_0:1:66144441><TERRORIST>" killed "FunZ || Aga!N!<16><STEAM_0:0:810273828><CT>" with "galil"
L 07/25/2020 - 18:06:04: "FunZ || N3m3s!$<14><STEAM_0:1:49729967><CT>" killed "Iz 3r3 No 1 3lz || Sic Mundus<6><STEAM_0:1:66144441><TERRORIST>" with "deagle"
L 07/25/2020 - 18:06:19: "Iz 3r3 No 1 3lz || Player<7><STEAM_0:0:209561119><TERRORIST>" killed "FunZ || wolf<15><VALVE_0:4:1088121065><CT>" with "ak47"
L 07/25/2020 - 18:06:25: "FunZ || 1.5-14.5<4><STEAM_0:0:65740571><CT>" killed "Iz 3r3 No 1 3lz || Player<7><STEAM_0:0:209561119><TERRORIST>" with "m4a1"
L 07/25/2020 - 18:06:26: "Iz 3r3 No 1 3lz || pRo_reVltN<10><STEAM_0:1:546352772><TERRORIST>" killed "FunZ || 1.5-14.5<4><STEAM_0:0:65740571><CT>" with "ak47"
L 07/25/2020 - 18:06:34: "Iz 3r3 No 1 3lz || pRo_reVltN<10><STEAM_0:1:546352772><TERRORIST>" killed "FunZ || Cris<18><STEAM_0:1:540695973><CT>" with "glock18"
L 07/25/2020 - 18:06:34: "Iz 3r3 No 1 3lz || Escanor<3><STEAM_0:0:83230422><TERRORIST>" killed "FunZ || N3m3s!$<14><STEAM_0:1:49729967><CT>" with "awp"
L 07/25/2020 - 18:06:43: "Iz 3r3 No 1 3lz || pRo_reVltN<10><STEAM_0:1:546352772><TERRORIST>" killed "FunZ || U<5><STEAM_0:0:294118000><CT>" with "ak47"
L 07/25/2020 - 18:06:43: Team "TERRORIST" triggered "Terrorists_Win" (CT "1") (T "9")
L 07/25/2020 - 18:06:43: World triggered "Round_End"
L 07/25/2020 - 18:06:48: "Iz 3r3 No 1 3lz || Player<7><STEAM_0:0:209561119><TERRORIST>" triggered "Spawned_With_The_Bomb"
L 07/25/2020 - 18:06:51: "Iz 3r3 No 1 3lz || Player<7><STEAM_0:0:209561119><TERRORIST>" triggered "Dropped_The_Bomb"
L 07/25/2020 - 18:06:52: "Iz 3r3 No 1 3lz || pRo_reVltN<10><STEAM_0:1:546352772><TERRORIST>" triggered "Got_The_Bomb"
L 07/25/2020 - 18:07:00: World triggered "Round_Start"
L 07/25/2020 - 18:07:11: "Iz 3r3 No 1 3lz || Escanor<3><STEAM_0:0:83230422><TERRORIST>" killed "FunZ || Cris<18><STEAM_0:1:540695973><CT>" with "awp"
L 07/25/2020 - 18:07:22: "Iz 3r3 No 1 3lz || pRo_reVltN<10><STEAM_0:1:546352772><TERRORIST>" triggered "Planted_The_Bomb"
L 07/25/2020 - 18:07:24: "Iz 3r3 No 1 3lz || Escanor<3><STEAM_0:0:83230422><TERRORIST>" killed "FunZ || wolf<15><VALVE_0:4:1088121065><CT>" with "awp"
L 07/25/2020 - 18:07:25: "FunZ || Aga!N!<16><STEAM_0:0:810273828><CT>" killed "Iz 3r3 No 1 3lz || Escanor<3><STEAM_0:0:83230422><TERRORIST>" with "usp"
L 07/25/2020 - 18:07:39: "Iz 3r3 No 1 3lz || HKB<13><STEAM_0:0:976377135><TERRORIST>" killed "FunZ || U<5><STEAM_0:0:294118000><CT>" with "m4a1"
L 07/25/2020 - 18:07:44: "Iz 3r3 No 1 3lz || Player<7><STEAM_0:0:209561119><TERRORIST>" killed "FunZ || N3m3s!$<14><STEAM_0:1:49729967><CT>" with "ak47"
L 07/25/2020 - 18:08:04: "FunZ || 1.5-14.5<4><STEAM_0:0:65740571><CT>" killed "Iz 3r3 No 1 3lz || HKB<13><STEAM_0:0:976377135><TERRORIST>" with "mp5navy"
L 07/25/2020 - 18:08:06: "Iz 3r3 No 1 3lz || pRo_reVltN<10><STEAM_0:1:546352772><TERRORIST>" killed "FunZ || 1.5-14.5<4><STEAM_0:0:65740571><CT>" with "ak47"
L 07/25/2020 - 18:08:06: "Iz 3r3 No 1 3lz || @cH!lL!eS<11><STEAM_0:0:1568553987><TERRORIST>" killed "FunZ || Aga!N!<16><STEAM_0:0:810273828><CT>" with "ak47"
L 07/25/2020 - 18:08:06: Team "TERRORIST" triggered "Terrorists_Win" (CT "1") (T "10")
L 07/25/2020 - 18:08:06: World triggered "Round_End"
L 07/25/2020 - 18:08:11: "Iz 3r3 No 1 3lz || @cH!lL!eS<11><STEAM_0:0:1568553987><TERRORIST>" triggered "Spawned_With_The_Bomb"
L 07/25/2020 - 18:08:11: "FunZ || 1.5-14.5<4><STEAM_0:0:65740571><CT>" say_team "Go Go Go!"
L 07/25/2020 - 18:08:15: "Iz 3r3 No 1 3lz || @cH!lL!eS<11><STEAM_0:0:1568553987><TERRORIST>" triggered "Dropped_The_Bomb"
L 07/25/2020 - 18:08:23: World triggered "Round_Start"
L 07/25/2020 - 18:08:30: "Iz 3r3 No 1 3lz || pRo_reVltN<10><STEAM_0:1:546352772><TERRORIST>" triggered "Got_The_Bomb"
L 07/25/2020 - 18:08:44: "Iz 3r3 No 1 3lz || @cH!lL!eS<11><STEAM_0:0:1568553987><TERRORIST>" killed "FunZ || Cris<18><STEAM_0:1:540695973><CT>" with "awp"
L 07/25/2020 - 18:08:52: "FunZ || N3m3s!$<14><STEAM_0:1:49729967><CT>" killed "Iz 3r3 No 1 3lz || Escanor<3><STEAM_0:0:83230422><TERRORIST>" with "m4a1"
L 07/25/2020 - 18:09:11: "FunZ || wolf<15><VALVE_0:4:1088121065><CT>" killed "Iz 3r3 No 1 3lz || pRo_reVltN<10><STEAM_0:1:546352772><TERRORIST>" with "m4a1"
L 07/25/2020 - 18:09:11: "Iz 3r3 No 1 3lz || pRo_reVltN<10><STEAM_0:1:546352772><TERRORIST>" triggered "Dropped_The_Bomb"
L 07/25/2020 - 18:09:15: "Iz 3r3 No 1 3lz || @cH!lL!eS<11><STEAM_0:0:1568553987><TERRORIST>" killed "FunZ || U<5><STEAM_0:0:294118000><CT>" with "awp"
L 07/25/2020 - 18:09:16: "Iz 3r3 No 1 3lz || HKB<13><STEAM_0:0:976377135><TERRORIST>" triggered "Got_The_Bomb"
L 07/25/2020 - 18:09:47: "Iz 3r3 No 1 3lz || HKB<13><STEAM_0:0:976377135><TERRORIST>" triggered "Planted_The_Bomb"
L 07/25/2020 - 18:10:12: "FunZ || 1.5-14.5<4><STEAM_0:0:65740571><CT>" killed "Iz 3r3 No 1 3lz || Player<7><STEAM_0:0:209561119><TERRORIST>" with "ak47"
L 07/25/2020 - 18:10:12: "Iz 3r3 No 1 3lz || @cH!lL!eS<11><STEAM_0:0:1568553987><TERRORIST>" killed "FunZ || 1.5-14.5<4><STEAM_0:0:65740571><CT>" with "awp"
L 07/25/2020 - 18:10:13: "Iz 3r3 No 1 3lz || Sic Mundus<6><STEAM_0:1:66144441><TERRORIST>" killed "FunZ || Aga!N!<16><STEAM_0:0:810273828><CT>" with "galil"
L 07/25/2020 - 18:10:14: "FunZ || wolf<15><VALVE_0:4:1088121065><CT>" killed "Iz 3r3 No 1 3lz || HKB<13><STEAM_0:0:976377135><TERRORIST>" with "ak47"
L 07/25/2020 - 18:10:16: "Iz 3r3 No 1 3lz || @cH!lL!eS<11><STEAM_0:0:1568553987><TERRORIST>" killed "FunZ || N3m3s!$<14><STEAM_0:1:49729967><CT>" with "awp"
L 07/25/2020 - 18:10:23: "Iz 3r3 No 1 3lz || @cH!lL!eS<11><STEAM_0:0:1568553987><TERRORIST>" killed "FunZ || wolf<15><VALVE_0:4:1088121065><CT>" with "awp"
L 07/25/2020 - 18:10:23: Team "TERRORIST" triggered "Terrorists_Win" (CT "1") (T "11")
L 07/25/2020 - 18:10:23: World triggered "Round_End"
L 07/25/2020 - 18:10:28: "Iz 3r3 No 1 3lz || pRo_reVltN<10><STEAM_0:1:546352772><TERRORIST>" triggered "Spawned_With_The_Bomb"
L 07/25/2020 - 18:10:40: World triggered "Round_Start"
L 07/25/2020 - 18:10:56: "Iz 3r3 No 1 3lz || HKB<13><STEAM_0:0:976377135><TERRORIST>" killed "FunZ || 1.5-14.5<4><STEAM_0:0:65740571><CT>" with "ak47"
L 07/25/2020 - 18:11:05: "Iz 3r3 No 1 3lz || @cH!lL!eS<11><STEAM_0:0:1568553987><TERRORIST>" killed "FunZ || Cris<18><STEAM_0:1:540695973><CT>" with "awp"
L 07/25/2020 - 18:11:09: "Iz 3r3 No 1 3lz || Escanor<3><STEAM_0:0:83230422><TERRORIST>" killed "FunZ || N3m3s!$<14><STEAM_0:1:49729967><CT>" with "ak47"
L 07/25/2020 - 18:11:09: "FunZ || U<5><STEAM_0:0:294118000><CT>" killed "Iz 3r3 No 1 3lz || Player<7><STEAM_0:0:209561119><TERRORIST>" with "m4a1"
L 07/25/2020 - 18:11:16: "Iz 3r3 No 1 3lz || Sic Mundus<6><STEAM_0:1:66144441><TERRORIST>" killed "FunZ || Aga!N!<16><STEAM_0:0:810273828><CT>" with "galil"
L 07/25/2020 - 18:11:23: "Iz 3r3 No 1 3lz || pRo_reVltN<10><STEAM_0:1:546352772><TERRORIST>" killed "FunZ || U<5><STEAM_0:0:294118000><CT>" with "ak47"
L 07/25/2020 - 18:11:24: "FunZ || wolf<15><VALVE_0:4:1088121065><CT>" killed "Iz 3r3 No 1 3lz || HKB<13><STEAM_0:0:976377135><TERRORIST>" with "m4a1"
L 07/25/2020 - 18:11:35: "Iz 3r3 No 1 3lz || pRo_reVltN<10><STEAM_0:1:546352772><TERRORIST>" triggered "Planted_The_Bomb"
L 07/25/2020 - 18:12:20: Team "TERRORIST" triggered "Target_Bombed" (CT "1") (T "12")
L 07/25/2020 - 18:12:20: World triggered "Round_End"
L 07/25/2020 - 18:12:25: "Iz 3r3 No 1 3lz || HKB<13><STEAM_0:0:976377135><TERRORIST>" triggered "Spawned_With_The_Bomb"
L 07/25/2020 - 18:12:29: "Iz 3r3 No 1 3lz || HKB<13><STEAM_0:0:976377135><TERRORIST>" triggered "Dropped_The_Bomb"
L 07/25/2020 - 18:12:29: "Iz 3r3 No 1 3lz || @cH!lL!eS<11><STEAM_0:0:1568553987><TERRORIST>" triggered "Got_The_Bomb"
L 07/25/2020 - 18:12:31: "Iz 3r3 No 1 3lz || @cH!lL!eS<11><STEAM_0:0:1568553987><TERRORIST>" triggered "Dropped_The_Bomb"
L 07/25/2020 - 18:12:37: World triggered "Round_Start"
L 07/25/2020 - 18:12:39: "Iz 3r3 No 1 3lz || pRo_reVltN<10><STEAM_0:1:546352772><TERRORIST>" triggered "Got_The_Bomb"
L 07/25/2020 - 18:12:48: "Iz 3r3 No 1 3lz || pRo_reVltN<10><STEAM_0:1:546352772><TERRORIST>" triggered "Dropped_The_Bomb"
L 07/25/2020 - 18:13:06: "Iz 3r3 No 1 3lz || pRo_reVltN<10><STEAM_0:1:546352772><TERRORIST>" triggered "Got_The_Bomb"
L 07/25/2020 - 18:13:24: "FunZ || N3m3s!$<14><STEAM_0:1:49729967><CT>" killed "Iz 3r3 No 1 3lz || Player<7><STEAM_0:0:209561119><TERRORIST>" with "m4a1"
L 07/25/2020 - 18:13:38: "Iz 3r3 No 1 3lz || Sic Mundus<6><STEAM_0:1:66144441><TERRORIST>" killed "FunZ || Cris<18><STEAM_0:1:540695973><CT>" with "galil"
L 07/25/2020 - 18:13:41: "Iz 3r3 No 1 3lz || @cH!lL!eS<11><STEAM_0:0:1568553987><TERRORIST>" killed "FunZ || U<5><STEAM_0:0:294118000><CT>" with "awp"
L 07/25/2020 - 18:13:42: "Iz 3r3 No 1 3lz || Sic Mundus<6><STEAM_0:1:66144441><TERRORIST>" killed "FunZ || N3m3s!$<14><STEAM_0:1:49729967><CT>" with "galil"
L 07/25/2020 - 18:13:44: "Iz 3r3 No 1 3lz || Escanor<3><STEAM_0:0:83230422><TERRORIST>" killed "FunZ || wolf<15><VALVE_0:4:1088121065><CT>" with "ak47"
L 07/25/2020 - 18:13:48: "Iz 3r3 No 1 3lz || Escanor<3><STEAM_0:0:83230422><TERRORIST>" killed "FunZ || Aga!N!<16><STEAM_0:0:810273828><CT>" with "ak47"
L 07/25/2020 - 18:13:52: "FunZ || 1.5-14.5<4><STEAM_0:0:65740571><CT>" killed "Iz 3r3 No 1 3lz || HKB<13><STEAM_0:0:976377135><TERRORIST>" with "usp"
L 07/25/2020 - 18:13:57: "Iz 3r3 No 1 3lz || pRo_reVltN<10><STEAM_0:1:546352772><TERRORIST>" triggered "Planted_The_Bomb"
L 07/25/2020 - 18:14:13: "Iz 3r3 No 1 3lz || Escanor<3><STEAM_0:0:83230422><TERRORIST>" killed "FunZ || 1.5-14.5<4><STEAM_0:0:65740571><CT>" with "ak47"
L 07/25/2020 - 18:14:13: Team "TERRORIST" triggered "Terrorists_Win" (CT "1") (T "13")
L 07/25/2020 - 18:14:13: World triggered "Round_End"
L 07/25/2020 - 18:14:18: "Iz 3r3 No 1 3lz || Escanor<3><STEAM_0:0:83230422><TERRORIST>" triggered "Spawned_With_The_Bomb"
L 07/25/2020 - 18:14:22: "Iz 3r3 No 1 3lz || Escanor<3><STEAM_0:0:83230422><TERRORIST>" triggered "Dropped_The_Bomb"
L 07/25/2020 - 18:14:30: World triggered "Round_Start"
L 07/25/2020 - 18:14:30: "Iz 3r3 No 1 3lz || @cH!lL!eS<11><STEAM_0:0:1568553987><TERRORIST>" triggered "Got_The_Bomb"
L 07/25/2020 - 18:14:32: "Iz 3r3 No 1 3lz || @cH!lL!eS<11><STEAM_0:0:1568553987><TERRORIST>" triggered "Dropped_The_Bomb"
L 07/25/2020 - 18:14:37: "Iz 3r3 No 1 3lz || Sic Mundus<6><STEAM_0:1:66144441><TERRORIST>" triggered "Got_The_Bomb"
L 07/25/2020 - 18:14:42: "Iz 3r3 No 1 3lz || Sic Mundus<6><STEAM_0:1:66144441><TERRORIST>" triggered "Dropped_The_Bomb"
L 07/25/2020 - 18:14:45: "Iz 3r3 No 1 3lz || Sic Mundus<6><STEAM_0:1:66144441><TERRORIST>" triggered "Got_The_Bomb"
L 07/25/2020 - 18:14:53: "FunZ || U<5><STEAM_0:0:294118000><CT>" killed "Iz 3r3 No 1 3lz || pRo_reVltN<10><STEAM_0:1:546352772><TERRORIST>" with "m4a1"
L 07/25/2020 - 18:14:58: "FunZ || wolf<15><VALVE_0:4:1088121065><CT>" killed "Iz 3r3 No 1 3lz || Player<7><STEAM_0:0:209561119><TERRORIST>" with "m4a1"
L 07/25/2020 - 18:15:00: "FunZ || 1.5-14.5<4><STEAM_0:0:65740571><CT>" killed "Iz 3r3 No 1 3lz || Escanor<3><STEAM_0:0:83230422><TERRORIST>" with "m4a1"
L 07/25/2020 - 18:15:05: "FunZ || 1.5-14.5<4><STEAM_0:0:65740571><CT>" killed "Iz 3r3 No 1 3lz || HKB<13><STEAM_0:0:976377135><TERRORIST>" with "m4a1"
L 07/25/2020 - 18:15:14: "FunZ || Cris<18><STEAM_0:1:540695973><CT>" killed "Iz 3r3 No 1 3lz || Sic Mundus<6><STEAM_0:1:66144441><TERRORIST>" with "usp"
L 07/25/2020 - 18:15:14: "Iz 3r3 No 1 3lz || Sic Mundus<6><STEAM_0:1:66144441><TERRORIST>" triggered "Dropped_The_Bomb"
L 07/25/2020 - 18:15:20: "Iz 3r3 No 1 3lz || @cH!lL!eS<11><STEAM_0:0:1568553987><TERRORIST>" killed "FunZ || Cris<18><STEAM_0:1:540695973><CT>" with "awp"
L 07/25/2020 - 18:15:23: "FunZ || wolf<15><VALVE_0:4:1088121065><CT>" killed "Iz 3r3 No 1 3lz || @cH!lL!eS<11><STEAM_0:0:1568553987><TERRORIST>" with "m4a1"
L 07/25/2020 - 18:15:23: Team "CT" triggered "CTs_Win" (CT "2") (T "13")
L 07/25/2020 - 18:15:23: World triggered "Round_End"
L 07/25/2020 - 18:15:28: "Iz 3r3 No 1 3lz || Sic Mundus<6><STEAM_0:1:66144441><TERRORIST>" triggered "Spawned_With_The_Bomb"
L 07/25/2020 - 18:15:31: "Iz 3r3 No 1 3lz || Escanor<3><STEAM_0:0:83230422><TERRORIST>" committed suicide with "world"
L 07/25/2020 - 18:15:31: "Iz 3r3 No 1 3lz || Escanor<3><STEAM_0:0:83230422><TERRORIST>" joined team "CT"
L 07/25/2020 - 18:15:31: "Iz 3r3 No 1 3lz || @cH!lL!eS<11><STEAM_0:0:1568553987><TERRORIST>" committed suicide with "world"
L 07/25/2020 - 18:15:31: "Iz 3r3 No 1 3lz || @cH!lL!eS<11><STEAM_0:0:1568553987><TERRORIST>" joined team "CT"
L 07/25/2020 - 18:15:34: "FunZ || U<5><STEAM_0:0:294118000><CT>" committed suicide with "world"
L 07/25/2020 - 18:15:34: "FunZ || U<5><STEAM_0:0:294118000><CT>" joined team "TERRORIST"
L 07/25/2020 - 18:15:34: "Iz 3r3 No 1 3lz || Player<7><STEAM_0:0:209561119><TERRORIST>" committed suicide with "world"
L 07/25/2020 - 18:15:34: "Iz 3r3 No 1 3lz || Player<7><STEAM_0:0:209561119><TERRORIST>" joined team "CT"
L 07/25/2020 - 18:15:34: "FunZ || Cris<18><STEAM_0:1:540695973><CT>" committed suicide with "world"
L 07/25/2020 - 18:15:34: "FunZ || Cris<18><STEAM_0:1:540695973><CT>" joined team "TERRORIST"
L 07/25/2020 - 18:15:35: "FunZ || 1.5-14.5<4><STEAM_0:0:65740571><CT>" committed suicide with "world"
L 07/25/2020 - 18:15:35: "FunZ || 1.5-14.5<4><STEAM_0:0:65740571><CT>" joined team "TERRORIST"
L 07/25/2020 - 18:15:36: "Iz 3r3 No 1 3lz || pRo_reVltN<10><STEAM_0:1:546352772><TERRORIST>" committed suicide with "world"
L 07/25/2020 - 18:15:36: "Iz 3r3 No 1 3lz || pRo_reVltN<10><STEAM_0:1:546352772><TERRORIST>" joined team "CT"
L 07/25/2020 - 18:15:36: "Iz 3r3 No 1 3lz || Sic Mundus<6><STEAM_0:1:66144441><TERRORIST>" committed suicide with "world"
L 07/25/2020 - 18:15:36: "Iz 3r3 No 1 3lz || Sic Mundus<6><STEAM_0:1:66144441><TERRORIST>" triggered "
L 07/25/2020 - 18:16:16: [DPROTO]: Client 0 - Set AuthIdType 1 [Native]; pClient = 05662028
L 07/25/2020 - 18:16:16: "Iz 3r3 No 1 3lz || Sic Mundus<1><STEAM_0:1:66144441><>" connected, address "106.51.234.216:12838"
L 07/25/2020 - 18:16:19: [DPROTO]: Client 1 - Set AuthIdType 1 [Native]; pClient = 05667040
L 07/25/2020 - 18:16:19: "Iz 3r3 No 1 3lz || Escanor<2><STEAM_0:0:83230422><>" connected, address "103.76.82.177:33112"
L 07/25/2020 - 18:16:19: [DPROTO]: Client 2 - Set AuthIdType 1 [Native]; pClient = 0566C058
L 07/25/2020 - 18:16:19: "Agent Felix<3><STEAM_0:1:539804210><>" connected, address "103.251.50.25:27005"
L 07/25/2020 - 18:16:19: "Iz 3r3 No 1 3lz || Sic Mundus<1><STEAM_0:1:66144441><>" entered the game
L 07/25/2020 - 18:16:19: "Iz 3r3 No 1 3lz || Sic Mundus<1><STEAM_0:1:66144441><>" STEAM USERID validated
L 07/25/2020 - 18:16:19: "Iz 3r3 No 1 3lz || Escanor<2><STEAM_0:0:83230422><>" STEAM USERID validated
L 07/25/2020 - 18:16:19: "Agent Felix<3><STEAM_0:1:539804210><>" STEAM USERID validated
L 07/25/2020 - 18:16:22: "Agent Felix<3><STEAM_0:1:539804210><>" entered the game
L 07/25/2020 - 18:16:23: World triggered "Round_Start"
L 07/25/2020 - 18:16:23: "Iz 3r3 No 1 3lz || Escanor<2><STEAM_0:0:83230422><>" entered the game
L 07/25/2020 - 18:16:24: "Agent Felix<3><STEAM_0:1:539804210><>" joined team "SPECTATOR"
L 07/25/2020 - 18:16:27: "Iz 3r3 No 1 3lz || Escanor<2><STEAM_0:0:83230422><>" joined team "CT"
L 07/25/2020 - 18:16:30: "Iz 3r3 No 1 3lz || Sic Mundus<1><STEAM_0:1:66144441><>" joined team "CT"
L 07/25/2020 - 18:16:30: [DPROTO]: Client 3 - Set AuthIdType 1 [Native]; pClient = 05671070
L 07/25/2020 - 18:16:30: "Iz 3r3 No 1 3lz || Player<4><STEAM_0:0:209561119><>" connected, address "202.142.99.251:32104"
L 07/25/2020 - 18:16:30: "Iz 3r3 No 1 3lz || Player<4><STEAM_0:0:209561119><>" STEAM USERID validated
L 07/25/2020 - 18:16:32: [DPROTO]: Client 4 - Set AuthIdType 4 [dproto]; pClient = 05676088
L 07/25/2020 - 18:16:32: "FunZ || wolf<5><VALVE_0:4:1088121065><>" connected, address "106.51.234.40:28230"
L 07/25/2020 - 18:16:32: [DPROTO]: Client 5 - Set AuthIdType 1 [Native]; pClient = 0567B0A0
L 07/25/2020 - 18:16:32: "FunZ || Cris<6><STEAM_0:1:540695973><>" connected, address "103.200.41.158:27005"
L 07/25/2020 - 18:16:33: "FunZ || Cris<6><STEAM_0:1:540695973><>" STEAM USERID validated
L 07/25/2020 - 18:16:34: "Iz 3r3 No 1 3lz || Player<4><STEAM_0:0:209561119><>" entered the game
L 07/25/2020 - 18:16:36: "FunZ || Cris<6><STEAM_0:1:540695973><>" entered the game
L 07/25/2020 - 18:16:37: "FunZ || wolf<5><VALVE_0:4:1088121065><>" entered the game
L 07/25/2020 - 18:16:41: "FunZ || wolf<5><VALVE_0:4:1088121065><>" joined team "TERRORIST"
L 07/25/2020 - 18:16:41: "FunZ || Cris<6><STEAM_0:1:540695973><>" joined team "TERRORIST"
L 07/25/2020 - 18:16:42: World triggered "Game_Commencing"
L 07/25/2020 - 18:16:42: World triggered "Game_Commencing" (CT "0") (T "0")
L 07/25/2020 - 18:16:42: World triggered "Round_End"
L 07/25/2020 - 18:16:45: "FunZ || wolf<5><VALVE_0:4:1088121065><TERRORIST>" triggered "Spawned_With_The_Bomb"
L 07/25/2020 - 18:16:52: World triggered "Round_Start"
L 07/25/2020 - 18:16:58: Rcon: "rcon 834668152 "Lauda2" mp_forcechasecam 2" from "106.51.109.107:24730"
L 07/25/2020 - 18:16:58: Server cvar "mp_forcechasecam" = "2"
L 07/25/2020 - 18:17:03: Rcon: "rcon 834668152 "Lauda2" mp_startmoney 800" from "106.51.109.107:24730"
L 07/25/2020 - 18:17:05: "Iz 3r3 No 1 3lz || Player<4><STEAM_0:0:209561119><>" joined team "CT"
L 07/25/2020 - 18:17:07: Rcon: "rcon 834668152 "Lauda2" mp_c4timer 45" from "106.51.109.107:24730"
L 07/25/2020 - 18:17:08: [DPROTO]: Client 6 - Set AuthIdType 1 [Native]; pClient = 056800B8
L 07/25/2020 - 18:17:08: "FunZ || 1.5-14.5<7><STEAM_0:0:65740571><>" connected, address "49.207.59.42:18626"
L 07/25/2020 - 18:17:08: "FunZ || 1.5-14.5<7><STEAM_0:0:65740571><>" STEAM USERID validated
L 07/25/2020 - 18:17:11: "FunZ || 1.5-14.5<7><STEAM_0:0:65740571><>" entered the game
L 07/25/2020 - 18:17:14: [DPROTO]: Client 7 - Set AuthIdType 1 [Native]; pClient = 056850D0
L 07/25/2020 - 18:17:14: "Stufu<8><STEAM_0:1:147341737><>" connected, address "106.51.109.107:24730"
L 07/25/2020 - 18:17:14: "Stufu<8><STEAM_0:1:147341737><>" STEAM USERID validated
L 07/25/2020 - 18:17:17: "Stufu<8><STEAM_0:1:147341737><>" entered the game
L 07/25/2020 - 18:17:17: "FunZ || 1.5-14.5<7><STEAM_0:0:65740571><>" joined team "TERRORIST"
L 07/25/2020 - 18:17:18: [DPROTO]: Client 8 - Set AuthIdType 1 [Native]; pClient = 0568A0E8
L 07/25/2020 - 18:17:18: "FunZ || N3m3s!$<9><STEAM_0:1:49729967><>" connected, address "1.39.171.212:3425"
L 07/25/2020 - 18:17:19: "FunZ || N3m3s!$<9><STEAM_0:1:49729967><>" STEAM USERID validated
L 07/25/2020 - 18:17:21: "Iz 3r3 No 1 3lz || Player<4><STEAM_0:0:209561119><CT>" killed "FunZ || Cris<6><STEAM_0:1:540695973><TERRORIST>" with "usp"
L 07/25/2020 - 18:17:22: [DPROTO]: Client 9 - Set AuthIdType 1 [dp_RevEmu]; pClient = 0568F100
L 07/25/2020 - 18:17:22: "FunZ || Aga!N!<10><STEAM_0:0:810273828><>" connected, address "157.40.11.166:27005"
L 07/25/2020 - 18:17:25: "FunZ || N3m3s!$<9><STEAM_0:1:49729967><>" entered the game
L 07/25/2020 - 18:17:28: "FunZ || Aga!N!<10><STEAM_0:0:810273828><>" entered the game
L 07/25/2020 - 18:17:28: [DPROTO]: Client 10 - Set AuthIdType 1 [dp_RevEmu]; pClient = 05694118
L 07/25/2020 - 18:17:28: "Iz 3r3 No 1 3lz || @cH!lL!eS<11><STEAM_0:0:1568553987><>" connected, address "106.51.233.53:12353"
L 07/25/2020 - 18:17:31: "FunZ || Aga!N!<10><STEAM_0:0:810273828><>" joined team "TERRORIST"
L 07/25/2020 - 18:17:32: "Iz 3r3 No 1 3lz || @cH!lL!eS<11><STEAM_0:0:1568553987><>" entered the game
L 07/25/2020 - 18:17:32: "FunZ || N3m3s!$<9><STEAM_0:1:49729967><>" joined team "TERRORIST"
L 07/25/2020 - 18:17:33: Rcon: "rcon 834668152 "Lauda2" mp_roundtime 2" from "106.51.109.107:24730"
L 07/25/2020 - 18:17:36: [DPROTO]: Client 11 - Set AuthIdType 1 [dp_RevEmu]; pClient = 05699130
L 07/25/2020 - 18:17:36: "Iz 3r3 No 1 3lz || HKB<12><STEAM_0:0:976377135><>" connected, address "94.212.60.141:27005"
L 07/25/2020 - 18:17:37: "Iz 3r3 No 1 3lz || @cH!lL!eS<11><STEAM_0:0:1568553987><>" joined team "CT"
L 07/25/2020 - 18:17:37: Rcon: "rcon 834668152 "Lauda2" mp_c4timer 45" from "106.51.109.107:24730"
L 07/25/2020 - 18:17:39: "Iz 3r3 No 1 3lz || Player<4><STEAM_0:0:209561119><CT>" killed "FunZ || wolf<5><VALVE_0:4:1088121065><TERRORIST>" with "usp"
L 07/25/2020 - 18:17:39: Team "CT" triggered "CTs_Win" (CT "1") (T "0")
L 07/25/2020 - 18:17:39: World triggered "Round_End"
L 07/25/2020 - 18:17:43: "Iz 3r3 No 1 3lz || HKB<12><STEAM_0:0:976377135><>" entered the game
L 07/25/2020 - 18:17:44: "FunZ || Cris<6><STEAM_0:1:540695973><TERRORIST>" triggered "Spawned_With_The_Bomb"
L 07/25/2020 - 18:17:46: Rcon: "rcon 834668152 "Lauda2" mp_forcechasecam 2" from "106.51.109.107:24730"
L 07/25/2020 - 18:17:47: [DPROTO]: Client 12 - Set AuthIdType 1 [dp_RevEmu]; pClient = 0569E148
L 07/25/2020 - 18:17:47: "FunZ || U<13><STEAM_0:0:294118000><>" connected, address "94.212.60.141:27429"
L 07/25/2020 - 18:17:47: "Iz 3r3 No 1 3lz || HKB<12><STEAM_0:0:976377135><>" joined team "CT"
L 07/25/2020 - 18:17:51: World triggered "Round_Start"
L 07/25/2020 - 18:17:54: "FunZ || U<13><STEAM_0:0:294118000><>" entered the game
L 07/25/2020 - 18:17:55: "Stufu<8><STEAM_0:1:147341737><>" joined team "SPECTATOR"
L 07/25/2020 - 18:18:00: "FunZ || U<13><STEAM_0:0:294118000><>" joined team "TERRORIST"
L 07/25/2020 - 18:18:02: [DPROTO]: Client 13 - Set AuthIdType 1 [Native]; pClient = 056A3160
L 07/25/2020 - 18:18:02: "Iz 3r3 No 1 3lz || pRo_reVltN<14><STEAM_0:1:546352772><>" connected, address "182.70.109.51:27005"
L 07/25/2020 - 18:18:03: "Iz 3r3 No 1 3lz || pRo_reVltN<14><STEAM_0:1:546352772><>" STEAM USERID validated
L 07/25/2020 - 18:18:06: "Iz 3r3 No 1 3lz || pRo_reVltN<14><STEAM_0:1:546352772><>" entered the game
L 07/25/2020 - 18:18:07: Rcon: "rcon 834668152 "Lauda2" say "settings done, check"" from "106.51.109.107:24730"
L 07/25/2020 - 18:18:07: Server say "settings done, check"
L 07/25/2020 - 18:18:07: Rcon: "rcon 834668152 "Lauda2" say "settings done, check"" from "106.51.109.107:24730"
L 07/25/2020 - 18:18:07: Server say "settings done, check"
L 07/25/2020 - 18:18:07: "FunZ || Aga!N!<10><STEAM_0:0:810273828><TERRORIST>" killed "Iz 3r3 No 1 3lz || Player<4><STEAM_0:0:209561119><CT>" with "deagle"
L 07/25/2020 - 18:18:08: Rcon: "rcon 834668152 "Lauda2" say "settings done, check"" from "106.51.109.107:24730"
L 07/25/2020 - 18:18:08: Server say "settings done, check"
L 07/25/2020 - 18:18:08: Rcon: "rcon 834668152 "Lauda2" say "settings done, check"" from "106.51.109.107:24730"
L 07/25/2020 - 18:18:08: Server say "settings done, check"
L 07/25/2020 - 18:18:12: "Iz 3r3 No 1 3lz || pRo_reVltN<14><STEAM_0:1:546352772><>" joined team "CT"
L 07/25/2020 - 18:18:16: Rcon: "rcon 757114305 "Lauda2" mp_freezetime 12" from "49.207.59.42:18626"
L 07/25/2020 - 18:18:16: Server cvar "mp_freezetime" = "12"
L 07/25/2020 - 18:18:17: "FunZ || Aga!N!<10><STEAM_0:0:810273828><TERRORIST>" killed "Iz 3r3 No 1 3lz || @cH!lL!eS<11><STEAM_0:0:1568553987><CT>" with "deagle"
L 07/25/2020 - 18:18:20: Rcon: "rcon 757114305 "Lauda2" sv_restart 1" from "49.207.59.42:18626"
L 07/25/2020 - 18:18:20: Server cvar "sv_restart" = "1"
L 07/25/2020 - 18:18:21: World triggered "Restart_Round_(1_second)"
L 07/25/2020 - 18:18:21: Team "CT" scored "1" with "6" players
L 07/25/2020 - 18:18:21: Team "TERRORIST" scored "0" with "6" players
L 07/25/2020 - 18:18:21: Server cvar "sv_restart" = "0"
L 07/25/2020 - 18:18:22: "FunZ || Aga!N!<10><STEAM_0:0:810273828><TERRORIST>" killed "Iz 3r3 No 1 3lz || Escanor<2><STEAM_0:0:83230422><CT>" with "deagle"
L 07/25/2020 - 18:18:22: "FunZ || 1.5-14.5<7><STEAM_0:0:65740571><TERRORIST>" triggered "Spawned_With_The_Bomb"
L 07/25/2020 - 18:18:34: World triggered "Round_Start"
L 07/25/2020 - 18:18:36: "Iz 3r3 No 1 3lz || pRo_reVltN<14><STEAM_0:1:546352772><CT>" say "1 min"
L 07/25/2020 - 18:18:36: "Iz 3r3 No 1 3lz || HKB<12><STEAM_0:0:976377135><CT>" say "wait"
L 07/25/2020 - 18:18:38: "Iz 3r3 No 1 3lz || HKB<12><STEAM_0:0:976377135><CT>" say "not ready"
L 07/25/2020 - 18:18:51: "Iz 3r3 No 1 3lz || Player<4><STEAM_0:0:209561119><CT>" killed "FunZ || wolf<5><VALVE_0:4:1088121065><TERRORIST>" with "usp"
L 07/25/2020 - 18:18:53: "FunZ || 1.5-14.5<7><STEAM_0:0:65740571><TERRORIST>" killed "Iz 3r3 No 1 3lz || Player<4><STEAM_0:0:209561119><CT>" with "glock18"
L 07/25/2020 - 18:19:00: "FunZ || Aga!N!<10><STEAM_0:0:810273828><TERRORIST>" killed "Iz 3r3 No 1 3lz || HKB<12><STEAM_0:0:976377135><CT>" with "glock18"
L 07/25/2020 - 18:19:02: "FunZ || 1.5-14.5<7><STEAM_0:0:65740571><TERRORIST>" killed "Iz 3r3 No 1 3lz || Sic Mundus<1><STEAM_0:1:66144441><CT>" with "glock18"
L 07/25/2020 - 18:19:06: "Iz 3r3 No 1 3lz || Escanor<2><STEAM_0:0:83230422><CT>" killed "FunZ || N3m3s!$<9><STEAM_0:1:49729967><TERRORIST>" with "usp"
L 07/25/2020 - 18:19:12: "Iz 3r3 No 1 3lz || Escanor<2><STEAM_0:0:83230422><CT>" killed "FunZ || Cris<6><STEAM_0:1:540695973><TERRORIST>" with "usp"
L 07/25/2020 - 18:19:17: "Iz 3r3 No 1 3lz || @cH!lL!eS<11><STEAM_0:0:1568553987><CT>" killed "FunZ || Aga!N!<10><STEAM_0:0:810273828><TERRORIST>" with "usp"
L 07/25/2020 - 18:19:59: "FunZ || U<13><STEAM_0:0:294118000><TERRORIST>" killed "Iz 3r3 No 1 3lz || @cH!lL!eS<11><STEAM_0:0:1568553987><CT>" with "usp"
L 07/25/2020 - 18:20:07: "Iz 3r3 No 1 3lz || Escanor<2><STEAM_0:0:83230422><CT>" killed "FunZ || U<13><STEAM_0:0:294118000><TERRORIST>" with "usp"
L 07/25/2020 - 18:20:34: Team "CT" triggered "Target_Saved" (CT "1") (T "0")
L 07/25/2020 - 18:20:34: World triggered "Round_End"
L 07/25/2020 - 18:20:37: "FunZ || 1.5-14.5<7><STEAM_0:0:65740571><TERRORIST>" killed "Iz 3r3 No 1 3lz || pRo_reVltN<14><STEAM_0:1:546352772><CT>" with "usp"
L 07/25/2020 - 18:20:39: "FunZ || N3m3s!$<9><STEAM_0:1:49729967><TERRORIST>" triggered "Spawned_With_The_Bomb"
L 07/25/2020 - 18:20:49: "Iz 3r3 No 1 3lz || HKB<12><STEAM_0:0:976377135><CT>" say "ready?"
L 07/25/2020 - 18:20:49: "Iz 3r3 No 1 3lz || @cH!lL!eS<11><STEAM_0:0:1568553987><CT>" say "ready kintu amra"
L 07/25/2020 - 18:20:51: "Iz 3r3 No 1 3lz || Sic Mundus<1><STEAM_0:1:66144441><CT>" say "AMRA READY"
L 07/25/2020 - 18:20:51: World triggered "Round_Start"
L 07/25/2020 - 18:20:53: "FunZ || 1.5-14.5<7><STEAM_0:0:65740571><TERRORIST>" say "ready"
L 07/25/2020 - 18:20:56: "FunZ || 1.5-14.5<7><STEAM_0:0:65740571><TERRORIST>" say "next res live"
L 07/25/2020 - 18:20:59: Rcon: "rcon 757114305 "Lauda2" sv_restart 5" from "49.207.59.42:18626"
L 07/25/2020 - 18:20:59: Server cvar "sv_restart" = "5"
L 07/25/2020 - 18:20:59: World triggered "Restart_Round_(5_seconds)"
L 07/25/2020 - 18:20:59: Team "CT" scored "1" with "6" players
L 07/25/2020 - 18:20:59: Team "TERRORIST" scored "0" with "6" players
L 07/25/2020 - 18:20:59: Server cvar "sv_restart" = "0"
L 07/25/2020 - 18:21:04: "FunZ || Aga!N!<10><STEAM_0:0:810273828><TERRORIST>" triggered "Spawned_With_The_Bomb"
L 07/25/2020 - 18:21:16: World triggered "Round_Start"
L 07/25/2020 - 18:21:27: "FunZ || Aga!N!<10><STEAM_0:0:810273828><TERRORIST>" say "res live"
L 07/25/2020 - 18:21:28: "FunZ || N3m3s!$<9><STEAM_0:1:49729967><TERRORIST>" say "res live"
L 07/25/2020 - 18:21:29: Rcon: "rcon 757114305 "Lauda2" sv_restart 5" from "49.207.59.42:18626"
L 07/25/2020 - 18:21:29: Server cvar "sv_restart" = "5"
L 07/25/2020 - 18:21:30: World triggered "Restart_Round_(5_seconds)"
L 07/25/2020 - 18:21:30: Team "CT" scored "0" with "6" players
L 07/25/2020 - 18:21:30: Team "TERRORIST" scored "0" with "6" players
L 07/25/2020 - 18:21:30: Server cvar "sv_restart" = "0"
L 07/25/2020 - 18:21:35: "FunZ || U<13><STEAM_0:0:294118000><TERRORIST>" triggered "Spawned_With_The_Bomb"
L 07/25/2020 - 18:21:47: World triggered "Round_Start"
L 07/25/2020 - 18:22:04: "FunZ || Aga!N!<10><STEAM_0:0:810273828><TERRORIST>" killed "Iz 3r3 No 1 3lz || @cH!lL!eS<11><STEAM_0:0:1568553987><CT>" with "glock18"
L 07/25/2020 - 18:22:05: Rcon: "rcon 834668152 "Lauda2" say "next res live"" from "106.51.109.107:24730"
L 07/25/2020 - 18:22:05: Server say "next res live"
L 07/25/2020 - 18:22:06: "Iz 3r3 No 1 3lz || Player<4><STEAM_0:0:209561119><CT>" killed "FunZ || Aga!N!<10><STEAM_0:0:810273828><TERRORIST>" with "usp"
L 07/25/2020 - 18:22:06: Rcon: "rcon 834668152 "Lauda2" say "next res live"" from "106.51.109.107:24730"
L 07/25/2020 - 18:22:06: Server say "next res live"
L 07/25/2020 - 18:22:06: Rcon: "rcon 834668152 "Lauda2" say "next res live"" from "106.51.109.107:24730"
L 07/25/2020 - 18:22:06: Server say "next res live"
L 07/25/2020 - 18:22:06: Rcon: "rcon 834668152 "Lauda2" say "next res live"" from "106.51.109.107:24730"
L 07/25/2020 - 18:22:06: Server say "next res live"
L 07/25/2020 - 18:22:07: "FunZ || wolf<5><VALVE_0:4:1088121065><TERRORIST>" killed "Iz 3r3 No 1 3lz || Player<4><STEAM_0:0:209561119><CT>" with "glock18"
L 07/25/2020 - 18:22:07: Rcon: "rcon 834668152 "Lauda2" say "next res live"" from "106.51.109.107:24730"
L 07/25/2020 - 18:22:07: Server say "next res live"
L 07/25/2020 - 18:22:07: Rcon: "rcon 834668152 "Lauda2" say "next res live"" from "106.51.109.107:24730"
L 07/25/2020 - 18:22:07: Server say "next res live"
L 07/25/2020 - 18:22:10: "Iz 3r3 No 1 3lz || Sic Mundus<1><STEAM_0:1:66144441><CT>" killed "FunZ || Cris<6><STEAM_0:1:540695973><TERRORIST>" with "usp"
L 07/25/2020 - 18:22:10: "FunZ || U<13><STEAM_0:0:294118000><TERRORIST>" triggered "Planted_The_Bomb"
L 07/25/2020 - 18:22:13: Rcon: "rcon 834668152 "Lauda2" sv_restart 5" from "106.51.109.107:24730"
L 07/25/2020 - 18:22:13: Server cvar "sv_restart" = "5"
L 07/25/2020 - 18:22:13: World triggered "Restart_Round_(5_seconds)"
L 07/25/2020 - 18:22:13: Team "CT" scored "0" with "6" players
L 07/25/2020 - 18:22:13: Team "TERRORIST" scored "0" with "6" players
L 07/25/2020 - 18:22:13: Server cvar "sv_restart" = "0"
L 07/25/2020 - 18:22:18: "FunZ || wolf<5><VALVE_0:4:1088121065><TERRORIST>" triggered "Spawned_With_The_Bomb"
L 07/25/2020 - 18:22:19: Rcon: "rcon 834668152 "Lauda2" say "Live"" from "106.51.109.107:24730"
L 07/25/2020 - 18:22:19: Server say "Live"
L 07/25/2020 - 18:22:20: Rcon: "rcon 834668152 "Lauda2" say "Live"" from "106.51.109.107:24730"
L 07/25/2020 - 18:22:20: Server say "Live"
L 07/25/2020 - 18:22:20: Rcon: "rcon 834668152 "Lauda2" say "Live"" from "106.51.109.107:24730"
L 07/25/2020 - 18:22:20: Server say "Live"
L 07/25/2020 - 18:22:20: Rcon: "rcon 834668152 "Lauda2" say "Live"" from "106.51.109.107:24730"
L 07/25/2020 - 18:22:20: Server say "Live"
L 07/25/2020 - 18:22:23: Rcon: "rcon 834668152 "Lauda2" say "Live"" from "106.51.109.107:24730"
L 07/25/2020 - 18:22:23: Server say "Live"
L 07/25/2020 - 18:22:30: World triggered "Round_Start"
L 07/25/2020 - 18:22:32: Rcon: "rcon 834668152 "Lauda2" say "match 1.2 starts"" from "106.51.109.107:24730"
L 07/25/2020 - 18:22:32: Server say "match 1.2 starts"
L 07/25/2020 - 18:22:35: Server say "Live"
L 07/25/2020 - 18:22:53: "FunZ || wolf<5><VALVE_0:4:1088121065><TERRORIST>" killed "Iz 3r3 No 1 3lz || Player<4><STEAM_0:0:209561119><CT>" with "glock18"
L 07/25/2020 - 18:22:57: "FunZ || 1.5-14.5<7><STEAM_0:0:65740571><TERRORIST>" killed "Iz 3r3 No 1 3lz || @cH!lL!eS<11><STEAM_0:0:1568553987><CT>" with "glock18"
L 07/25/2020 - 18:22:59: "Iz 3r3 No 1 3lz || Sic Mundus<1><STEAM_0:1:66144441><CT>" killed "FunZ || wolf<5><VALVE_0:4:1088121065><TERRORIST>" with "usp"
L 07/25/2020 - 18:22:59: "FunZ || wolf<5><VALVE_0:4:1088121065><TERRORIST>" triggered "Dropped_The_Bomb"
L 07/25/2020 - 18:23:00: "FunZ || Aga!N!<10><STEAM_0:0:810273828><TERRORIST>" killed "Iz 3r3 No 1 3lz || Escanor<2><STEAM_0:0:83230422><CT>" with "glock18"
L 07/25/2020 - 18:23:00: "FunZ || 1.5-14.5<7><STEAM_0:0:65740571><TERRORIST>" triggered "Got_The_Bomb"
L 07/25/2020 - 18:23:02: "Iz 3r3 No 1 3lz || HKB<12><STEAM_0:0:976377135><CT>" killed "FunZ || Cris<6><STEAM_0:1:540695973><TERRORIST>" with "grenade"
L 07/25/2020 - 18:23:06: "FunZ || 1.5-14.5<7><STEAM_0:0:65740571><TERRORIST>" triggered "Planted_The_Bomb"
L 07/25/2020 - 18:23:15: "FunZ || N3m3s!$<9><STEAM_0:1:49729967><TERRORIST>" killed "Iz 3r3 No 1 3lz || pRo_reVltN<14><STEAM_0:1:546352772><CT>" with "glock18"
L 07/25/2020 - 18:23:22: "FunZ || 1.5-14.5<7><STEAM_0:0:65740571><TERRORIST>" killed "Iz 3r3 No 1 3lz || Sic Mundus<1><STEAM_0:1:66144441><CT>" with "glock18"
L 07/25/2020 - 18:23:25: "Iz 3r3 No 1 3lz || HKB<12><STEAM_0:0:976377135><CT>" killed "FunZ || N3m3s!$<9><STEAM_0:1:49729967><TERRORIST>" with "usp"
L 07/25/2020 - 18:23:25: "FunZ || 1.5-14.5<7><STEAM_0:0:65740571><TERRORIST>" killed "Iz 3r3 No 1 3lz || HKB<12><STEAM_0:0:976377135><CT>" with "glock18"
L 07/25/2020 - 18:23:25: Team "TERRORIST" triggered "Terrorists_Win" (CT "0") (T "1")
L 07/25/2020 - 18:23:25: World triggered "Round_End"
L 07/25/2020 - 18:23:30: "FunZ || Cris<6><STEAM_0:1:540695973><TERRORIST>" triggered "Spawned_With_The_Bomb"
L 07/25/2020 - 18:23:34: "FunZ || Cris<6><STEAM_0:1:540695973><TERRORIST>" triggered "Dropped_The_Bomb"
L 07/25/2020 - 18:23:42: World triggered "Round_Start"
L 07/25/2020 - 18:23:42: "FunZ || Aga!N!<10><STEAM_0:0:810273828><TERRORIST>" triggered "Got_The_Bomb"
L 07/25/2020 - 18:24:22: "FunZ || wolf<5><VALVE_0:4:1088121065><TERRORIST>" killed "Iz 3r3 No 1 3lz || pRo_reVltN<14><STEAM_0:1:546352772><CT>" with "galil"
L 07/25/2020 - 18:24:24: "FunZ || wolf<5><VALVE_0:4:1088121065><TERRORIST>" killed "Iz 3r3 No 1 3lz || @cH!lL!eS<11><STEAM_0:0:1568553987><CT>" with "galil"
L 07/25/2020 - 18:24:29: "Iz 3r3 No 1 3lz || Sic Mundus<1><STEAM_0:1:66144441><CT>" killed "FunZ || N3m3s!$<9><STEAM_0:1:49729967><TERRORIST>" with "usp"
L 07/25/2020 - 18:24:32: "FunZ || U<13><STEAM_0:0:294118000><TERRORIST>" killed "Iz 3r3 No 1 3lz || HKB<12><STEAM_0:0:976377135><CT>" with "ak47"
L 07/25/2020 - 18:24:32: "FunZ || U<13><STEAM_0:0:294118000><TERRORIST>" killed "Iz 3r3 No 1 3lz || Sic Mundus<1><STEAM_0:1:66144441><CT>" with "ak47"
L 07/25/2020 - 18:24:35: "FunZ || Aga!N!<10><STEAM_0:0:810273828><TERRORIST>" triggered "Planted_The_Bomb"
L 07/25/2020 - 18:24:38: "FunZ || U<13><STEAM_0:0:294118000><TERRORIST>" killed "Iz 3r3 No 1 3lz || Player<4><STEAM_0:0:209561119><CT>" with "ak47"
L 07/25/2020 - 18:25:02: "Iz 3r3 No 1 3lz || Escanor<2><STEAM_0:0:83230422><CT>" killed "FunZ || 1.5-14.5<7><STEAM_0:0:65740571><TERRORIST>" with "usp"
L 07/25/2020 - 18:25:12: "Iz 3r3 No 1 3lz || Escanor<2><STEAM_0:0:83230422><CT>" killed "FunZ || Aga!N!<10><STEAM_0:0:810273828><TERRORIST>" with "ak47"
L 07/25/2020 - 18:25:20: Team "TERRORIST" triggered "Target_Bombed" (CT "0") (T "2")
L 07/25/2020 - 18:25:20: World triggered "Round_End"
L 07/25/2020 - 18:25:25: "FunZ || 1.5-14.5<7><STEAM_0:0:65740571><TERRORIST>" triggered "Spawned_With_The_Bomb"
L 07/25/2020 - 18:25:37: World triggered "Round_Start"
L 07/25/2020 - 18:26:00: "Iz 3r3 No 1 3lz || HKB<12><STEAM_0:0:976377135><CT>" killed "FunZ || N3m3s!$<9><STEAM_0:1:49729967><TERRORIST>" with "usp"
L 07/25/2020 - 18:26:04: "FunZ || wolf<5><VALVE_0:4:1088121065><TERRORIST>" killed "Iz 3r3 No 1 3lz || Escanor<2><STEAM_0:0:83230422><CT>" with "galil"
L 07/25/2020 - 18:26:08: "Iz 3r3 No 1 3lz || pRo_reVltN<14><STEAM_0:1:546352772><CT>" killed "FunZ || Aga!N!<10><STEAM_0:0:810273828><TERRORIST>" with "usp"
L 07/25/2020 - 18:26:10: "FunZ || Cris<6><STEAM_0:1:540695973><TERRORIST>" killed "Iz 3r3 No 1 3lz || Sic Mundus<1><STEAM_0:1:66144441><CT>" with "galil"
L 07/25/2020 - 18:26:12: "Iz 3r3 No 1 3lz || pRo_reVltN<14><STEAM_0:1:546352772><CT>" killed "FunZ || 1.5-14.5<7><STEAM_0:0:65740571><TERRORIST>" with "ak47"
L 07/25/2020 - 18:26:12: "FunZ || 1.5-14.5<7><STEAM_0:0:65740571><TERRORIST>" triggered "Dropped_The_Bomb"
L 07/25/2020 - 18:26:13: "FunZ || Cris<6><STEAM_0:1:540695973><TERRORIST>" killed "Iz 3r3 No 1 3lz || pRo_reVltN<14><STEAM_0:1:546352772><CT>" with "galil"
L 07/25/2020 - 18:26:22: "Iz 3r3 No 1 3lz || Player<4><STEAM_0:0:209561119><CT>" killed "FunZ || Cris<6><STEAM_0:1:540695973><TERRORIST>" with "usp"
L 07/25/2020 - 18:26:22: "Iz 3r3 No 1 3lz || @cH!lL!eS<11><STEAM_0:0:1568553987><CT>" killed "FunZ || U<13><STEAM_0:0:294118000><TERRORIST>" with "usp"
L 07/25/2020 - 18:26:22: "FunZ || wolf<5><VALVE_0:4:1088121065><TERRORIST>" killed "Iz 3r3 No 1 3lz || Player<4><STEAM_0:0:209561119><CT>" with "grenade"
L 07/25/2020 - 18:26:36: "FunZ || wolf<5><VALVE_0:4:1088121065><TERRORIST>" triggered "Got_The_Bomb"
L 07/25/2020 - 18:26:46: "FunZ || wolf<5><VALVE_0:4:1088121065><TERRORIST>" triggered "Planted_The_Bomb"
L 07/25/2020 - 18:27:01: "Iz 3r3 No 1 3lz || @cH!lL!eS<11><STEAM_0:0:1568553987><CT>" triggered "Begin_Bomb_Defuse_Without_Kit"
L 07/25/2020 - 18:27:03: "Iz 3r3 No 1 3lz || HKB<12><STEAM_0:0:976377135><CT>" killed "FunZ || wolf<5><VALVE_0:4:1088121065><TERRORIST>" with "ak47"
L 07/25/2020 - 18:27:06: "Iz 3r3 No 1 3lz || HKB<12><STEAM_0:0:976377135><CT>" triggered "Begin_Bomb_Defuse_With_Kit"
L 07/25/2020 - 18:27:11: "Iz 3r3 No 1 3lz || HKB<12><STEAM_0:0:976377135><CT>" triggered "Defused_The_Bomb"
L 07/25/2020 - 18:27:11: Team "CT" triggered "Bomb_Defused" (CT "1") (T "2")
L 07/25/2020 - 18:27:11: World triggered "Round_End"
L 07/25/2020 - 18:27:16: "FunZ || N3m3s!$<9><STEAM_0:1:49729967><TERRORIST>" triggered "Spawned_With_The_Bomb"
L 07/25/2020 - 18:27:21: "FunZ || N3m3s!$<9><STEAM_0:1:49729967><TERRORIST>" triggered "Dropped_The_Bomb"
L 07/25/2020 - 18:27:21: "FunZ || Cris<6><STEAM_0:1:540695973><TERRORIST>" triggered "Got_The_Bomb"
L 07/25/2020 - 18:27:24: "FunZ || Cris<6><STEAM_0:1:540695973><TERRORIST>" triggered "Dropped_The_Bomb"
L 07/25/2020 - 18:27:28: World triggered "Round_Start"
L 07/25/2020 - 18:27:29: "FunZ || 1.5-14.5<7><STEAM_0:0:65740571><TERRORIST>" triggered "Got_The_Bomb"
L 07/25/2020 - 18:27:37: "FunZ || 1.5-14.5<7><STEAM_0:0:65740571><TERRORIST>" triggered "Dropped_The_Bomb"
L 07/25/2020 - 18:27:43: "FunZ || Aga!N!<10><STEAM_0:0:810273828><TERRORIST>" triggered "Got_The_Bomb"
L 07/25/2020 - 18:27:59: "FunZ || N3m3s!$<9><STEAM_0:1:49729967><TERRORIST>" killed "Iz 3r3 No 1 3lz || HKB<12><STEAM_0:0:976377135><CT>" with "ak47"
L 07/25/2020 - 18:28:21: "FunZ || N3m3s!$<9><STEAM_0:1:49729967><TERRORIST>" killed "Iz 3r3 No 1 3lz || Escanor<2><STEAM_0:0:83230422><CT>" with "ak47"
L 07/25/2020 - 18:28:27: "FunZ || 1.5-14.5<7><STEAM_0:0:65740571><TERRORIST>" killed "Iz 3r3 No 1 3lz || Player<4><STEAM_0:0:209561119><CT>" with "ak47"
L 07/25/2020 - 18:28:31: "FunZ || Aga!N!<10><STEAM_0:0:810273828><TERRORIST>" triggered "Planted_The_Bomb"
L 07/25/2020 - 18:28:36: "FunZ || Aga!N!<10><STEAM_0:0:810273828><TERRORIST>" killed "Iz 3r3 No 1 3lz || pRo_reVltN<14><STEAM_0:1:546352772><CT>" with "ak47"
L 07/25/2020 - 18:28:39: "FunZ || U<13><STEAM_0:0:294118000><TERRORIST>" killed "Iz 3r3 No 1 3lz || Sic Mundus<1><STEAM_0:1:66144441><CT>" with "ak47"
L 07/25/2020 - 18:28:55: "Iz 3r3 No 1 3lz || @cH!lL!eS<11><STEAM_0:0:1568553987><CT>" killed "FunZ || wolf<5><VALVE_0:4:1088121065><TERRORIST>" with "ak47"
L 07/25/2020 - 18:29:00: "Iz 3r3 No 1 3lz || @cH!lL!eS<11><STEAM_0:0:1568553987><CT>" killed "FunZ || U<13><STEAM_0:0:294118000><TERRORIST>" with "ak47"
L 07/25/2020 - 18:29:17: Team "TERRORIST" triggered "Target_Bombed" (CT "1") (T "3")
L 07/25/2020 - 18:29:17: World triggered "Round_End"
L 07/25/2020 - 18:29:22: "FunZ || Aga!N!<10><STEAM_0:0:810273828><TERRORIST>" triggered "Spawned_With_The_Bomb"
L 07/25/2020 - 18:29:34: World triggered "Round_Start"
L 07/25/2020 - 18:30:12: "FunZ || U<13><STEAM_0:0:294118000><TERRORIST>" killed "Iz 3r3 No 1 3lz || Escanor<2><STEAM_0:0:83230422><CT>" with "m4a1"
L 07/25/2020 - 18:30:28: "Iz 3r3 No 1 3lz || Player<4><STEAM_0:0:209561119><CT>" killed "FunZ || Cris<6><STEAM_0:1:540695973><TERRORIST>" with "famas"
L 07/25/2020 - 18:30:31: "FunZ || N3m3s!$<9><STEAM_0:1:49729967><TERRORIST>" killed "Iz 3r3 No 1 3lz || Player<4><STEAM_0:0:209561119><CT>" with "ak47"
L 07/25/2020 - 18:30:31: "FunZ || 1.5-14.5<7><STEAM_0:0:65740571><TERRORIST>" killed "Iz 3r3 No 1 3lz || pRo_reVltN<14><STEAM_0:1:546352772><CT>" with "ak47"
L 07/25/2020 - 18:30:39: "FunZ || Aga!N!<10><STEAM_0:0:810273828><TERRORIST>" triggered "Planted_The_Bomb"
L 07/25/2020 - 18:30:44: "FunZ || 1.5-14.5<7><STEAM_0:0:65740571><TERRORIST>" killed "Iz 3r3 No 1 3lz || HKB<12><STEAM_0:0:976377135><CT>" with "ak47"
L 07/25/2020 - 18:30:45: "FunZ || wolf<5><VALVE_0:4:1088121065><TERRORIST>" killed "Iz 3r3 No 1 3lz || Sic Mundus<1><STEAM_0:1:66144441><CT>" with "ak47"
L 07/25/2020 - 18:30:54: "Iz 3r3 No 1 3lz || @cH!lL!eS<11><STEAM_0:0:1568553987><CT>" killed "FunZ || Aga!N!<10><STEAM_0:0:810273828><TERRORIST>" with "ak47"
L 07/25/2020 - 18:30:56: "Iz 3r3 No 1 3lz || @cH!lL!eS<11><STEAM_0:0:1568553987><CT>" killed "FunZ || 1.5-14.5<7><STEAM_0:0:65740571><TERRORIST>" with "ak47"
L 07/25/2020 - 18:30:58: "FunZ || wolf<5><VALVE_0:4:1088121065><TERRORIST>" killed "Iz 3r3 No 1 3lz || @cH!lL!eS<11><STEAM_0:0:1568553987><CT>" with "ak47"
L 07/25/2020 - 18:30:58: Team "TERRORIST" triggered "Terrorists_Win" (CT "1") (T "4")
L 07/25/2020 - 18:30:58: World triggered "Round_End"
L 07/25/2020 - 18:31:03: "FunZ || U<13><STEAM_0:0:294118000><TERRORIST>" triggered "Spawned_With_The_Bomb"
L 07/25/2020 - 18:31:07: "FunZ || U<13><STEAM_0:0:294118000><TERRORIST>" triggered "Dropped_The_Bomb"
L 07/25/2020 - 18:31:08: "FunZ || N3m3s!$<9><STEAM_0:1:49729967><TERRORIST>" triggered "Got_The_Bomb"
L 07/25/2020 - 18:31:11: "FunZ || N3m3s!$<9><STEAM_0:1:49729967><TERRORIST>" triggered "Dropped_The_Bomb"
L 07/25/2020 - 18:31:15: World triggered "Round_Start"
L 07/25/2020 - 18:31:18: "FunZ || N3m3s!$<9><STEAM_0:1:49729967><TERRORIST>" triggered "Got_The_Bomb"
L 07/25/2020 - 18:32:07: "FunZ || N3m3s!$<9><STEAM_0:1:49729967><TERRORIST>" triggered "Planted_The_Bomb"
L 07/25/2020 - 18:32:18: "FunZ || Aga!N!<10><STEAM_0:0:810273828><TERRORIST>" killed "Iz 3r3 No 1 3lz || HKB<12><STEAM_0:0:976377135><CT>" with "ak47"
L 07/25/2020 - 18:32:28: "FunZ || N3m3s!$<9><STEAM_0:1:49729967><TERRORIST>" killed "Iz 3r3 No 1 3lz || Sic Mundus<1><STEAM_0:1:66144441><CT>" with "ak47"
L 07/25/2020 - 18:32:29: "FunZ || N3m3s!$<9><STEAM_0:1:49729967><TERRORIST>" killed "Iz 3r3 No 1 3lz || Escanor<2><STEAM_0:0:83230422><CT>" with "ak47"
L 07/25/2020 - 18:32:36: "Iz 3r3 No 1 3lz || @cH!lL!eS<11><STEAM_0:0:1568553987><CT>" killed "FunZ || wolf<5><VALVE_0:4:1088121065><TERRORIST>" with "usp"
L 07/25/2020 - 18:32:39: "FunZ || N3m3s!$<9><STEAM_0:1:49729967><TERRORIST>" killed "Iz 3r3 No 1 3lz || @cH!lL!eS<11><STEAM_0:0:1568553987><CT>" with "ak47"
L 07/25/2020 - 18:32:40: "FunZ || N3m3s!$<9><STEAM_0:1:49729967><TERRORIST>" killed "Iz 3r3 No 1 3lz || pRo_reVltN<14><STEAM_0:1:546352772><CT>" with "ak47"
L 07/25/2020 - 18:32:41: "Iz 3r3 No 1 3lz || Player<4><STEAM_0:0:209561119><CT>" killed "FunZ || N3m3s!$<9><STEAM_0:1:49729967><TERRORIST>" with "usp"
L 07/25/2020 - 18:32:47: "FunZ || U<13><STEAM_0:0:294118000><TERRORIST>" killed "Iz 3r3 No 1 3lz || Player<4><STEAM_0:0:209561119><CT>" with "m4a1"
L 07/25/2020 - 18:32:47: Team "TERRORIST" triggered "Terrorists_Win" (CT "1") (T "5")
L 07/25/2020 - 18:32:47: World triggered "Round_End"
L 07/25/2020 - 18:32:52: "FunZ || wolf<5><VALVE_0:4:1088121065><TERRORIST>" triggered "Spawned_With_The_Bomb"
L 07/25/2020 - 18:33:02: "FunZ || wolf<5><VALVE_0:4:1088121065><TERRORIST>" triggered "Dropped_The_Bomb"
L 07/25/2020 - 18:33:04: World triggered "Round_Start"
L 07/25/2020 - 18:33:09: "FunZ || wolf<5><VALVE_0:4:1088121065><TERRORIST>" triggered "Got_The_Bomb"
L 07/25/2020 - 18:33:36: "Iz 3r3 No 1 3lz || Player<4><STEAM_0:0:209561119><CT>" killed "FunZ || Aga!N!<10><STEAM_0:0:810273828><TERRORIST>" with "m4a1"
L 07/25/2020 - 18:33:48: "FunZ || N3m3s!$<9><STEAM_0:1:49729967><TERRORIST>" killed "Iz 3r3 No 1 3lz || Player<4><STEAM_0:0:209561119><CT>" with "ak47"
L 07/25/2020 - 18:33:56: "FunZ || N3m3s!$<9><STEAM_0:1:49729967><TERRORIST>" killed "Iz 3r3 No 1 3lz || Escanor<2><STEAM_0:0:83230422><CT>" with "ak47"
L 07/25/2020 - 18:33:57: "Iz 3r3 No 1 3lz || pRo_reVltN<14><STEAM_0:1:546352772><CT>" killed "FunZ || 1.5-14.5<7><STEAM_0:0:65740571><TERRORIST>" with "m4a1"
L 07/25/2020 - 18:34:00: "FunZ || wolf<5><VALVE_0:4:1088121065><TERRORIST>" killed "Iz 3r3 No 1 3lz || pRo_reVltN<14><STEAM_0:1:546352772><CT>" with "ak47"
L 07/25/2020 - 18:34:01: "Iz 3r3 No 1 3lz || Sic Mundus<1><STEAM_0:1:66144441><CT>" killed "FunZ || U<13><STEAM_0:0:294118000><TERRORIST>" with "m4a1"
L 07/25/2020 - 18:34:03: "Iz 3r3 No 1 3lz || Sic Mundus<1><STEAM_0:1:66144441><CT>" killed "FunZ || Cris<6><STEAM_0:1:540695973><TERRORIST>" with "m4a1"
L 07/25/2020 - 18:34:06: "FunZ || wolf<5><VALVE_0:4:1088121065><TERRORIST>" triggered "Planted_The_Bomb"
L 07/25/2020 - 18:34:08: "FunZ || N3m3s!$<9><STEAM_0:1:49729967><TERRORIST>" killed "Iz 3r3 No 1 3lz || Sic Mundus<1><STEAM_0:1:66144441><CT>" with "ak47"
L 07/25/2020 - 18:34:17: "Iz 3r3 No 1 3lz || HKB<12><STEAM_0:0:976377135><CT>" killed "FunZ || wolf<5><VALVE_0:4:1088121065><TERRORIST>" with "ak47"
L 07/25/2020 - 18:34:24: "Iz 3r3 No 1 3lz || HKB<12><STEAM_0:0:976377135><CT>" killed "FunZ || N3m3s!$<9><STEAM_0:1:49729967><TERRORIST>" with "ak47"
L 07/25/2020 - 18:34:28: "Iz 3r3 No 1 3lz || @cH!lL!eS<11><STEAM_0:0:1568553987><CT>" triggered "Begin_Bomb_Defuse_With_Kit"
L 07/25/2020 - 18:34:33: "Iz 3r3 No 1 3lz || @cH!lL!eS<11><STEAM_0:0:1568553987><CT>" triggered "Defused_The_Bomb"
L 07/25/2020 - 18:34:33: Team "CT" triggered "Bomb_Defused" (CT "2") (T "5")
L 07/25/2020 - 18:34:33: World triggered "Round_End"
L 07/25/2020 - 18:34:38: "FunZ || Cris<6><STEAM_0:1:540695973><TERRORIST>" triggered "Spawned_With_The_Bomb"
L 07/25/2020 - 18:34:41: "FunZ || Cris<6><STEAM_0:1:540695973><TERRORIST>" triggered "Dropped_The_Bomb"
L 07/25/2020 - 18:34:41: "FunZ || U<13><STEAM_0:0:294118000><TERRORIST>" triggered "Got_The_Bomb"
L 07/25/2020 - 18:34:50: World triggered "Round_Start"
L 07/25/2020 - 18:35:34: "Iz 3r3 No 1 3lz || Player<4><STEAM_0:0:209561119><CT>" killed "FunZ || N3m3s!$<9><STEAM_0:1:49729967><TERRORIST>" with "m4a1"
L 07/25/2020 - 18:35:35: "Iz 3r3 No 1 3lz || Player<4><STEAM_0:0:209561119><CT>" killed "FunZ || Cris<6><STEAM_0:1:540695973><TERRORIST>" with "m4a1"
L 07/25/2020 - 18:35:35: "FunZ || Aga!N!<10><STEAM_0:0:810273828><TERRORIST>" killed "Iz 3r3 No 1 3lz || Player<4><STEAM_0:0:209561119><CT>" with "awp"
L 07/25/2020 - 18:35:41: "FunZ || 1.5-14.5<7><STEAM_0:0:65740571><TERRORIST>" killed "Iz 3r3 No 1 3lz || pRo_reVltN<14><STEAM_0:1:546352772><CT>" with "ak47"
L 07/25/2020 - 18:35:44: "FunZ || 1.5-14.5<7><STEAM_0:0:65740571><TERRORIST>" killed "Iz 3r3 No 1 3lz || Escanor<2><STEAM_0:0:83230422><CT>" with "ak47"
L 07/25/2020 - 18:35:44: "FunZ || 1.5-14.5<7><STEAM_0:0:65740571><TERRORIST>" killed "Iz 3r3 No 1 3lz || Sic Mundus<1><STEAM_0:1:66144441><CT>" with "ak47"
L 07/25/2020 - 18:35:51: "Iz 3r3 No 1 3lz || HKB<12><STEAM_0:0:976377135><CT>" killed "FunZ || Aga!N!<10><STEAM_0:0:810273828><TERRORIST>" with "m4a1"
L 07/25/2020 - 18:35:56: "FunZ || wolf<5><VALVE_0:4:1088121065><TERRORIST>" killed "Iz 3r3 No 1 3lz || @cH!lL!eS<11><STEAM_0:0:1568553987><CT>" with "ak47"
L 07/25/2020 - 18:36:03: "FunZ || U<13><STEAM_0:0:294118000><TERRORIST>" triggered "Planted_The_Bomb"
L 07/25/2020 - 18:36:10: "FunZ || 1.5-14.5<7><STEAM_0:0:65740571><TERRORIST>" killed "Iz 3r3 No 1 3lz || HKB<12><STEAM_0:0:976377135><CT>" with "ak47"
L 07/25/2020 - 18:36:10: Team "TERRORIST" triggered "Terrorists_Win" (CT "2") (T "6")
L 07/25/2020 - 18:36:10: World triggered "Round_End"
L 07/25/2020 - 18:36:15: "FunZ || 1.5-14.5<7><STEAM_0:0:65740571><TERRORIST>" triggered "Spawned_With_The_Bomb"
L 07/25/2020 - 18:36:27: World triggered "Round_Start"
L 07/25/2020 - 18:36:54: "FunZ || Aga!N!<10><STEAM_0:0:810273828><TERRORIST>" killed "Iz 3r3 No 1 3lz || Escanor<2><STEAM_0:0:83230422><CT>" with "ak47"
L 07/25/2020 - 18:36:57: "FunZ || wolf<5><VALVE_0:4:1088121065><TERRORIST>" killed "Iz 3r3 No 1 3lz || @cH!lL!eS<11><STEAM_0:0:1568553987><CT>" with "ak47"
L 07/25/2020 - 18:37:01: "FunZ || wolf<5><VALVE_0:4:1088121065><TERRORIST>" killed "Iz 3r3 No 1 3lz || HKB<12><STEAM_0:0:976377135><CT>" with "ak47"
L 07/25/2020 - 18:37:04: "FunZ || Aga!N!<10><STEAM_0:0:810273828><TERRORIST>" killed "Iz 3r3 No 1 3lz || pRo_reVltN<14><STEAM_0:1:546352772><CT>" with "ak47"
L 07/25/2020 - 18:37:10: "FunZ || Aga!N!<10><STEAM_0:0:810273828><TERRORIST>" killed "Iz 3r3 No 1 3lz || Sic Mundus<1><STEAM_0:1:66144441><CT>" with "ak47"
L 07/25/2020 - 18:37:15: "FunZ || 1.5-14.5<7><STEAM_0:0:65740571><TERRORIST>" triggered "Planted_The_Bomb"
L 07/25/2020 - 18:37:34: "Iz 3r3 No 1 3lz || Player<4><STEAM_0:0:209561119><CT>" killed "FunZ || N3m3s!$<9><STEAM_0:1:49729967><TERRORIST>" with "usp"
L 07/25/2020 - 18:37:50: "Iz 3r3 No 1 3lz || Player<4><STEAM_0:0:209561119><CT>" killed "FunZ || Aga!N!<10><STEAM_0:0:810273828><TERRORIST>" with "ak47"
L 07/25/2020 - 18:38:00: Team "TERRORIST" triggered "Target_Bombed" (CT "2") (T "7")
L 07/25/2020 - 18:38:00: World triggered "Round_End"
L 07/25/2020 - 18:38:03: "Iz 3r3 No 1 3lz || Player<4><STEAM_0:0:209561119><CT>" killed "FunZ || U<13><STEAM_0:0:294118000><TERRORIST>" with "ak47"
L 07/25/2020 - 18:38:05: "FunZ || N3m3s!$<9><STEAM_0:1:49729967><TERRORIST>" triggered "Spawned_With_The_Bomb"
L 07/25/2020 - 18:38:16: "FunZ || N3m3s!$<9><STEAM_0:1:49729967><TERRORIST>" triggered "Dropped_The_Bomb"
L 07/25/2020 - 18:38:16: "FunZ || wolf<5><VALVE_0:4:1088121065><TERRORIST>" triggered "Got_The_Bomb"
L 07/25/2020 - 18:38:17: World triggered "Round_Start"
L 07/25/2020 - 18:38:18: "FunZ || wolf<5><VALVE_0:4:1088121065><TERRORIST>" triggered "Dropped_The_Bomb"
L 07/25/2020 - 18:38:19: "FunZ || N3m3s!$<9><STEAM_0:1:49729967><TERRORIST>" triggered "Got_The_Bomb"
L 07/25/2020 - 18:38:35: "FunZ || N3m3s!$<9><STEAM_0:1:49729967><TERRORIST>" triggered "Dropped_The_Bomb"
L 07/25/2020 - 18:38:37: "FunZ || N3m3s!$<9><STEAM_0:1:49729967><TERRORIST>" triggered "Got_The_Bomb"
L 07/25/2020 - 18:38:55: "Iz 3r3 No 1 3lz || Sic Mundus<1><STEAM_0:1:66144441><CT>" killed "FunZ || Aga!N!<10><STEAM_0:0:810273828><TERRORIST>" with "m4a1"
L 07/25/2020 - 18:38:56: "FunZ || wolf<5><VALVE_0:4:1088121065><TERRORIST>" killed "Iz 3r3 No 1 3lz || @cH!lL!eS<11><STEAM_0:0:1568553987><CT>" with "ak47"
L 07/25/2020 - 18:38:58: "Iz 3r3 No 1 3lz || HKB<12><STEAM_0:0:976377135><CT>" killed "FunZ || wolf<5><VALVE_0:4:1088121065><TERRORIST>" with "m4a1"
L 07/25/2020 - 18:39:10: "FunZ || 1.5-14.5<7><STEAM_0:0:65740571><TERRORIST>" killed "Iz 3r3 No 1 3lz || Escanor<2><STEAM_0:0:83230422><CT>" with "ak47"
L 07/25/2020 - 18:39:33: "Iz 3r3 No 1 3lz || pRo_reVltN<14><STEAM_0:1:546352772><CT>" killed "FunZ || 1.5-14.5<7><STEAM_0:0:65740571><TERRORIST>" with "m4a1"
L 07/25/2020 - 18:39:36: "Iz 3r3 No 1 3lz || pRo_reVltN<14><STEAM_0:1:546352772><CT>" killed "FunZ || U<13><STEAM_0:0:294118000><TERRORIST>" with "m4a1"
L 07/25/2020 - 18:39:43: "Iz 3r3 No 1 3lz || HKB<12><STEAM_0:0:976377135><CT>" killed "FunZ || Cris<6><STEAM_0:1:540695973><TERRORIST>" with "m4a1"
L 07/25/2020 - 18:39:49: "Iz 3r3 No 1 3lz || pRo_reVltN<14><STEAM_0:1:546352772><CT>" killed "FunZ || N3m3s!$<9><STEAM_0:1:49729967><TERRORIST>" with "m4a1"
L 07/25/2020 - 18:39:50: Team "CT" triggered "CTs_Win" (CT "3") (T "7")
L 07/25/2020 - 18:39:50: World triggered "Round_End"