L 07/25/2020 - 19:59:27: Log file started (file "logs\L0725021.log") (game "cstrike") (version "48/1.1.2.7/8308")
L 07/25/2020 - 19:59:27: Loading map "de_inferno"
L 07/25/2020 - 19:59:27: Server cvars start
L 07/25/2020 - 19:59:27: Server cvar "_tutor_bomb_viewable_check_interval" = "0.5"
L 07/25/2020 - 19:59:27: Server cvar "_tutor_debug_level" = "0"
L 07/25/2020 - 19:59:27: Server cvar "_tutor_examine_time" = "0.5"
L 07/25/2020 - 19:59:27: Server cvar "_tutor_hint_interval_time" = "10.0"
L 07/25/2020 - 19:59:27: Server cvar "_tutor_look_angle" = "10"
L 07/25/2020 - 19:59:27: Server cvar "_tutor_look_distance" = "200"
L 07/25/2020 - 19:59:27: Server cvar "_tutor_message_character_display_time_coefficient" = "0.07"
L 07/25/2020 - 19:59:27: Server cvar "_tutor_message_minimum_display_time" = "1"
L 07/25/2020 - 19:59:27: Server cvar "_tutor_message_repeats" = "5"
L 07/25/2020 - 19:59:27: Server cvar "_tutor_view_distance" = "1000"
L 07/25/2020 - 19:59:27: Server cvar "allow_spectators" = "1"
L 07/25/2020 - 19:59:27: Server cvar "amx_client_languages" = "1"
L 07/25/2020 - 19:59:27: Server cvar "amx_language" = "en"
L 07/25/2020 - 19:59:27: Server cvar "amx_nextmap" = "de_nuke"
L 07/25/2020 - 19:59:27: Server cvar "amx_timeleft" = "65531:40"
L 07/25/2020 - 19:59:27: Server cvar "amxmodx_version" = "1.8.2"
L 07/25/2020 - 19:59:27: Server cvar "coop" = "0"
L 07/25/2020 - 19:59:27: Server cvar "deathmatch" = "1"
L 07/25/2020 - 19:59:27: Server cvar "decalfrequency" = "60"
L 07/25/2020 - 19:59:27: Server cvar "dp_version" = "0.9.582"
L 07/25/2020 - 19:59:27: Server cvar "edgefriction" = "2"
L 07/25/2020 - 19:59:27: Server cvar "hostage_debug" = "0"
L 07/25/2020 - 19:59:27: Server cvar "hostage_stop" = "0"
L 07/25/2020 - 19:59:27: Server cvar "humans_join_team" = "any"
L 07/25/2020 - 19:59:27: Server cvar "max_queries_sec" = "3.0"
L 07/25/2020 - 19:59:27: Server cvar "max_queries_sec_global" = "30"
L 07/25/2020 - 19:59:27: Server cvar "max_queries_window" = "60"
L 07/25/2020 - 19:59:27: Server cvar "metamod_version" = "1.20"
L 07/25/2020 - 19:59:27: Server cvar "mp_allowmonsters" = "0"
L 07/25/2020 - 19:59:27: Server cvar "mp_autokick" = "0"
L 07/25/2020 - 19:59:27: Server cvar "mp_autokick_timeout" = "-1"
L 07/25/2020 - 19:59:27: Server cvar "mp_autoteambalance" = "0"
L 07/25/2020 - 19:59:27: Server cvar "mp_buytime" = "1.5"
L 07/25/2020 - 19:59:27: Server cvar "mp_c4timer" = "45"
L 07/25/2020 - 19:59:27: Server cvar "mp_chattime" = "0"
L 07/25/2020 - 19:59:27: Server cvar "mp_consistency" = "1"
L 07/25/2020 - 19:59:27: Server cvar "mp_fadetoblack" = "0"
L 07/25/2020 - 19:59:27: Server cvar "mp_flashlight" = "0"
L 07/25/2020 - 19:59:27: Server cvar "mp_footsteps" = "1"
L 07/25/2020 - 19:59:27: Server cvar "mp_forcecamera" = "0"
L 07/25/2020 - 19:59:27: Server cvar "mp_forcechasecam" = "2"
L 07/25/2020 - 19:59:27: Server cvar "mp_fragsleft" = "0"
L 07/25/2020 - 19:59:27: Server cvar "mp_freezetime" = "12"
L 07/25/2020 - 19:59:27: Server cvar "mp_friendlyfire" = "1"
L 07/25/2020 - 19:59:27: Server cvar "mp_ghostfrequency" = "0.1"
L 07/25/2020 - 19:59:27: Server cvar "mp_hostagepenalty" = "2"
L 07/25/2020 - 19:59:27: Server cvar "mp_infinite_ammo" = "0"
L 07/25/2020 - 19:59:27: Server cvar "mp_kickpercent" = "0.66"
L 07/25/2020 - 19:59:27: Server cvar "mp_limitteams" = "5"
L 07/25/2020 - 19:59:27: Server cvar "mp_logdetail" = "0"
L 07/25/2020 - 19:59:27: Server cvar "mp_logfile" = "1"
L 07/25/2020 - 19:59:27: Server cvar "mp_logmessages" = "1"
L 07/25/2020 - 19:59:27: Server cvar "mp_mapvoteratio" = "0.66"
L 07/25/2020 - 19:59:27: Server cvar "mp_maxrounds" = "0"
L 07/25/2020 - 19:59:27: Server cvar "mp_mirrordamage" = "0"
L 07/25/2020 - 19:59:27: Server cvar "mp_playerid" = "0"
L 07/25/2020 - 19:59:27: Server cvar "mp_roundtime" = "2"
L 07/25/2020 - 19:59:27: Server cvar "mp_scoreboard_showhealth" = "3"
L 07/25/2020 - 19:59:27: Server cvar "mp_scoreboard_showmoney" = "3"
L 07/25/2020 - 19:59:27: Server cvar "mp_startmoney" = "800"
L 07/25/2020 - 19:59:27: Server cvar "mp_timeleft" = "0"
L 07/25/2020 - 19:59:27: Server cvar "mp_timelimit" = "65535"
L 07/25/2020 - 19:59:27: Server cvar "mp_tkpunish" = "0"
L 07/25/2020 - 19:59:27: Server cvar "mp_windifference" = "1"
L 07/25/2020 - 19:59:27: Server cvar "mp_winlimit" = "0"
L 07/25/2020 - 19:59:27: Server cvar "pausable" = "0"
L 07/25/2020 - 19:59:27: Server cvar "sv_accelerate" = "5"
L 07/25/2020 - 19:59:27: Server cvar "sv_aim" = "0"
L 07/25/2020 - 19:59:27: Server cvar "sv_airaccelerate" = "10"
L 07/25/2020 - 19:59:27: Server cvar "sv_allowupload" = "1"
L 07/25/2020 - 19:59:27: Server cvar "sv_alltalk" = "0"
L 07/25/2020 - 19:59:27: Server cvar "sv_bounce" = "1"
L 07/25/2020 - 19:59:27: Server cvar "sv_cheats" = "0"
L 07/25/2020 - 19:59:27: Server cvar "sv_clienttrace" = "1"
L 07/25/2020 - 19:59:27: Server cvar "sv_contact" = "apoo12345@gmail.com"
L 07/25/2020 - 19:59:27: Server cvar "sv_friction" = "4"
L 07/25/2020 - 19:59:27: Server cvar "sv_gravity" = "800"
L 07/25/2020 - 19:59:27: Server cvar "sv_logblocks" = "0"
L 07/25/2020 - 19:59:27: Server cvar "sv_maxrate" = "20000"
L 07/25/2020 - 19:59:27: Server cvar "sv_maxspeed" = "900"
L 07/25/2020 - 19:59:27: Server cvar "sv_minrate" = "5000"
L 07/25/2020 - 19:59:27: Server cvar "sv_password" = "Lauda"
L 07/25/2020 - 19:59:27: Server cvar "sv_proxies" = "1"
L 07/25/2020 - 19:59:27: Server cvar "sv_restart" = "0"
L 07/25/2020 - 19:59:27: Server cvar "sv_restartround" = "0"
L 07/25/2020 - 19:59:27: Server cvar "sv_stepsize" = "18"
L 07/25/2020 - 19:59:27: Server cvar "sv_stopspeed" = "75"
L 07/25/2020 - 19:59:27: Server cvar "sv_uploadmax" = "0.5"
L 07/25/2020 - 19:59:27: Server cvar "sv_voiceenable" = "0"
L 07/25/2020 - 19:59:27: Server cvar "sv_wateraccelerate" = "10"
L 07/25/2020 - 19:59:27: Server cvar "sv_waterfriction" = "1"
L 07/25/2020 - 19:59:27: Server cvars end
L 07/25/2020 - 19:59:28: Server cvar "amx_nextmap" = "de_inferno"
L 07/25/2020 - 20:08:49: "FunZ || Cris<47><STEAM_0:1:540695973><TERRORIST>" triggered "Spawned_With_The_Bomb"
L 07/25/2020 - 20:08:53: "Gerrard || Agent Felix<35><STEAM_0:1:539804210><CT>" say "stay"
L 07/25/2020 - 20:08:54: "Gerrard || 1729<37><STEAM_0:0:1921819853><CT>" say "stay"
L 07/25/2020 - 20:08:55: "FunZ || 1.5-14.5<46><STEAM_0:0:65740571><TERRORIST>" say "ok"
L 07/25/2020 - 20:09:01: World triggered "Round_Start"
L 07/25/2020 - 20:09:09: "Gerrard || 1729<37><STEAM_0:0:1921819853><CT>" say "ready"
L 07/25/2020 - 20:09:16: "Gerrard || assassin<38><STEAM_0:1:550589384><CT>" killed "FunZ || U<44><STEAM_0:0:294118000><TERRORIST>" with "m4a1"
L 07/25/2020 - 20:09:21: "Gerrard || Agent Felix<35><STEAM_0:1:539804210><CT>" say "ready"
L 07/25/2020 - 20:09:33: "Gerrard || assassin<38><STEAM_0:1:550589384><CT>" killed "FunZ || Cris<47><STEAM_0:1:540695973><TERRORIST>" with "m4a1"
L 07/25/2020 - 20:09:33: "FunZ || Cris<47><STEAM_0:1:540695973><TERRORIST>" triggered "Dropped_The_Bomb"
L 07/25/2020 - 20:09:46: "Gerrard || assassin<38><STEAM_0:1:550589384><CT>" killed "FunZ || N3m3s!$<48><STEAM_0:1:49729967><TERRORIST>" with "m4a1"
L 07/25/2020 - 20:09:53: "FunZ || wolf<45><VALVE_0:4:1088121065><TERRORIST>" killed "Gerrard || assassin<38><STEAM_0:1:550589384><CT>" with "glock18"
L 07/25/2020 - 20:10:10: "FunZ || Aga!N!<42><STEAM_0:0:810273828><TERRORIST>" killed "Gerrard || Ladder<36><STEAM_0:0:369456433><CT>" with "m4a1"
L 07/25/2020 - 20:10:14: "FunZ || 1.5-14.5<46><STEAM_0:0:65740571><TERRORIST>" say "ready"
L 07/25/2020 - 20:10:16: "FunZ || Aga!N!<42><STEAM_0:0:810273828><TERRORIST>" triggered "Got_The_Bomb"
L 07/25/2020 - 20:10:17: "FunZ || 1.5-14.5<46><STEAM_0:0:65740571><TERRORIST>" say "next res live"
L 07/25/2020 - 20:10:18: Rcon: "rcon 757114305 "Lauda2" sv_restart 5" from "49.207.59.42:19102"
L 07/25/2020 - 20:10:18: Server cvar "sv_restart" = "5"
L 07/25/2020 - 20:10:19: World triggered "Restart_Round_(5_seconds)"
L 07/25/2020 - 20:10:19: Team "CT" scored "1" with "6" players
L 07/25/2020 - 20:10:19: Team "TERRORIST" scored "0" with "6" players
L 07/25/2020 - 20:10:19: Server cvar "sv_restart" = "0"
L 07/25/2020 - 20:10:24: "FunZ || N3m3s!$<48><STEAM_0:1:49729967><TERRORIST>" triggered "Spawned_With_The_Bomb"
L 07/25/2020 - 20:10:27: "Gerrard || 1729<37><STEAM_0:0:1921819853><CT>" say "LIVE"
L 07/25/2020 - 20:10:36: World triggered "Round_Start"
L 07/25/2020 - 20:10:57: "FunZ || Cris<47><STEAM_0:1:540695973><TERRORIST>" killed "Gerrard || Agent Felix<35><STEAM_0:1:539804210><CT>" with "glock18"
L 07/25/2020 - 20:10:59: "FunZ || U<44><STEAM_0:0:294118000><TERRORIST>" killed "Gerrard || 1729<37><STEAM_0:0:1921819853><CT>" with "usp"
L 07/25/2020 - 20:11:01: "FunZ || N3m3s!$<48><STEAM_0:1:49729967><TERRORIST>" triggered "Planted_The_Bomb"
L 07/25/2020 - 20:11:02: "FunZ || Aga!N!<42><STEAM_0:0:810273828><TERRORIST>" killed "Gerrard || Ladder<36><STEAM_0:0:369456433><CT>" with "glock18"
L 07/25/2020 - 20:11:05: "FunZ || wolf<45><VALVE_0:4:1088121065><TERRORIST>" killed "Gerrard || Hathi Ram<43><STEAM_0:0:504584658><CT>" with "glock18"
L 07/25/2020 - 20:11:08: "Gerrard || assassin<38><STEAM_0:1:550589384><CT>" killed "FunZ || Aga!N!<42><STEAM_0:0:810273828><TERRORIST>" with "usp"
L 07/25/2020 - 20:11:18: "FunZ || 1.5-14.5<46><STEAM_0:0:65740571><TERRORIST>" killed "Gerrard || assassin<38><STEAM_0:1:550589384><CT>" with "glock18"
L 07/25/2020 - 20:11:26: "Gerrard || F5<40><STEAM_0:0:555673910><CT>" killed "FunZ || 1.5-14.5<46><STEAM_0:0:65740571><TERRORIST>" with "usp"
L 07/25/2020 - 20:11:32: "Gerrard || F5<40><STEAM_0:0:555673910><CT>" killed "FunZ || U<44><STEAM_0:0:294118000><TERRORIST>" with "usp"
L 07/25/2020 - 20:11:32: "FunZ || wolf<45><VALVE_0:4:1088121065><TERRORIST>" killed "Gerrard || F5<40><STEAM_0:0:555673910><CT>" with "glock18"
L 07/25/2020 - 20:11:32: Team "TERRORIST" triggered "Terrorists_Win" (CT "0") (T "1")
L 07/25/2020 - 20:11:32: World triggered "Round_End"
L 07/25/2020 - 20:11:37: "FunZ || U<44><STEAM_0:0:294118000><TERRORIST>" triggered "Spawned_With_The_Bomb"
L 07/25/2020 - 20:11:44: Rcon: "rcon 2230464574 "Lauda2" say "Match 3.1 started"" from "106.51.233.53:12602"
L 07/25/2020 - 20:11:44: Server say "Match 3.1 started"
L 07/25/2020 - 20:11:49: World triggered "Round_Start"
L 07/25/2020 - 20:11:52: "FunZ || U<44><STEAM_0:0:294118000><TERRORIST>" triggered "Dropped_The_Bomb"
L 07/25/2020 - 20:11:53: "FunZ || Aga!N!<42><STEAM_0:0:810273828><TERRORIST>" triggered "Got_The_Bomb"
L 07/25/2020 - 20:11:54: "FunZ || Aga!N!<42><STEAM_0:0:810273828><TERRORIST>" triggered "Dropped_The_Bomb"
L 07/25/2020 - 20:11:59: "FunZ || wolf<45><VALVE_0:4:1088121065><TERRORIST>" triggered "Got_The_Bomb"
L 07/25/2020 - 20:12:01: "FunZ || Aga!N!<42><STEAM_0:0:810273828><TERRORIST>" killed "Gerrard || Agent Felix<35><STEAM_0:1:539804210><CT>" with "mp5navy"
L 07/25/2020 - 20:12:03: "FunZ || N3m3s!$<48><STEAM_0:1:49729967><TERRORIST>" killed "Gerrard || F5<40><STEAM_0:0:555673910><CT>" with "ak47"
L 07/25/2020 - 20:12:10: "FunZ || Aga!N!<42><STEAM_0:0:810273828><TERRORIST>" killed "Gerrard || Ladder<36><STEAM_0:0:369456433><CT>" with "mp5navy"
L 07/25/2020 - 20:12:10: "FunZ || Aga!N!<42><STEAM_0:0:810273828><TERRORIST>" killed "Gerrard || 1729<37><STEAM_0:0:1921819853><CT>" with "mp5navy"
L 07/25/2020 - 20:12:11: "FunZ || Aga!N!<42><STEAM_0:0:810273828><TERRORIST>" killed "Gerrard || Hathi Ram<43><STEAM_0:0:504584658><CT>" with "mp5navy"
L 07/25/2020 - 20:12:13: "FunZ || Aga!N!<42><STEAM_0:0:810273828><TERRORIST>" killed "Gerrard || assassin<38><STEAM_0:1:550589384><CT>" with "mp5navy"
L 07/25/2020 - 20:12:13: Team "TERRORIST" triggered "Terrorists_Win" (CT "0") (T "2")
L 07/25/2020 - 20:12:13: World triggered "Round_End"
L 07/25/2020 - 20:12:18: "FunZ || Aga!N!<42><STEAM_0:0:810273828><TERRORIST>" triggered "Spawned_With_The_Bomb"
L 07/25/2020 - 20:12:30: World triggered "Round_Start"
L 07/25/2020 - 20:13:20: "Gerrard || F5<40><STEAM_0:0:555673910><CT>" killed "FunZ || wolf<45><VALVE_0:4:1088121065><TERRORIST>" with "m4a1"
L 07/25/2020 - 20:13:21: "Gerrard || F5<40><STEAM_0:0:555673910><CT>" killed "FunZ || Aga!N!<42><STEAM_0:0:810273828><TERRORIST>" with "m4a1"
L 07/25/2020 - 20:13:21: "FunZ || Aga!N!<42><STEAM_0:0:810273828><TERRORIST>" triggered "Dropped_The_Bomb"
L 07/25/2020 - 20:13:23: "FunZ || Cris<47><STEAM_0:1:540695973><TERRORIST>" triggered "Got_The_Bomb"
L 07/25/2020 - 20:13:30: "Gerrard || 1729<37><STEAM_0:0:1921819853><CT>" killed "FunZ || Cris<47><STEAM_0:1:540695973><TERRORIST>" with "usp"
L 07/25/2020 - 20:13:30: "FunZ || Cris<47><STEAM_0:1:540695973><TERRORIST>" triggered "Dropped_The_Bomb"
L 07/25/2020 - 20:13:30: "FunZ || 1.5-14.5<46><STEAM_0:0:65740571><TERRORIST>" killed "Gerrard || 1729<37><STEAM_0:0:1921819853><CT>" with "ak47"
L 07/25/2020 - 20:13:32: "FunZ || 1.5-14.5<46><STEAM_0:0:65740571><TERRORIST>" triggered "Got_The_Bomb"
L 07/25/2020 - 20:13:38: "FunZ || N3m3s!$<48><STEAM_0:1:49729967><TERRORIST>" killed "Gerrard || F5<40><STEAM_0:0:555673910><CT>" with "ak47"
L 07/25/2020 - 20:13:43: "FunZ || N3m3s!$<48><STEAM_0:1:49729967><TERRORIST>" killed "Gerrard || Hathi Ram<43><STEAM_0:0:504584658><CT>" with "ak47"
L 07/25/2020 - 20:13:50: "Gerrard || Ladder<36><STEAM_0:0:369456433><CT>" killed "FunZ || 1.5-14.5<46><STEAM_0:0:65740571><TERRORIST>" with "usp"
L 07/25/2020 - 20:13:50: "FunZ || 1.5-14.5<46><STEAM_0:0:65740571><TERRORIST>" triggered "Dropped_The_Bomb"
L 07/25/2020 - 20:13:50: "Gerrard || Agent Felix<35><STEAM_0:1:539804210><CT>" killed "FunZ || N3m3s!$<48><STEAM_0:1:49729967><TERRORIST>" with "m4a1"
L 07/25/2020 - 20:14:24: "FunZ || U<44><STEAM_0:0:294118000><TERRORIST>" triggered "Got_The_Bomb"
L 07/25/2020 - 20:14:28: "Gerrard || Ladder<36><STEAM_0:0:369456433><CT>" killed "FunZ || U<44><STEAM_0:0:294118000><TERRORIST>" with "ak47"
L 07/25/2020 - 20:14:28: Team "CT" triggered "CTs_Win" (CT "1") (T "2")
L 07/25/2020 - 20:14:28: World triggered "Round_End"
L 07/25/2020 - 20:14:33: "FunZ || wolf<45><VALVE_0:4:1088121065><TERRORIST>" triggered "Spawned_With_The_Bomb"
L 07/25/2020 - 20:14:45: World triggered "Round_Start"
L 07/25/2020 - 20:14:59: "Gerrard || 1729<37><STEAM_0:0:1921819853><CT>" killed "FunZ || N3m3s!$<48><STEAM_0:1:49729967><TERRORIST>" with "awp"
L 07/25/2020 - 20:15:03: "Gerrard || 1729<37><STEAM_0:0:1921819853><CT>" killed "FunZ || Aga!N!<42><STEAM_0:0:810273828><TERRORIST>" with "awp"
L 07/25/2020 - 20:15:13: "Gerrard || Hathi Ram<43><STEAM_0:0:504584658><CT>" killed "FunZ || 1.5-14.5<46><STEAM_0:0:65740571><TERRORIST>" with "m4a1"
L 07/25/2020 - 20:15:22: "Gerrard || Agent Felix<35><STEAM_0:1:539804210><CT>" killed "FunZ || Cris<47><STEAM_0:1:540695973><TERRORIST>" with "m4a1"
L 07/25/2020 - 20:15:23: "FunZ || wolf<45><VALVE_0:4:1088121065><TERRORIST>" killed "Gerrard || Agent Felix<35><STEAM_0:1:539804210><CT>" with "ak47"
L 07/25/2020 - 20:15:25: "FunZ || wolf<45><VALVE_0:4:1088121065><TERRORIST>" killed "Gerrard || Hathi Ram<43><STEAM_0:0:504584658><CT>" with "ak47"
L 07/25/2020 - 20:15:26: "Gerrard || 1729<37><STEAM_0:0:1921819853><CT>" killed "FunZ || U<44><STEAM_0:0:294118000><TERRORIST>" with "awp"
L 07/25/2020 - 20:15:31: "FunZ || wolf<45><VALVE_0:4:1088121065><TERRORIST>" triggered "Planted_The_Bomb"
L 07/25/2020 - 20:15:40: "Gerrard || 1729<37><STEAM_0:0:1921819853><CT>" killed "FunZ || wolf<45><VALVE_0:4:1088121065><TERRORIST>" with "awp"
L 07/25/2020 - 20:15:43: "Gerrard || 1729<37><STEAM_0:0:1921819853><CT>" triggered "Begin_Bomb_Defuse_Without_Kit"
L 07/25/2020 - 20:15:52: "Gerrard || 1729<37><STEAM_0:0:1921819853><CT>" triggered "Begin_Bomb_Defuse_Without_Kit"
L 07/25/2020 - 20:16:02: "Gerrard || 1729<37><STEAM_0:0:1921819853><CT>" triggered "Defused_The_Bomb"
L 07/25/2020 - 20:16:02: Team "CT" triggered "Bomb_Defused" (CT "2") (T "2")
L 07/25/2020 - 20:16:02: World triggered "Round_End"
L 07/25/2020 - 20:16:07: "FunZ || 1.5-14.5<46><STEAM_0:0:65740571><TERRORIST>" triggered "Spawned_With_The_Bomb"
L 07/25/2020 - 20:16:19: World triggered "Round_Start"
L 07/25/2020 - 20:16:34: "Gerrard || 1729<37><STEAM_0:0:1921819853><CT>" killed "FunZ || N3m3s!$<48><STEAM_0:1:49729967><TERRORIST>" with "awp"
L 07/25/2020 - 20:16:42: "Gerrard || assassin<38><STEAM_0:1:550589384><CT>" killed "FunZ || Aga!N!<42><STEAM_0:0:810273828><TERRORIST>" with "ak47"
L 07/25/2020 - 20:16:45: "FunZ || wolf<45><VALVE_0:4:1088121065><TERRORIST>" killed "Gerrard || 1729<37><STEAM_0:0:1921819853><CT>" with "galil"
L 07/25/2020 - 20:17:23: "FunZ || Cris<47><STEAM_0:1:540695973><TERRORIST>" killed "Gerrard || assassin<38><STEAM_0:1:550589384><CT>" with "ak47"
L 07/25/2020 - 20:17:26: "Gerrard || F5<40><STEAM_0:0:555673910><CT>" killed "FunZ || Cris<47><STEAM_0:1:540695973><TERRORIST>" with "m4a1"
L 07/25/2020 - 20:17:29: "Gerrard || F5<40><STEAM_0:0:555673910><CT>" killed "FunZ || wolf<45><VALVE_0:4:1088121065><TERRORIST>" with "m4a1"
L 07/25/2020 - 20:17:50: "Gerrard || F5<40><STEAM_0:0:555673910><CT>" killed "FunZ || U<44><STEAM_0:0:294118000><TERRORIST>" with "m4a1"
L 07/25/2020 - 20:18:07: "FunZ || 1.5-14.5<46><STEAM_0:0:65740571><TERRORIST>" killed "Gerrard || F5<40><STEAM_0:0:555673910><CT>" with "ak47"
L 07/25/2020 - 20:18:13: "Gerrard || Ladder<36><STEAM_0:0:369456433><CT>" killed "FunZ || 1.5-14.5<46><STEAM_0:0:65740571><TERRORIST>" with "ak47"
L 07/25/2020 - 20:18:13: Team "CT" triggered "CTs_Win" (CT "3") (T "2")
L 07/25/2020 - 20:18:13: World triggered "Round_End"
L 07/25/2020 - 20:18:18: "FunZ || Cris<47><STEAM_0:1:540695973><TERRORIST>" triggered "Spawned_With_The_Bomb"
L 07/25/2020 - 20:18:30: World triggered "Round_Start"
L 07/25/2020 - 20:18:42: "Gerrard || 1729<37><STEAM_0:0:1921819853><CT>" killed "FunZ || Cris<47><STEAM_0:1:540695973><TERRORIST>" with "awp"
L 07/25/2020 - 20:18:42: "FunZ || Cris<47><STEAM_0:1:540695973><TERRORIST>" triggered "Dropped_The_Bomb"
L 07/25/2020 - 20:18:43: "FunZ || wolf<45><VALVE_0:4:1088121065><TERRORIST>" triggered "Got_The_Bomb"
L 07/25/2020 - 20:18:44: "FunZ || wolf<45><VALVE_0:4:1088121065><TERRORIST>" killed "Gerrard || 1729<37><STEAM_0:0:1921819853><CT>" with "glock18"
L 07/25/2020 - 20:18:45: "Gerrard || Hathi Ram<43><STEAM_0:0:504584658><CT>" killed "FunZ || wolf<45><VALVE_0:4:1088121065><TERRORIST>" with "m4a1"
L 07/25/2020 - 20:18:45: "FunZ || wolf<45><VALVE_0:4:1088121065><TERRORIST>" triggered "Dropped_The_Bomb"
L 07/25/2020 - 20:18:46: "Gerrard || Hathi Ram<43><STEAM_0:0:504584658><CT>" killed "FunZ || N3m3s!$<48><STEAM_0:1:49729967><TERRORIST>" with "m4a1"
L 07/25/2020 - 20:18:48: "Gerrard || Hathi Ram<43><STEAM_0:0:504584658><CT>" killed "FunZ || Aga!N!<42><STEAM_0:0:810273828><TERRORIST>" with "m4a1"
L 07/25/2020 - 20:18:49: "FunZ || U<44><STEAM_0:0:294118000><TERRORIST>" triggered "Got_The_Bomb"
L 07/25/2020 - 20:18:52: "FunZ || 1.5-14.5<46><STEAM_0:0:65740571><TERRORIST>" killed "Gerrard || Hathi Ram<43><STEAM_0:0:504584658><CT>" with "awp"
L 07/25/2020 - 20:19:01: "FunZ || 1.5-14.5<46><STEAM_0:0:65740571><TERRORIST>" killed "Gerrard || assassin<38><STEAM_0:1:550589384><CT>" with "awp"
L 07/25/2020 - 20:19:04: "Gerrard || Ladder<36><STEAM_0:0:369456433><CT>" killed "FunZ || U<44><STEAM_0:0:294118000><TERRORIST>" with "ak47"
L 07/25/2020 - 20:19:04: "FunZ || U<44><STEAM_0:0:294118000><TERRORIST>" triggered "Dropped_The_Bomb"
L 07/25/2020 - 20:19:10: "FunZ || 1.5-14.5<46><STEAM_0:0:65740571><TERRORIST>" triggered "Got_The_Bomb"
L 07/25/2020 - 20:19:10: "Gerrard || Ladder<36><STEAM_0:0:369456433><CT>" killed "FunZ || 1.5-14.5<46><STEAM_0:0:65740571><TERRORIST>" with "ak47"
L 07/25/2020 - 20:19:10: Team "CT" triggered "CTs_Win" (CT "4") (T "2")
L 07/25/2020 - 20:19:10: World triggered "Round_End"
L 07/25/2020 - 20:19:15: "FunZ || N3m3s!$<48><STEAM_0:1:49729967><TERRORIST>" triggered "Spawned_With_The_Bomb"
L 07/25/2020 - 20:19:27: World triggered "Round_Start"
L 07/25/2020 - 20:19:44: "Gerrard || 1729<37><STEAM_0:0:1921819853><CT>" killed "FunZ || N3m3s!$<48><STEAM_0:1:49729967><TERRORIST>" with "awp"
L 07/25/2020 - 20:19:44: "FunZ || N3m3s!$<48><STEAM_0:1:49729967><TERRORIST>" triggered "Dropped_The_Bomb"
L 07/25/2020 - 20:19:48: "FunZ || Aga!N!<42><STEAM_0:0:810273828><TERRORIST>" triggered "Got_The_Bomb"
L 07/25/2020 - 20:19:55: "FunZ || 1.5-14.5<46><STEAM_0:0:65740571><TERRORIST>" killed "Gerrard || Ladder<36><STEAM_0:0:369456433><CT>" with "ak47"
L 07/25/2020 - 20:19:56: "Gerrard || Agent Felix<35><STEAM_0:1:539804210><CT>" killed "FunZ || Cris<47><STEAM_0:1:540695973><TERRORIST>" with "m4a1"
L 07/25/2020 - 20:19:58: "FunZ || wolf<45><VALVE_0:4:1088121065><TERRORIST>" killed "Gerrard || F5<40><STEAM_0:0:555673910><CT>" with "ak47"
L 07/25/2020 - 20:19:59: "FunZ || 1.5-14.5<46><STEAM_0:0:65740571><TERRORIST>" killed "Gerrard || Agent Felix<35><STEAM_0:1:539804210><CT>" with "ak47"
L 07/25/2020 - 20:20:00: "FunZ || U<44><STEAM_0:0:294118000><TERRORIST>" killed "Gerrard || Hathi Ram<43><STEAM_0:0:504584658><CT>" with "ak47"
L 07/25/2020 - 20:20:03: "Gerrard || assassin<38><STEAM_0:1:550589384><CT>" killed "FunZ || wolf<45><VALVE_0:4:1088121065><TERRORIST>" with "m4a1"
L 07/25/2020 - 20:20:10: "FunZ || Aga!N!<42><STEAM_0:0:810273828><TERRORIST>" killed "Gerrard || assassin<38><STEAM_0:1:550589384><CT>" with "ak47"
L 07/25/2020 - 20:20:22: "FunZ || Aga!N!<42><STEAM_0:0:810273828><TERRORIST>" triggered "Planted_The_Bomb"
L 07/25/2020 - 20:21:00: "Gerrard || 1729<37><STEAM_0:0:1921819853><CT>" killed "FunZ || 1.5-14.5<46><STEAM_0:0:65740571><TERRORIST>" with "awp"
L 07/25/2020 - 20:21:05: "FunZ || Aga!N!<42><STEAM_0:0:810273828><TERRORIST>" killed "Gerrard || 1729<37><STEAM_0:0:1921819853><CT>" with "ak47"
L 07/25/2020 - 20:21:05: Team "TERRORIST" triggered "Terrorists_Win" (CT "4") (T "3")
L 07/25/2020 - 20:21:05: World triggered "Round_End"
L 07/25/2020 - 20:21:10: "FunZ || U<44><STEAM_0:0:294118000><TERRORIST>" triggered "Spawned_With_The_Bomb"
L 07/25/2020 - 20:21:22: World triggered "Round_Start"
L 07/25/2020 - 20:21:33: "Gerrard || 1729<37><STEAM_0:0:1921819853><CT>" killed "FunZ || N3m3s!$<48><STEAM_0:1:49729967><TERRORIST>" with "awp"
L 07/25/2020 - 20:21:59: "FunZ || 1.5-14.5<46><STEAM_0:0:65740571><TERRORIST>" killed "Gerrard || Hathi Ram<43><STEAM_0:0:504584658><CT>" with "ak47"
L 07/25/2020 - 20:22:06: "Gerrard || Agent Felix<35><STEAM_0:1:539804210><CT>" killed "FunZ || wolf<45><VALVE_0:4:1088121065><TERRORIST>" with "m4a1"
L 07/25/2020 - 20:22:07: "Gerrard || assassin<38><STEAM_0:1:550589384><CT>" killed "FunZ || Cris<47><STEAM_0:1:540695973><TERRORIST>" with "m4a1"
L 07/25/2020 - 20:22:54: "Gerrard || Agent Felix<35><STEAM_0:1:539804210><CT>" killed "FunZ || Aga!N!<42><STEAM_0:0:810273828><TERRORIST>" with "m4a1"
L 07/25/2020 - 20:23:08: "Gerrard || Ladder<36><STEAM_0:0:369456433><CT>" killed "FunZ || U<44><STEAM_0:0:294118000><TERRORIST>" with "m4a1"
L 07/25/2020 - 20:23:08: "FunZ || U<44><STEAM_0:0:294118000><TERRORIST>" triggered "Dropped_The_Bomb"
L 07/25/2020 - 20:23:17: "Gerrard || assassin<38><STEAM_0:1:550589384><CT>" killed "FunZ || 1.5-14.5<46><STEAM_0:0:65740571><TERRORIST>" with "m4a1"
L 07/25/2020 - 20:23:17: Team "CT" triggered "CTs_Win" (CT "5") (T "3")
L 07/25/2020 - 20:23:17: World triggered "Round_End"
L 07/25/2020 - 20:23:22: "FunZ || Aga!N!<42><STEAM_0:0:810273828><TERRORIST>" triggered "Spawned_With_The_Bomb"
L 07/25/2020 - 20:23:34: World triggered "Round_Start"
L 07/25/2020 - 20:23:35: "FunZ || Aga!N!<42><STEAM_0:0:810273828><TERRORIST>" triggered "Dropped_The_Bomb"
L 07/25/2020 - 20:23:36: "FunZ || wolf<45><VALVE_0:4:1088121065><TERRORIST>" triggered "Got_The_Bomb"
L 07/25/2020 - 20:24:34: "Gerrard || Hathi Ram<43><STEAM_0:0:504584658><CT>" killed "FunZ || Aga!N!<42><STEAM_0:0:810273828><TERRORIST>" with "m4a1"
L 07/25/2020 - 20:24:51: "FunZ || wolf<45><VALVE_0:4:1088121065><TERRORIST>" triggered "Dropped_The_Bomb"
L 07/25/2020 - 20:24:55: "Gerrard || assassin<38><STEAM_0:1:550589384><CT>" killed "FunZ || Cris<47><STEAM_0:1:540695973><TERRORIST>" with "m4a1"
L 07/25/2020 - 20:24:55: "FunZ || wolf<45><VALVE_0:4:1088121065><TERRORIST>" triggered "Got_The_Bomb"
L 07/25/2020 - 20:24:57: "Gerrard || Ladder<36><STEAM_0:0:369456433><CT>" killed "FunZ || 1.5-14.5<46><STEAM_0:0:65740571><TERRORIST>" with "m4a1"
L 07/25/2020 - 20:24:58: "FunZ || N3m3s!$<48><STEAM_0:1:49729967><TERRORIST>" killed "Gerrard || F5<40><STEAM_0:0:555673910><CT>" with "galil"
L 07/25/2020 - 20:25:06: "Gerrard || 1729<37><STEAM_0:0:1921819853><CT>" killed "FunZ || wolf<45><VALVE_0:4:1088121065><TERRORIST>" with "awp"
L 07/25/2020 - 20:25:07: "FunZ || wolf<45><VALVE_0:4:1088121065><TERRORIST>" triggered "Dropped_The_Bomb"
L 07/25/2020 - 20:25:10: "FunZ || N3m3s!$<48><STEAM_0:1:49729967><TERRORIST>" triggered "Got_The_Bomb"
L 07/25/2020 - 20:25:11: "FunZ || U<44><STEAM_0:0:294118000><TERRORIST>" killed "Gerrard || Hathi Ram<43><STEAM_0:0:504584658><CT>" with "ak47"
L 07/25/2020 - 20:25:11: "Gerrard || Ladder<36><STEAM_0:0:369456433><CT>" killed "FunZ || U<44><STEAM_0:0:294118000><TERRORIST>" with "m4a1"
L 07/25/2020 - 20:25:17: "Gerrard || assassin<38><STEAM_0:1:550589384><CT>" killed "FunZ || N3m3s!$<48><STEAM_0:1:49729967><TERRORIST>" with "m4a1"
L 07/25/2020 - 20:25:17: Team "CT" triggered "CTs_Win" (CT "6") (T "3")
L 07/25/2020 - 20:25:17: World triggered "Round_End"
L 07/25/2020 - 20:25:22: "FunZ || wolf<45><VALVE_0:4:1088121065><TERRORIST>" triggered "Spawned_With_The_Bomb"
L 07/25/2020 - 20:25:34: World triggered "Round_Start"
L 07/25/2020 - 20:25:51: "Gerrard || 1729<37><STEAM_0:0:1921819853><CT>" killed "FunZ || Aga!N!<42><STEAM_0:0:810273828><TERRORIST>" with "awp"
L 07/25/2020 - 20:25:59: "Gerrard || assassin<38><STEAM_0:1:550589384><CT>" killed "FunZ || 1.5-14.5<46><STEAM_0:0:65740571><TERRORIST>" with "grenade"
L 07/25/2020 - 20:25:59: "FunZ || N3m3s!$<48><STEAM_0:1:49729967><TERRORIST>" killed "Gerrard || F5<40><STEAM_0:0:555673910><CT>" with "galil"
L 07/25/2020 - 20:26:02: "Gerrard || assassin<38><STEAM_0:1:550589384><CT>" killed "FunZ || Cris<47><STEAM_0:1:540695973><TERRORIST>" with "m4a1"
L 07/25/2020 - 20:26:02: "Gerrard || 1729<37><STEAM_0:0:1921819853><CT>" killed "FunZ || wolf<45><VALVE_0:4:1088121065><TERRORIST>" with "usp"
L 07/25/2020 - 20:26:02: "FunZ || wolf<45><VALVE_0:4:1088121065><TERRORIST>" triggered "Dropped_The_Bomb"
L 07/25/2020 - 20:26:05: "Gerrard || assassin<38><STEAM_0:1:550589384><CT>" killed "FunZ || U<44><STEAM_0:0:294118000><TERRORIST>" with "m4a1"
L 07/25/2020 - 20:26:16: "FunZ || N3m3s!$<48><STEAM_0:1:49729967><TERRORIST>" killed "Gerrard || assassin<38><STEAM_0:1:550589384><CT>" with "galil"
L 07/25/2020 - 20:26:28: "Gerrard || Agent Felix<35><STEAM_0:1:539804210><CT>" killed "FunZ || N3m3s!$<48><STEAM_0:1:49729967><TERRORIST>" with "m4a1"
L 07/25/2020 - 20:26:28: Team "CT" triggered "CTs_Win" (CT "7") (T "3")
L 07/25/2020 - 20:26:28: World triggered "Round_End"
L 07/25/2020 - 20:26:34: "FunZ || 1.5-14.5<46><STEAM_0:0:65740571><TERRORIST>" triggered "Spawned_With_The_Bomb"
L 07/25/2020 - 20:26:46: World triggered "Round_Start"
L 07/25/2020 - 20:27:07: "FunZ || Aga!N!<42><STEAM_0:0:810273828><TERRORIST>" killed "Gerrard || Ladder<36><STEAM_0:0:369456433><CT>" with "ak47"
L 07/25/2020 - 20:27:12: "FunZ || wolf<45><VALVE_0:4:1088121065><TERRORIST>" killed "Gerrard || 1729<37><STEAM_0:0:1921819853><CT>" with "ak47"
L 07/25/2020 - 20:27:27: "FunZ || Aga!N!<42><STEAM_0:0:810273828><TERRORIST>" killed "Gerrard || F5<40><STEAM_0:0:555673910><CT>" with "ak47"
L 07/25/2020 - 20:27:36: "FunZ || N3m3s!$<48><STEAM_0:1:49729967><TERRORIST>" killed "Gerrard || assassin<38><STEAM_0:1:550589384><CT>" with "ak47"
L 07/25/2020 - 20:27:38: "FunZ || 1.5-14.5<46><STEAM_0:0:65740571><TERRORIST>" triggered "Planted_The_Bomb"
L 07/25/2020 - 20:27:39: "Gerrard || assassin<38><STEAM_0:1:550589384><CT>" disconnected
L 07/25/2020 - 20:27:41: [DPROTO]: Client 0 - Set AuthIdType 1 [Native]; pClient = 05662028
L 07/25/2020 - 20:27:41: "Gerrard || assassin<49><STEAM_0:1:550589384><>" connected, address "139.162.53.89:34304"
L 07/25/2020 - 20:27:41: "FunZ || U<44><STEAM_0:0:294118000><TERRORIST>" killed "Gerrard || Hathi Ram<43><STEAM_0:0:504584658><CT>" with "grenade"
L 07/25/2020 - 20:27:41: "Gerrard || assassin<49><STEAM_0:1:550589384><>" STEAM USERID validated
L 07/25/2020 - 20:27:42: "Gerrard || Agent Felix<35><STEAM_0:1:539804210><CT>" killed "FunZ || N3m3s!$<48><STEAM_0:1:49729967><TERRORIST>" with "m4a1"
L 07/25/2020 - 20:27:50: "Gerrard || assassin<49><STEAM_0:1:550589384><>" entered the game
L 07/25/2020 - 20:27:53: "Gerrard || Agent Felix<35><STEAM_0:1:539804210><CT>" killed "FunZ || 1.5-14.5<46><STEAM_0:0:65740571><TERRORIST>" with "m4a1"
L 07/25/2020 - 20:27:59: "Gerrard || assassin<49><STEAM_0:1:550589384><>" joined team "CT"
L 07/25/2020 - 20:28:05: "Gerrard || Agent Felix<35><STEAM_0:1:539804210><CT>" killed "FunZ || wolf<45><VALVE_0:4:1088121065><TERRORIST>" with "m4a1"
L 07/25/2020 - 20:28:09: "Gerrard || Agent Felix<35><STEAM_0:1:539804210><CT>" killed "FunZ || Aga!N!<42><STEAM_0:0:810273828><TERRORIST>" with "awp"
L 07/25/2020 - 20:28:10: "FunZ || Cris<47><STEAM_0:1:540695973><TERRORIST>" killed "Gerrard || Agent Felix<35><STEAM_0:1:539804210><CT>" with "m4a1"
L 07/25/2020 - 20:28:10: Team "TERRORIST" triggered "Terrorists_Win" (CT "7") (T "4")
L 07/25/2020 - 20:28:10: World triggered "Round_End"
L 07/25/2020 - 20:28:15: "FunZ || Cris<47><STEAM_0:1:540695973><TERRORIST>" triggered "Spawned_With_The_Bomb"
L 07/25/2020 - 20:28:21: "FunZ || Cris<47><STEAM_0:1:540695973><TERRORIST>" triggered "Dropped_The_Bomb"
L 07/25/2020 - 20:28:27: World triggered "Round_Start"
L 07/25/2020 - 20:28:28: "FunZ || wolf<45><VALVE_0:4:1088121065><TERRORIST>" triggered "Got_The_Bomb"
L 07/25/2020 - 20:28:41: "FunZ || wolf<45><VALVE_0:4:1088121065><TERRORIST>" triggered "Dropped_The_Bomb"
L 07/25/2020 - 20:28:53: "FunZ || U<44><STEAM_0:0:294118000><TERRORIST>" triggered "Got_The_Bomb"
L 07/25/2020 - 20:29:06: "FunZ || 1.5-14.5<46><STEAM_0:0:65740571><TERRORIST>" killed "Gerrard || Hathi Ram<43><STEAM_0:0:504584658><CT>" with "ak47"
L 07/25/2020 - 20:29:09: "FunZ || 1.5-14.5<46><STEAM_0:0:65740571><TERRORIST>" killed "Gerrard || assassin<49><STEAM_0:1:550589384><CT>" with "ak47"
L 07/25/2020 - 20:29:12: "Gerrard || F5<40><STEAM_0:0:555673910><CT>" killed "FunZ || Aga!N!<42><STEAM_0:0:810273828><TERRORIST>" with "famas"
L 07/25/2020 - 20:29:18: "Gerrard || Ladder<36><STEAM_0:0:369456433><CT>" killed "FunZ || Cris<47><STEAM_0:1:540695973><TERRORIST>" with "m4a1"
L 07/25/2020 - 20:29:22: "FunZ || N3m3s!$<48><STEAM_0:1:49729967><TERRORIST>" killed "Gerrard || Agent Felix<35><STEAM_0:1:539804210><CT>" with "ak47"
L 07/25/2020 - 20:29:23: "Gerrard || F5<40><STEAM_0:0:555673910><CT>" killed "FunZ || N3m3s!$<48><STEAM_0:1:49729967><TERRORIST>" with "famas"
L 07/25/2020 - 20:29:25: "FunZ || U<44><STEAM_0:0:294118000><TERRORIST>" killed "Gerrard || F5<40><STEAM_0:0:555673910><CT>" with "grenade"
L 07/25/2020 - 20:29:28: "FunZ || wolf<45><VALVE_0:4:1088121065><TERRORIST>" killed "Gerrard || Ladder<36><STEAM_0:0:369456433><CT>" with "ak47"
L 07/25/2020 - 20:29:35: "FunZ || U<44><STEAM_0:0:294118000><TERRORIST>" triggered "Planted_The_Bomb"
L 07/25/2020 - 20:29:36: "Gerrard || 1729<37><STEAM_0:0:1921819853><CT>" killed "FunZ || U<44><STEAM_0:0:294118000><TERRORIST>" with "awp"
L 07/25/2020 - 20:29:47: "Gerrard || 1729<37><STEAM_0:0:1921819853><CT>" killed "FunZ || wolf<45><VALVE_0:4:1088121065><TERRORIST>" with "ak47"
L 07/25/2020 - 20:29:47: "FunZ || 1.5-14.5<46><STEAM_0:0:65740571><TERRORIST>" killed "Gerrard || 1729<37><STEAM_0:0:1921819853><CT>" with "ak47"
L 07/25/2020 - 20:29:47: Team "TERRORIST" triggered "Terrorists_Win" (CT "7") (T "5")
L 07/25/2020 - 20:29:47: World triggered "Round_End"
L 07/25/2020 - 20:29:52: "FunZ || N3m3s!$<48><STEAM_0:1:49729967><TERRORIST>" triggered "Spawned_With_The_Bomb"
L 07/25/2020 - 20:29:56: "FunZ || N3m3s!$<48><STEAM_0:1:49729967><TERRORIST>" triggered "Dropped_The_Bomb"
L 07/25/2020 - 20:30:04: World triggered "Round_Start"
L 07/25/2020 - 20:30:06: "FunZ || 1.5-14.5<46><STEAM_0:0:65740571><TERRORIST>" triggered "Got_The_Bomb"
L 07/25/2020 - 20:30:27: "FunZ || Aga!N!<42><STEAM_0:0:810273828><TERRORIST>" killed "Gerrard || assassin<49><STEAM_0:1:550589384><CT>" with "ak47"
L 07/25/2020 - 20:30:31: "FunZ || N3m3s!$<48><STEAM_0:1:49729967><TERRORIST>" killed "Gerrard || Hathi Ram<43><STEAM_0:0:504584658><CT>" with "ak47"
L 07/25/2020 - 20:30:42: "Gerrard || Agent Felix<35><STEAM_0:1:539804210><CT>" killed "FunZ || Cris<47><STEAM_0:1:540695973><TERRORIST>" with "m4a1"
L 07/25/2020 - 20:30:47: "FunZ || wolf<45><VALVE_0:4:1088121065><TERRORIST>" killed "Gerrard || Agent Felix<35><STEAM_0:1:539804210><CT>" with "ak47"
L 07/25/2020 - 20:30:52: "FunZ || wolf<45><VALVE_0:4:1088121065><TERRORIST>" killed "Gerrard || Ladder<36><STEAM_0:0:369456433><CT>" with "ak47"
L 07/25/2020 - 20:30:53: "FunZ || Aga!N!<42><STEAM_0:0:810273828><TERRORIST>" killed "Gerrard || 1729<37><STEAM_0:0:1921819853><CT>" with "knife"
L 07/25/2020 - 20:30:53: "FunZ || 1.5-14.5<46><STEAM_0:0:65740571><TERRORIST>" triggered "Planted_The_Bomb"
L 07/25/2020 - 20:31:39: Team "TERRORIST" triggered "Target_Bombed" (CT "7") (T "6")
L 07/25/2020 - 20:31:39: World triggered "Round_End"
L 07/25/2020 - 20:31:44: "FunZ || U<44><STEAM_0:0:294118000><TERRORIST>" triggered "Spawned_With_The_Bomb"
L 07/25/2020 - 20:31:54: "FunZ || U<44><STEAM_0:0:294118000><TERRORIST>" triggered "Dropped_The_Bomb"
L 07/25/2020 - 20:31:56: World triggered "Round_Start"
L 07/25/2020 - 20:31:57: "FunZ || 1.5-14.5<46><STEAM_0:0:65740571><TERRORIST>" triggered "Got_The_Bomb"
L 07/25/2020 - 20:32:10: "FunZ || 1.5-14.5<46><STEAM_0:0:65740571><TERRORIST>" triggered "Dropped_The_Bomb"
L 07/25/2020 - 20:32:16: "FunZ || U<44><STEAM_0:0:294118000><TERRORIST>" triggered "Got_The_Bomb"
L 07/25/2020 - 20:32:16: "FunZ || Aga!N!<42><STEAM_0:0:810273828><TERRORIST>" killed "Gerrard || F5<40><STEAM_0:0:555673910><CT>" with "ak47"
L 07/25/2020 - 20:32:27: "FunZ || 1.5-14.5<46><STEAM_0:0:65740571><TERRORIST>" killed "Gerrard || 1729<37><STEAM_0:0:1921819853><CT>" with "ak47"
L 07/25/2020 - 20:32:31: "Gerrard || assassin<49><STEAM_0:1:550589384><CT>" killed "FunZ || Aga!N!<42><STEAM_0:0:810273828><TERRORIST>" with "usp"
L 07/25/2020 - 20:32:36: "FunZ || N3m3s!$<48><STEAM_0:1:49729967><TERRORIST>" killed "Gerrard || Hathi Ram<43><STEAM_0:0:504584658><CT>" with "ak47"
L 07/25/2020 - 20:32:41: "Gerrard || Ladder<36><STEAM_0:0:369456433><CT>" killed "FunZ || wolf<45><VALVE_0:4:1088121065><TERRORIST>" with "mp5navy"
L 07/25/2020 - 20:32:41: "Gerrard || assassin<49><STEAM_0:1:550589384><CT>" killed "FunZ || Cris<47><STEAM_0:1:540695973><TERRORIST>" with "usp"
L 07/25/2020 - 20:32:48: "Gerrard || assassin<49><STEAM_0:1:550589384><CT>" killed "FunZ || 1.5-14.5<46><STEAM_0:0:65740571><TERRORIST>" with "ak47"
L 07/25/2020 - 20:32:48: "FunZ || N3m3s!$<48><STEAM_0:1:49729967><TERRORIST>" killed "Gerrard || Ladder<36><STEAM_0:0:369456433><CT>" with "ak47"
L 07/25/2020 - 20:32:53: "FunZ || N3m3s!$<48><STEAM_0:1:49729967><TERRORIST>" killed "Gerrard || assassin<49><STEAM_0:1:550589384><CT>" with "ak47"
L 07/25/2020 - 20:33:00: "FunZ || U<44><STEAM_0:0:294118000><TERRORIST>" triggered "Planted_The_Bomb"
L 07/25/2020 - 20:33:00: "Gerrard || Agent Felix<35><STEAM_0:1:539804210><CT>" killed "FunZ || N3m3s!$<48><STEAM_0:1:49729967><TERRORIST>" with "m4a1"
L 07/25/2020 - 20:33:32: "Gerrard || Agent Felix<35><STEAM_0:1:539804210><CT>" killed "FunZ || U<44><STEAM_0:0:294118000><TERRORIST>" with "m4a1"
L 07/25/2020 - 20:33:36: "Gerrard || Agent Felix<35><STEAM_0:1:539804210><CT>" triggered "Begin_Bomb_Defuse_With_Kit"
L 07/25/2020 - 20:33:41: "Gerrard || Agent Felix<35><STEAM_0:1:539804210><CT>" triggered "Defused_The_Bomb"
L 07/25/2020 - 20:33:41: Team "CT" triggered "Bomb_Defused" (CT "8") (T "6")
L 07/25/2020 - 20:33:41: World triggered "Round_End"
L 07/25/2020 - 20:33:46: "FunZ || Aga!N!<42><STEAM_0:0:810273828><TERRORIST>" triggered "Spawned_With_The_Bomb"
L 07/25/2020 - 20:33:56: "FunZ || Aga!N!<42><STEAM_0:0:810273828><TERRORIST>" triggered "Dropped_The_Bomb"
L 07/25/2020 - 20:33:58: World triggered "Round_Start"
L 07/25/2020 - 20:33:59: "FunZ || wolf<45><VALVE_0:4:1088121065><TERRORIST>" triggered "Got_The_Bomb"
L 07/25/2020 - 20:34:08: "FunZ || Cris<47><STEAM_0:1:540695973><TERRORIST>" disconnected
L 07/25/2020 - 20:34:12: [DPROTO]: Client 10 - Set AuthIdType 1 [Native]; pClient = 05694118
L 07/25/2020 - 20:34:12: "FunZ || Cris<50><STEAM_0:1:540695973><>" connected, address "27.59.197.170:4560"
L 07/25/2020 - 20:34:12: "FunZ || Cris<50><STEAM_0:1:540695973><>" STEAM USERID validated
L 07/25/2020 - 20:34:18: "FunZ || Cris<50><STEAM_0:1:540695973><>" entered the game
L 07/25/2020 - 20:34:21: "FunZ || Cris<50><STEAM_0:1:540695973><>" joined team "TERRORIST"
L 07/25/2020 - 20:34:23: "FunZ || N3m3s!$<48><STEAM_0:1:49729967><TERRORIST>" killed "Gerrard || 1729<37><STEAM_0:0:1921819853><CT>" with "ak47"
L 07/25/2020 - 20:34:29: "FunZ || Aga!N!<42><STEAM_0:0:810273828><TERRORIST>" killed "Gerrard || assassin<49><STEAM_0:1:550589384><CT>" with "ak47"
L 07/25/2020 - 20:34:34: "FunZ || 1.5-14.5<46><STEAM_0:0:65740571><TERRORIST>" killed "Gerrard || Hathi Ram<43><STEAM_0:0:504584658><CT>" with "ak47"
L 07/25/2020 - 20:34:36: "FunZ || U<44><STEAM_0:0:294118000><TERRORIST>" killed "Gerrard || F5<40><STEAM_0:0:555673910><CT>" with "ak47"
L 07/25/2020 - 20:34:48: "Gerrard || Agent Felix<35><STEAM_0:1:539804210><CT>" killed "FunZ || N3m3s!$<48><STEAM_0:1:49729967><TERRORIST>" with "m4a1"
L 07/25/2020 - 20:34:48: "Gerrard || Ladder<36><STEAM_0:0:369456433><CT>" killed "FunZ || wolf<45><VALVE_0:4:1088121065><TERRORIST>" with "m4a1"
L 07/25/2020 - 20:34:48: "FunZ || wolf<45><VALVE_0:4:1088121065><TERRORIST>" triggered "Dropped_The_Bomb"
L 07/25/2020 - 20:34:59: "FunZ || Cris<50><STEAM_0:1:540695973><TERRORIST>" disconnected
L 07/25/2020 - 20:35:01: "Gerrard || Agent Felix<35><STEAM_0:1:539804210><CT>" killed "FunZ || Aga!N!<42><STEAM_0:0:810273828><TERRORIST>" with "m4a1"
L 07/25/2020 - 20:35:21: "FunZ || U<44><STEAM_0:0:294118000><TERRORIST>" killed "Gerrard || Agent Felix<35><STEAM_0:1:539804210><CT>" with "grenade"
L 07/25/2020 - 20:35:25: "FunZ || U<44><STEAM_0:0:294118000><TERRORIST>" triggered "Got_The_Bomb"
L 07/25/2020 - 20:35:32: "FunZ || U<44><STEAM_0:0:294118000><TERRORIST>" triggered "Planted_The_Bomb"
L 07/25/2020 - 20:35:50: "Gerrard || Ladder<36><STEAM_0:0:369456433><CT>" killed "FunZ || U<44><STEAM_0:0:294118000><TERRORIST>" with "m4a1"
L 07/25/2020 - 20:35:54: "Gerrard || Ladder<36><STEAM_0:0:369456433><CT>" triggered "Begin_Bomb_Defuse_Without_Kit"
L 07/25/2020 - 20:36:01: "FunZ || 1.5-14.5<46><STEAM_0:0:65740571><TERRORIST>" killed "Gerrard || Ladder<36><STEAM_0:0:369456433><CT>" with "m4a1"
L 07/25/2020 - 20:36:01: Team "TERRORIST" triggered "Terrorists_Win" (CT "8") (T "7")
L 07/25/2020 - 20:36:01: World triggered "Round_End"
L 07/25/2020 - 20:36:06: "FunZ || wolf<45><VALVE_0:4:1088121065><TERRORIST>" triggered "Spawned_With_The_Bomb"
L 07/25/2020 - 20:36:09: "FunZ || Aga!N!<42><STEAM_0:0:810273828><TERRORIST>" committed suicide with "world"
L 07/25/2020 - 20:36:09: "FunZ || Aga!N!<42><STEAM_0:0:810273828><TERRORIST>" joined team "CT"
L 07/25/2020 - 20:36:09: "Gerrard || Agent Felix<35><STEAM_0:1:539804210><CT>" committed suicide with "world"
L 07/25/2020 - 20:36:09: "Gerrard || Agent Felix<35><STEAM_0:1:539804210><CT>" joined team "TERRORIST"
L 07/25/2020 - 20:36:10: "Gerrard || F5<40><STEAM_0:0:555673910><CT>" committed suicide with "world"
L 07/25/2020 - 20:36:10: "Gerrard || F5<40><STEAM_0:0:555673910><CT>" joined team "TERRORIST"
L 07/25/2020 - 20:36:12: "FunZ || N3m3s!$<48><STEAM_0:1:49729967><TERRORIST>" committed suicide with "world"
L 07/25/2020 - 20:36:12: "FunZ || N3m3s!$<48><STEAM_0:1:49729967><TERRORIST>" joined team "CT"
L 07/25/2020 - 20:36:13: "Gerrard || Hathi Ram<43><STEAM_0:0:504584658><CT>" committed suicide with "world"
L 07/25/2020 - 20:36:13: "Gerrard || Hathi Ram<43><STEAM_0:0:504584658><CT>" joined team "TERRORIST"
L 07/25/2020 - 20:36:13: "Gerrard || Ladder<36><STEAM_0:0:369456433><CT>" committed suicide with "world"
L 07/25/2020 - 20:36:13: "Gerrard || Ladder<36><STEAM_0:0:369456433><CT>" joined team "TERRORIST"
L 07/25/2020 - 20:36:14: "FunZ || U<44><STEAM_0:0:294118000><TERRORIST>" committed suicide with "world"
L 07/25/2020 - 20:36:14: "FunZ || U<44><STEAM_0:0:294118000><TERRORIST>" joined team "CT"
L 07/25/2020 - 20:36:15: "FunZ || wolf<45><VALVE_0:4:1088121065><TERRORIST>" committed suicide with "world"
L 07/25/2020 - 20:36:15: "FunZ || wolf<45><VALVE_0:4:1088121065><TERRORIST>" triggered "Dropped_The_Bomb"
L 07/25/2020 - 20:36:15: "FunZ || wolf<45><VALVE_0:4:1088121065><TERRORIST>" joined team "CT"
L 07/25/2020 - 20:36:15: "Gerrard || assassin<49><STEAM_0:1:550589384><CT>" committed suicide with "world"
L 07/25/2020 - 20:36:16: "Gerrard || assassin<49><STEAM_0:1:550589384><CT>" joined team "TERRORIST"
L 07/25/2020 - 20:36:18: World triggered "Round_Start"
L 07/25/2020 - 20:36:19: "Gerrard || 1729<37><STEAM_0:0:1921819853><CT>" committed suicide with "world"
L 07/25/2020 - 20:36:19: Team "TERRORIST" triggered "Terrorists_Win" (CT "8") (T "8")
L 07/25/2020 - 20:36:19: World triggered "Round_End"
L 07/25/2020 - 20:36:19: "Gerrard || 1729<37><STEAM_0:0:1921819853><CT>" joined team "TERRORIST"
L 07/25/2020 - 20:36:24: "Gerrard || Ladder<36><STEAM_0:0:369456433><TERRORIST>" triggered "Spawned_With_The_Bomb"
L 07/25/2020 - 20:36:28: "FunZ || 1.5-14.5<46><STEAM_0:0:65740571><TERRORIST>" committed suicide with "world"
L 07/25/2020 - 20:36:28: "FunZ || 1.5-14.5<46><STEAM_0:0:65740571><TERRORIST>" joined team "CT"
L 07/25/2020 - 20:36:36: World triggered "Round_Start"
L 07/25/2020 - 20:36:53: "FunZ || Aga!N!<42><STEAM_0:0:810273828><CT>" killed "Gerrard || F5<40><STEAM_0:0:555673910><TERRORIST>" with "m4a1"
L 07/25/2020 - 20:37:09: "Gerrard || assassin<49><STEAM_0:1:550589384><TERRORIST>" killed "FunZ || N3m3s!$<48><STEAM_0:1:49729967><CT>" with "ak47"
L 07/25/2020 - 20:37:10: "Gerrard || assassin<49><STEAM_0:1:550589384><TERRORIST>" killed "FunZ || wolf<45><VALVE_0:4:1088121065><CT>" with "ak47"
L 07/25/2020 - 20:37:11: "Gerrard || Ladder<36><STEAM_0:0:369456433><TERRORIST>" triggered "Dropped_The_Bomb"
L 07/25/2020 - 20:37:13: "Gerrard || Ladder<36><STEAM_0:0:369456433><TERRORIST>" triggered "Got_The_Bomb"
L 07/25/2020 - 20:37:23: "Gerrard || assassin<49><STEAM_0:1:550589384><TERRORIST>" killed "FunZ || U<44><STEAM_0:0:294118000><CT>" with "ak47"
L 07/25/2020 - 20:37:30: "FunZ || Aga!N!<42><STEAM_0:0:810273828><CT>" killed "Gerrard || assassin<49><STEAM_0:1:550589384><TERRORIST>" with "m4a1"
L 07/25/2020 - 20:37:42: "Gerrard || Ladder<36><STEAM_0:0:369456433><TERRORIST>" triggered "Planted_The_Bomb"
L 07/25/2020 - 20:37:55: "FunZ || Aga!N!<42><STEAM_0:0:810273828><CT>" killed "Gerrard || 1729<37><STEAM_0:0:1921819853><TERRORIST>" with "m4a1"
L 07/25/2020 - 20:38:02: "Gerrard || Hathi Ram<43><STEAM_0:0:504584658><TERRORIST>" killed "FunZ || Aga!N!<42><STEAM_0:0:810273828><CT>" with "ak47"
L 07/25/2020 - 20:38:02: Team "TERRORIST" triggered "Terrorists_Win" (CT "8") (T "9")
L 07/25/2020 - 20:38:02: World triggered "Round_End"
L 07/25/2020 - 20:38:07: "Gerrard || F5<40><STEAM_0:0:555673910><TERRORIST>" triggered "Spawned_With_The_Bomb"
L 07/25/2020 - 20:38:12: "Gerrard || F5<40><STEAM_0:0:555673910><TERRORIST>" triggered "Dropped_The_Bomb"
L 07/25/2020 - 20:38:13: "Gerrard || Ladder<36><STEAM_0:0:369456433><TERRORIST>" triggered "Got_The_Bomb"
L 07/25/2020 - 20:38:18: [DPROTO]: Client 10 - Set AuthIdType 1 [dp_RevEmu]; pClient = 05694118
L 07/25/2020 - 20:38:18: "Demba Ba || malaikari<51><STEAM_0:0:353062145><>" connected, address "173.230.126.36:27005"
L 07/25/2020 - 20:38:19: World triggered "Round_Start"
L 07/25/2020 - 20:38:19: "Gerrard || 1729<37><STEAM_0:0:1921819853><TERRORIST>" say "ready?"
L 07/25/2020 - 20:38:29: "FunZ || wolf<45><VALVE_0:4:1088121065><CT>" say "ektu dara"
L 07/25/2020 - 20:38:30: "Demba Ba || malaikari<51><STEAM_0:0:353062145><>" entered the game
L 07/25/2020 - 20:38:35: "Gerrard || Ladder<36><STEAM_0:0:369456433><TERRORIST>" killed "FunZ || U<44><STEAM_0:0:294118000><CT>" with "ak47"
L 07/25/2020 - 20:38:39: "Demba Ba || malaikari<51><STEAM_0:0:353062145><>" joined team "CT"
L 07/25/2020 - 20:38:39: "Gerrard || Ladder<36><STEAM_0:0:369456433><TERRORIST>" killed "FunZ || Aga!N!<42><STEAM_0:0:810273828><CT>" with "ak47"
L 07/25/2020 - 20:38:46: "Gerrard || F5<40><STEAM_0:0:555673910><TERRORIST>" killed "FunZ || wolf<45><VALVE_0:4:1088121065><CT>" with "ak47"
L 07/25/2020 - 20:38:47: "Gerrard || 1729<37><STEAM_0:0:1921819853><TERRORIST>" say "res live?"
L 07/25/2020 - 20:38:53: "Gerrard || Ladder<36><STEAM_0:0:369456433><TERRORIST>" killed "FunZ || N3m3s!$<48><STEAM_0:1:49729967><CT>" with "m4a1"
L 07/25/2020 - 20:38:56: "Gerrard || F5<40><STEAM_0:0:555673910><TERRORIST>" killed "FunZ || 1.5-14.5<46><STEAM_0:0:65740571><CT>" with "ak47"
L 07/25/2020 - 20:38:56: Team "TERRORIST" triggered "Terrorists_Win" (CT "8") (T "10")
L 07/25/2020 - 20:38:56: World triggered "Round_End"
L 07/25/2020 - 20:39:01: "Gerrard || 1729<37><STEAM_0:0:1921819853><TERRORIST>" triggered "Spawned_With_The_Bomb"
L 07/25/2020 - 20:39:10: "Demba Ba || malaikari<51><STEAM_0:0:353062145><CT>" changed name to "FunZ || malaikari"
L 07/25/2020 - 20:39:13: World triggered "Round_Start"
L 07/25/2020 - 20:39:24: "FunZ || Aga!N!<42><STEAM_0:0:810273828><CT>" killed "Gerrard || F5<40><STEAM_0:0:555673910><TERRORIST>" with "famas"
L 07/25/2020 - 20:39:27: "Gerrard || Ladder<36><STEAM_0:0:369456433><TERRORIST>" killed "FunZ || Aga!N!<42><STEAM_0:0:810273828><CT>" with "m4a1"
L 07/25/2020 - 20:39:36: "FunZ || U<44><STEAM_0:0:294118000><CT>" killed "Gerrard || Agent Felix<35><STEAM_0:1:539804210><TERRORIST>" with "m4a1"
L 07/25/2020 - 20:39:37: "Gerrard || assassin<49><STEAM_0:1:550589384><TERRORIST>" killed "FunZ || wolf<45><VALVE_0:4:1088121065><CT>" with "ak47"
L 07/25/2020 - 20:39:40: "Gerrard || assassin<49><STEAM_0:1:550589384><TERRORIST>" killed "FunZ || N3m3s!$<48><STEAM_0:1:49729967><CT>" with "ak47"
L 07/25/2020 - 20:39:41: "FunZ || 1.5-14.5<46><STEAM_0:0:65740571><CT>" killed "Gerrard || assassin<49><STEAM_0:1:550589384><TERRORIST>" with "usp"
L 07/25/2020 - 20:39:50: "Gerrard || Ladder<36><STEAM_0:0:369456433><TERRORIST>" killed "FunZ || 1.5-14.5<46><STEAM_0:0:65740571><CT>" with "m4a1"
L 07/25/2020 - 20:40:15: "Gerrard || 1729<37><STEAM_0:0:1921819853><TERRORIST>" killed "Gerrard || Ladder<36><STEAM_0:0:369456433><TERRORIST>" with "ak47"
L 07/25/2020 - 20:40:22: "Gerrard || 1729<37><STEAM_0:0:1921819853><TERRORIST>" killed "Gerrard || Hathi Ram<43><STEAM_0:0:504584658><TERRORIST>" with "ak47"
L 07/25/2020 - 20:40:27: "Gerrard || 1729<37><STEAM_0:0:1921819853><TERRORIST>" killed "FunZ || malaikari<51><STEAM_0:0:353062145><CT>" with "ak47"
L 07/25/2020 - 20:40:33: Rcon: "rcon 2230464574 "Lauda2" say "RES LIVE" from "106.51.233.53:12602"
L 07/25/2020 - 20:40:33: Server say "RES LIV"
L 07/25/2020 - 20:40:35: Rcon: "rcon 2230464574 "Lauda2" say "RES LIVE " from "106.51.233.53:12602"
L 07/25/2020 - 20:40:35: Server say "RES LIVE"
L 07/25/2020 - 20:40:36: Rcon: "rcon 2230464574 "Lauda2" say "RES LIVE " from "106.51.233.53:12602"
L 07/25/2020 - 20:40:36: Server say "RES LIVE"
L 07/25/2020 - 20:40:36: Rcon: "rcon 2230464574 "Lauda2" say "RES LIVE " from "106.51.233.53:12602"
L 07/25/2020 - 20:40:36: Server say "RES LIVE"
L 07/25/2020 - 20:40:46: "Gerrard || 1729<37><STEAM_0:0:1921819853><TERRORIST>" killed "FunZ || U<44><STEAM_0:0:294118000><CT>" with "ak47"
L 07/25/2020 - 20:40:46: Team "TERRORIST" triggered "Terrorists_Win" (CT "8") (T "11")
L 07/25/2020 - 20:40:46: World triggered "Round_End"
L 07/25/2020 - 20:40:51: "Gerrard || assassin<49><STEAM_0:1:550589384><TERRORIST>" triggered "Spawned_With_The_Bomb"
L 07/25/2020 - 20:40:54: Rcon: "rcon 757114305 "Lauda2" sv_restart 5" from "49.207.59.42:19102"
L 07/25/2020 - 20:40:54: Server cvar "sv_restart" = "5"
L 07/25/2020 - 20:40:55: World triggered "Restart_Round_(5_seconds)"
L 07/25/2020 - 20:40:55: Team "CT" scored "8" with "6" players
L 07/25/2020 - 20:40:55: Team "TERRORIST" scored "11" with "6" players
L 07/25/2020 - 20:40:55: Server cvar "sv_restart" = "0"
L 07/25/2020 - 20:41:00: "Gerrard || Agent Felix<35><STEAM_0:1:539804210><TERRORIST>" triggered "Spawned_With_The_Bomb"
L 07/25/2020 - 20:41:03: "FunZ || 1.5-14.5<46><STEAM_0:0:65740571><CT>" say "live"
L 07/25/2020 - 20:41:05: "FunZ || 1.5-14.5<46><STEAM_0:0:65740571><CT>" say "wait"
L 07/25/2020 - 20:41:06: "FunZ || N3m3s!$<48><STEAM_0:1:49729967><CT>" say "wait"
L 07/25/2020 - 20:41:10: "FunZ || 1.5-14.5<46><STEAM_0:0:65740571><CT>" say "not live"
L 07/25/2020 - 20:41:12: World triggered "Round_Start"
L 07/25/2020 - 20:41:13: "FunZ || N3m3s!$<48><STEAM_0:1:49729967><CT>" say "phone aaya"
L 07/25/2020 - 20:41:16: "FunZ || N3m3s!$<48><STEAM_0:1:49729967><CT>" say "wolf ko"
L 07/25/2020 - 20:41:17: Rcon: "rcon 2230464574 "Lauda2" say "Live"" from "106.51.233.53:12602"
L 07/25/2020 - 20:41:17: Server say "Live"
L 07/25/2020 - 20:41:17: Rcon: "rcon 2230464574 "Lauda2" say "Live" " from "106.51.233.53:12602"
L 07/25/2020 - 20:41:17: Server say "Live""
L 07/25/2020 - 20:41:18: "Gerrard || 1729<37><STEAM_0:0:1921819853><TERRORIST>" killed "Gerrard || Ladder<36><STEAM_0:0:369456433><TERRORIST>" with "glock18"
L 07/25/2020 - 20:41:18: "Iz 3r3 No 1 3lz || @cH!lL!eS<41><STEAM_0:0:1568553987><SPECTATOR>" disconnected
L 07/25/2020 - 20:41:18: [DPROTO]: Client 3 - Set AuthIdType 1 [dp_RevEmu]; pClient = 05671070
L 07/25/2020 - 20:41:18: "Iz 3r3 No 1 3lz || @cH!lL!eS<52><STEAM_0:0:1568553987><>" connected, address "106.51.233.53:12602"
L 07/25/2020 - 20:41:21: "Iz 3r3 No 1 3lz || @cH!lL!eS<52><STEAM_0:0:1568553987><>" entered the game
L 07/25/2020 - 20:41:24: "Iz 3r3 No 1 3lz || @cH!lL!eS<52><STEAM_0:0:1568553987><>" joined team "SPECTATOR"
L 07/25/2020 - 20:41:24: "Gerrard || F5<40><STEAM_0:0:555673910><TERRORIST>" killed "Gerrard || Agent Felix<35><STEAM_0:1:539804210><TERRORIST>" with "deagle"
L 07/25/2020 - 20:41:24: "Gerrard || Agent Felix<35><STEAM_0:1:539804210><TERRORIST>" triggered "Dropped_The_Bomb"
L 07/25/2020 - 20:41:29: "Gerrard || 1729<37><STEAM_0:0:1921819853><TERRORIST>" triggered "Got_The_Bomb"
L 07/25/2020 - 20:41:34: "Gerrard || 1729<37><STEAM_0:0:1921819853><TERRORIST>" killed "Gerrard || F5<40><STEAM_0:0:555673910><TERRORIST>" with "glock18"
L 07/25/2020 - 20:41:38: "FunZ || Aga!N!<42><STEAM_0:0:810273828><CT>" killed "Gerrard || assassin<49><STEAM_0:1:550589384><TERRORIST>" with "usp"
L 07/25/2020 - 20:41:51: Rcon: "rcon 2230464574 "Lauda2" sv_restart 1" from "106.51.233.53:12602"
L 07/25/2020 - 20:41:51: Server cvar "sv_restart" = "1"
L 07/25/2020 - 20:41:52: World triggered "Restart_Round_(1_second)"
L 07/25/2020 - 20:41:52: Team "CT" scored "0" with "6" players
L 07/25/2020 - 20:41:52: Team "TERRORIST" scored "0" with "6" players
L 07/25/2020 - 20:41:52: Server cvar "sv_restart" = "0"
L 07/25/2020 - 20:41:53: Rcon: "rcon 2230464574 "Lauda2" sv_restart 1 " from "106.51.233.53:12602"
L 07/25/2020 - 20:41:53: Server cvar "sv_restart" = "1"
L 07/25/2020 - 20:41:53: "Gerrard || Hathi Ram<43><STEAM_0:0:504584658><TERRORIST>" triggered "Spawned_With_The_Bomb"
L 07/25/2020 - 20:41:53: World triggered "Restart_Round_(1_second)"
L 07/25/2020 - 20:41:53: Team "CT" scored "0" with "6" players
L 07/25/2020 - 20:41:53: Team "TERRORIST" scored "0" with "6" players
L 07/25/2020 - 20:41:53: Server cvar "sv_restart" = "0"
L 07/25/2020 - 20:41:54: "Gerrard || Ladder<36><STEAM_0:0:369456433><TERRORIST>" triggered "Spawned_With_The_Bomb"
L 07/25/2020 - 20:41:57: "FunZ || 1.5-14.5<46><STEAM_0:0:65740571><CT>" say "wait"
L 07/25/2020 - 20:42:00: Rcon: "rcon 2230464574 "Lauda2" say "Live" " from "106.51.233.53:12602"
L 07/25/2020 - 20:42:00: Server say "Live""
L 07/25/2020 - 20:42:01: Rcon: "rcon 2230464574 "Lauda2" say "Live" " from "106.51.233.53:12602"
L 07/25/2020 - 20:42:01: Server say "Live""
L 07/25/2020 - 20:42:02: Rcon: "rcon 2230464574 "Lauda2" say "Live" " from "106.51.233.53:12602"
L 07/25/2020 - 20:42:02: Server say "Live""
L 07/25/2020 - 20:42:03: "Gerrard || Ladder<36><STEAM_0:0:369456433><TERRORIST>" say "no"
L 07/25/2020 - 20:42:06: World triggered "Round_Start"
L 07/25/2020 - 20:42:09: "Gerrard || assassin<49><STEAM_0:1:550589384><TERRORIST>" say "cool..bolo jokhon ready"
L 07/25/2020 - 20:42:11: "Gerrard || 1729<37><STEAM_0:0:1921819853><TERRORIST>" killed "Gerrard || Ladder<36><STEAM_0:0:369456433><TERRORIST>" with "knife"
L 07/25/2020 - 20:42:11: "Gerrard || Ladder<36><STEAM_0:0:369456433><TERRORIST>" triggered "Dropped_The_Bomb"
L 07/25/2020 - 20:42:12: "Gerrard || Agent Felix<35><STEAM_0:1:539804210><TERRORIST>" triggered "Got_The_Bomb"
L 07/25/2020 - 20:42:14: "FunZ || 1.5-14.5<46><STEAM_0:0:65740571><CT>" say "hyan cazz"
L 07/25/2020 - 20:42:16: "Gerrard || F5<40><STEAM_0:0:555673910><TERRORIST>" killed "Gerrard || 1729<37><STEAM_0:0:1921819853><TERRORIST>" with "deagle"
L 07/25/2020 - 20:42:22: "Gerrard || Hathi Ram<43><STEAM_0:0:504584658><TERRORIST>" killed "Gerrard || Agent Felix<35><STEAM_0:1:539804210><TERRORIST>" with "glock18"
L 07/25/2020 - 20:42:22: "Gerrard || Agent Felix<35><STEAM_0:1:539804210><TERRORIST>" triggered "Dropped_The_Bomb"
L 07/25/2020 - 20:42:23: Rcon: "rcon 2230464574 "Lauda2" sv_restart 1 " from "106.51.233.53:12602"
L 07/25/2020 - 20:42:23: Server cvar "sv_restart" = "1"
L 07/25/2020 - 20:42:24: World triggered "Restart_Round_(1_second)"
L 07/25/2020 - 20:42:24: Team "CT" scored "0" with "6" players
L 07/25/2020 - 20:42:24: Team "TERRORIST" scored "0" with "6" players
L 07/25/2020 - 20:42:24: Server cvar "sv_restart" = "0"
L 07/25/2020 - 20:42:25: "Gerrard || F5<40><STEAM_0:0:555673910><TERRORIST>" triggered "Spawned_With_The_Bomb"
L 07/25/2020 - 20:42:30: Rcon: "rcon 2230464574 "Lauda2" say "Live" " from "106.51.233.53:12602"
L 07/25/2020 - 20:42:30: Server say "Live""
L 07/25/2020 - 20:42:33: "Gerrard || F5<40><STEAM_0:0:555673910><TERRORIST>" triggered "Dropped_The_Bomb"
L 07/25/2020 - 20:42:36: "Gerrard || Agent Felix<35><STEAM_0:1:539804210><TERRORIST>" say "ready?"
L 07/25/2020 - 20:42:37: World triggered "Round_Start"
L 07/25/2020 - 20:42:37: Rcon: "rcon 2230464574 "Lauda2" say "Live" " from "106.51.233.53:12602"
L 07/25/2020 - 20:42:37: Server say "Live""
L 07/25/2020 - 20:42:37: Rcon: "rcon 2230464574 "Lauda2" say "Live" " from "106.51.233.53:12602"
L 07/25/2020 - 20:42:37: Server say "Live""
L 07/25/2020 - 20:42:38: Rcon: "rcon 2230464574 "Lauda2" say "Live" " from "106.51.233.53:12602"
L 07/25/2020 - 20:42:38: Server say "Live""
L 07/25/2020 - 20:42:42: "FunZ || 1.5-14.5<46><STEAM_0:0:65740571><CT>" say "ready ebar"
L 07/25/2020 - 20:42:43: "Gerrard || Agent Felix<35><STEAM_0:1:539804210><TERRORIST>" say "wait"
L 07/25/2020 - 20:42:43: "Gerrard || 1729<37><STEAM_0:0:1921819853><TERRORIST>" say "wait"
L 07/25/2020 - 20:42:43: "FunZ || N3m3s!$<48><STEAM_0:1:49729967><CT>" say "READY"
L 07/25/2020 - 20:42:43: "Gerrard || assassin<49><STEAM_0:1:550589384><TERRORIST>" say "na"
L 07/25/2020 - 20:42:48: "FunZ || 1.5-14.5<46><STEAM_0:0:65740571><CT>" say "ready?"
L 07/25/2020 - 20:42:48: "Gerrard || 1729<37><STEAM_0:0:1921819853><TERRORIST>" say "1 min"
L 07/25/2020 - 20:42:51: "Gerrard || Hathi Ram<43><STEAM_0:0:504584658><TERRORIST>" triggered "Got_The_Bomb"
L 07/25/2020 - 20:42:52: "FunZ || 1.5-14.5<46><STEAM_0:0:65740571><CT>" say "ok"
L 07/25/2020 - 20:42:52: "Gerrard || assassin<49><STEAM_0:1:550589384><TERRORIST>" killed "FunZ || U<44><STEAM_0:0:294118000><CT>" with "glock18"
L 07/25/2020 - 20:42:55: "Gerrard || 1729<37><STEAM_0:0:1921819853><TERRORIST>" say "ready"
L 07/25/2020 - 20:42:55: "Gerrard || Hathi Ram<43><STEAM_0:0:504584658><TERRORIST>" triggered "Dropped_The_Bomb"
L 07/25/2020 - 20:42:59: "Gerrard || 1729<37><STEAM_0:0:1921819853><TERRORIST>" say "res live"
L 07/25/2020 - 20:42:59: "FunZ || 1.5-14.5<46><STEAM_0:0:65740571><CT>" say "ready"
L 07/25/2020 - 20:43:00: "FunZ || N3m3s!$<48><STEAM_0:1:49729967><CT>" say "ready"
L 07/25/2020 - 20:43:03: "Gerrard || Agent Felix<35><STEAM_0:1:539804210><TERRORIST>" say "ready"
L 07/25/2020 - 20:43:03: Rcon: "rcon 757114305 "Lauda2" sv_restart 5" from "49.207.59.42:19102"
L 07/25/2020 - 20:43:03: Server cvar "sv_restart" = "5"
L 07/25/2020 - 20:43:03: "Gerrard || 1729<37><STEAM_0:0:1921819853><TERRORIST>" say "res live"
L 07/25/2020 - 20:43:04: World triggered "Restart_Round_(5_seconds)"
L 07/25/2020 - 20:43:04: Team "CT" scored "0" with "6" players
L 07/25/2020 - 20:43:04: Team "TERRORIST" scored "0" with "6" players
L 07/25/2020 - 20:43:04: Server cvar "sv_restart" = "0"
L 07/25/2020 - 20:43:07: "Gerrard || assassin<49><STEAM_0:1:550589384><TERRORIST>" killed "FunZ || Aga!N!<42><STEAM_0:0:810273828><CT>" with "glock18"
L 07/25/2020 - 20:43:09: "FunZ || wolf<45><VALVE_0:4:1088121065><CT>" killed "Gerrard || assassin<49><STEAM_0:1:550589384><TERRORIST>" with "usp"
L 07/25/2020 - 20:43:09: "Gerrard || 1729<37><STEAM_0:0:1921819853><TERRORIST>" triggered "Spawned_With_The_Bomb"
L 07/25/2020 - 20:43:11: "Gerrard || 1729<37><STEAM_0:0:1921819853><TERRORIST>" say "LIVE"
L 07/25/2020 - 20:43:11: "FunZ || 1.5-14.5<46><STEAM_0:0:65740571><CT>" say "live"
L 07/25/2020 - 20:43:15: "Gerrard || 1729<37><STEAM_0:0:1921819853><TERRORIST>" triggered "Dropped_The_Bomb"
L 07/25/2020 - 20:43:16: "Gerrard || F5<40><STEAM_0:0:555673910><TERRORIST>" triggered "Got_The_Bomb"
L 07/25/2020 - 20:43:18: "Gerrard || F5<40><STEAM_0:0:555673910><TERRORIST>" triggered "Dropped_The_Bomb"
L 07/25/2020 - 20:43:18: "Gerrard || Hathi Ram<43><STEAM_0:0:504584658><TERRORIST>" triggered "Got_The_Bomb"
L 07/25/2020 - 20:43:19: "Gerrard || Agent Felix<35><STEAM_0:1:539804210><TERRORIST>" say "res"
L 07/25/2020 - 20:43:20: "Gerrard || assassin<49><STEAM_0:1:550589384><TERRORIST>" say "res"
L 07/25/2020 - 20:43:21: World triggered "Round_Start"
L 07/25/2020 - 20:43:21: "Gerrard || Agent Felix<35><STEAM_0:1:539804210><TERRORIST>" say "last"
L 07/25/2020 - 20:43:24: Rcon: "rcon 757114305 "Lauda2" sv_restart 5" from "49.207.59.42:19102"
L 07/25/2020 - 20:43:24: Server cvar "sv_restart" = "5"
L 07/25/2020 - 20:43:25: World triggered "Restart_Round_(5_seconds)"
L 07/25/2020 - 20:43:25: Team "CT" scored "0" with "6" players
L 07/25/2020 - 20:43:25: Team "TERRORIST" scored "0" with "6" players
L 07/25/2020 - 20:43:25: Server cvar "sv_restart" = "0"
L 07/25/2020 - 20:43:26: "Gerrard || Ladder<36><STEAM_0:0:369456433><TERRORIST>" say "one mo"
L 07/25/2020 - 20:43:30: "Gerrard || assassin<49><STEAM_0:1:550589384><TERRORIST>" triggered "Spawned_With_The_Bomb"
L 07/25/2020 - 20:43:33: "FunZ || 1.5-14.5<46><STEAM_0:0:65740571><CT>" say "live"
L 07/25/2020 - 20:43:35: "Gerrard || Ladder<36><STEAM_0:0:369456433><TERRORIST>" say "live live"
L 07/25/2020 - 20:43:42: World triggered "Round_Start"
L 07/25/2020 - 20:44:17: "FunZ || 1.5-14.5<46><STEAM_0:0:65740571><CT>" killed "Gerrard || Ladder<36><STEAM_0:0:369456433><TERRORIST>" with "usp"
L 07/25/2020 - 20:44:20: "FunZ || N3m3s!$<48><STEAM_0:1:49729967><CT>" killed "Gerrard || 1729<37><STEAM_0:0:1921819853><TERRORIST>" with "deagle"
L 07/25/2020 - 20:44:29: "FunZ || Aga!N!<42><STEAM_0:0:810273828><CT>" killed "Gerrard || Agent Felix<35><STEAM_0:1:539804210><TERRORIST>" with "usp"
L 07/25/2020 - 20:44:31: "FunZ || malaikari<51><STEAM_0:0:353062145><CT>" killed "Gerrard || Hathi Ram<43><STEAM_0:0:504584658><TERRORIST>" with "deagle"
L 07/25/2020 - 20:44:32: Rcon: "rcon 2230464574 "Lauda2" say "Live" " from "106.51.233.53:12602"
L 07/25/2020 - 20:44:32: Server say "Live""
L 07/25/2020 - 20:44:33: "FunZ || U<44><STEAM_0:0:294118000><CT>" killed "Gerrard || F5<40><STEAM_0:0:555673910><TERRORIST>" with "usp"
L 07/25/2020 - 20:44:43: "FunZ || Aga!N!<42><STEAM_0:0:810273828><CT>" killed "Gerrard || assassin<49><STEAM_0:1:550589384><TERRORIST>" with "usp"
L 07/25/2020 - 20:44:43: Team "CT" triggered "CTs_Win" (CT "1") (T "0")
L 07/25/2020 - 20:44:43: World triggered "Round_End"
L 07/25/2020 - 20:44:48: "Gerrard || Agent Felix<35><STEAM_0:1:539804210><TERRORIST>" triggered "Spawned_With_The_Bomb"
L 07/25/2020 - 20:45:00: World triggered "Round_Start"
L 07/25/2020 - 20:45:12: "FunZ || Aga!N!<42><STEAM_0:0:810273828><CT>" killed "Gerrard || 1729<37><STEAM_0:0:1921819853><TERRORIST>" with "mp5navy"
L 07/25/2020 - 20:45:14: "Gerrard || assassin<49><STEAM_0:1:550589384><TERRORIST>" killed "FunZ || Aga!N!<42><STEAM_0:0:810273828><CT>" with "glock18"
L 07/25/2020 - 20:45:15: "FunZ || U<44><STEAM_0:0:294118000><CT>" killed "Gerrard || Agent Felix<35><STEAM_0:1:539804210><TERRORIST>" with "grenade"
L 07/25/2020 - 20:45:15: "Gerrard || Agent Felix<35><STEAM_0:1:539804210><TERRORIST>" triggered "Dropped_The_Bomb"
L 07/25/2020 - 20:45:15: "FunZ || U<44><STEAM_0:0:294118000><CT>" killed "Gerrard || Ladder<36><STEAM_0:0:369456433><TERRORIST>" with "grenade"
L 07/25/2020 - 20:45:16: "Gerrard || F5<40><STEAM_0:0:555673910><TERRORIST>" triggered "Got_The_Bomb"
L 07/25/2020 - 20:45:17: "FunZ || U<44><STEAM_0:0:294118000><CT>" killed "Gerrard || Hathi Ram<43><STEAM_0:0:504584658><TERRORIST>" with "mp5navy"
L 07/25/2020 - 20:45:20: "FunZ || wolf<45><VALVE_0:4:1088121065><CT>" killed "Gerrard || assassin<49><STEAM_0:1:550589384><TERRORIST>" with "famas"
L 07/25/2020 - 20:45:23: "FunZ || N3m3s!$<48><STEAM_0:1:49729967><CT>" killed "Gerrard || F5<40><STEAM_0:0:555673910><TERRORIST>" with "m4a1"
L 07/25/2020 - 20:45:23: Team "CT" triggered "CTs_Win" (CT "2") (T "0")
L 07/25/2020 - 20:45:23: World triggered "Round_End"
L 07/25/2020 - 20:45:28: "Gerrard || Hathi Ram<43><STEAM_0:0:504584658><TERRORIST>" triggered "Spawned_With_The_Bomb"
L 07/25/2020 - 20:45:40: World triggered "Round_Start"
L 07/25/2020 - 20:45:58: "Gerrard || 1729<37><STEAM_0:0:1921819853><TERRORIST>" killed "FunZ || wolf<45><VALVE_0:4:1088121065><CT>" with "ak47"
L 07/25/2020 - 20:46:46: "Gerrard || F5<40><STEAM_0:0:555673910><TERRORIST>" killed "FunZ || N3m3s!$<48><STEAM_0:1:49729967><CT>" with "ak47"
L 07/25/2020 - 20:46:58: "FunZ || 1.5-14.5<46><STEAM_0:0:65740571><CT>" killed "Gerrard || 1729<37><STEAM_0:0:1921819853><TERRORIST>" with "m4a1"
L 07/25/2020 - 20:47:06: "FunZ || 1.5-14.5<46><STEAM_0:0:65740571><CT>" killed "Gerrard || Ladder<36><STEAM_0:0:369456433><TERRORIST>" with "m4a1"
L 07/25/2020 - 20:47:08: "FunZ || 1.5-14.5<46><STEAM_0:0:65740571><CT>" killed "Gerrard || Hathi Ram<43><STEAM_0:0:504584658><TERRORIST>" with "m4a1"
L 07/25/2020 - 20:47:08: "Gerrard || Hathi Ram<43><STEAM_0:0:504584658><TERRORIST>" triggered "Dropped_The_Bomb"
L 07/25/2020 - 20:47:08: "FunZ || 1.5-14.5<46><STEAM_0:0:65740571><CT>" killed "Gerrard || F5<40><STEAM_0:0:555673910><TERRORIST>" with "m4a1"
L 07/25/2020 - 20:47:11: "Gerrard || Agent Felix<35><STEAM_0:1:539804210><TERRORIST>" triggered "Got_The_Bomb"
L 07/25/2020 - 20:47:12: "FunZ || 1.5-14.5<46><STEAM_0:0:65740571><CT>" killed "Gerrard || assassin<49><STEAM_0:1:550589384><TERRORIST>" with "m4a1"
L 07/25/2020 - 20:47:14: "Gerrard || Agent Felix<35><STEAM_0:1:539804210><TERRORIST>" killed "FunZ || 1.5-14.5<46><STEAM_0:0:65740571><CT>" with "ak47"
L 07/25/2020 - 20:47:19: "Gerrard || Agent Felix<35><STEAM_0:1:539804210><TERRORIST>" triggered "Planted_The_Bomb"
L 07/25/2020 - 20:47:22: "FunZ || U<44><STEAM_0:0:294118000><CT>" killed "Gerrard || Agent Felix<35><STEAM_0:1:539804210><TERRORIST>" with "mp5navy"
L 07/25/2020 - 20:47:29: "FunZ || U<44><STEAM_0:0:294118000><CT>" triggered "Begin_Bomb_Defuse_With_Kit"
L 07/25/2020 - 20:47:34: "FunZ || U<44><STEAM_0:0:294118000><CT>" triggered "Defused_The_Bomb"
L 07/25/2020 - 20:47:34: Team "CT" triggered "Bomb_Defused" (CT "3") (T "0")
L 07/25/2020 - 20:47:34: World triggered "Round_End"
L 07/25/2020 - 20:47:39: "Gerrard || Ladder<36><STEAM_0:0:369456433><TERRORIST>" triggered "Spawned_With_The_Bomb"
L 07/25/2020 - 20:47:40: "FunZ || Aga!N!<42><STEAM_0:0:810273828><CT>" say_team "nice!!"
L 07/25/2020 - 20:47:51: World triggered "Round_Start"
L 07/25/2020 - 20:47:56: "Gerrard || Ladder<36><STEAM_0:0:369456433><TERRORIST>" triggered "Dropped_The_Bomb"
L 07/25/2020 - 20:47:57: "Gerrard || F5<40><STEAM_0:0:555673910><TERRORIST>" triggered "Got_The_Bomb"
L 07/25/2020 - 20:48:41: "FunZ || N3m3s!$<48><STEAM_0:1:49729967><CT>" killed "Gerrard || 1729<37><STEAM_0:0:1921819853><TERRORIST>" with "m4a1"
L 07/25/2020 - 20:48:42: "FunZ || Aga!N!<42><STEAM_0:0:810273828><CT>" killed "Gerrard || Ladder<36><STEAM_0:0:369456433><TERRORIST>" with "ak47"
L 07/25/2020 - 20:48:43: "FunZ || Aga!N!<42><STEAM_0:0:810273828><CT>" killed "Gerrard || F5<40><STEAM_0:0:555673910><TERRORIST>" with "ak47"
L 07/25/2020 - 20:48:43: "Gerrard || F5<40><STEAM_0:0:555673910><TERRORIST>" triggered "Dropped_The_Bomb"
L 07/25/2020 - 20:48:46: "FunZ || Aga!N!<42><STEAM_0:0:810273828><CT>" killed "Gerrard || assassin<49><STEAM_0:1:550589384><TERRORIST>" with "ak47"
L 07/25/2020 - 20:48:49: "Gerrard || Hathi Ram<43><STEAM_0:0:504584658><TERRORIST>" killed "FunZ || Aga!N!<42><STEAM_0:0:810273828><CT>" with "galil"
L 07/25/2020 - 20:48:53: "FunZ || malaikari<51><STEAM_0:0:353062145><CT>" killed "Gerrard || Agent Felix<35><STEAM_0:1:539804210><TERRORIST>" with "m4a1"
L 07/25/2020 - 20:48:55: "Gerrard || Hathi Ram<43><STEAM_0:0:504584658><TERRORIST>" triggered "Got_The_Bomb"
L 07/25/2020 - 20:49:03: "FunZ || N3m3s!$<48><STEAM_0:1:49729967><CT>" killed "Gerrard || Hathi Ram<43><STEAM_0:0:504584658><TERRORIST>" with "m4a1"
L 07/25/2020 - 20:49:03: Team "CT" triggered "CTs_Win" (CT "4") (T "0")
L 07/25/2020 - 20:49:03: World triggered "Round_End"
L 07/25/2020 - 20:49:08: "Gerrard || F5<40><STEAM_0:0:555673910><TERRORIST>" triggered "Spawned_With_The_Bomb"
L 07/25/2020 - 20:49:20: World triggered "Round_Start"
L 07/25/2020 - 20:49:51: "FunZ || Aga!N!<42><STEAM_0:0:810273828><CT>" killed "Gerrard || 1729<37><STEAM_0:0:1921819853><TERRORIST>" with "awp"
L 07/25/2020 - 20:49:51: "Gerrard || Agent Felix<35><STEAM_0:1:539804210><TERRORIST>" killed "FunZ || N3m3s!$<48><STEAM_0:1:49729967><CT>" with "ak47"
L 07/25/2020 - 20:50:17: "Gerrard || Agent Felix<35><STEAM_0:1:539804210><TERRORIST>" killed "FunZ || malaikari<51><STEAM_0:0:353062145><CT>" with "ak47"
L 07/25/2020 - 20:50:17: "FunZ || Aga!N!<42><STEAM_0:0:810273828><CT>" killed "Gerrard || Ladder<36><STEAM_0:0:369456433><TERRORIST>" with "awp"
L 07/25/2020 - 20:50:19: "FunZ || U<44><STEAM_0:0:294118000><CT>" killed "Gerrard || Hathi Ram<43><STEAM_0:0:504584658><TERRORIST>" with "m4a1"
L 07/25/2020 - 20:50:23: "Gerrard || F5<40><STEAM_0:0:555673910><TERRORIST>" triggered "Planted_The_Bomb"
L 07/25/2020 - 20:50:29: "FunZ || Aga!N!<42><STEAM_0:0:810273828><CT>" killed "Gerrard || Agent Felix<35><STEAM_0:1:539804210><TERRORIST>" with "awp"
L 07/25/2020 - 20:50:35: "FunZ || U<44><STEAM_0:0:294118000><CT>" killed "Gerrard || F5<40><STEAM_0:0:555673910><TERRORIST>" with "m4a1"
L 07/25/2020 - 20:50:43: "FunZ || wolf<45><VALVE_0:4:1088121065><CT>" killed "Gerrard || assassin<49><STEAM_0:1:550589384><TERRORIST>" with "ak47"
L 07/25/2020 - 20:50:46: "FunZ || wolf<45><VALVE_0:4:1088121065><CT>" triggered "Begin_Bomb_Defuse_With_Kit"
L 07/25/2020 - 20:50:51: "FunZ || wolf<45><VALVE_0:4:1088121065><CT>" triggered "Defused_The_Bomb"
L 07/25/2020 - 20:50:51: Team "CT" triggered "Bomb_Defused" (CT "5") (T "0")
L 07/25/2020 - 20:50:51: World triggered "Round_End"
L 07/25/2020 - 20:50:56: "Gerrard || 1729<37><STEAM_0:0:1921819853><TERRORIST>" triggered "Spawned_With_The_Bomb"
L 07/25/2020 - 20:51:06: "Gerrard || 1729<37><STEAM_0:0:1921819853><TERRORIST>" triggered "Dropped_The_Bomb"
L 07/25/2020 - 20:51:08: World triggered "Round_Start"
L 07/25/2020 - 20:51:12: "Gerrard || F5<40><STEAM_0:0:555673910><TERRORIST>" triggered "Got_The_Bomb"
L 07/25/2020 - 20:51:30: "FunZ || Aga!N!<42><STEAM_0:0:810273828><CT>" killed "Gerrard || F5<40><STEAM_0:0:555673910><TERRORIST>" with "awp"
L 07/25/2020 - 20:51:30: "Gerrard || F5<40><STEAM_0:0:555673910><TERRORIST>" triggered "Dropped_The_Bomb"
L 07/25/2020 - 20:51:35: "Gerrard || Hathi Ram<43><STEAM_0:0:504584658><TERRORIST>" triggered "Got_The_Bomb"
L 07/25/2020 - 20:51:40: "FunZ || 1.5-14.5<46><STEAM_0:0:65740571><CT>" killed "Gerrard || 1729<37><STEAM_0:0:1921819853><TERRORIST>" with "m4a1"
L 07/25/2020 - 20:51:45: "FunZ || 1.5-14.5<46><STEAM_0:0:65740571><CT>" killed "Gerrard || Agent Felix<35><STEAM_0:1:539804210><TERRORIST>" with "m4a1"
L 07/25/2020 - 20:51:52: "Gerrard || Hathi Ram<43><STEAM_0:0:504584658><TERRORIST>" killed "FunZ || N3m3s!$<48><STEAM_0:1:49729967><CT>" with "ak47"
L 07/25/2020 - 20:51:58: "FunZ || Aga!N!<42><STEAM_0:0:810273828><CT>" killed "Gerrard || assassin<49><STEAM_0:1:550589384><TERRORIST>" with "awp"
L 07/25/2020 - 20:52:03: "FunZ || Aga!N!<42><STEAM_0:0:810273828><CT>" killed "Gerrard || Hathi Ram<43><STEAM_0:0:504584658><TERRORIST>" with "awp"
L 07/25/2020 - 20:52:03: "Gerrard || Hathi Ram<43><STEAM_0:0:504584658><TERRORIST>" triggered "Dropped_The_Bomb"
L 07/25/2020 - 20:52:10: "Gerrard || Ladder<36><STEAM_0:0:369456433><TERRORIST>" killed "FunZ || Aga!N!<42><STEAM_0:0:810273828><CT>" with "ak47"
L 07/25/2020 - 20:52:17: "FunZ || U<44><STEAM_0:0:294118000><CT>" killed "Gerrard || Ladder<36><STEAM_0:0:369456433><TERRORIST>" with "m4a1"
L 07/25/2020 - 20:52:17: Team "CT" triggered "CTs_Win" (CT "6") (T "0")
L 07/25/2020 - 20:52:17: World triggered "Round_End"
L 07/25/2020 - 20:52:22: "Gerrard || assassin<49><STEAM_0:1:550589384><TERRORIST>" triggered "Spawned_With_The_Bomb"
L 07/25/2020 - 20:52:34: World triggered "Round_Start"
L 07/25/2020 - 20:52:46: "Gerrard || 1729<37><STEAM_0:0:1921819853><TERRORIST>" killed "FunZ || Aga!N!<42><STEAM_0:0:810273828><CT>" with "ak47"
L 07/25/2020 - 20:52:52: "Gerrard || 1729<37><STEAM_0:0:1921819853><TERRORIST>" killed "FunZ || N3m3s!$<48><STEAM_0:1:49729967><CT>" with "ak47"
L 07/25/2020 - 20:53:01: "Gerrard || 1729<37><STEAM_0:0:1921819853><TERRORIST>" killed "FunZ || U<44><STEAM_0:0:294118000><CT>" with "ak47"
L 07/25/2020 - 20:53:02: "Gerrard || Agent Felix<35><STEAM_0:1:539804210><TERRORIST>" killed "FunZ || malaikari<51><STEAM_0:0:353062145><CT>" with "m4a1"
L 07/25/2020 - 20:53:08: "Gerrard || assassin<49><STEAM_0:1:550589384><TERRORIST>" triggered "Planted_The_Bomb"
L 07/25/2020 - 20:53:16: "Gerrard || 1729<37><STEAM_0:0:1921819853><TERRORIST>" killed "FunZ || 1.5-14.5<46><STEAM_0:0:65740571><CT>" with "ak47"
L 07/25/2020 - 20:53:25: "Gerrard || 1729<37><STEAM_0:0:1921819853><TERRORIST>" killed "FunZ || wolf<45><VALVE_0:4:1088121065><CT>" with "ak47"
L 07/25/2020 - 20:53:25: Team "TERRORIST" triggered "Terrorists_Win" (CT "6") (T "1")
L 07/25/2020 - 20:53:25: World triggered "Round_End"
L 07/25/2020 - 20:53:30: "Gerrard || Agent Felix<35><STEAM_0:1:539804210><TERRORIST>" triggered "Spawned_With_The_Bomb"
L 07/25/2020 - 20:53:39: "Gerrard || Agent Felix<35><STEAM_0:1:539804210><TERRORIST>" triggered "Dropped_The_Bomb"
L 07/25/2020 - 20:53:39: "Gerrard || 1729<37><STEAM_0:0:1921819853><TERRORIST>" triggered "Got_The_Bomb"
L 07/25/2020 - 20:53:42: World triggered "Round_Start"
L 07/25/2020 - 20:53:43: "Gerrard || 1729<37><STEAM_0:0:1921819853><TERRORIST>" triggered "Dropped_The_Bomb"
L 07/25/2020 - 20:53:43: "Gerrard || F5<40><STEAM_0:0:555673910><TERRORIST>" triggered "Got_The_Bomb"
L 07/25/2020 - 20:54:06: "FunZ || 1.5-14.5<46><STEAM_0:0:65740571><CT>" killed "Gerrard || F5<40><STEAM_0:0:555673910><TERRORIST>" with "m4a1"
L 07/25/2020 - 20:54:06: "Gerrard || F5<40><STEAM_0:0:555673910><TERRORIST>" triggered "Dropped_The_Bomb"
L 07/25/2020 - 20:54:07: "FunZ || 1.5-14.5<46><STEAM_0:0:65740571><CT>" killed "Gerrard || assassin<49><STEAM_0:1:550589384><TERRORIST>" with "m4a1"
L 07/25/2020 - 20:54:07: "FunZ || 1.5-14.5<46><STEAM_0:0:65740571><CT>" killed "Gerrard || Hathi Ram<43><STEAM_0:0:504584658><TERRORIST>" with "m4a1"
L 07/25/2020 - 20:54:09: "FunZ || U<44><STEAM_0:0:294118000><CT>" killed "Gerrard || Agent Felix<35><STEAM_0:1:539804210><TERRORIST>" with "m4a1"
L 07/25/2020 - 20:54:11: "FunZ || 1.5-14.5<46><STEAM_0:0:65740571><CT>" killed "Gerrard || Ladder<36><STEAM_0:0:369456433><TERRORIST>" with "m4a1"
L 07/25/2020 - 20:54:21: "FunZ || wolf<45><VALVE_0:4:1088121065><CT>" killed "Gerrard || 1729<37><STEAM_0:0:1921819853><TERRORIST>" with "m4a1"
L 07/25/2020 - 20:54:21: Team "CT" triggered "CTs_Win" (CT "7") (T "1")
L 07/25/2020 - 20:54:21: World triggered "Round_End"
L 07/25/2020 - 20:54:26: "Gerrard || Hathi Ram<43><STEAM_0:0:504584658><TERRORIST>" triggered "Spawned_With_The_Bomb"
L 07/25/2020 - 20:54:38: World triggered "Round_Start"
L 07/25/2020 - 20:54:50: "Gerrard || 1729<37><STEAM_0:0:1921819853><TERRORIST>" killed "FunZ || Aga!N!<42><STEAM_0:0:810273828><CT>" with "ak47"
L 07/25/2020 - 20:54:55: "Gerrard || 1729<37><STEAM_0:0:1921819853><TERRORIST>" killed "FunZ || N3m3s!$<48><STEAM_0:1:49729967><CT>" with "ak47"
L 07/25/2020 - 20:55:00: "Gerrard || F5<40><STEAM_0:0:555673910><TERRORIST>" killed "FunZ || malaikari<51><STEAM_0:0:353062145><CT>" with "ak47"
L 07/25/2020 - 20:55:04: "Gerrard || Agent Felix<35><STEAM_0:1:539804210><TERRORIST>" killed "FunZ || U<44><STEAM_0:0:294118000><CT>" with "ak47"
L 07/25/2020 - 20:55:17: "Gerrard || Hathi Ram<43><STEAM_0:0:504584658><TERRORIST>" triggered "Planted_The_Bomb"
L 07/25/2020 - 20:56:02: Team "TERRORIST" triggered "Target_Bombed" (CT "7") (T "2")
L 07/25/2020 - 20:56:02: World triggered "Round_End"
L 07/25/2020 - 20:56:07: "FunZ || wolf<45><VALVE_0:4:1088121065><CT>" killed "Gerrard || 1729<37><STEAM_0:0:1921819853><TERRORIST>" with "ak47"
L 07/25/2020 - 20:56:07: "Gerrard || Ladder<36><STEAM_0:0:369456433><TERRORIST>" triggered "Spawned_With_The_Bomb"
L 07/25/2020 - 20:56:19: World triggered "Round_Start"
L 07/25/2020 - 20:56:47: "FunZ || N3m3s!$<48><STEAM_0:1:49729967><CT>" killed "Gerrard || 1729<37><STEAM_0:0:1921819853><TERRORIST>" with "m4a1"
L 07/25/2020 - 20:56:49: "Gerrard || Agent Felix<35><STEAM_0:1:539804210><TERRORIST>" killed "FunZ || wolf<45><VALVE_0:4:1088121065><CT>" with "m4a1"
L 07/25/2020 - 20:57:06: "Gerrard || F5<40><STEAM_0:0:555673910><TERRORIST>" killed "FunZ || N3m3s!$<48><STEAM_0:1:49729967><CT>" with "m4a1"
L 07/25/2020 - 20:57:15: "FunZ || U<44><STEAM_0:0:294118000><CT>" killed "Gerrard || F5<40><STEAM_0:0:555673910><TERRORIST>" with "m4a1"
L 07/25/2020 - 20:57:34: "Gerrard || Agent Felix<35><STEAM_0:1:539804210><TERRORIST>" killed "FunZ || 1.5-14.5<46><STEAM_0:0:65740571><CT>" with "m4a1"
L 07/25/2020 - 20:57:42: "FunZ || Aga!N!<42><STEAM_0:0:810273828><CT>" killed "Gerrard || assassin<49><STEAM_0:1:550589384><TERRORIST>" with "ak47"
L 07/25/2020 - 20:57:58: "Gerrard || Ladder<36><STEAM_0:0:369456433><TERRORIST>" triggered "Planted_The_Bomb"
L 07/25/2020 - 20:58:24: "Gerrard || Ladder<36><STEAM_0:0:369456433><TERRORIST>" killed "FunZ || U<44><STEAM_0:0:294118000><CT>" with "ak47"
L 07/25/2020 - 20:58:25: "FunZ || malaikari<51><STEAM_0:0:353062145><CT>" killed "Gerrard || Ladder<36><STEAM_0:0:369456433><TERRORIST>" with "m4a1"
L 07/25/2020 - 20:58:27: "Gerrard || Agent Felix<35><STEAM_0:1:539804210><TERRORIST>" killed "FunZ || malaikari<51><STEAM_0:0:353062145><CT>" with "m4a1"
L 07/25/2020 - 20:58:35: "FunZ || Aga!N!<42><STEAM_0:0:810273828><CT>" killed "Gerrard || Hathi Ram<43><STEAM_0:0:504584658><TERRORIST>" with "ak47"
L 07/25/2020 - 20:58:37: "FunZ || Aga!N!<42><STEAM_0:0:810273828><CT>" triggered "Begin_Bomb_Defuse_With_Kit"
L 07/25/2020 - 20:58:40: "Gerrard || Agent Felix<35><STEAM_0:1:539804210><TERRORIST>" killed "FunZ || Aga!N!<42><STEAM_0:0:810273828><CT>" with "m4a1"
L 07/25/2020 - 20:58:40: Team "TERRORIST" triggered "Terrorists_Win" (CT "7") (T "3")
L 07/25/2020 - 20:58:40: World triggered "Round_End"
L 07/25/2020 - 20:58:45: "Gerrard || F5<40><STEAM_0:0:555673910><TERRORIST>" triggered "Spawned_With_The_Bomb"
L 07/25/2020 - 20:58:50: "Gerrard || F5<40><STEAM_0:0:555673910><TERRORIST>" triggered "Dropped_The_Bomb"
L 07/25/2020 - 20:58:57: World triggered "Round_Start"
L 07/25/2020 - 20:58:58: "Gerrard || Agent Felix<35><STEAM_0:1:539804210><TERRORIST>" triggered "Got_The_Bomb"
L 07/25/2020 - 20:59:00: "Gerrard || Agent Felix<35><STEAM_0:1:539804210><TERRORIST>" triggered "Dropped_The_Bomb"
L 07/25/2020 - 20:59:06: "Gerrard || Hathi Ram<43><STEAM_0:0:504584658><TERRORIST>" triggered "Got_The_Bomb"
L 07/25/2020 - 21:00:00: "FunZ || 1.5-14.5<46><STEAM_0:0:65740571><CT>" killed "Gerrard || 1729<37><STEAM_0:0:1921819853><TERRORIST>" with "m4a1"
L 07/25/2020 - 21:00:11: "FunZ || wolf<45><VALVE_0:4:1088121065><CT>" killed "Gerrard || F5<40><STEAM_0:0:555673910><TERRORIST>" with "m4a1"
L 07/25/2020 - 21:00:16: "FunZ || 1.5-14.5<46><STEAM_0:0:65740571><CT>" killed "Gerrard || Agent Felix<35><STEAM_0:1:539804210><TERRORIST>" with "m4a1"
L 07/25/2020 - 21:00:19: "FunZ || 1.5-14.5<46><STEAM_0:0:65740571><CT>" killed "Gerrard || Hathi Ram<43><STEAM_0:0:504584658><TERRORIST>" with "m4a1"
L 07/25/2020 - 21:00:19: "Gerrard || Hathi Ram<43><STEAM_0:0:504584658><TERRORIST>" triggered "Dropped_The_Bomb"
L 07/25/2020 - 21:00:22: "Gerrard || Ladder<36><STEAM_0:0:369456433><TERRORIST>" killed "FunZ || 1.5-14.5<46><STEAM_0:0:65740571><CT>" with "ak47"
L 07/25/2020 - 21:00:28: "FunZ || N3m3s!$<48><STEAM_0:1:49729967><CT>" killed "Gerrard || assassin<49><STEAM_0:1:550589384><TERRORIST>" with "famas"
L 07/25/2020 - 21:00:37: "Gerrard || Ladder<36><STEAM_0:0:369456433><TERRORIST>" killed "FunZ || N3m3s!$<48><STEAM_0:1:49729967><CT>" with "ak47"
L 07/25/2020 - 21:00:52: "FunZ || Aga!N!<42><STEAM_0:0:810273828><CT>" killed "Gerrard || Ladder<36><STEAM_0:0:369456433><TERRORIST>" with "famas"
L 07/25/2020 - 21:00:52: Team "CT" triggered "CTs_Win" (CT "8") (T "3")
L 07/25/2020 - 21:00:52: World triggered "Round_End"
L 07/25/2020 - 21:00:57: "Gerrard || 1729<37><STEAM_0:0:1921819853><TERRORIST>" triggered "Spawned_With_The_Bomb"
L 07/25/2020 - 21:01:09: World triggered "Round_Start"
L 07/25/2020 - 21:01:12: "Gerrard || 1729<37><STEAM_0:0:1921819853><TERRORIST>" triggered "Dropped_The_Bomb"
L 07/25/2020 - 21:01:14: "Gerrard || Hathi Ram<43><STEAM_0:0:504584658><TERRORIST>" triggered "Got_The_Bomb"
L 07/25/2020 - 21:01:58: "FunZ || Aga!N!<42><STEAM_0:0:810273828><CT>" killed "Gerrard || 1729<37><STEAM_0:0:1921819853><TERRORIST>" with "famas"
L 07/25/2020 - 21:01:59: "Gerrard || Ladder<36><STEAM_0:0:369456433><TERRORIST>" killed "FunZ || U<44><STEAM_0:0:294118000><CT>" with "deagle"
L 07/25/2020 - 21:02:04: "Gerrard || assassin<49><STEAM_0:1:550589384><TERRORIST>" killed "FunZ || Aga!N!<42><STEAM_0:0:810273828><CT>" with "ak47"
L 07/25/2020 - 21:02:16: "Gerrard || Agent Felix<35><STEAM_0:1:539804210><TERRORIST>" killed "FunZ || malaikari<51><STEAM_0:0:353062145><CT>" with "ak47"
L 07/25/2020 - 21:02:18: "Gerrard || Agent Felix<35><STEAM_0:1:539804210><TERRORIST>" killed "FunZ || N3m3s!$<48><STEAM_0:1:49729967><CT>" with "ak47"
L 07/25/2020 - 21:02:19: "FunZ || 1.5-14.5<46><STEAM_0:0:65740571><CT>" killed "Gerrard || Hathi Ram<43><STEAM_0:0:504584658><TERRORIST>" with "m4a1"
L 07/25/2020 - 21:02:19: "Gerrard || Hathi Ram<43><STEAM_0:0:504584658><TERRORIST>" triggered "Dropped_The_Bomb"
L 07/25/2020 - 21:02:22: "FunZ || 1.5-14.5<46><STEAM_0:0:65740571><CT>" killed "Gerrard || Ladder<36><STEAM_0:0:369456433><TERRORIST>" with "m4a1"
L 07/25/2020 - 21:02:25: "Gerrard || F5<40><STEAM_0:0:555673910><TERRORIST>" killed "FunZ || 1.5-14.5<46><STEAM_0:0:65740571><CT>" with "ak47"
L 07/25/2020 - 21:02:31: "Gerrard || F5<40><STEAM_0:0:555673910><TERRORIST>" triggered "Got_The_Bomb"
L 07/25/2020 - 21:02:34: "Gerrard || Agent Felix<35><STEAM_0:1:539804210><TERRORIST>" killed "FunZ || wolf<45><VALVE_0:4:1088121065><CT>" with "ak47"
L 07/25/2020 - 21:02:34: Team "TERRORIST" triggered "Terrorists_Win" (CT "8") (T "4")
L 07/25/2020 - 21:02:34: World triggered "Round_End"
L 07/25/2020 - 21:02:39: "Gerrard || assassin<49><STEAM_0:1:550589384><TERRORIST>" triggered "Spawned_With_The_Bomb"
L 07/25/2020 - 21:02:51: World triggered "Round_Start"
L 07/25/2020 - 21:03:22: "FunZ || Aga!N!<42><STEAM_0:0:810273828><CT>" killed "Gerrard || Hathi Ram<43><STEAM_0:0:504584658><TERRORIST>" with "m4a1"
L 07/25/2020 - 21:03:38: "Gerrard || Ladder<36><STEAM_0:0:369456433><TERRORIST>" killed "FunZ || Aga!N!<42><STEAM_0:0:810273828><CT>" with "ak47"
L 07/25/2020 - 21:03:44: "Gerrard || 1729<37><STEAM_0:0:1921819853><TERRORIST>" killed "FunZ || 1.5-14.5<46><STEAM_0:0:65740571><CT>" with "ak47"
L 07/25/2020 - 21:03:48: "FunZ || U<44><STEAM_0:0:294118000><CT>" killed "Gerrard || Ladder<36><STEAM_0:0:369456433><TERRORIST>" with "m4a1"
L 07/25/2020 - 21:03:54: "FunZ || wolf<45><VALVE_0:4:1088121065><CT>" killed "Gerrard || 1729<37><STEAM_0:0:1921819853><TERRORIST>" with "m4a1"
L 07/25/2020 - 21:04:01: "Gerrard || assassin<49><STEAM_0:1:550589384><TERRORIST>" killed "FunZ || N3m3s!$<48><STEAM_0:1:49729967><CT>" with "ak47"
L 07/25/2020 - 21:04:42: "Gerrard || assassin<49><STEAM_0:1:550589384><TERRORIST>" triggered "Planted_The_Bomb"
L 07/25/2020 - 21:05:06: "Gerrard || Agent Felix<35><STEAM_0:1:539804210><TERRORIST>" killed "FunZ || malaikari<51><STEAM_0:0:353062145><CT>" with "m4a1"
L 07/25/2020 - 21:05:11: "FunZ || wolf<45><VALVE_0:4:1088121065><CT>" killed "Gerrard || Agent Felix<35><STEAM_0:1:539804210><TERRORIST>" with "ak47"
L 07/25/2020 - 21:05:14: "Gerrard || assassin<49><STEAM_0:1:550589384><TERRORIST>" killed "FunZ || U<44><STEAM_0:0:294118000><CT>" with "ak47"
L 07/25/2020 - 21:05:15: "FunZ || wolf<45><VALVE_0:4:1088121065><CT>" killed "Gerrard || F5<40><STEAM_0:0:555673910><TERRORIST>" with "ak47"
L 07/25/2020 - 21:05:21: "FunZ || wolf<45><VALVE_0:4:1088121065><CT>" triggered "Begin_Bomb_Defuse_Without_Kit"
L 07/25/2020 - 21:05:25: "Gerrard || assassin<49><STEAM_0:1:550589384><TERRORIST>" killed "FunZ || wolf<45><VALVE_0:4:1088121065><CT>" with "ak47"
L 07/25/2020 - 21:05:25: Team "TERRORIST" triggered "Terrorists_Win" (CT "8") (T "5")
L 07/25/2020 - 21:05:25: World triggered "Round_End"
L 07/25/2020 - 21:05:30: "Gerrard || Agent Felix<35><STEAM_0:1:539804210><TERRORIST>" triggered "Spawned_With_The_Bomb"
L 07/25/2020 - 21:05:36: Rcon: "rcon 757114305 "Lauda2" amx_pause" from "49.207.59.42:19102"
L 07/25/2020 - 21:05:36: Server cvar "pausable" = "1"
L 07/25/2020 - 21:05:37: Server cvar "pausable" = "0"
L 07/25/2020 - 21:05:44: "FunZ || N3m3s!$<48><STEAM_0:1:49729967><CT>" disconnected
L 07/25/2020 - 21:05:44: [DPROTO]: Client 11 - Set AuthIdType 1 [Native]; pClient = 05699130
L 07/25/2020 - 21:05:45: "FunZ || N3m3s!$<53><STEAM_0:1:49729967><>" connected, address "1.39.171.212:3445"
L 07/25/2020 - 21:05:45: "FunZ || N3m3s!$<53><STEAM_0:1:49729967><>" STEAM USERID validated
L 07/25/2020 - 21:05:51: "FunZ || N3m3s!$<53><STEAM_0:1:49729967><>" entered the game
L 07/25/2020 - 21:05:54: "Gerrard || F5<40><STEAM_0:0:555673910><TERRORIST>" say "wait"
L 07/25/2020 - 21:05:56: "FunZ || N3m3s!$<53><STEAM_0:1:49729967><>" joined team "CT"
L 07/25/2020 - 21:06:05: "Gerrard || assassin<49><STEAM_0:1:550589384><TERRORIST>" say "mamba mute asche, unpause korish na"
L 07/25/2020 - 21:07:01: "Gerrard || Agent Felix<35><STEAM_0:1:539804210><TERRORIST>" say "back"
L 07/25/2020 - 21:07:06: "Gerrard || Ladder<36><STEAM_0:0:369456433><TERRORIST>" say "mamba da is back"
L 07/25/2020 - 21:07:28: "FunZ || Aga!N!<42><STEAM_0:0:810273828><CT>" say "unpause in 10"
L 07/25/2020 - 21:07:42: Rcon: "rcon 757114305 "Lauda2" amx_pause" from "49.207.59.42:19102"
L 07/25/2020 - 21:07:42: Server cvar "pausable" = "1"
L 07/25/2020 - 21:07:42: Server cvar "pausable" = "0"
L 07/25/2020 - 21:07:47: World triggered "Round_Start"
L 07/25/2020 - 21:08:04: "Gerrard || Agent Felix<35><STEAM_0:1:539804210><TERRORIST>" triggered "Dropped_The_Bomb"
L 07/25/2020 - 21:08:07: "Gerrard || Hathi Ram<43><STEAM_0:0:504584658><TERRORIST>" triggered "Got_The_Bomb"
L 07/25/2020 - 21:08:21: "Gerrard || Ladder<36><STEAM_0:0:369456433><TERRORIST>" killed "FunZ || N3m3s!$<53><STEAM_0:1:49729967><CT>" with "ak47"
L 07/25/2020 - 21:08:27: "FunZ || Aga!N!<42><STEAM_0:0:810273828><CT>" killed "Gerrard || assassin<49><STEAM_0:1:550589384><TERRORIST>" with "deagle"
L 07/25/2020 - 21:08:37: "Gerrard || Hathi Ram<43><STEAM_0:0:504584658><TERRORIST>" triggered "Planted_The_Bomb"
L 07/25/2020 - 21:08:39: "Gerrard || Hathi Ram<43><STEAM_0:0:504584658><TERRORIST>" killed "FunZ || U<44><STEAM_0:0:294118000><CT>" with "galil"
L 07/25/2020 - 21:08:49: "Gerrard || Hathi Ram<43><STEAM_0:0:504584658><TERRORIST>" killed "FunZ || Aga!N!<42><STEAM_0:0:810273828><CT>" with "galil"
L 07/25/2020 - 21:08:51: "Gerrard || Ladder<36><STEAM_0:0:369456433><TERRORIST>" killed "FunZ || malaikari<51><STEAM_0:0:353062145><CT>" with "ak47"
L 07/25/2020 - 21:08:52: "Gerrard || 1729<37><STEAM_0:0:1921819853><TERRORIST>" killed "FunZ || wolf<45><VALVE_0:4:1088121065><CT>" with "ak47"
L 07/25/2020 - 21:08:58: "FunZ || 1.5-14.5<46><STEAM_0:0:65740571><CT>" killed "Gerrard || Agent Felix<35><STEAM_0:1:539804210><TERRORIST>" with "m4a1"
L 07/25/2020 - 21:09:01: "FunZ || 1.5-14.5<46><STEAM_0:0:65740571><CT>" killed "Gerrard || F5<40><STEAM_0:0:555673910><TERRORIST>" with "m4a1"
L 07/25/2020 - 21:09:22: Team "TERRORIST" triggered "Target_Bombed" (CT "8") (T "6")
L 07/25/2020 - 21:09:22: World triggered "Round_End"
L 07/25/2020 - 21:09:24: "Gerrard || Hathi Ram<43><STEAM_0:0:504584658><TERRORIST>" killed "FunZ || 1.5-14.5<46><STEAM_0:0:65740571><CT>" with "galil"
L 07/25/2020 - 21:09:27: "Gerrard || Hathi Ram<43><STEAM_0:0:504584658><TERRORIST>" triggered "Spawned_With_The_Bomb"
L 07/25/2020 - 21:09:39: World triggered "Round_Start"
L 07/25/2020 - 21:10:24: "Gerrard || 1729<37><STEAM_0:0:1921819853><TERRORIST>" killed "FunZ || U<44><STEAM_0:0:294118000><CT>" with "ak47"
L 07/25/2020 - 21:10:24: "FunZ || Aga!N!<42><STEAM_0:0:810273828><CT>" killed "Gerrard || 1729<37><STEAM_0:0:1921819853><TERRORIST>" with "famas"
L 07/25/2020 - 21:10:27: "Gerrard || Ladder<36><STEAM_0:0:369456433><TERRORIST>" killed "FunZ || Aga!N!<42><STEAM_0:0:810273828><CT>" with "ak47"
L 07/25/2020 - 21:10:37: "Gerrard || Hathi Ram<43><STEAM_0:0:504584658><TERRORIST>" killed "FunZ || malaikari<51><STEAM_0:0:353062145><CT>" with "galil"
L 07/25/2020 - 21:10:38: "FunZ || N3m3s!$<53><STEAM_0:1:49729967><CT>" killed "Gerrard || Ladder<36><STEAM_0:0:369456433><TERRORIST>" with "famas"
L 07/25/2020 - 21:10:42: "Gerrard || assassin<49><STEAM_0:1:550589384><TERRORIST>" killed "FunZ || N3m3s!$<53><STEAM_0:1:49729967><CT>" with "ak47"
L 07/25/2020 - 21:10:48: "Gerrard || Hathi Ram<43><STEAM_0:0:504584658><TERRORIST>" triggered "Planted_The_Bomb"
L 07/25/2020 - 21:10:49: "FunZ || 1.5-14.5<46><STEAM_0:0:65740571><CT>" killed "Gerrard || assassin<49><STEAM_0:1:550589384><TERRORIST>" with "m4a1"
L 07/25/2020 - 21:10:50: "FunZ || 1.5-14.5<46><STEAM_0:0:65740571><CT>" killed "Gerrard || Hathi Ram<43><STEAM_0:0:504584658><TERRORIST>" with "m4a1"
L 07/25/2020 - 21:10:59: "FunZ || wolf<45><VALVE_0:4:1088121065><CT>" killed "Gerrard || F5<40><STEAM_0:0:555673910><TERRORIST>" with "m4a1"
L 07/25/2020 - 21:11:03: "FunZ || 1.5-14.5<46><STEAM_0:0:65740571><CT>" killed "Gerrard || Agent Felix<35><STEAM_0:1:539804210><TERRORIST>" with "m4a1"
L 07/25/2020 - 21:11:05: "FunZ || wolf<45><VALVE_0:4:1088121065><CT>" triggered "Begin_Bomb_Defuse_With_Kit"
L 07/25/2020 - 21:11:09: "Gerrard || Agent Felix<35><STEAM_0:1:539804210><TERRORIST>" say "gg" (dead)
L 07/25/2020 - 21:11:10: "FunZ || N3m3s!$<53><STEAM_0:1:49729967><CT>" say "gege" (dead)
L 07/25/2020 - 21:11:10: "FunZ || wolf<45><VALVE_0:4:1088121065><CT>" triggered "Defused_The_Bomb"
L 07/25/2020 - 21:11:10: Team "CT" triggered "Bomb_Defused" (CT "9") (T "6")
L 07/25/2020 - 21:11:10: World triggered "Round_End"
L 07/25/2020 - 21:11:11: "Gerrard || assassin<49><STEAM_0:1:550589384><TERRORIST>" say "gg" (dead)
L 07/25/2020 - 21:11:12: "FunZ || U<44><STEAM_0:0:294118000><CT>" say "gg" (dead)
L 07/25/2020 - 21:11:14: "FunZ || malaikari<51><STEAM_0:0:353062145><CT>" say "gg" (dead)
L 07/25/2020 - 21:11:14: "FunZ || Aga!N!<42><STEAM_0:0:810273828><CT>" say "gg" (dead)
L 07/25/2020 - 21:11:15: "Gerrard || Ladder<36><STEAM_0:0:369456433><TERRORIST>" triggered "Spawned_With_The_Bomb"
L 07/25/2020 - 21:11:18: "FunZ || 1.5-14.5<46><STEAM_0:0:65740571><CT>" say "gg"
L 07/25/2020 - 21:11:18: "Gerrard || 1729<37><STEAM_0:0:1921819853><TERRORIST>" disconnected
L 07/25/2020 - 21:11:19: "Gerrard || Hathi Ram<43><STEAM_0:0:504584658><TERRORIST>" say "gg"
L 07/25/2020 - 21:11:19: "Gerrard || assassin<49><STEAM_0:1:550589384><TERRORIST>" disconnected
L 07/25/2020 - 21:11:20: "FunZ || N3m3s!$<53><STEAM_0:1:49729967><CT>" disconnected
L 07/25/2020 - 21:11:20: "FunZ || wolf<45><VALVE_0:4:1088121065><CT>" disconnected
L 07/25/2020 - 21:11:21: "FunZ || Aga!N!<42><STEAM_0:0:810273828><CT>" disconnected
L 07/25/2020 - 21:11:22: "FunZ || 1.5-14.5<46><STEAM_0:0:65740571><CT>" disconnected
L 07/25/2020 - 21:11:23: "FunZ || U<44><STEAM_0:0:294118000><CT>" disconnected
L 07/25/2020 - 21:11:24: "Gerrard || F5<40><STEAM_0:0:555673910><TERRORIST>" disconnected
L 07/25/2020 - 21:11:27: "Gerrard || Hathi Ram<43><STEAM_0:0:504584658><TERRORIST>" disconnected
L 07/25/2020 - 21:11:27: "Gerrard || Agent Felix<35><STEAM_0:1:539804210><TERRORIST>" disconnected
L 07/25/2020 - 21:11:27: World triggered "Round_Start"
L 07/25/2020 - 21:11:28: "FunZ || malaikari<51><STEAM_0:0:353062145><CT>" disconnected
L 07/25/2020 - 21:11:30: "Gerrard || Ladder<36><STEAM_0:0:369456433><TERRORIST>" triggered "Dropped_The_Bomb"
L 07/25/2020 - 21:11:30: "Gerrard || Ladder<36><STEAM_0:0:369456433><TERRORIST>" disconnected
L 07/25/2020 - 21:11:30: World triggered "Round_Draw" (CT "9") (T "6")
L 07/25/2020 - 21:11:30: World triggered "Round_End"
L 07/25/2020 - 21:11:48: World triggered "Round_Start"
L 07/25/2020 - 21:11:58: [DPROTO]: Client 0 - Set AuthIdType 1 [Native]; pClient = 05662028
L 07/25/2020 - 21:11:58: "Iz 3r3 No 1 3lz || Escanor<54><STEAM_0:0:83230422><>" connected, address "103.76.82.177:32884"
L 07/25/2020 - 21:11:58: "Iz 3r3 No 1 3lz || Escanor<54><STEAM_0:0:83230422><>" STEAM USERID validated
L 07/25/2020 - 21:12:03: "Iz 3r3 No 1 3lz || Escanor<54><STEAM_0:0:83230422><>" entered the game
L 07/25/2020 - 21:12:07: "Iz 3r3 No 1 3lz || Escanor<54><STEAM_0:0:83230422><>" joined team "TERRORIST"
L 07/25/2020 - 21:12:07: "Iz 3r3 No 1 3lz || Escanor<54><STEAM_0:0:83230422><TERRORIST>" triggered "Spawned_With_The_Bomb"
L 07/25/2020 - 21:12:12: [DPROTO]: Client 1 - Set AuthIdType 1 [dp_RevEmu]; pClient = 05667040
L 07/25/2020 - 21:12:12: "Demba Ba || Gupto Googly<55><STEAM_0:0:355901680><>" connected, address "101.0.34.15:28799"
L 07/25/2020 - 21:12:17: "Demba Ba || Gupto Googly<55><STEAM_0:0:355901680><>" entered the game
L 07/25/2020 - 21:12:22: "Demba Ba || Gupto Googly<55><STEAM_0:0:355901680><>" joined team "CT"
L 07/25/2020 - 21:12:23: World triggered "Game_Commencing"
L 07/25/2020 - 21:12:23: World triggered "Game_Commencing" (CT "9") (T "6")
L 07/25/2020 - 21:12:23: World triggered "Round_End"
L 07/25/2020 - 21:12:26: "Iz 3r3 No 1 3lz || Escanor<54><STEAM_0:0:83230422><TERRORIST>" triggered "Spawned_With_The_Bomb"
L 07/25/2020 - 21:12:31: "Iz 3r3 No 1 3lz || Escanor<54><STEAM_0:0:83230422><TERRORIST>" triggered "Dropped_The_Bomb"
L 07/25/2020 - 21:12:33: [DPROTO]: Client 10 - Set AuthIdType 1 [dp_RevEmu]; pClient = 05694118
L 07/25/2020 - 21:12:33: "FunZ || malaikari<56><STEAM_0:0:353062145><>" connected, address "173.230.126.36:27005"
L 07/25/2020 - 21:12:36: [DPROTO]: Client 2 - Set AuthIdType 1 [Native]; pClient = 0566C058
L 07/25/2020 - 21:12:36: "Iz 3r3 No 1 3lz || Player<57><STEAM_0:0:209561119><>" connected, address "202.142.99.251:17499"
L 07/25/2020 - 21:12:37: "Iz 3r3 No 1 3lz || Player<57><STEAM_0:0:209561119><>" STEAM USERID validated
L 07/25/2020 - 21:12:37: [DPROTO]: Client 4 - Set AuthIdType 1 [Native]; pClient = 05676088
L 07/25/2020 - 21:12:37: "Demba Ba || Parabellum<58><STEAM_0:0:60684219><>" connected, address "137.132.214.4:27005"
L 07/25/2020 - 21:12:38: World triggered "Round_Start"
L 07/25/2020 - 21:12:38: "Demba Ba || Parabellum<58><STEAM_0:0:60684219><>" STEAM USERID validated
L 07/25/2020 - 21:12:41: [DPROTO]: Client 5 - Set AuthIdType 1 [dp_RevEmu]; pClient = 0567B0A0
L 07/25/2020 - 21:12:41: "Demba Ba || Professor<59><STEAM_0:0:493150978><>" connected, address "157.49.133.53:27005"
L 07/25/2020 - 21:12:42: "Iz 3r3 No 1 3lz || Player<57><STEAM_0:0:209561119><>" entered the game
L 07/25/2020 - 21:12:44: "FunZ || malaikari<56><STEAM_0:0:353062145><>" entered the game
L 07/25/2020 - 21:12:46: "Demba Ba || Parabellum<58><STEAM_0:0:60684219><>" entered the game
L 07/25/2020 - 21:12:49: "Demba Ba || Professor<59><STEAM_0:0:493150978><>" entered the game
L 07/25/2020 - 21:12:51: "Iz 3r3 No 1 3lz || Escanor<54><STEAM_0:0:83230422><TERRORIST>" killed "Demba Ba || Gupto Googly<55><STEAM_0:0:355901680><CT>" with "deagle"
L 07/25/2020 - 21:12:51: Team "TERRORIST" triggered "Terrorists_Win" (CT "0") (T "1")
L 07/25/2020 - 21:12:51: World triggered "Round_End"
L 07/25/2020 - 21:12:53: [DPROTO]: Client 13 - Set AuthIdType 1 [Native]; pClient = 056A3160
L 07/25/2020 - 21:12:53: "Iz 3r3 No 1 3lz || pRo_reVltN<60><STEAM_0:1:546352772><>" connected, address "182.70.109.51:27005"
L 07/25/2020 - 21:12:54: "Iz 3r3 No 1 3lz || Player<57><STEAM_0:0:209561119><>" joined team "TERRORIST"
L 07/25/2020 - 21:12:54: "Iz 3r3 No 1 3lz || pRo_reVltN<60><STEAM_0:1:546352772><>" STEAM USERID validated
L 07/25/2020 - 21:12:56: "Iz 3r3 No 1 3lz || Player<57><STEAM_0:0:209561119><TERRORIST>" triggered "Spawned_With_The_Bomb"
L 07/25/2020 - 21:12:57: "Demba Ba || Parabellum<58><STEAM_0:0:60684219><>" joined team "CT"
L 07/25/2020 - 21:12:58: "Iz 3r3 No 1 3lz || pRo_reVltN<60><STEAM_0:1:546352772><>" entered the game
L 07/25/2020 - 21:13:05: "Iz 3r3 No 1 3lz || pRo_reVltN<60><STEAM_0:1:546352772><>" joined team "TERRORIST"
L 07/25/2020 - 21:13:08: World triggered "Round_Start"
L 07/25/2020 - 21:13:11: "FunZ || malaikari<56><STEAM_0:0:353062145><>" joined team "CT"
L 07/25/2020 - 21:13:14: "FunZ || malaikari<56><STEAM_0:0:353062145><CT>" changed name to "Demba Ba || malaikari"
L 07/25/2020 - 21:13:19: "Iz 3r3 No 1 3lz || Player<57><STEAM_0:0:209561119><TERRORIST>" killed "Demba Ba || Parabellum<58><STEAM_0:0:60684219><CT>" with "glock18"
L 07/25/2020 - 21:13:21: "Demba Ba || Gupto Googly<55><STEAM_0:0:355901680><CT>" killed "Iz 3r3 No 1 3lz || Player<57><STEAM_0:0:209561119><TERRORIST>" with "deagle"
L 07/25/2020 - 21:13:21: "Iz 3r3 No 1 3lz || Player<57><STEAM_0:0:209561119><TERRORIST>" triggered "Dropped_The_Bomb"
L 07/25/2020 - 21:13:25: "Demba Ba || Professor<59><STEAM_0:0:493150978><>" joined team "CT"
L 07/25/2020 - 21:13:26: "Iz 3r3 No 1 3lz || Escanor<54><STEAM_0:0:83230422><TERRORIST>" triggered "Got_The_Bomb"
L 07/25/2020 - 21:13:26: [DPROTO]: Client 6 - Set AuthIdType 1 [dp_RevEmu]; pClient = 056800B8
L 07/25/2020 - 21:13:26: "Demba Ba || OmG<61><STEAM_0:0:1414580386><>" connected, address "103.217.243.236:27005"
L 07/25/2020 - 21:13:29: "Iz 3r3 No 1 3lz || Escanor<54><STEAM_0:0:83230422><TERRORIST>" killed "Demba Ba || Gupto Googly<55><STEAM_0:0:355901680><CT>" with "ak47"
L 07/25/2020 - 21:13:31: "Demba Ba || OmG<61><STEAM_0:0:1414580386><>" entered the game
L 07/25/2020 - 21:13:44: "Demba Ba || Professor<59><STEAM_0:0:493150978><CT>" killed "Iz 3r3 No 1 3lz || pRo_reVltN<60><STEAM_0:1:546352772><TERRORIST>" with "usp"
L 07/25/2020 - 21:13:46: "Iz 3r3 No 1 3lz || Escanor<54><STEAM_0:0:83230422><TERRORIST>" triggered "Planted_The_Bomb"
L 07/25/2020 - 21:13:54: "Demba Ba || Professor<59><STEAM_0:0:493150978><CT>" killed "Iz 3r3 No 1 3lz || Escanor<54><STEAM_0:0:83230422><TERRORIST>" with "usp"
L 07/25/2020 - 21:14:07: "Demba Ba || Professor<59><STEAM_0:0:493150978><CT>" triggered "Begin_Bomb_Defuse_Without_Kit"
L 07/25/2020 - 21:14:09: [DPROTO]: Client 7 - Set AuthIdType 1 [Native]; pClient = 056850D0
L 07/25/2020 - 21:14:09: "Demba Ba || sTuFu<62><STEAM_0:1:147341737><>" connected, address "106.51.109.107:24357"
L 07/25/2020 - 21:14:09: "Demba Ba || sTuFu<62><STEAM_0:1:147341737><>" STEAM USERID validated
L 07/25/2020 - 21:14:14: "Demba Ba || sTuFu<62><STEAM_0:1:147341737><>" entered the game
L 07/25/2020 - 21:14:17: "Demba Ba || Professor<59><STEAM_0:0:493150978><CT>" triggered "Defused_The_Bomb"
L 07/25/2020 - 21:14:17: Team "CT" triggered "Bomb_Defused" (CT "1") (T "1")
L 07/25/2020 - 21:14:17: World triggered "Round_End"
L 07/25/2020 - 21:14:22: "Iz 3r3 No 1 3lz || pRo_reVltN<60><STEAM_0:1:546352772><TERRORIST>" triggered "Spawned_With_The_Bomb"
L 07/25/2020 - 21:14:29: "Demba Ba || OmG<61><STEAM_0:0:1414580386><>" joined team "CT"
L 07/25/2020 - 21:14:30: Bad Rcon: "rcon 834668152 "Lauda" changelevel de_inferno" from "106.51.109.107:24357"
L 07/25/2020 - 21:14:31: "Iz 3r3 No 1 3lz || @cH!lL!eS<52><STEAM_0:0:1568553987><SPECTATOR>" joined team "TERRORIST"
L 07/25/2020 - 21:14:34: World triggered "Round_Start"
L 07/25/2020 - 21:14:34: Rcon: "rcon 834668152 "Lauda2" changelevel de_inferno" from "106.51.109.107:24357"
L 07/25/2020 - 21:14:34: [META] ini: Begin re-reading plugins list: g:/tcafiles/users/fkguxmko/7303/cstrike/addons/metamod/plugins.ini
L 07/25/2020 - 21:14:34: [META] ini: Read plugin config for: AMX Mod X
L 07/25/2020 - 21:14:34: [META] ini: Read plugin config for: dproto_EF
L 07/25/2020 - 21:14:34: [META] ini: Finished reading plugins list: g:/tcafiles/users/fkguxmko/7303/cstrike/addons/metamod/plugins.ini; Found 2 plugins
L 07/25/2020 - 21:14:34: [META] dll: Updating plugins...
L 07/25/2020 - 21:14:34: [META] dll: Finished updating 5 plugins; kept 2, loaded 0, unloaded 0, reloaded 0, delayed 0
L 07/25/2020 - 21:14:34: "Iz 3r3 No 1 3lz || Escanor<54><STEAM_0:0:83230422><TERRORIST>" disconnected
L 07/25/2020 - 21:14:34: "Demba Ba || Gupto Googly<55><STEAM_0:0:355901680><CT>" disconnected
L 07/25/2020 - 21:14:34: "Iz 3r3 No 1 3lz || Player<57><STEAM_0:0:209561119><TERRORIST>" disconnected
L 07/25/2020 - 21:14:34: "Iz 3r3 No 1 3lz || @cH!lL!eS<52><STEAM_0:0:1568553987><TERRORIST>" disconnected
L 07/25/2020 - 21:14:34: "Demba Ba || Parabellum<58><STEAM_0:0:60684219><CT>" disconnected
L 07/25/2020 - 21:14:34: "Demba Ba || Professor<59><STEAM_0:0:493150978><CT>" disconnected
L 07/25/2020 - 21:14:34: "Demba Ba || OmG<61><STEAM_0:0:1414580386><CT>" disconnected
L 07/25/2020 - 21:14:34: "Demba Ba || sTuFu<62><STEAM_0:1:147341737><>" disconnected
L 07/25/2020 - 21:14:34: "Demba Ba || malaikari<56><STEAM_0:0:353062145><CT>" disconnected
L 07/25/2020 - 21:14:34: "Iz 3r3 No 1 3lz || pRo_reVltN<60><STEAM_0:1:546352772><TERRORIST>" triggered "Dropped_The_Bomb"
L 07/25/2020 - 21:14:34: "Iz 3r3 No 1 3lz || pRo_reVltN<60><STEAM_0:1:546352772><TERRORIST>" disconnected
L 07/25/2020 - 21:14:34: World triggered "Round_Draw" (CT "1") (T "1")
L 07/25/2020 - 21:14:34: World triggered "Round_End"
L 07/25/2020 - 21:14:34: Log file closed
