L 07/11/2020 - 23:26:25: Log file started (file "logs\L0711030.log") (game "cstrike") (version "48/1.1.2.7/8308")
L 07/11/2020 - 23:26:25: Loading map "de_dust2"
L 07/11/2020 - 23:26:25: Server cvars start
L 07/11/2020 - 23:26:25: Server cvar "_tutor_bomb_viewable_check_interval" = "0.5"
L 07/11/2020 - 23:26:25: Server cvar "_tutor_debug_level" = "0"
L 07/11/2020 - 23:26:25: Server cvar "_tutor_examine_time" = "0.5"
L 07/11/2020 - 23:26:25: Server cvar "_tutor_hint_interval_time" = "10.0"
L 07/11/2020 - 23:26:25: Server cvar "_tutor_look_angle" = "10"
L 07/11/2020 - 23:26:25: Server cvar "_tutor_look_distance" = "200"
L 07/11/2020 - 23:26:25: Server cvar "_tutor_message_character_display_time_coefficient" = "0.07"
L 07/11/2020 - 23:26:25: Server cvar "_tutor_message_minimum_display_time" = "1"
L 07/11/2020 - 23:26:25: Server cvar "_tutor_message_repeats" = "5"
L 07/11/2020 - 23:26:25: Server cvar "_tutor_view_distance" = "1000"
L 07/11/2020 - 23:26:25: Server cvar "allow_spectators" = "1"
L 07/11/2020 - 23:26:25: Server cvar "amx_client_languages" = "1"
L 07/11/2020 - 23:26:25: Server cvar "amx_language" = "en"
L 07/11/2020 - 23:26:25: Server cvar "amx_nextmap" = "de_nuke"
L 07/11/2020 - 23:26:25: Server cvar "amx_timeleft" = "65529:06"
L 07/11/2020 - 23:26:25: Server cvar "amxmodx_version" = "1.8.2"
L 07/11/2020 - 23:26:25: Server cvar "coop" = "0"
L 07/11/2020 - 23:26:25: Server cvar "deathmatch" = "1"
L 07/11/2020 - 23:26:25: Server cvar "decalfrequency" = "60"
L 07/11/2020 - 23:26:25: Server cvar "dp_version" = "0.9.582"
L 07/11/2020 - 23:26:25: Server cvar "edgefriction" = "2"
L 07/11/2020 - 23:26:25: Server cvar "hostage_debug" = "0"
L 07/11/2020 - 23:26:25: Server cvar "hostage_stop" = "0"
L 07/11/2020 - 23:26:25: Server cvar "humans_join_team" = "any"
L 07/11/2020 - 23:26:25: Server cvar "max_queries_sec" = "3.0"
L 07/11/2020 - 23:26:25: Server cvar "max_queries_sec_global" = "30"
L 07/11/2020 - 23:26:25: Server cvar "max_queries_window" = "60"
L 07/11/2020 - 23:26:25: Server cvar "metamod_version" = "1.20"
L 07/11/2020 - 23:26:25: Server cvar "mp_allowmonsters" = "0"
L 07/11/2020 - 23:26:25: Server cvar "mp_autokick" = "0"
L 07/11/2020 - 23:26:25: Server cvar "mp_autokick_timeout" = "-1"
L 07/11/2020 - 23:26:25: Server cvar "mp_autoteambalance" = "0"
L 07/11/2020 - 23:26:25: Server cvar "mp_buytime" = "1.5"
L 07/11/2020 - 23:26:25: Server cvar "mp_c4timer" = "45"
L 07/11/2020 - 23:26:25: Server cvar "mp_chattime" = "0"
L 07/11/2020 - 23:26:25: Server cvar "mp_consistency" = "1"
L 07/11/2020 - 23:26:25: Server cvar "mp_fadetoblack" = "0"
L 07/11/2020 - 23:26:25: Server cvar "mp_flashlight" = "0"
L 07/11/2020 - 23:26:25: Server cvar "mp_footsteps" = "1"
L 07/11/2020 - 23:26:25: Server cvar "mp_forcecamera" = "0"
L 07/11/2020 - 23:26:25: Server cvar "mp_forcechasecam" = "2"
L 07/11/2020 - 23:26:25: Server cvar "mp_fragsleft" = "0"
L 07/11/2020 - 23:26:25: Server cvar "mp_freezetime" = "12"
L 07/11/2020 - 23:26:25: Server cvar "mp_friendlyfire" = "1"
L 07/11/2020 - 23:26:25: Server cvar "mp_ghostfrequency" = "0.1"
L 07/11/2020 - 23:26:25: Server cvar "mp_hostagepenalty" = "2"
L 07/11/2020 - 23:26:25: Server cvar "mp_infinite_ammo" = "0"
L 07/11/2020 - 23:26:25: Server cvar "mp_kickpercent" = "0.66"
L 07/11/2020 - 23:26:25: Server cvar "mp_limitteams" = "5"
L 07/11/2020 - 23:26:25: Server cvar "mp_logdetail" = "0"
L 07/11/2020 - 23:26:25: Server cvar "mp_logfile" = "1"
L 07/11/2020 - 23:26:25: Server cvar "mp_logmessages" = "1"
L 07/11/2020 - 23:26:25: Server cvar "mp_mapvoteratio" = "0.66"
L 07/11/2020 - 23:26:25: Server cvar "mp_maxrounds" = "0"
L 07/11/2020 - 23:26:25: Server cvar "mp_mirrordamage" = "0"
L 07/11/2020 - 23:26:25: Server cvar "mp_playerid" = "0"
L 07/11/2020 - 23:26:25: Server cvar "mp_roundtime" = "2"
L 07/11/2020 - 23:26:25: Server cvar "mp_scoreboard_showhealth" = "3"
L 07/11/2020 - 23:26:25: Server cvar "mp_scoreboard_showmoney" = "3"
L 07/11/2020 - 23:26:25: Server cvar "mp_startmoney" = "800"
L 07/11/2020 - 23:26:25: Server cvar "mp_timeleft" = "0"
L 07/11/2020 - 23:26:25: Server cvar "mp_timelimit" = "65535"
L 07/11/2020 - 23:26:25: Server cvar "mp_tkpunish" = "0"
L 07/11/2020 - 23:26:25: Server cvar "mp_windifference" = "1"
L 07/11/2020 - 23:26:25: Server cvar "mp_winlimit" = "0"
L 07/11/2020 - 23:26:25: Server cvar "pausable" = "0"
L 07/11/2020 - 23:26:25: Server cvar "sv_accelerate" = "5"
L 07/11/2020 - 23:26:25: Server cvar "sv_aim" = "0"
L 07/11/2020 - 23:26:25: Server cvar "sv_airaccelerate" = "10"
L 07/11/2020 - 23:26:25: Server cvar "sv_allowupload" = "1"
L 07/11/2020 - 23:26:25: Server cvar "sv_alltalk" = "0"
L 07/11/2020 - 23:26:25: Server cvar "sv_bounce" = "1"
L 07/11/2020 - 23:26:25: Server cvar "sv_cheats" = "0"
L 07/11/2020 - 23:26:25: Server cvar "sv_clienttrace" = "1"
L 07/11/2020 - 23:26:25: Server cvar "sv_contact" = "apoo12345@gmail.com"
L 07/11/2020 - 23:26:25: Server cvar "sv_friction" = "4"
L 07/11/2020 - 23:26:25: Server cvar "sv_gravity" = "800"
L 07/11/2020 - 23:26:25: Server cvar "sv_logblocks" = "0"
L 07/11/2020 - 23:26:25: Server cvar "sv_maxrate" = "20000"
L 07/11/2020 - 23:26:25: Server cvar "sv_maxspeed" = "900"
L 07/11/2020 - 23:26:25: Server cvar "sv_minrate" = "5000"
L 07/11/2020 - 23:26:25: Server cvar "sv_password" = "Lauda"
L 07/11/2020 - 23:26:25: Server cvar "sv_proxies" = "1"
L 07/11/2020 - 23:26:25: Server cvar "sv_restart" = "0"
L 07/11/2020 - 23:26:25: Server cvar "sv_restartround" = "0"
L 07/11/2020 - 23:26:25: Server cvar "sv_stepsize" = "18"
L 07/11/2020 - 23:26:25: Server cvar "sv_stopspeed" = "75"
L 07/11/2020 - 23:26:25: Server cvar "sv_uploadmax" = "0.5"
L 07/11/2020 - 23:26:25: Server cvar "sv_voiceenable" = "0"
L 07/11/2020 - 23:26:25: Server cvar "sv_wateraccelerate" = "10"
L 07/11/2020 - 23:26:25: Server cvar "sv_waterfriction" = "1"
L 07/11/2020 - 23:26:25: Server cvars end
L 07/11/2020 - 23:26:25: Server cvar "amx_nextmap" = "de_dust2"
L 07/11/2020 - 23:26:26: Started map "de_dust2" (CRC "1159425449")
L 07/11/2020 - 23:26:26: [DPROTO]: Client 4 - Set AuthIdType 1 [dp_RevEmu]; pClient = 0567A088
L 07/11/2020 - 23:26:26: "'U'Knighted || Gupto Googly<109><STEAM_0:0:355901680><>" connected, address "101.0.34.87:8095"
L 07/11/2020 - 23:26:29: "Normal E.T || StuFu<60><STEAM_0:1:147341737><>" entered the game
L 07/11/2020 - 23:26:29: "Baap ke Bharose || Sic Mundus<42><STEAM_0:1:66144441><>" entered the game
L 07/11/2020 - 23:26:30: "'U'Knighted || Achillies<108><STEAM_0:0:1663171942><>" entered the game
L 07/11/2020 - 23:26:31: "Normal E.T || 1729<105><STEAM_0:0:1921819853><>" entered the game
L 07/11/2020 - 23:26:32: "Baap ke Bharose || F5<104><VALVE_0:4:691809509><>" entered the game
L 07/11/2020 - 23:26:32: "'U'Knighted || Gupto Googly<109><STEAM_0:0:355901680><>" entered the game
L 07/11/2020 - 23:26:33: "'U'Knighted || Achillies<108><STEAM_0:0:1663171942><>" joined team "TERRORIST"
L 07/11/2020 - 23:26:33: "Baap ke Bharose || Sic Mundus<42><STEAM_0:1:66144441><>" disconnected
L 07/11/2020 - 23:26:33: World triggered "Round_Draw" (CT "0") (T "0")
L 07/11/2020 - 23:26:33: World triggered "Round_End"
L 07/11/2020 - 23:26:33: "'U'Knighted || U<107><STEAM_0:0:294118000><>" entered the game
L 07/11/2020 - 23:26:34: "'U'Knighted || HKB<106><STEAM_0:0:976377135><>" entered the game
L 07/11/2020 - 23:26:35: "Normal E.T || StuFu<60><STEAM_0:1:147341737><>" joined team "CT"
L 07/11/2020 - 23:26:35: World triggered "Game_Commencing"
L 07/11/2020 - 23:26:35: World triggered "Game_Commencing" (CT "0") (T "0")
L 07/11/2020 - 23:26:35: World triggered "Round_End"
L 07/11/2020 - 23:26:35: "Normal E.T || 1729<105><STEAM_0:0:1921819853><>" joined team "CT"
L 07/11/2020 - 23:26:36: "'U'Knighted || assassin<103><STEAM_0:0:1060612858><>" entered the game
L 07/11/2020 - 23:26:37: [DPROTO]: Client 6 - Set AuthIdType 1 [Native]; pClient = 056840B8
L 07/11/2020 - 23:26:37: "Normal E.T || Parabellum<110><STEAM_0:0:60684219><>" connected, address "137.132.216.28:27005"
L 07/11/2020 - 23:26:37: "Normal E.T || Parabellum<110><STEAM_0:0:60684219><>" STEAM USERID validated
L 07/11/2020 - 23:26:38: "'U'Knighted || U<107><STEAM_0:0:294118000><>" joined team "TERRORIST"
L 07/11/2020 - 23:26:38: "'U'Knighted || Achillies<108><STEAM_0:0:1663171942><TERRORIST>" triggered "Spawned_With_The_Bomb"
L 07/11/2020 - 23:26:39: "Baap ke Bharose || F5<104><VALVE_0:4:691809509><>" joined team "CT"
L 07/11/2020 - 23:26:39: "'U'Knighted || Gupto Googly<109><STEAM_0:0:355901680><>" joined team "TERRORIST"
L 07/11/2020 - 23:26:44: [DPROTO]: Client 17 - Set AuthIdType 1 [Native]; pClient = 056BB1C0
L 07/11/2020 - 23:26:44: "Normal E.T || Agent Felix<111><STEAM_0:1:539804210><>" connected, address "103.251.50.16:27005"
L 07/11/2020 - 23:26:45: "Normal E.T || Agent Felix<111><STEAM_0:1:539804210><>" STEAM USERID validated
L 07/11/2020 - 23:26:45: "Normal E.T || Parabellum<110><STEAM_0:0:60684219><>" entered the game
L 07/11/2020 - 23:26:46: "'U'Knighted || assassin<103><STEAM_0:0:1060612858><>" joined team "TERRORIST"
L 07/11/2020 - 23:26:48: "Normal E.T || Agent Felix<111><STEAM_0:1:539804210><>" entered the game
L 07/11/2020 - 23:26:50: World triggered "Round_Start"
L 07/11/2020 - 23:26:54: "Normal E.T || Agent Felix<111><STEAM_0:1:539804210><>" joined team "CT"
L 07/11/2020 - 23:26:55: "Normal E.T || Parabellum<110><STEAM_0:0:60684219><>" joined team "CT"
L 07/11/2020 - 23:26:55: "Baap ke Bharose || F5<104><VALVE_0:4:691809509><CT>" changed name to "Normal E. T || F5"
L 07/11/2020 - 23:26:57: "'U'Knighted || HKB<106><STEAM_0:0:976377135><>" joined team "TERRORIST"
L 07/11/2020 - 23:27:06: "Normal E. T || F5<104><VALVE_0:4:691809509><CT>" changed name to "Normal E.T || F5"
L 07/11/2020 - 23:27:08: "'U'Knighted || assassin<103><STEAM_0:0:1060612858><TERRORIST>" killed "Normal E.T || Agent Felix<111><STEAM_0:1:539804210><CT>" with "glock18"
L 07/11/2020 - 23:27:13: "'U'Knighted || Gupto Googly<109><STEAM_0:0:355901680><TERRORIST>" killed "Normal E.T || F5<104><VALVE_0:4:691809509><CT>" with "glock18"
L 07/11/2020 - 23:27:15: "Normal E.T || 1729<105><STEAM_0:0:1921819853><CT>" killed "'U'Knighted || assassin<103><STEAM_0:0:1060612858><TERRORIST>" with "usp"
L 07/11/2020 - 23:27:17: "'U'Knighted || Gupto Googly<109><STEAM_0:0:355901680><TERRORIST>" killed "Normal E.T || 1729<105><STEAM_0:0:1921819853><CT>" with "glock18"
L 07/11/2020 - 23:27:23: "'U'Knighted || Gupto Googly<109><STEAM_0:0:355901680><TERRORIST>" killed "Normal E.T || StuFu<60><STEAM_0:1:147341737><CT>" with "glock18"
L 07/11/2020 - 23:27:24: "Normal E.T || StuFu<60><STEAM_0:1:147341737><CT>" disconnected
L 07/11/2020 - 23:27:31: "Normal E.T || Parabellum<110><STEAM_0:0:60684219><CT>" killed "'U'Knighted || HKB<106><STEAM_0:0:976377135><TERRORIST>" with "usp"
L 07/11/2020 - 23:27:31: [DPROTO]: Client 2 - Set AuthIdType 1 [dp_RevEmu]; pClient = 05670058
L 07/11/2020 - 23:27:31: "'U'Knighted || Aga!N!<112><STEAM_0:0:810273828><>" connected, address "47.15.26.57:27005"
L 07/11/2020 - 23:27:33: "Normal E.T || Parabellum<110><STEAM_0:0:60684219><CT>" killed "'U'Knighted || Gupto Googly<109><STEAM_0:0:355901680><TERRORIST>" with "usp"
L 07/11/2020 - 23:27:37: [DPROTO]: Client 7 - Set AuthIdType 1 [Native]; pClient = 056890D0
L 07/11/2020 - 23:27:37: "Normal E.T || StuFu<113><STEAM_0:1:147341737><>" connected, address "106.51.30.169:30309"
L 07/11/2020 - 23:27:37: "Normal E.T || StuFu<113><STEAM_0:1:147341737><>" STEAM USERID validated
L 07/11/2020 - 23:27:39: "Normal E.T || StuFu<113><STEAM_0:1:147341737><>" entered the game
L 07/11/2020 - 23:27:47: "'U'Knighted || Aga!N!<112><STEAM_0:0:810273828><>" entered the game
L 07/11/2020 - 23:27:47: "Normal E.T || Parabellum<110><STEAM_0:0:60684219><CT>" killed "'U'Knighted || Achillies<108><STEAM_0:0:1663171942><TERRORIST>" with "usp"
L 07/11/2020 - 23:27:47: "'U'Knighted || Achillies<108><STEAM_0:0:1663171942><TERRORIST>" triggered "Dropped_The_Bomb"
L 07/11/2020 - 23:27:51: "Normal E.T || StuFu<113><STEAM_0:1:147341737><>" joined team "CT"
L 07/11/2020 - 23:27:54: "'U'Knighted || assassin<103><STEAM_0:0:1060612858><TERRORIST>" say "res" (dead)
L 07/11/2020 - 23:27:54: "'U'Knighted || Aga!N!<112><STEAM_0:0:810273828><>" joined team "TERRORIST"
L 07/11/2020 - 23:27:56: "'U'Knighted || U<107><STEAM_0:0:294118000><TERRORIST>" triggered "Got_The_Bomb"
L 07/11/2020 - 23:27:56: [DPROTO]: Client 8 - Set AuthIdType 4 [dproto]; pClient = 0568E0E8
L 07/11/2020 - 23:27:56: "BrutaLity || wolf<114><VALVE_0:4:1088121065><>" connected, address "106.51.234.40:1769"
L 07/11/2020 - 23:27:59: Rcon: "rcon 1933327595 "Lauda2" sv_restart 1" from "106.51.30.169:30309"
L 07/11/2020 - 23:27:59: Server cvar "sv_restart" = "1"
L 07/11/2020 - 23:28:00: World triggered "Restart_Round_(1_second)"
L 07/11/2020 - 23:28:00: Team "CT" scored "0" with "5" players
L 07/11/2020 - 23:28:00: Team "TERRORIST" scored "0" with "6" players
L 07/11/2020 - 23:28:00: Server cvar "sv_restart" = "0"
L 07/11/2020 - 23:28:01: "'U'Knighted || Aga!N!<112><STEAM_0:0:810273828><TERRORIST>" triggered "Spawned_With_The_Bomb"
L 07/11/2020 - 23:28:01: "BrutaLity || wolf<114><VALVE_0:4:1088121065><>" entered the game
L 07/11/2020 - 23:28:11: "BrutaLity || wolf<114><VALVE_0:4:1088121065><>" joined team "SPECTATOR"
L 07/11/2020 - 23:28:13: World triggered "Round_Start"
L 07/11/2020 - 23:28:25: "Normal E.T || StuFu<113><STEAM_0:1:147341737><CT>" disconnected
L 07/11/2020 - 23:28:29: "'U'Knighted || Aga!N!<112><STEAM_0:0:810273828><TERRORIST>" killed "Normal E.T || 1729<105><STEAM_0:0:1921819853><CT>" with "glock18"
L 07/11/2020 - 23:28:31: "'U'Knighted || assassin<103><STEAM_0:0:1060612858><TERRORIST>" killed "Normal E.T || Agent Felix<111><STEAM_0:1:539804210><CT>" with "glock18"
L 07/11/2020 - 23:28:32: [DPROTO]: Client 7 - Set AuthIdType 1 [dp_RevEmu]; pClient = 056890D0
L 07/11/2020 - 23:28:32: "Normal E.T || Mofo<115><STEAM_0:0:455086556><>" connected, address "218.212.170.198:27005"
L 07/11/2020 - 23:28:34: "Normal E.T || F5<104><VALVE_0:4:691809509><CT>" killed "'U'Knighted || HKB<106><STEAM_0:0:976377135><TERRORIST>" with "usp"
L 07/11/2020 - 23:28:34: "Normal E.T || F5<104><VALVE_0:4:691809509><CT>" killed "'U'Knighted || Achillies<108><STEAM_0:0:1663171942><TERRORIST>" with "usp"
L 07/11/2020 - 23:28:35: "'U'Knighted || U<107><STEAM_0:0:294118000><TERRORIST>" killed "Normal E.T || F5<104><VALVE_0:4:691809509><CT>" with "glock18"
L 07/11/2020 - 23:28:36: "Normal E.T || Mofo<115><STEAM_0:0:455086556><>" entered the game
L 07/11/2020 - 23:28:38: [DPROTO]: Client 9 - Set AuthIdType 1 [Native]; pClient = 05693100
L 07/11/2020 - 23:28:38: "Normal E.T || StuFu<116><STEAM_0:1:147341737><>" connected, address "106.51.30.169:30309"
L 07/11/2020 - 23:28:39: "Normal E.T || StuFu<116><STEAM_0:1:147341737><>" STEAM USERID validated
L 07/11/2020 - 23:28:41: "Normal E.T || StuFu<116><STEAM_0:1:147341737><>" entered the game
L 07/11/2020 - 23:28:46: "Normal E.T || StuFu<116><STEAM_0:1:147341737><>" joined team "CT"
L 07/11/2020 - 23:28:48: "Normal E.T || Parabellum<110><STEAM_0:0:60684219><CT>" killed "'U'Knighted || assassin<103><STEAM_0:0:1060612858><TERRORIST>" with "usp"
L 07/11/2020 - 23:28:57: "Normal E.T || Parabellum<110><STEAM_0:0:60684219><CT>" killed "'U'Knighted || Gupto Googly<109><STEAM_0:0:355901680><TERRORIST>" with "usp"
L 07/11/2020 - 23:29:02: "'U'Knighted || Aga!N!<112><STEAM_0:0:810273828><TERRORIST>" killed "Normal E.T || Parabellum<110><STEAM_0:0:60684219><CT>" with "glock18"
L 07/11/2020 - 23:29:02: Team "TERRORIST" triggered "Terrorists_Win" (CT "0") (T "1")
L 07/11/2020 - 23:29:02: World triggered "Round_End"
L 07/11/2020 - 23:29:07: "'U'Knighted || Achillies<108><STEAM_0:0:1663171942><TERRORIST>" triggered "Spawned_With_The_Bomb"
L 07/11/2020 - 23:29:10: "Normal E.T || Mofo<115><STEAM_0:0:455086556><>" joined team "CT"
L 07/11/2020 - 23:29:19: World triggered "Round_Start"
L 07/11/2020 - 23:29:30: [DPROTO]: Client 10 - Set AuthIdType 1 [dp_RevEmu]; pClient = 05698118
L 07/11/2020 - 23:29:30: "Hathoga Tyagi<117><STEAM_0:0:266700107><>" connected, address "1.186.226.238:57212"
L 07/11/2020 - 23:29:31: "Normal E.T || Parabellum<110><STEAM_0:0:60684219><CT>" killed "'U'Knighted || U<107><STEAM_0:0:294118000><TERRORIST>" with "usp"
L 07/11/2020 - 23:29:35: "Hathoga Tyagi<117><STEAM_0:0:266700107><>" entered the game
L 07/11/2020 - 23:29:36: "'U'Knighted || Aga!N!<112><STEAM_0:0:810273828><TERRORIST>" killed "Normal E.T || 1729<105><STEAM_0:0:1921819853><CT>" with "ak47"
L 07/11/2020 - 23:29:39: "Normal E.T || Parabellum<110><STEAM_0:0:60684219><CT>" killed "'U'Knighted || Aga!N!<112><STEAM_0:0:810273828><TERRORIST>" with "usp"
L 07/11/2020 - 23:29:40: "Hathoga Tyagi<117><STEAM_0:0:266700107><>" joined team "CT"
L 07/11/2020 - 23:29:45: "Normal E.T || Parabellum<110><STEAM_0:0:60684219><CT>" killed "'U'Knighted || HKB<106><STEAM_0:0:976377135><TERRORIST>" with "usp"
L 07/11/2020 - 23:29:47: "Hathoga Tyagi<117><STEAM_0:0:266700107><CT>" disconnected
L 07/11/2020 - 23:29:49: [DPROTO]: Client 10 - Set AuthIdType 1 [dp_RevEmu]; pClient = 05698118
L 07/11/2020 - 23:29:49: "Hathoga Tyagi<118><STEAM_0:0:266700107><>" connected, address "1.186.226.238:57212"
L 07/11/2020 - 23:29:51: "'U'Knighted || assassin<103><STEAM_0:0:1060612858><TERRORIST>" killed "Normal E.T || F5<104><VALVE_0:4:691809509><CT>" with "ak47"
L 07/11/2020 - 23:29:52: "Normal E.T || Agent Felix<111><STEAM_0:1:539804210><CT>" killed "'U'Knighted || assassin<103><STEAM_0:0:1060612858><TERRORIST>" with "usp"
L 07/11/2020 - 23:29:53: "Hathoga Tyagi<118><STEAM_0:0:266700107><>" entered the game
L 07/11/2020 - 23:29:58: "'U'Knighted || Achillies<108><STEAM_0:0:1663171942><TERRORIST>" killed "Normal E.T || Parabellum<110><STEAM_0:0:60684219><CT>" with "glock18"
L 07/11/2020 - 23:29:58: "Hathoga Tyagi<118><STEAM_0:0:266700107><>" joined team "SPECTATOR"
L 07/11/2020 - 23:30:11: "Normal E.T || StuFu<116><STEAM_0:1:147341737><CT>" killed "'U'Knighted || Achillies<108><STEAM_0:0:1663171942><TERRORIST>" with "mp5navy"
L 07/11/2020 - 23:30:11: "'U'Knighted || Achillies<108><STEAM_0:0:1663171942><TERRORIST>" triggered "Dropped_The_Bomb"
L 07/11/2020 - 23:30:20: "Normal E.T || 1729<105><STEAM_0:0:1921819853><CT>" say "ready?" (dead)
L 07/11/2020 - 23:30:20: "Normal E.T || Parabellum<110><STEAM_0:0:60684219><CT>" say "ready?" (dead)
L 07/11/2020 - 23:30:28: Bad Rcon: "rcon 1933327595 "" sv_restart 1" from "106.51.30.169:30309"
L 07/11/2020 - 23:30:28: "Hathoga Tyagi<118><STEAM_0:0:266700107><SPECTATOR>" say "ready toh shuru hok match"
L 07/11/2020 - 23:30:35: "'U'Knighted || Achillies<108><STEAM_0:0:1663171942><TERRORIST>" say "ready" (dead)
L 07/11/2020 - 23:30:36: Rcon: "rcon 1933327595 "Lauda2" sv_restart 1" from "106.51.30.169:30309"
L 07/11/2020 - 23:30:36: Server cvar "sv_restart" = "1"
L 07/11/2020 - 23:30:36: World triggered "Restart_Round_(1_second)"
L 07/11/2020 - 23:30:36: Team "CT" scored "0" with "6" players
L 07/11/2020 - 23:30:36: Team "TERRORIST" scored "1" with "6" players
L 07/11/2020 - 23:30:36: Server cvar "sv_restart" = "0"
L 07/11/2020 - 23:30:37: "'U'Knighted || Gupto Googly<109><STEAM_0:0:355901680><TERRORIST>" triggered "Spawned_With_The_Bomb"
L 07/11/2020 - 23:30:40: "Normal E.T || 1729<105><STEAM_0:0:1921819853><CT>" say "KL"
L 07/11/2020 - 23:30:42: "Normal E.T || Parabellum<110><STEAM_0:0:60684219><CT>" say "KL"
L 07/11/2020 - 23:30:46: Rcon: "rcon 1933327595 "Lauda2" sv_restart 1" from "106.51.30.169:30309"
L 07/11/2020 - 23:30:46: Server cvar "sv_restart" = "1"
L 07/11/2020 - 23:30:46: World triggered "Restart_Round_(1_second)"
L 07/11/2020 - 23:30:46: Team "CT" scored "0" with "6" players
L 07/11/2020 - 23:30:46: Team "TERRORIST" scored "0" with "6" players
L 07/11/2020 - 23:30:46: Server cvar "sv_restart" = "0"
L 07/11/2020 - 23:30:47: "'U'Knighted || HKB<106><STEAM_0:0:976377135><TERRORIST>" triggered "Spawned_With_The_Bomb"
L 07/11/2020 - 23:30:50: "Normal E.T || StuFu<116><STEAM_0:1:147341737><CT>" say "kl"
L 07/11/2020 - 23:30:50: "'U'Knighted || Aga!N!<112><STEAM_0:0:810273828><TERRORIST>" say_team "win win win!"
L 07/11/2020 - 23:30:54: "Normal E.T || Parabellum<110><STEAM_0:0:60684219><CT>" say "KL"
L 07/11/2020 - 23:30:56: "Normal E.T || Parabellum<110><STEAM_0:0:60684219><CT>" say "glhf"
L 07/11/2020 - 23:30:59: World triggered "Round_Start"
L 07/11/2020 - 23:31:03: "'U'Knighted || HKB<106><STEAM_0:0:976377135><TERRORIST>" triggered "Dropped_The_Bomb"
L 07/11/2020 - 23:31:07: "'U'Knighted || Aga!N!<112><STEAM_0:0:810273828><TERRORIST>" say_team "ni fear"
L 07/11/2020 - 23:31:08: "'U'Knighted || U<107><STEAM_0:0:294118000><TERRORIST>" say "glhf"
L 07/11/2020 - 23:31:09: "'U'Knighted || Aga!N!<112><STEAM_0:0:810273828><TERRORIST>" say_team "nio"
L 07/11/2020 - 23:31:16: "Normal E.T || StuFu<116><STEAM_0:1:147341737><CT>" killed "'U'Knighted || Gupto Googly<109><STEAM_0:0:355901680><TERRORIST>" with "knife"
L 07/11/2020 - 23:31:40: "Normal E.T || Agent Felix<111><STEAM_0:1:539804210><CT>" killed "'U'Knighted || Achillies<108><STEAM_0:0:1663171942><TERRORIST>" with "knife"
L 07/11/2020 - 23:31:44: "'U'Knighted || U<107><STEAM_0:0:294118000><TERRORIST>" killed "Normal E.T || 1729<105><STEAM_0:0:1921819853><CT>" with "knife"
L 07/11/2020 - 23:31:48: "Normal E.T || StuFu<116><STEAM_0:1:147341737><CT>" killed "'U'Knighted || U<107><STEAM_0:0:294118000><TERRORIST>" with "knife"
L 07/11/2020 - 23:31:49: "'U'Knighted || Aga!N!<112><STEAM_0:0:810273828><TERRORIST>" killed "Normal E.T || F5<104><VALVE_0:4:691809509><CT>" with "knife"
L 07/11/2020 - 23:31:55: "Normal E.T || Parabellum<110><STEAM_0:0:60684219><CT>" killed "'U'Knighted || HKB<106><STEAM_0:0:976377135><TERRORIST>" with "knife"
L 07/11/2020 - 23:31:55: "'U'Knighted || Aga!N!<112><STEAM_0:0:810273828><TERRORIST>" killed "Normal E.T || Parabellum<110><STEAM_0:0:60684219><CT>" with "knife"
L 07/11/2020 - 23:31:56: "Normal E.T || StuFu<116><STEAM_0:1:147341737><CT>" killed "'U'Knighted || Aga!N!<112><STEAM_0:0:810273828><TERRORIST>" with "knife"
L 07/11/2020 - 23:31:57: "Normal E.T || Mofo<115><STEAM_0:0:455086556><CT>" killed "'U'Knighted || assassin<103><STEAM_0:0:1060612858><TERRORIST>" with "knife"
L 07/11/2020 - 23:31:57: Team "CT" triggered "CTs_Win" (CT "1") (T "0")
L 07/11/2020 - 23:31:57: World triggered "Round_End"
L 07/11/2020 - 23:32:01: "BrutaLity || wolf<114><VALVE_0:4:1088121065><SPECTATOR>" disconnected
L 07/11/2020 - 23:32:02: "'U'Knighted || U<107><STEAM_0:0:294118000><TERRORIST>" triggered "Spawned_With_The_Bomb"
L 07/11/2020 - 23:32:04: "Normal E.T || StuFu<116><STEAM_0:1:147341737><CT>" committed suicide with "world"
L 07/11/2020 - 23:32:04: "Normal E.T || StuFu<116><STEAM_0:1:147341737><CT>" joined team "TERRORIST"
L 07/11/2020 - 23:32:04: "Normal E.T || Agent Felix<111><STEAM_0:1:539804210><CT>" committed suicide with "world"
L 07/11/2020 - 23:32:04: "Normal E.T || Agent Felix<111><STEAM_0:1:539804210><CT>" joined team "TERRORIST"
L 07/11/2020 - 23:32:04: "Normal E.T || 1729<105><STEAM_0:0:1921819853><CT>" committed suicide with "world"
L 07/11/2020 - 23:32:04: "Normal E.T || 1729<105><STEAM_0:0:1921819853><CT>" joined team "TERRORIST"
L 07/11/2020 - 23:32:06: Rcon: "rcon 1933327595 "Lauda2" sv_restart 1" from "106.51.30.169:30309"
L 07/11/2020 - 23:32:06: Server cvar "sv_restart" = "1"
L 07/11/2020 - 23:32:06: World triggered "Restart_Round_(1_second)"
L 07/11/2020 - 23:32:06: Team "CT" scored "1" with "3" players
L 07/11/2020 - 23:32:06: Team "TERRORIST" scored "0" with "9" players
L 07/11/2020 - 23:32:06: Server cvar "sv_restart" = "0"
L 07/11/2020 - 23:32:06: Rcon: "rcon 1933327595 "Lauda2" sv_restart 1" from "106.51.30.169:30309"
L 07/11/2020 - 23:32:06: Server cvar "sv_restart" = "1"
L 07/11/2020 - 23:32:06: Rcon: "rcon 1933327595 "Lauda2" sv_restart 1" from "106.51.30.169:30309"
L 07/11/2020 - 23:32:07: "'U'Knighted || Aga!N!<112><STEAM_0:0:810273828><TERRORIST>" committed suicide with "world"
L 07/11/2020 - 23:32:07: "'U'Knighted || Aga!N!<112><STEAM_0:0:810273828><TERRORIST>" joined team "CT"
L 07/11/2020 - 23:32:07: "'U'Knighted || U<107><STEAM_0:0:294118000><TERRORIST>" triggered "Spawned_With_The_Bomb"
L 07/11/2020 - 23:32:07: World triggered "Restart_Round_(1_second)"
L 07/11/2020 - 23:32:07: Team "CT" scored "0" with "4" players
L 07/11/2020 - 23:32:07: Team "TERRORIST" scored "0" with "8" players
L 07/11/2020 - 23:32:07: Server cvar "sv_restart" = "0"
L 07/11/2020 - 23:32:08: "Normal E.T || 1729<105><STEAM_0:0:1921819853><TERRORIST>" triggered "Spawned_With_The_Bomb"
L 07/11/2020 - 23:32:08: "'U'Knighted || HKB<106><STEAM_0:0:976377135><TERRORIST>" committed suicide with "world"
L 07/11/2020 - 23:32:08: "'U'Knighted || HKB<106><STEAM_0:0:976377135><TERRORIST>" joined team "CT"
L 07/11/2020 - 23:32:08: "Normal E.T || Mofo<115><STEAM_0:0:455086556><CT>" committed suicide with "world"
L 07/11/2020 - 23:32:08: "Normal E.T || Mofo<115><STEAM_0:0:455086556><CT>" joined team "TERRORIST"
L 07/11/2020 - 23:32:09: Rcon: "rcon 1933327595 "Lauda2" sv_restart 1" from "106.51.30.169:30309"
L 07/11/2020 - 23:32:09: Server cvar "sv_restart" = "1"
L 07/11/2020 - 23:32:09: "'U'Knighted || Gupto Googly<109><STEAM_0:0:355901680><TERRORIST>" committed suicide with "world"
L 07/11/2020 - 23:32:09: "'U'Knighted || Gupto Googly<109><STEAM_0:0:355901680><TERRORIST>" joined team "CT"
L 07/11/2020 - 23:32:09: "'U'Knighted || U<107><STEAM_0:0:294118000><TERRORIST>" committed suicide with "world"
L 07/11/2020 - 23:32:09: "'U'Knighted || U<107><STEAM_0:0:294118000><TERRORIST>" joined team "TERRORIST"
L 07/11/2020 - 23:32:09: Rcon: "rcon 1933327595 "Lauda2" sv_restart 1" from "106.51.30.169:30309"
L 07/11/2020 - 23:32:09: World triggered "Restart_Round_(1_second)"
L 07/11/2020 - 23:32:09: Team "CT" scored "0" with "5" players
L 07/11/2020 - 23:32:09: Team "TERRORIST" scored "0" with "7" players
L 07/11/2020 - 23:32:09: Server cvar "sv_restart" = "0"
L 07/11/2020 - 23:32:09: "Normal E.T || F5<104><VALVE_0:4:691809509><CT>" committed suicide with "world"
L 07/11/2020 - 23:32:09: "Normal E.T || F5<104><VALVE_0:4:691809509><CT>" joined team "TERRORIST"
L 07/11/2020 - 23:32:09: "'U'Knighted || assassin<103><STEAM_0:0:1060612858><TERRORIST>" committed suicide with "world"
L 07/11/2020 - 23:32:09: "'U'Knighted || assassin<103><STEAM_0:0:1060612858><TERRORIST>" joined team "CT"
L 07/11/2020 - 23:32:09: Rcon: "rcon 1933327595 "Lauda2" sv_restart 1" from "106.51.30.169:30309"
L 07/11/2020 - 23:32:09: Server cvar "sv_restart" = "1"
L 07/11/2020 - 23:32:10: "Normal E.T || 1729<105><STEAM_0:0:1921819853><TERRORIST>" triggered "Spawned_With_The_Bomb"
L 07/11/2020 - 23:32:10: World triggered "Restart_Round_(1_second)"
L 07/11/2020 - 23:32:10: Team "CT" scored "0" with "5" players
L 07/11/2020 - 23:32:10: Team "TERRORIST" scored "0" with "7" players
L 07/11/2020 - 23:32:10: Server cvar "sv_restart" = "0"
L 07/11/2020 - 23:32:11: "'U'Knighted || Achillies<108><STEAM_0:0:1663171942><TERRORIST>" triggered "Spawned_With_The_Bomb"
L 07/11/2020 - 23:32:14: "'U'Knighted || Achillies<108><STEAM_0:0:1663171942><TERRORIST>" committed suicide with "world"
L 07/11/2020 - 23:32:14: "'U'Knighted || Achillies<108><STEAM_0:0:1663171942><TERRORIST>" triggered "Dropped_The_Bomb"
L 07/11/2020 - 23:32:14: "'U'Knighted || Achillies<108><STEAM_0:0:1663171942><TERRORIST>" joined team "CT"
L 07/11/2020 - 23:32:14: "Normal E.T || Parabellum<110><STEAM_0:0:60684219><CT>" committed suicide with "world"
L 07/11/2020 - 23:32:14: "Normal E.T || Parabellum<110><STEAM_0:0:60684219><CT>" joined team "TERRORIST"
L 07/11/2020 - 23:32:14: Rcon: "rcon 1933327595 "Lauda2" sv_restart 1" from "106.51.30.169:30309"
L 07/11/2020 - 23:32:14: Server cvar "sv_restart" = "1"
L 07/11/2020 - 23:32:15: World triggered "Restart_Round_(1_second)"
L 07/11/2020 - 23:32:15: Team "CT" scored "0" with "5" players
L 07/11/2020 - 23:32:15: Team "TERRORIST" scored "0" with "7" players
L 07/11/2020 - 23:32:15: Server cvar "sv_restart" = "0"
L 07/11/2020 - 23:32:16: "'U'Knighted || U<107><STEAM_0:0:294118000><TERRORIST>" committed suicide with "world"
L 07/11/2020 - 23:32:16: "'U'Knighted || U<107><STEAM_0:0:294118000><TERRORIST>" joined team "CT"
L 07/11/2020 - 23:32:16: "Normal E.T || Parabellum<110><STEAM_0:0:60684219><TERRORIST>" triggered "Spawned_With_The_Bomb"
L 07/11/2020 - 23:32:22: "Normal E.T || 1729<105><STEAM_0:0:1921819853><TERRORIST>" say "ready?"
L 07/11/2020 - 23:32:25: "'U'Knighted || HKB<106><STEAM_0:0:976377135><CT>" say "na"
L 07/11/2020 - 23:32:26: "'U'Knighted || Gupto Googly<109><STEAM_0:0:355901680><CT>" say "na, 1 min"
L 07/11/2020 - 23:32:28: "'U'Knighted || assassin<103><STEAM_0:0:1060612858><CT>" say "na"
L 07/11/2020 - 23:32:28: World triggered "Round_Start"
L 07/11/2020 - 23:32:31: "Normal E.T || Parabellum<110><STEAM_0:0:60684219><TERRORIST>" say "call when ready"
L 07/11/2020 - 23:32:34: "'U'Knighted || Gupto Googly<109><STEAM_0:0:355901680><CT>" say "okk"
L 07/11/2020 - 23:32:47: "'U'Knighted || Gupto Googly<109><STEAM_0:0:355901680><CT>" say "ready"
L 07/11/2020 - 23:32:51: "'U'Knighted || Aga!N!<112><STEAM_0:0:810273828><CT>" killed "Normal E.T || Parabellum<110><STEAM_0:0:60684219><TERRORIST>" with "usp"
L 07/11/2020 - 23:32:51: "Normal E.T || Parabellum<110><STEAM_0:0:60684219><TERRORIST>" triggered "Dropped_The_Bomb"
L 07/11/2020 - 23:32:52: "Normal E.T || F5<104><VALVE_0:4:691809509><TERRORIST>" killed "'U'Knighted || HKB<106><STEAM_0:0:976377135><CT>" with "deagle"
L 07/11/2020 - 23:32:52: "'U'Knighted || assassin<103><STEAM_0:0:1060612858><CT>" killed "Normal E.T || Agent Felix<111><STEAM_0:1:539804210><TERRORIST>" with "usp"
L 07/11/2020 - 23:32:56: "Normal E.T || StuFu<116><STEAM_0:1:147341737><TERRORIST>" say "res live"
L 07/11/2020 - 23:32:56: "Normal E.T || F5<104><VALVE_0:4:691809509><TERRORIST>" killed "'U'Knighted || Achillies<108><STEAM_0:0:1663171942><CT>" with "deagle"
L 07/11/2020 - 23:32:56: "'U'Knighted || assassin<103><STEAM_0:0:1060612858><CT>" killed "Normal E.T || F5<104><VALVE_0:4:691809509><TERRORIST>" with "usp"
L 07/11/2020 - 23:32:58: Rcon: "rcon 1649549983 "Lauda2" say Khela shuru hok " from "1.186.226.238:57212"
L 07/11/2020 - 23:32:58: Server say "Khela shuru hok "
L 07/11/2020 - 23:32:58: Rcon: "rcon 1933327595 "Lauda2" sv_restart 5" from "106.51.30.169:30309"
L 07/11/2020 - 23:32:58: Server cvar "sv_restart" = "5"
L 07/11/2020 - 23:32:58: World triggered "Restart_Round_(5_seconds)"
L 07/11/2020 - 23:32:59: Team "CT" scored "0" with "6" players
L 07/11/2020 - 23:32:59: Team "TERRORIST" scored "0" with "6" players
L 07/11/2020 - 23:32:59: Server cvar "sv_restart" = "0"
L 07/11/2020 - 23:32:59: "Normal E.T || Mofo<115><STEAM_0:0:455086556><TERRORIST>" killed "'U'Knighted || assassin<103><STEAM_0:0:1060612858><CT>" with "glock18"
L 07/11/2020 - 23:33:00: "'U'Knighted || Gupto Googly<109><STEAM_0:0:355901680><CT>" killed "Normal E.T || Mofo<115><STEAM_0:0:455086556><TERRORIST>" with "usp"
L 07/11/2020 - 23:33:03: "Normal E.T || Mofo<115><STEAM_0:0:455086556><TERRORIST>" triggered "Spawned_With_The_Bomb"
L 07/11/2020 - 23:33:06: "Normal E.T || Parabellum<110><STEAM_0:0:60684219><TERRORIST>" say "ready?"
L 07/11/2020 - 23:33:07: "Normal E.T || 1729<105><STEAM_0:0:1921819853><TERRORIST>" say "LIVE"
L 07/11/2020 - 23:33:10: "'U'Knighted || Gupto Googly<109><STEAM_0:0:355901680><CT>" say "ready"
L 07/11/2020 - 23:33:11: "'U'Knighted || Achillies<108><STEAM_0:0:1663171942><CT>" say "live"
L 07/11/2020 - 23:33:12: "'U'Knighted || Aga!N!<112><STEAM_0:0:810273828><CT>" say_team "win win win!  no fear cs!"
L 07/11/2020 - 23:33:12: "Normal E.T || Parabellum<110><STEAM_0:0:60684219><TERRORIST>" say "live"
L 07/11/2020 - 23:33:16: World triggered "Round_Start"
L 07/11/2020 - 23:33:27: Rcon: "rcon 1649549983 "Lauda2" say Sobai ready ki?" from "1.186.226.238:57212"
L 07/11/2020 - 23:33:27: Server say "Sobai ready ki?"
L 07/11/2020 - 23:33:33: "'U'Knighted || Aga!N!<112><STEAM_0:0:810273828><CT>" killed "Normal E.T || 1729<105><STEAM_0:0:1921819853><TERRORIST>" with "usp"
L 07/11/2020 - 23:33:35: "'U'Knighted || Aga!N!<112><STEAM_0:0:810273828><CT>" killed "Normal E.T || F5<104><VALVE_0:4:691809509><TERRORIST>" with "usp"
L 07/11/2020 - 23:33:37: "Normal E.T || Mofo<115><STEAM_0:0:455086556><TERRORIST>" triggered "Planted_The_Bomb"
L 07/11/2020 - 23:33:47: "Normal E.T || Mofo<115><STEAM_0:0:455086556><TERRORIST>" killed "'U'Knighted || Gupto Googly<109><STEAM_0:0:355901680><CT>" with "glock18"
L 07/11/2020 - 23:33:50: "'U'Knighted || assassin<103><STEAM_0:0:1060612858><CT>" killed "Normal E.T || Parabellum<110><STEAM_0:0:60684219><TERRORIST>" with "usp"
L 07/11/2020 - 23:33:53: "Normal E.T || Agent Felix<111><STEAM_0:1:539804210><TERRORIST>" killed "'U'Knighted || U<107><STEAM_0:0:294118000><CT>" with "deagle"
L 07/11/2020 - 23:33:55: "'U'Knighted || HKB<106><STEAM_0:0:976377135><CT>" killed "Normal E.T || Agent Felix<111><STEAM_0:1:539804210><TERRORIST>" with "usp"
L 07/11/2020 - 23:33:57: "'U'Knighted || Aga!N!<112><STEAM_0:0:810273828><CT>" killed "Normal E.T || StuFu<116><STEAM_0:1:147341737><TERRORIST>" with "usp"
L 07/11/2020 - 23:34:00: "'U'Knighted || Achillies<108><STEAM_0:0:1663171942><CT>" killed "Normal E.T || Mofo<115><STEAM_0:0:455086556><TERRORIST>" with "usp"
L 07/11/2020 - 23:34:02: "'U'Knighted || assassin<103><STEAM_0:0:1060612858><CT>" triggered "Begin_Bomb_Defuse_Without_Kit"
L 07/11/2020 - 23:34:11: Rcon: "rcon 1649549983 "Lauda2" say game 4.1 starts" from "1.186.226.238:57212"
L 07/11/2020 - 23:34:11: Server say "game 4.1 starts"
L 07/11/2020 - 23:34:12: "'U'Knighted || assassin<103><STEAM_0:0:1060612858><CT>" triggered "Defused_The_Bomb"
L 07/11/2020 - 23:34:12: Team "CT" triggered "Bomb_Defused" (CT "1") (T "0")
L 07/11/2020 - 23:34:12: World triggered "Round_End"
L 07/11/2020 - 23:34:17: "Normal E.T || StuFu<116><STEAM_0:1:147341737><TERRORIST>" triggered "Spawned_With_The_Bomb"
L 07/11/2020 - 23:34:29: World triggered "Round_Start"
L 07/11/2020 - 23:34:46: "'U'Knighted || Aga!N!<112><STEAM_0:0:810273828><CT>" killed "Normal E.T || F5<104><VALVE_0:4:691809509><TERRORIST>" with "grenade"
L 07/11/2020 - 23:34:46: "'U'Knighted || Aga!N!<112><STEAM_0:0:810273828><CT>" killed "Normal E.T || Agent Felix<111><STEAM_0:1:539804210><TERRORIST>" with "grenade"
L 07/11/2020 - 23:34:47: "'U'Knighted || Aga!N!<112><STEAM_0:0:810273828><CT>" killed "Normal E.T || StuFu<116><STEAM_0:1:147341737><TERRORIST>" with "m4a1"
L 07/11/2020 - 23:34:47: "Normal E.T || StuFu<116><STEAM_0:1:147341737><TERRORIST>" triggered "Dropped_The_Bomb"
L 07/11/2020 - 23:34:48: "Normal E.T || Parabellum<110><STEAM_0:0:60684219><TERRORIST>" killed "'U'Knighted || Gupto Googly<109><STEAM_0:0:355901680><CT>" with "glock18"
L 07/11/2020 - 23:34:49: "'U'Knighted || U<107><STEAM_0:0:294118000><CT>" killed "Normal E.T || 1729<105><STEAM_0:0:1921819853><TERRORIST>" with "grenade"
L 07/11/2020 - 23:34:49: "'U'Knighted || U<107><STEAM_0:0:294118000><CT>" killed "Normal E.T || Parabellum<110><STEAM_0:0:60684219><TERRORIST>" with "mp5navy"
L 07/11/2020 - 23:34:53: "'U'Knighted || HKB<106><STEAM_0:0:976377135><CT>" killed "Normal E.T || Mofo<115><STEAM_0:0:455086556><TERRORIST>" with "grenade"
L 07/11/2020 - 23:34:53: Team "CT" triggered "CTs_Win" (CT "2") (T "0")
L 07/11/2020 - 23:34:53: World triggered "Round_End"
L 07/11/2020 - 23:34:58: "Normal E.T || Agent Felix<111><STEAM_0:1:539804210><TERRORIST>" triggered "Spawned_With_The_Bomb"
L 07/11/2020 - 23:35:10: World triggered "Round_Start"
L 07/11/2020 - 23:35:21: "Normal E.T || Agent Felix<111><STEAM_0:1:539804210><TERRORIST>" triggered "Dropped_The_Bomb"
L 07/11/2020 - 23:35:24: "Normal E.T || Mofo<115><STEAM_0:0:455086556><TERRORIST>" triggered "Got_The_Bomb"
L 07/11/2020 - 23:35:59: "Normal E.T || 1729<105><STEAM_0:0:1921819853><TERRORIST>" killed "'U'Knighted || assassin<103><STEAM_0:0:1060612858><CT>" with "ak47"
L 07/11/2020 - 23:36:00: "'U'Knighted || Gupto Googly<109><STEAM_0:0:355901680><CT>" killed "Normal E.T || StuFu<116><STEAM_0:1:147341737><TERRORIST>" with "famas"
L 07/11/2020 - 23:36:01: "Normal E.T || Mofo<115><STEAM_0:0:455086556><TERRORIST>" killed "'U'Knighted || U<107><STEAM_0:0:294118000><CT>" with "ak47"
L 07/11/2020 - 23:36:02: "Normal E.T || Mofo<115><STEAM_0:0:455086556><TERRORIST>" killed "'U'Knighted || HKB<106><STEAM_0:0:976377135><CT>" with "ak47"
L 07/11/2020 - 23:36:04: "Normal E.T || F5<104><VALVE_0:4:691809509><TERRORIST>" killed "'U'Knighted || Achillies<108><STEAM_0:0:1663171942><CT>" with "ak47"
L 07/11/2020 - 23:36:10: "Normal E.T || F5<104><VALVE_0:4:691809509><TERRORIST>" killed "'U'Knighted || Aga!N!<112><STEAM_0:0:810273828><CT>" with "ak47"
L 07/11/2020 - 23:36:12: "Normal E.T || Mofo<115><STEAM_0:0:455086556><TERRORIST>" triggered "Planted_The_Bomb"
L 07/11/2020 - 23:36:57: Team "TERRORIST" triggered "Target_Bombed" (CT "2") (T "1")
L 07/11/2020 - 23:36:57: World triggered "Round_End"
L 07/11/2020 - 23:36:58: "'U'Knighted || Gupto Googly<109><STEAM_0:0:355901680><CT>" killed "Normal E.T || Agent Felix<111><STEAM_0:1:539804210><TERRORIST>" with "ak47"
L 07/11/2020 - 23:37:02: "Normal E.T || 1729<105><STEAM_0:0:1921819853><TERRORIST>" triggered "Spawned_With_The_Bomb"
L 07/11/2020 - 23:37:10: "Normal E.T || 1729<105><STEAM_0:0:1921819853><TERRORIST>" triggered "Dropped_The_Bomb"
L 07/11/2020 - 23:37:14: World triggered "Round_Start"
L 07/11/2020 - 23:37:15: "Normal E.T || Agent Felix<111><STEAM_0:1:539804210><TERRORIST>" triggered "Got_The_Bomb"
L 07/11/2020 - 23:37:26: "'U'Knighted || Aga!N!<112><STEAM_0:0:810273828><CT>" killed "Normal E.T || 1729<105><STEAM_0:0:1921819853><TERRORIST>" with "famas"
L 07/11/2020 - 23:37:27: "'U'Knighted || U<107><STEAM_0:0:294118000><CT>" killed "Normal E.T || Parabellum<110><STEAM_0:0:60684219><TERRORIST>" with "m4a1"
L 07/11/2020 - 23:37:27: "Normal E.T || Mofo<115><STEAM_0:0:455086556><TERRORIST>" killed "'U'Knighted || Aga!N!<112><STEAM_0:0:810273828><CT>" with "ak47"
L 07/11/2020 - 23:37:31: "'U'Knighted || Gupto Googly<109><STEAM_0:0:355901680><CT>" killed "Normal E.T || F5<104><VALVE_0:4:691809509><TERRORIST>" with "ak47"
L 07/11/2020 - 23:37:36: "'U'Knighted || assassin<103><STEAM_0:0:1060612858><CT>" killed "Normal E.T || StuFu<116><STEAM_0:1:147341737><TERRORIST>" with "m4a1"
L 07/11/2020 - 23:37:37: "Normal E.T || Agent Felix<111><STEAM_0:1:539804210><TERRORIST>" killed "'U'Knighted || assassin<103><STEAM_0:0:1060612858><CT>" with "ak47"
L 07/11/2020 - 23:37:40: "'U'Knighted || U<107><STEAM_0:0:294118000><CT>" killed "Normal E.T || Mofo<115><STEAM_0:0:455086556><TERRORIST>" with "m4a1"
L 07/11/2020 - 23:37:44: "'U'Knighted || U<107><STEAM_0:0:294118000><CT>" killed "Normal E.T || Agent Felix<111><STEAM_0:1:539804210><TERRORIST>" with "m4a1"
L 07/11/2020 - 23:37:44: Team "CT" triggered "CTs_Win" (CT "3") (T "1")
L 07/11/2020 - 23:37:44: World triggered "Round_End"
L 07/11/2020 - 23:37:49: "Normal E.T || F5<104><VALVE_0:4:691809509><TERRORIST>" triggered "Spawned_With_The_Bomb"
L 07/11/2020 - 23:38:01: World triggered "Round_Start"
L 07/11/2020 - 23:38:29: "Normal E.T || 1729<105><STEAM_0:0:1921819853><TERRORIST>" killed "'U'Knighted || assassin<103><STEAM_0:0:1060612858><CT>" with "ak47"
L 07/11/2020 - 23:38:32: "'U'Knighted || HKB<106><STEAM_0:0:976377135><CT>" killed "Normal E.T || StuFu<116><STEAM_0:1:147341737><TERRORIST>" with "grenade"
L 07/11/2020 - 23:38:36: "Normal E.T || Parabellum<110><STEAM_0:0:60684219><TERRORIST>" killed "'U'Knighted || HKB<106><STEAM_0:0:976377135><CT>" with "ak47"
L 07/11/2020 - 23:38:45: "'U'Knighted || Aga!N!<112><STEAM_0:0:810273828><CT>" killed "Normal E.T || Parabellum<110><STEAM_0:0:60684219><TERRORIST>" with "m4a1"
L 07/11/2020 - 23:38:49: "'U'Knighted || Aga!N!<112><STEAM_0:0:810273828><CT>" killed "Normal E.T || 1729<105><STEAM_0:0:1921819853><TERRORIST>" with "m4a1"
L 07/11/2020 - 23:38:51: "'U'Knighted || U<107><STEAM_0:0:294118000><CT>" killed "Normal E.T || Mofo<115><STEAM_0:0:455086556><TERRORIST>" with "m4a1"
L 07/11/2020 - 23:38:52: "Normal E.T || F5<104><VALVE_0:4:691809509><TERRORIST>" triggered "Planted_The_Bomb"
L 07/11/2020 - 23:38:54: "Normal E.T || F5<104><VALVE_0:4:691809509><TERRORIST>" killed "'U'Knighted || Aga!N!<112><STEAM_0:0:810273828><CT>" with "ak47"
L 07/11/2020 - 23:39:03: "Normal E.T || Agent Felix<111><STEAM_0:1:539804210><TERRORIST>" killed "'U'Knighted || U<107><STEAM_0:0:294118000><CT>" with "mp5navy"
L 07/11/2020 - 23:39:07: "'U'Knighted || Achillies<108><STEAM_0:0:1663171942><CT>" killed "Normal E.T || F5<104><VALVE_0:4:691809509><TERRORIST>" with "m4a1"
L 07/11/2020 - 23:39:08: "Normal E.T || Agent Felix<111><STEAM_0:1:539804210><TERRORIST>" killed "'U'Knighted || Gupto Googly<109><STEAM_0:0:355901680><CT>" with "mp5navy"
L 07/11/2020 - 23:39:08: "'U'Knighted || Achillies<108><STEAM_0:0:1663171942><CT>" killed "Normal E.T || Agent Felix<111><STEAM_0:1:539804210><TERRORIST>" with "m4a1"
L 07/11/2020 - 23:39:11: "'U'Knighted || Achillies<108><STEAM_0:0:1663171942><CT>" triggered "Begin_Bomb_Defuse_Without_Kit"
L 07/11/2020 - 23:39:21: "'U'Knighted || Achillies<108><STEAM_0:0:1663171942><CT>" triggered "Defused_The_Bomb"
L 07/11/2020 - 23:39:21: Team "CT" triggered "Bomb_Defused" (CT "4") (T "1")
L 07/11/2020 - 23:39:21: World triggered "Round_End"
L 07/11/2020 - 23:39:26: "Normal E.T || Parabellum<110><STEAM_0:0:60684219><TERRORIST>" triggered "Spawned_With_The_Bomb"
L 07/11/2020 - 23:39:38: World triggered "Round_Start"
L 07/11/2020 - 23:39:40: "Normal E.T || Parabellum<110><STEAM_0:0:60684219><TERRORIST>" triggered "Dropped_The_Bomb"
L 07/11/2020 - 23:39:42: "Normal E.T || Mofo<115><STEAM_0:0:455086556><TERRORIST>" triggered "Got_The_Bomb"
L 07/11/2020 - 23:39:57: "Normal E.T || Agent Felix<111><STEAM_0:1:539804210><TERRORIST>" killed "'U'Knighted || Achillies<108><STEAM_0:0:1663171942><CT>" with "ak47"
L 07/11/2020 - 23:40:09: "'U'Knighted || Aga!N!<112><STEAM_0:0:810273828><CT>" killed "Normal E.T || Mofo<115><STEAM_0:0:455086556><TERRORIST>" with "m4a1"
L 07/11/2020 - 23:40:09: "Normal E.T || Mofo<115><STEAM_0:0:455086556><TERRORIST>" triggered "Dropped_The_Bomb"
L 07/11/2020 - 23:40:10: "Normal E.T || StuFu<116><STEAM_0:1:147341737><TERRORIST>" killed "'U'Knighted || Gupto Googly<109><STEAM_0:0:355901680><CT>" with "ak47"
L 07/11/2020 - 23:40:14: "'U'Knighted || assassin<103><STEAM_0:0:1060612858><CT>" killed "Normal E.T || F5<104><VALVE_0:4:691809509><TERRORIST>" with "m4a1"
L 07/11/2020 - 23:40:14: "Normal E.T || StuFu<116><STEAM_0:1:147341737><TERRORIST>" killed "'U'Knighted || assassin<103><STEAM_0:0:1060612858><CT>" with "ak47"
L 07/11/2020 - 23:40:20: "Normal E.T || Parabellum<110><STEAM_0:0:60684219><TERRORIST>" killed "'U'Knighted || Aga!N!<112><STEAM_0:0:810273828><CT>" with "ak47"
L 07/11/2020 - 23:40:24: "Normal E.T || StuFu<116><STEAM_0:1:147341737><TERRORIST>" triggered "Got_The_Bomb"
L 07/11/2020 - 23:40:32: "Normal E.T || 1729<105><STEAM_0:0:1921819853><TERRORIST>" killed "'U'Knighted || U<107><STEAM_0:0:294118000><CT>" with "awp"
L 07/11/2020 - 23:40:45: "Normal E.T || StuFu<116><STEAM_0:1:147341737><TERRORIST>" triggered "Planted_The_Bomb"
L 07/11/2020 - 23:41:31: Team "TERRORIST" triggered "Target_Bombed" (CT "4") (T "2")
L 07/11/2020 - 23:41:31: World triggered "Round_End"
L 07/11/2020 - 23:41:36: "Normal E.T || Mofo<115><STEAM_0:0:455086556><TERRORIST>" triggered "Spawned_With_The_Bomb"
L 07/11/2020 - 23:41:48: World triggered "Round_Start"
L 07/11/2020 - 23:42:21: "Normal E.T || Mofo<115><STEAM_0:0:455086556><TERRORIST>" triggered "Dropped_The_Bomb"
L 07/11/2020 - 23:42:22: "Normal E.T || Mofo<115><STEAM_0:0:455086556><TERRORIST>" triggered "Got_The_Bomb"
L 07/11/2020 - 23:42:27: "'U'Knighted || Aga!N!<112><STEAM_0:0:810273828><CT>" killed "Normal E.T || Mofo<115><STEAM_0:0:455086556><TERRORIST>" with "m4a1"
L 07/11/2020 - 23:42:27: "Normal E.T || Mofo<115><STEAM_0:0:455086556><TERRORIST>" triggered "Dropped_The_Bomb"
L 07/11/2020 - 23:42:32: "'U'Knighted || Aga!N!<112><STEAM_0:0:810273828><CT>" killed "Normal E.T || 1729<105><STEAM_0:0:1921819853><TERRORIST>" with "m4a1"
L 07/11/2020 - 23:42:32: "Normal E.T || Agent Felix<111><STEAM_0:1:539804210><TERRORIST>" killed "'U'Knighted || Aga!N!<112><STEAM_0:0:810273828><CT>" with "m4a1"
L 07/11/2020 - 23:42:37: "Normal E.T || Agent Felix<111><STEAM_0:1:539804210><TERRORIST>" triggered "Got_The_Bomb"
L 07/11/2020 - 23:42:47: "Normal E.T || F5<104><VALVE_0:4:691809509><TERRORIST>" killed "'U'Knighted || assassin<103><STEAM_0:0:1060612858><CT>" with "ak47"
L 07/11/2020 - 23:42:59: "'U'Knighted || HKB<106><STEAM_0:0:976377135><CT>" killed "Normal E.T || F5<104><VALVE_0:4:691809509><TERRORIST>" with "famas"
L 07/11/2020 - 23:43:05: "'U'Knighted || U<107><STEAM_0:0:294118000><CT>" killed "Normal E.T || Agent Felix<111><STEAM_0:1:539804210><TERRORIST>" with "m4a1"
L 07/11/2020 - 23:43:05: "Normal E.T || Agent Felix<111><STEAM_0:1:539804210><TERRORIST>" triggered "Dropped_The_Bomb"
L 07/11/2020 - 23:43:19: "'U'Knighted || HKB<106><STEAM_0:0:976377135><CT>" killed "Normal E.T || StuFu<116><STEAM_0:1:147341737><TERRORIST>" with "famas"
L 07/11/2020 - 23:43:25: "'U'Knighted || Achillies<108><STEAM_0:0:1663171942><CT>" killed "Normal E.T || Parabellum<110><STEAM_0:0:60684219><TERRORIST>" with "m4a1"
L 07/11/2020 - 23:43:25: Team "CT" triggered "CTs_Win" (CT "5") (T "2")
L 07/11/2020 - 23:43:25: World triggered "Round_End"
L 07/11/2020 - 23:43:30: "Normal E.T || StuFu<116><STEAM_0:1:147341737><TERRORIST>" triggered "Spawned_With_The_Bomb"
L 07/11/2020 - 23:43:42: World triggered "Round_Start"
L 07/11/2020 - 23:43:55: "'U'Knighted || Aga!N!<112><STEAM_0:0:810273828><CT>" killed "Normal E.T || Parabellum<110><STEAM_0:0:60684219><TERRORIST>" with "ak47"
L 07/11/2020 - 23:44:01: "'U'Knighted || Aga!N!<112><STEAM_0:0:810273828><CT>" killed "Normal E.T || Mofo<115><STEAM_0:0:455086556><TERRORIST>" with "ak47"
L 07/11/2020 - 23:44:02: "Normal E.T || StuFu<116><STEAM_0:1:147341737><TERRORIST>" killed "'U'Knighted || Aga!N!<112><STEAM_0:0:810273828><CT>" with "ak47"
L 07/11/2020 - 23:44:17: "'U'Knighted || Achillies<108><STEAM_0:0:1663171942><CT>" killed "Normal E.T || 1729<105><STEAM_0:0:1921819853><TERRORIST>" with "m4a1"
L 07/11/2020 - 23:44:18: "Normal E.T || Agent Felix<111><STEAM_0:1:539804210><TERRORIST>" killed "'U'Knighted || Achillies<108><STEAM_0:0:1663171942><CT>" with "ak47"
L 07/11/2020 - 23:44:19: "'U'Knighted || HKB<106><STEAM_0:0:976377135><CT>" killed "Normal E.T || Agent Felix<111><STEAM_0:1:539804210><TERRORIST>" with "ak47"
L 07/11/2020 - 23:44:24: "Normal E.T || F5<104><VALVE_0:4:691809509><TERRORIST>" killed "'U'Knighted || HKB<106><STEAM_0:0:976377135><CT>" with "deagle"
L 07/11/2020 - 23:44:27: "'U'Knighted || assassin<103><STEAM_0:0:1060612858><CT>" killed "Normal E.T || F5<104><VALVE_0:4:691809509><TERRORIST>" with "m4a1"
L 07/11/2020 - 23:44:53: "'U'Knighted || assassin<103><STEAM_0:0:1060612858><CT>" killed "Normal E.T || StuFu<116><STEAM_0:1:147341737><TERRORIST>" with "m4a1"
L 07/11/2020 - 23:44:53: Team "CT" triggered "CTs_Win" (CT "6") (T "2")
L 07/11/2020 - 23:44:53: World triggered "Round_End"
L 07/11/2020 - 23:44:58: "Normal E.T || Agent Felix<111><STEAM_0:1:539804210><TERRORIST>" triggered "Spawned_With_The_Bomb"
L 07/11/2020 - 23:45:10: World triggered "Round_Start"
L 07/11/2020 - 23:45:50: "'U'Knighted || assassin<103><STEAM_0:0:1060612858><CT>" killed "Normal E.T || 1729<105><STEAM_0:0:1921819853><TERRORIST>" with "m4a1"
L 07/11/2020 - 23:46:06: "Normal E.T || Agent Felix<111><STEAM_0:1:539804210><TERRORIST>" killed "'U'Knighted || U<107><STEAM_0:0:294118000><CT>" with "ak47"
L 07/11/2020 - 23:46:21: "'U'Knighted || Achillies<108><STEAM_0:0:1663171942><CT>" killed "Normal E.T || Agent Felix<111><STEAM_0:1:539804210><TERRORIST>" with "m4a1"
L 07/11/2020 - 23:46:21: "Normal E.T || Agent Felix<111><STEAM_0:1:539804210><TERRORIST>" triggered "Dropped_The_Bomb"
L 07/11/2020 - 23:46:23: "'U'Knighted || Achillies<108><STEAM_0:0:1663171942><CT>" killed "Normal E.T || StuFu<116><STEAM_0:1:147341737><TERRORIST>" with "m4a1"
L 07/11/2020 - 23:46:25: "'U'Knighted || Gupto Googly<109><STEAM_0:0:355901680><CT>" killed "Normal E.T || Parabellum<110><STEAM_0:0:60684219><TERRORIST>" with "m4a1"
L 07/11/2020 - 23:46:30: "'U'Knighted || assassin<103><STEAM_0:0:1060612858><CT>" killed "Normal E.T || Mofo<115><STEAM_0:0:455086556><TERRORIST>" with "grenade"
L 07/11/2020 - 23:46:30: "'U'Knighted || Gupto Googly<109><STEAM_0:0:355901680><CT>" killed "Normal E.T || F5<104><VALVE_0:4:691809509><TERRORIST>" with "m4a1"
L 07/11/2020 - 23:46:30: Team "CT" triggered "CTs_Win" (CT "7") (T "2")
L 07/11/2020 - 23:46:30: World triggered "Round_End"
L 07/11/2020 - 23:46:35: "Normal E.T || 1729<105><STEAM_0:0:1921819853><TERRORIST>" triggered "Spawned_With_The_Bomb"
L 07/11/2020 - 23:46:47: World triggered "Round_Start"
L 07/11/2020 - 23:46:59: "'U'Knighted || Aga!N!<112><STEAM_0:0:810273828><CT>" killed "Normal E.T || Agent Felix<111><STEAM_0:1:539804210><TERRORIST>" with "m4a1"
L 07/11/2020 - 23:47:00: "Normal E.T || Mofo<115><STEAM_0:0:455086556><TERRORIST>" killed "'U'Knighted || Aga!N!<112><STEAM_0:0:810273828><CT>" with "glock18"
L 07/11/2020 - 23:47:06: "'U'Knighted || U<107><STEAM_0:0:294118000><CT>" killed "Normal E.T || StuFu<116><STEAM_0:1:147341737><TERRORIST>" with "grenade"
L 07/11/2020 - 23:47:12: "'U'Knighted || assassin<103><STEAM_0:0:1060612858><CT>" killed "Normal E.T || Mofo<115><STEAM_0:0:455086556><TERRORIST>" with "m4a1"
L 07/11/2020 - 23:47:13: "Normal E.T || F5<104><VALVE_0:4:691809509><TERRORIST>" killed "'U'Knighted || assassin<103><STEAM_0:0:1060612858><CT>" with "glock18"
L 07/11/2020 - 23:47:14: "'U'Knighted || Achillies<108><STEAM_0:0:1663171942><CT>" killed "Normal E.T || Parabellum<110><STEAM_0:0:60684219><TERRORIST>" with "m4a1"
L 07/11/2020 - 23:47:14: "'U'Knighted || Achillies<108><STEAM_0:0:1663171942><CT>" killed "Normal E.T || F5<104><VALVE_0:4:691809509><TERRORIST>" with "m4a1"
L 07/11/2020 - 23:47:18: "Normal E.T || 1729<105><STEAM_0:0:1921819853><TERRORIST>" killed "'U'Knighted || Achillies<108><STEAM_0:0:1663171942><CT>" with "m4a1"
L 07/11/2020 - 23:47:31: "'U'Knighted || U<107><STEAM_0:0:294118000><CT>" killed "Normal E.T || 1729<105><STEAM_0:0:1921819853><TERRORIST>" with "m4a1"
L 07/11/2020 - 23:47:31: Team "CT" triggered "CTs_Win" (CT "8") (T "2")
L 07/11/2020 - 23:47:31: World triggered "Round_End"
L 07/11/2020 - 23:47:36: "Normal E.T || F5<104><VALVE_0:4:691809509><TERRORIST>" triggered "Spawned_With_The_Bomb"
L 07/11/2020 - 23:47:48: World triggered "Round_Start"
L 07/11/2020 - 23:48:38: "Normal E.T || Mofo<115><STEAM_0:0:455086556><TERRORIST>" killed "'U'Knighted || Aga!N!<112><STEAM_0:0:810273828><CT>" with "ak47"
L 07/11/2020 - 23:48:50: "Normal E.T || F5<104><VALVE_0:4:691809509><TERRORIST>" triggered "Planted_The_Bomb"
L 07/11/2020 - 23:48:52: "'U'Knighted || assassin<103><STEAM_0:0:1060612858><CT>" killed "Normal E.T || StuFu<116><STEAM_0:1:147341737><TERRORIST>" with "m4a1"
L 07/11/2020 - 23:48:57: "'U'Knighted || U<107><STEAM_0:0:294118000><CT>" killed "Normal E.T || Mofo<115><STEAM_0:0:455086556><TERRORIST>" with "m4a1"
L 07/11/2020 - 23:48:58: "'U'Knighted || U<107><STEAM_0:0:294118000><CT>" killed "Normal E.T || Parabellum<110><STEAM_0:0:60684219><TERRORIST>" with "m4a1"
L 07/11/2020 - 23:48:59: "'U'Knighted || HKB<106><STEAM_0:0:976377135><CT>" killed "Normal E.T || F5<104><VALVE_0:4:691809509><TERRORIST>" with "ak47"
L 07/11/2020 - 23:48:59: "Normal E.T || Agent Felix<111><STEAM_0:1:539804210><TERRORIST>" killed "'U'Knighted || U<107><STEAM_0:0:294118000><CT>" with "ak47"
L 07/11/2020 - 23:49:07: "'U'Knighted || HKB<106><STEAM_0:0:976377135><CT>" killed "Normal E.T || Agent Felix<111><STEAM_0:1:539804210><TERRORIST>" with "ak47"
L 07/11/2020 - 23:49:07: "'U'Knighted || Achillies<108><STEAM_0:0:1663171942><CT>" killed "Normal E.T || 1729<105><STEAM_0:0:1921819853><TERRORIST>" with "m4a1"
L 07/11/2020 - 23:49:08: "'U'Knighted || assassin<103><STEAM_0:0:1060612858><CT>" triggered "Begin_Bomb_Defuse_Without_Kit"
L 07/11/2020 - 23:49:18: "'U'Knighted || assassin<103><STEAM_0:0:1060612858><CT>" triggered "Defused_The_Bomb"
L 07/11/2020 - 23:49:18: Team "CT" triggered "Bomb_Defused" (CT "9") (T "2")
L 07/11/2020 - 23:49:18: World triggered "Round_End"
L 07/11/2020 - 23:49:23: "Normal E.T || Parabellum<110><STEAM_0:0:60684219><TERRORIST>" triggered "Spawned_With_The_Bomb"
L 07/11/2020 - 23:49:27: "Normal E.T || Parabellum<110><STEAM_0:0:60684219><TERRORIST>" triggered "Dropped_The_Bomb"
L 07/11/2020 - 23:49:35: World triggered "Round_Start"
L 07/11/2020 - 23:49:36: "Normal E.T || Mofo<115><STEAM_0:0:455086556><TERRORIST>" triggered "Got_The_Bomb"
L 07/11/2020 - 23:49:54: "'U'Knighted || Gupto Googly<109><STEAM_0:0:355901680><CT>" killed "Normal E.T || Mofo<115><STEAM_0:0:455086556><TERRORIST>" with "m4a1"
L 07/11/2020 - 23:49:54: "Normal E.T || Mofo<115><STEAM_0:0:455086556><TERRORIST>" triggered "Dropped_The_Bomb"
L 07/11/2020 - 23:49:59: "Normal E.T || StuFu<116><STEAM_0:1:147341737><TERRORIST>" killed "'U'Knighted || assassin<103><STEAM_0:0:1060612858><CT>" with "ak47"
L 07/11/2020 - 23:50:00: "'U'Knighted || U<107><STEAM_0:0:294118000><CT>" killed "Normal E.T || F5<104><VALVE_0:4:691809509><TERRORIST>" with "m4a1"
L 07/11/2020 - 23:50:01: "Normal E.T || Agent Felix<111><STEAM_0:1:539804210><TERRORIST>" killed "'U'Knighted || Gupto Googly<109><STEAM_0:0:355901680><CT>" with "ak47"
L 07/11/2020 - 23:50:06: "Normal E.T || Agent Felix<111><STEAM_0:1:539804210><TERRORIST>" killed "'U'Knighted || U<107><STEAM_0:0:294118000><CT>" with "ak47"
L 07/11/2020 - 23:50:06: "Normal E.T || Parabellum<110><STEAM_0:0:60684219><TERRORIST>" killed "Normal E.T || Agent Felix<111><STEAM_0:1:539804210><TERRORIST>" with "ak47"
L 07/11/2020 - 23:50:10: "'U'Knighted || HKB<106><STEAM_0:0:976377135><CT>" killed "Normal E.T || StuFu<116><STEAM_0:1:147341737><TERRORIST>" with "m4a1"
L 07/11/2020 - 23:50:11: "Normal E.T || Parabellum<110><STEAM_0:0:60684219><TERRORIST>" killed "'U'Knighted || Aga!N!<112><STEAM_0:0:810273828><CT>" with "ak47"
L 07/11/2020 - 23:50:14: "'U'Knighted || Achillies<108><STEAM_0:0:1663171942><CT>" killed "Normal E.T || 1729<105><STEAM_0:0:1921819853><TERRORIST>" with "m4a1"
L 07/11/2020 - 23:50:14: "Normal E.T || Parabellum<110><STEAM_0:0:60684219><TERRORIST>" triggered "Got_The_Bomb"
L 07/11/2020 - 23:50:23: "Normal E.T || Parabellum<110><STEAM_0:0:60684219><TERRORIST>" killed "'U'Knighted || HKB<106><STEAM_0:0:976377135><CT>" with "ak47"
L 07/11/2020 - 23:50:30: "Normal E.T || Parabellum<110><STEAM_0:0:60684219><TERRORIST>" triggered "Planted_The_Bomb"
L 07/11/2020 - 23:50:40: "'U'Knighted || Achillies<108><STEAM_0:0:1663171942><CT>" killed "Normal E.T || Parabellum<110><STEAM_0:0:60684219><TERRORIST>" with "m4a1"
L 07/11/2020 - 23:50:47: "'U'Knighted || Achillies<108><STEAM_0:0:1663171942><CT>" triggered "Begin_Bomb_Defuse_With_Kit"
L 07/11/2020 - 23:50:52: "'U'Knighted || Achillies<108><STEAM_0:0:1663171942><CT>" triggered "Defused_The_Bomb"
L 07/11/2020 - 23:50:52: Team "CT" triggered "Bomb_Defused" (CT "10") (T "2")
L 07/11/2020 - 23:50:52: World triggered "Round_End"
L 07/11/2020 - 23:50:57: "Normal E.T || Mofo<115><STEAM_0:0:455086556><TERRORIST>" triggered "Spawned_With_The_Bomb"
L 07/11/2020 - 23:51:09: World triggered "Round_Start"
L 07/11/2020 - 23:51:20: "'U'Knighted || Aga!N!<112><STEAM_0:0:810273828><CT>" killed "Normal E.T || StuFu<116><STEAM_0:1:147341737><TERRORIST>" with "m4a1"
L 07/11/2020 - 23:51:20: "'U'Knighted || Aga!N!<112><STEAM_0:0:810273828><CT>" killed "Normal E.T || 1729<105><STEAM_0:0:1921819853><TERRORIST>" with "m4a1"
L 07/11/2020 - 23:51:22: "'U'Knighted || Aga!N!<112><STEAM_0:0:810273828><CT>" killed "Normal E.T || F5<104><VALVE_0:4:691809509><TERRORIST>" with "m4a1"
L 07/11/2020 - 23:51:24: "Normal E.T || Agent Felix<111><STEAM_0:1:539804210><TERRORIST>" killed "'U'Knighted || Aga!N!<112><STEAM_0:0:810273828><CT>" with "ak47"
L 07/11/2020 - 23:51:33: "'U'Knighted || HKB<106><STEAM_0:0:976377135><CT>" killed "Normal E.T || Mofo<115><STEAM_0:0:455086556><TERRORIST>" with "grenade"
L 07/11/2020 - 23:51:33: "Normal E.T || Mofo<115><STEAM_0:0:455086556><TERRORIST>" triggered "Dropped_The_Bomb"
L 07/11/2020 - 23:51:35: "Normal E.T || Agent Felix<111><STEAM_0:1:539804210><TERRORIST>" triggered "Got_The_Bomb"
L 07/11/2020 - 23:51:40: "'U'Knighted || assassin<103><STEAM_0:0:1060612858><CT>" killed "Normal E.T || Agent Felix<111><STEAM_0:1:539804210><TERRORIST>" with "m4a1"
L 07/11/2020 - 23:51:40: "Normal E.T || Agent Felix<111><STEAM_0:1:539804210><TERRORIST>" triggered "Dropped_The_Bomb"
L 07/11/2020 - 23:51:43: "Normal E.T || Parabellum<110><STEAM_0:0:60684219><TERRORIST>" killed "'U'Knighted || assassin<103><STEAM_0:0:1060612858><CT>" with "ak47"
L 07/11/2020 - 23:51:54: "'U'Knighted || Gupto Googly<109><STEAM_0:0:355901680><CT>" killed "Normal E.T || Parabellum<110><STEAM_0:0:60684219><TERRORIST>" with "m4a1"
L 07/11/2020 - 23:51:54: Team "CT" triggered "CTs_Win" (CT "11") (T "2")
L 07/11/2020 - 23:51:54: World triggered "Round_End"
L 07/11/2020 - 23:51:59: "Normal E.T || StuFu<116><STEAM_0:1:147341737><TERRORIST>" triggered "Spawned_With_The_Bomb"
L 07/11/2020 - 23:52:11: World triggered "Round_Start"
L 07/11/2020 - 23:52:40: "Normal E.T || Parabellum<110><STEAM_0:0:60684219><TERRORIST>" killed "'U'Knighted || Aga!N!<112><STEAM_0:0:810273828><CT>" with "glock18"
L 07/11/2020 - 23:52:44: "'U'Knighted || Achillies<108><STEAM_0:0:1663171942><CT>" killed "Normal E.T || 1729<105><STEAM_0:0:1921819853><TERRORIST>" with "m4a1"
L 07/11/2020 - 23:52:45: "Normal E.T || Agent Felix<111><STEAM_0:1:539804210><TERRORIST>" killed "'U'Knighted || Achillies<108><STEAM_0:0:1663171942><CT>" with "ak47"
L 07/11/2020 - 23:52:46: "Normal E.T || Mofo<115><STEAM_0:0:455086556><TERRORIST>" killed "'U'Knighted || assassin<103><STEAM_0:0:1060612858><CT>" with "ak47"
L 07/11/2020 - 23:52:49: "'U'Knighted || HKB<106><STEAM_0:0:976377135><CT>" killed "Normal E.T || Parabellum<110><STEAM_0:0:60684219><TERRORIST>" with "grenade"
L 07/11/2020 - 23:52:49: "'U'Knighted || HKB<106><STEAM_0:0:976377135><CT>" killed "Normal E.T || Mofo<115><STEAM_0:0:455086556><TERRORIST>" with "m4a1"
L 07/11/2020 - 23:52:51: "Normal E.T || Agent Felix<111><STEAM_0:1:539804210><TERRORIST>" killed "'U'Knighted || HKB<106><STEAM_0:0:976377135><CT>" with "ak47"
L 07/11/2020 - 23:52:54: "'U'Knighted || U<107><STEAM_0:0:294118000><CT>" killed "Normal E.T || StuFu<116><STEAM_0:1:147341737><TERRORIST>" with "usp"
L 07/11/2020 - 23:52:54: "Normal E.T || StuFu<116><STEAM_0:1:147341737><TERRORIST>" triggered "Dropped_The_Bomb"
L 07/11/2020 - 23:52:55: "Normal E.T || F5<104><VALVE_0:4:691809509><TERRORIST>" triggered "Got_The_Bomb"
L 07/11/2020 - 23:52:56: "Normal E.T || F5<104><VALVE_0:4:691809509><TERRORIST>" killed "'U'Knighted || U<107><STEAM_0:0:294118000><CT>" with "ak47"
L 07/11/2020 - 23:53:05: "Normal E.T || F5<104><VALVE_0:4:691809509><TERRORIST>" triggered "Planted_The_Bomb"
L 07/11/2020 - 23:53:07: "Normal E.T || F5<104><VALVE_0:4:691809509><TERRORIST>" killed "'U'Knighted || Gupto Googly<109><STEAM_0:0:355901680><CT>" with "ak47"
L 07/11/2020 - 23:53:07: Team "TERRORIST" triggered "Terrorists_Win" (CT "11") (T "3")
L 07/11/2020 - 23:53:07: World triggered "Round_End"
L 07/11/2020 - 23:53:12: "Normal E.T || Agent Felix<111><STEAM_0:1:539804210><TERRORIST>" triggered "Spawned_With_The_Bomb"
L 07/11/2020 - 23:53:24: World triggered "Round_Start"
L 07/11/2020 - 23:53:52: "'U'Knighted || Achillies<108><STEAM_0:0:1663171942><CT>" killed "Normal E.T || Agent Felix<111><STEAM_0:1:539804210><TERRORIST>" with "m4a1"
L 07/11/2020 - 23:53:52: "Normal E.T || Agent Felix<111><STEAM_0:1:539804210><TERRORIST>" triggered "Dropped_The_Bomb"
L 07/11/2020 - 23:53:52: "'U'Knighted || Achillies<108><STEAM_0:0:1663171942><CT>" killed "Normal E.T || 1729<105><STEAM_0:0:1921819853><TERRORIST>" with "m4a1"
L 07/11/2020 - 23:53:53: "Normal E.T || Parabellum<110><STEAM_0:0:60684219><TERRORIST>" killed "'U'Knighted || Achillies<108><STEAM_0:0:1663171942><CT>" with "ak47"
L 07/11/2020 - 23:53:55: "'U'Knighted || Aga!N!<112><STEAM_0:0:810273828><CT>" killed "Normal E.T || Parabellum<110><STEAM_0:0:60684219><TERRORIST>" with "m4a1"
L 07/11/2020 - 23:53:57: "Normal E.T || Mofo<115><STEAM_0:0:455086556><TERRORIST>" killed "'U'Knighted || assassin<103><STEAM_0:0:1060612858><CT>" with "ak47"
L 07/11/2020 - 23:53:58: "'U'Knighted || Aga!N!<112><STEAM_0:0:810273828><CT>" killed "Normal E.T || F5<104><VALVE_0:4:691809509><TERRORIST>" with "usp"
L 07/11/2020 - 23:54:09: "'U'Knighted || Gupto Googly<109><STEAM_0:0:355901680><CT>" killed "Normal E.T || Mofo<115><STEAM_0:0:455086556><TERRORIST>" with "m4a1"
L 07/11/2020 - 23:54:11: "'U'Knighted || Gupto Googly<109><STEAM_0:0:355901680><CT>" killed "Normal E.T || StuFu<116><STEAM_0:1:147341737><TERRORIST>" with "m4a1"
L 07/11/2020 - 23:54:11: Team "CT" triggered "CTs_Win" (CT "12") (T "3")
L 07/11/2020 - 23:54:11: World triggered "Round_End"
L 07/11/2020 - 23:54:16: "Normal E.T || 1729<105><STEAM_0:0:1921819853><TERRORIST>" triggered "Spawned_With_The_Bomb"
L 07/11/2020 - 23:54:18: "'U'Knighted || HKB<106><STEAM_0:0:976377135><CT>" committed suicide with "world"
L 07/11/2020 - 23:54:18: "'U'Knighted || HKB<106><STEAM_0:0:976377135><CT>" joined team "TERRORIST"
L 07/11/2020 - 23:54:18: "'U'Knighted || Aga!N!<112><STEAM_0:0:810273828><CT>" committed suicide with "world"
L 07/11/2020 - 23:54:18: "'U'Knighted || Aga!N!<112><STEAM_0:0:810273828><CT>" joined team "TERRORIST"
L 07/11/2020 - 23:54:18: "Normal E.T || Agent Felix<111><STEAM_0:1:539804210><TERRORIST>" committed suicide with "world"
L 07/11/2020 - 23:54:19: "Normal E.T || Agent Felix<111><STEAM_0:1:539804210><TERRORIST>" joined team "CT"
L 07/11/2020 - 23:54:19: "'U'Knighted || assassin<103><STEAM_0:0:1060612858><CT>" committed suicide with "world"
L 07/11/2020 - 23:54:19: "'U'Knighted || assassin<103><STEAM_0:0:1060612858><CT>" joined team "TERRORIST"
L 07/11/2020 - 23:54:19: "Normal E.T || F5<104><VALVE_0:4:691809509><TERRORIST>" committed suicide with "world"
L 07/11/2020 - 23:54:19: "Normal E.T || F5<104><VALVE_0:4:691809509><TERRORIST>" joined team "CT"
L 07/11/2020 - 23:54:19: "'U'Knighted || Achillies<108><STEAM_0:0:1663171942><CT>" committed suicide with "world"
L 07/11/2020 - 23:54:19: "'U'Knighted || Achillies<108><STEAM_0:0:1663171942><CT>" joined team "CT"
L 07/11/2020 - 23:54:19: "'U'Knighted || Gupto Googly<109><STEAM_0:0:355901680><CT>" committed suicide with "world"
L 07/11/2020 - 23:54:19: "'U'Knighted || Gupto Googly<109><STEAM_0:0:355901680><CT>" joined team "TERRORIST"
L 07/11/2020 - 23:54:20: "Normal E.T || 1729<105><STEAM_0:0:1921819853><TERRORIST>" committed suicide with "world"
L 07/11/2020 - 23:54:20: "Normal E.T || 1729<105><STEAM_0:0:1921819853><TERRORIST>" triggered "Dropped_The_Bomb"
L 07/11/2020 - 23:54:20: "Normal E.T || 1729<105><STEAM_0:0:1921819853><TERRORIST>" joined team "CT"
L 07/11/2020 - 23:54:21: "Normal E.T || StuFu<116><STEAM_0:1:147341737><TERRORIST>" committed suicide with "world"
L 07/11/2020 - 23:54:21: "Normal E.T || StuFu<116><STEAM_0:1:147341737><TERRORIST>" joined team "CT"
L 07/11/2020 - 23:54:21: "Normal E.T || Mofo<115><STEAM_0:0:455086556><TERRORIST>" committed suicide with "world"
L 07/11/2020 - 23:54:21: "Normal E.T || Mofo<115><STEAM_0:0:455086556><TERRORIST>" joined team "CT"
L 07/11/2020 - 23:54:22: "Normal E.T || Parabellum<110><STEAM_0:0:60684219><TERRORIST>" committed suicide with "world"
L 07/11/2020 - 23:54:22: Team "CT" triggered "CTs_Win" (CT "13") (T "3")
L 07/11/2020 - 23:54:22: World triggered "Round_End"
L 07/11/2020 - 23:54:22: "Normal E.T || Parabellum<110><STEAM_0:0:60684219><TERRORIST>" joined team "CT"
L 07/11/2020 - 23:54:23: Rcon: "rcon 1933327595 "Lauda2" sv_restart 1" from "106.51.30.169:30309"
L 07/11/2020 - 23:54:23: Server cvar "sv_restart" = "1"
L 07/11/2020 - 23:54:24: World triggered "Restart_Round_(1_second)"
L 07/11/2020 - 23:54:24: Team "CT" scored "13" with "7" players
L 07/11/2020 - 23:54:24: Team "TERRORIST" scored "3" with "5" players
L 07/11/2020 - 23:54:24: Server cvar "sv_restart" = "0"
L 07/11/2020 - 23:54:25: "'U'Knighted || Aga!N!<112><STEAM_0:0:810273828><TERRORIST>" triggered "Spawned_With_The_Bomb"
L 07/11/2020 - 23:54:29: "'U'Knighted || HKB<106><STEAM_0:0:976377135><TERRORIST>" say "wait"
L 07/11/2020 - 23:54:30: "'U'Knighted || U<107><STEAM_0:0:294118000><CT>" committed suicide with "world"
L 07/11/2020 - 23:54:30: "'U'Knighted || U<107><STEAM_0:0:294118000><CT>" joined team "TERRORIST"
L 07/11/2020 - 23:54:32: "'U'Knighted || HKB<106><STEAM_0:0:976377135><TERRORIST>" say "not ready"
L 07/11/2020 - 23:54:37: World triggered "Round_Start"
L 07/11/2020 - 23:54:40: "'U'Knighted || Gupto Googly<109><STEAM_0:0:355901680><TERRORIST>" say "pee break"
L 07/11/2020 - 23:54:41: "Normal E.T || Agent Felix<111><STEAM_0:1:539804210><CT>" say "cazz"
L 07/11/2020 - 23:55:17: Rcon: "rcon 1933327595 "Lauda2" sv_restart 1" from "106.51.30.169:30309"
L 07/11/2020 - 23:55:17: Server cvar "sv_restart" = "1"
L 07/11/2020 - 23:55:17: World triggered "Restart_Round_(1_second)"
L 07/11/2020 - 23:55:17: Team "CT" scored "0" with "7" players
L 07/11/2020 - 23:55:17: Team "TERRORIST" scored "0" with "5" players
L 07/11/2020 - 23:55:17: Server cvar "sv_restart" = "0"
L 07/11/2020 - 23:55:18: "'U'Knighted || Gupto Googly<109><STEAM_0:0:355901680><TERRORIST>" triggered "Spawned_With_The_Bomb"
L 07/11/2020 - 23:55:30: World triggered "Round_Start"
L 07/11/2020 - 23:55:47: "'U'Knighted || U<107><STEAM_0:0:294118000><TERRORIST>" killed "Normal E.T || Parabellum<110><STEAM_0:0:60684219><CT>" with "glock18"
L 07/11/2020 - 23:55:49: "Normal E.T || Mofo<115><STEAM_0:0:455086556><CT>" killed "'U'Knighted || U<107><STEAM_0:0:294118000><TERRORIST>" with "usp"
L 07/11/2020 - 23:55:51: "'U'Knighted || assassin<103><STEAM_0:0:1060612858><TERRORIST>" killed "Normal E.T || Agent Felix<111><STEAM_0:1:539804210><CT>" with "glock18"
L 07/11/2020 - 23:55:52: "'U'Knighted || Gupto Googly<109><STEAM_0:0:355901680><TERRORIST>" killed "Normal E.T || StuFu<116><STEAM_0:1:147341737><CT>" with "glock18"
L 07/11/2020 - 23:55:56: "'U'Knighted || Aga!N!<112><STEAM_0:0:810273828><TERRORIST>" killed "Normal E.T || Mofo<115><STEAM_0:0:455086556><CT>" with "glock18"
L 07/11/2020 - 23:56:02: "'U'Knighted || Achillies<108><STEAM_0:0:1663171942><CT>" joined team "TERRORIST"
L 07/11/2020 - 23:56:04: "'U'Knighted || Gupto Googly<109><STEAM_0:0:355901680><TERRORIST>" killed "Normal E.T || 1729<105><STEAM_0:0:1921819853><CT>" with "glock18"
L 07/11/2020 - 23:56:25: "Normal E.T || F5<104><VALVE_0:4:691809509><CT>" killed "'U'Knighted || Gupto Googly<109><STEAM_0:0:355901680><TERRORIST>" with "usp"
L 07/11/2020 - 23:56:25: "'U'Knighted || Gupto Googly<109><STEAM_0:0:355901680><TERRORIST>" triggered "Dropped_The_Bomb"
L 07/11/2020 - 23:56:26: "'U'Knighted || assassin<103><STEAM_0:0:1060612858><TERRORIST>" killed "Normal E.T || F5<104><VALVE_0:4:691809509><CT>" with "usp"
L 07/11/2020 - 23:56:26: Team "TERRORIST" triggered "Terrorists_Win" (CT "0") (T "1")
L 07/11/2020 - 23:56:26: World triggered "Round_End"
L 07/11/2020 - 23:56:30: "'U'Knighted || assassin<103><STEAM_0:0:1060612858><TERRORIST>" triggered "Got_The_Bomb"
L 07/11/2020 - 23:56:31: "'U'Knighted || Gupto Googly<109><STEAM_0:0:355901680><TERRORIST>" triggered "Spawned_With_The_Bomb"
L 07/11/2020 - 23:56:32: Rcon: "rcon 1933327595 "Lauda2" sv_restart 1" from "106.51.30.169:30309"
L 07/11/2020 - 23:56:32: Server cvar "sv_restart" = "1"
L 07/11/2020 - 23:56:33: World triggered "Restart_Round_(1_second)"
L 07/11/2020 - 23:56:33: Team "CT" scored "0" with "6" players
L 07/11/2020 - 23:56:33: Team "TERRORIST" scored "1" with "6" players
L 07/11/2020 - 23:56:33: Server cvar "sv_restart" = "0"
L 07/11/2020 - 23:56:34: "Normal E.T || 1729<105><STEAM_0:0:1921819853><CT>" say "ready?"
L 07/11/2020 - 23:56:34: "'U'Knighted || HKB<106><STEAM_0:0:976377135><TERRORIST>" triggered "Spawned_With_The_Bomb"
L 07/11/2020 - 23:56:40: "'U'Knighted || HKB<106><STEAM_0:0:976377135><TERRORIST>" say "ready"
L 07/11/2020 - 23:56:40: "'U'Knighted || Achillies<108><STEAM_0:0:1663171942><TERRORIST>" say "ready"
L 07/11/2020 - 23:56:44: "Normal E.T || StuFu<116><STEAM_0:1:147341737><CT>" say "res live"
L 07/11/2020 - 23:56:45: "Normal E.T || 1729<105><STEAM_0:0:1921819853><CT>" say "res live"
L 07/11/2020 - 23:56:45: Rcon: "rcon 1933327595 "Lauda2" sv_restart 1" from "106.51.30.169:30309"
L 07/11/2020 - 23:56:45: Server cvar "sv_restart" = "1"
L 07/11/2020 - 23:56:45: World triggered "Restart_Round_(1_second)"
L 07/11/2020 - 23:56:45: Team "CT" scored "0" with "6" players
L 07/11/2020 - 23:56:45: Team "TERRORIST" scored "0" with "6" players
L 07/11/2020 - 23:56:45: Server cvar "sv_restart" = "0"
L 07/11/2020 - 23:56:46: "Normal E.T || Parabellum<110><STEAM_0:0:60684219><CT>" say "ready"
L 07/11/2020 - 23:56:46: World triggered "Round_Start"
L 07/11/2020 - 23:56:46: "'U'Knighted || U<107><STEAM_0:0:294118000><TERRORIST>" triggered "Spawned_With_The_Bomb"
L 07/11/2020 - 23:56:47: "Normal E.T || StuFu<116><STEAM_0:1:147341737><CT>" say "live"
L 07/11/2020 - 23:56:49: "'U'Knighted || Aga!N!<112><STEAM_0:0:810273828><TERRORIST>" say_team "4 score.  but take it seriously"
L 07/11/2020 - 23:56:58: World triggered "Round_Start"
L 07/11/2020 - 23:57:16: "Normal E.T || Agent Felix<111><STEAM_0:1:539804210><CT>" killed "'U'Knighted || HKB<106><STEAM_0:0:976377135><TERRORIST>" with "usp"
L 07/11/2020 - 23:57:18: "Normal E.T || StuFu<116><STEAM_0:1:147341737><CT>" killed "'U'Knighted || Achillies<108><STEAM_0:0:1663171942><TERRORIST>" with "deagle"
L 07/11/2020 - 23:57:19: "'U'Knighted || Gupto Googly<109><STEAM_0:0:355901680><TERRORIST>" killed "Normal E.T || StuFu<116><STEAM_0:1:147341737><CT>" with "glock18"
L 07/11/2020 - 23:57:30: "'U'Knighted || U<107><STEAM_0:0:294118000><TERRORIST>" killed "Normal E.T || Agent Felix<111><STEAM_0:1:539804210><CT>" with "glock18"
L 07/11/2020 - 23:57:39: "Normal E.T || Mofo<115><STEAM_0:0:455086556><CT>" killed "'U'Knighted || Gupto Googly<109><STEAM_0:0:355901680><TERRORIST>" with "usp"
L 07/11/2020 - 23:57:42: "Normal E.T || 1729<105><STEAM_0:0:1921819853><CT>" killed "'U'Knighted || Aga!N!<112><STEAM_0:0:810273828><TERRORIST>" with "usp"
L 07/11/2020 - 23:57:46: "'U'Knighted || U<107><STEAM_0:0:294118000><TERRORIST>" killed "Normal E.T || 1729<105><STEAM_0:0:1921819853><CT>" with "glock18"
L 07/11/2020 - 23:58:28: "'U'Knighted || U<107><STEAM_0:0:294118000><TERRORIST>" killed "Normal E.T || Parabellum<110><STEAM_0:0:60684219><CT>" with "glock18"
L 07/11/2020 - 23:58:35: "Normal E.T || Mofo<115><STEAM_0:0:455086556><CT>" killed "'U'Knighted || U<107><STEAM_0:0:294118000><TERRORIST>" with "usp"
L 07/11/2020 - 23:58:35: "'U'Knighted || U<107><STEAM_0:0:294118000><TERRORIST>" triggered "Dropped_The_Bomb"
L 07/11/2020 - 23:58:42: "'U'Knighted || assassin<103><STEAM_0:0:1060612858><TERRORIST>" killed "Normal E.T || F5<104><VALVE_0:4:691809509><CT>" with "glock18"
L 07/11/2020 - 23:58:51: "'U'Knighted || assassin<103><STEAM_0:0:1060612858><TERRORIST>" triggered "Got_The_Bomb"
L 07/11/2020 - 23:58:58: "'U'Knighted || assassin<103><STEAM_0:0:1060612858><TERRORIST>" triggered "Planted_The_Bomb"
L 07/11/2020 - 23:59:32: "Normal E.T || Mofo<115><STEAM_0:0:455086556><CT>" triggered "Begin_Bomb_Defuse_With_Kit"
L 07/11/2020 - 23:59:33: "'U'Knighted || assassin<103><STEAM_0:0:1060612858><TERRORIST>" killed "Normal E.T || Mofo<115><STEAM_0:0:455086556><CT>" with "usp"
L 07/11/2020 - 23:59:33: Team "TERRORIST" triggered "Terrorists_Win" (CT "0") (T "1")
L 07/11/2020 - 23:59:33: World triggered "Round_End"
L 07/11/2020 - 23:59:38: "'U'Knighted || assassin<103><STEAM_0:0:1060612858><TERRORIST>" triggered "Spawned_With_The_Bomb"
L 07/11/2020 - 23:59:39: "'U'Knighted || HKB<106><STEAM_0:0:976377135><TERRORIST>" say_team "pagol"
L 07/11/2020 - 23:59:48: "'U'Knighted || Aga!N!<112><STEAM_0:0:810273828><TERRORIST>" say_team "1 long slow"
L 07/11/2020 - 23:59:50: World triggered "Round_Start"
L 07/12/2020 - 00:00:00: "Normal E.T || Parabellum<110><STEAM_0:0:60684219><CT>" killed "Normal E.T || Agent Felix<111><STEAM_0:1:539804210><CT>" with "grenade"
L 07/12/2020 - 00:00:03: "'U'Knighted || Gupto Googly<109><STEAM_0:0:355901680><TERRORIST>" killed "Normal E.T || 1729<105><STEAM_0:0:1921819853><CT>" with "galil"
L 07/12/2020 - 00:00:34: "'U'Knighted || Gupto Googly<109><STEAM_0:0:355901680><TERRORIST>" killed "Normal E.T || Parabellum<110><STEAM_0:0:60684219><CT>" with "galil"
L 07/12/2020 - 00:00:36: "'U'Knighted || assassin<103><STEAM_0:0:1060612858><TERRORIST>" triggered "Planted_The_Bomb"
L 07/12/2020 - 00:00:43: "'U'Knighted || Aga!N!<112><STEAM_0:0:810273828><TERRORIST>" killed "Normal E.T || StuFu<116><STEAM_0:1:147341737><CT>" with "ak47"
L 07/12/2020 - 00:00:44: "'U'Knighted || Achillies<108><STEAM_0:0:1663171942><TERRORIST>" killed "Normal E.T || Mofo<115><STEAM_0:0:455086556><CT>" with "ak47"
L 07/12/2020 - 00:00:55: "'U'Knighted || HKB<106><STEAM_0:0:976377135><TERRORIST>" killed "Normal E.T || F5<104><VALVE_0:4:691809509><CT>" with "galil"
L 07/12/2020 - 00:00:55: Team "TERRORIST" triggered "Terrorists_Win" (CT "0") (T "2")
L 07/12/2020 - 00:00:55: World triggered "Round_End"
L 07/12/2020 - 00:01:00: "'U'Knighted || Aga!N!<112><STEAM_0:0:810273828><TERRORIST>" triggered "Spawned_With_The_Bomb"
L 07/12/2020 - 00:01:07: "'U'Knighted || Aga!N!<112><STEAM_0:0:810273828><TERRORIST>" triggered "Dropped_The_Bomb"
L 07/12/2020 - 00:01:07: "'U'Knighted || Achillies<108><STEAM_0:0:1663171942><TERRORIST>" triggered "Got_The_Bomb"
L 07/12/2020 - 00:01:12: World triggered "Round_Start"
L 07/12/2020 - 00:01:31: "'U'Knighted || assassin<103><STEAM_0:0:1060612858><TERRORIST>" killed "Normal E.T || Mofo<115><STEAM_0:0:455086556><CT>" with "grenade"
L 07/12/2020 - 00:01:32: "Normal E.T || StuFu<116><STEAM_0:1:147341737><CT>" killed "'U'Knighted || Aga!N!<112><STEAM_0:0:810273828><TERRORIST>" with "m4a1"
L 07/12/2020 - 00:01:37: "'U'Knighted || assassin<103><STEAM_0:0:1060612858><TERRORIST>" killed "Normal E.T || Parabellum<110><STEAM_0:0:60684219><CT>" with "ak47"
L 07/12/2020 - 00:01:37: "Normal E.T || StuFu<116><STEAM_0:1:147341737><CT>" killed "'U'Knighted || assassin<103><STEAM_0:0:1060612858><TERRORIST>" with "m4a1"
L 07/12/2020 - 00:02:04: "'U'Knighted || U<107><STEAM_0:0:294118000><TERRORIST>" killed "Normal E.T || Agent Felix<111><STEAM_0:1:539804210><CT>" with "ak47"
L 07/12/2020 - 00:02:11: "'U'Knighted || HKB<106><STEAM_0:0:976377135><TERRORIST>" killed "Normal E.T || F5<104><VALVE_0:4:691809509><CT>" with "galil"
L 07/12/2020 - 00:02:18: "'U'Knighted || Achillies<108><STEAM_0:0:1663171942><TERRORIST>" triggered "Planted_The_Bomb"
L 07/12/2020 - 00:02:36: "'U'Knighted || Achillies<108><STEAM_0:0:1663171942><TERRORIST>" killed "Normal E.T || 1729<105><STEAM_0:0:1921819853><CT>" with "ak47"
L 07/12/2020 - 00:03:03: Team "TERRORIST" triggered "Target_Bombed" (CT "0") (T "3")
L 07/12/2020 - 00:03:03: World triggered "Round_End"
L 07/12/2020 - 00:03:04: [DPROTO]: Client "'U'Knighted || Gupto Googly" timed out for 39.2305sec
L 07/12/2020 - 00:03:08: "'U'Knighted || Achillies<108><STEAM_0:0:1663171942><TERRORIST>" triggered "Spawned_With_The_Bomb"
L 07/12/2020 - 00:03:20: World triggered "Round_Start"
L 07/12/2020 - 00:03:24: "'U'Knighted || Gupto Googly<109><STEAM_0:0:355901680><TERRORIST>" disconnected
L 07/12/2020 - 00:03:34: "'U'Knighted || U<107><STEAM_0:0:294118000><TERRORIST>" killed "Normal E.T || Mofo<115><STEAM_0:0:455086556><CT>" with "m4a1"
L 07/12/2020 - 00:03:44: "'U'Knighted || Achillies<108><STEAM_0:0:1663171942><TERRORIST>" triggered "Planted_The_Bomb"
L 07/12/2020 - 00:03:44: "Normal E.T || Parabellum<110><STEAM_0:0:60684219><CT>" killed "'U'Knighted || Aga!N!<112><STEAM_0:0:810273828><TERRORIST>" with "famas"
L 07/12/2020 - 00:03:50: "Normal E.T || 1729<105><STEAM_0:0:1921819853><CT>" killed "'U'Knighted || assassin<103><STEAM_0:0:1060612858><TERRORIST>" with "mp5navy"
L 07/12/2020 - 00:03:57: [DPROTO]: Client 4 - Set AuthIdType 1 [dp_RevEmu]; pClient = 0567A088
L 07/12/2020 - 00:03:57: "Quinn<119><STEAM_0:0:355901680><>" connected, address "106.209.203.12:3534"
L 07/12/2020 - 00:04:02: "'U'Knighted || HKB<106><STEAM_0:0:976377135><TERRORIST>" killed "Normal E.T || 1729<105><STEAM_0:0:1921819853><CT>" with "m4a1"
L 07/12/2020 - 00:04:04: "Normal E.T || Agent Felix<111><STEAM_0:1:539804210><CT>" killed "'U'Knighted || U<107><STEAM_0:0:294118000><TERRORIST>" with "mp5navy"
L 07/12/2020 - 00:04:07: "Quinn<119><STEAM_0:0:355901680><>" entered the game
L 07/12/2020 - 00:04:07: "Normal E.T || Agent Felix<111><STEAM_0:1:539804210><CT>" killed "'U'Knighted || Achillies<108><STEAM_0:0:1663171942><TERRORIST>" with "usp"
L 07/12/2020 - 00:04:11: "Normal E.T || Parabellum<110><STEAM_0:0:60684219><CT>" killed "'U'Knighted || HKB<106><STEAM_0:0:976377135><TERRORIST>" with "famas"
L 07/12/2020 - 00:04:11: "Quinn<119><STEAM_0:0:355901680><>" joined team "TERRORIST"
L 07/12/2020 - 00:04:13: "'U'Knighted || assassin<103><STEAM_0:0:1060612858><TERRORIST>" say "pause" (dead)
L 07/12/2020 - 00:04:16: "Normal E.T || Agent Felix<111><STEAM_0:1:539804210><CT>" triggered "Begin_Bomb_Defuse_Without_Kit"
L 07/12/2020 - 00:04:26: "'U'Knighted || assassin<103><STEAM_0:0:1060612858><TERRORIST>" say "puase karwa do" (dead)
L 07/12/2020 - 00:04:26: "Normal E.T || Agent Felix<111><STEAM_0:1:539804210><CT>" triggered "Defused_The_Bomb"
L 07/12/2020 - 00:04:26: Team "CT" triggered "Bomb_Defused" (CT "1") (T "3")
L 07/12/2020 - 00:04:26: World triggered "Round_End"
L 07/12/2020 - 00:04:27: "'U'Knighted || Achillies<108><STEAM_0:0:1663171942><TERRORIST>" say "pause kar de ekbar" (dead)
L 07/12/2020 - 00:04:28: "'U'Knighted || U<107><STEAM_0:0:294118000><TERRORIST>" say "pausa" (dead)
L 07/12/2020 - 00:04:30: "'U'Knighted || assassin<103><STEAM_0:0:1060612858><TERRORIST>" say_team "debanjan nahi hai" (dead)
L 07/12/2020 - 00:04:31: "'U'Knighted || HKB<106><STEAM_0:0:976377135><TERRORIST>" say "pause" (dead)
L 07/12/2020 - 00:04:31: "Quinn<119><STEAM_0:0:355901680><TERRORIST>" triggered "Spawned_With_The_Bomb"
L 07/12/2020 - 00:04:32: "'U'Knighted || U<107><STEAM_0:0:294118000><TERRORIST>" say "pausa"
L 07/12/2020 - 00:04:34: "'U'Knighted || HKB<106><STEAM_0:0:976377135><TERRORIST>" say "pause"
L 07/12/2020 - 00:04:36: Rcon: "rcon 1649549983 "Lauda2" amx_pause 1" from "1.186.226.238:57212"
L 07/12/2020 - 00:04:36: Server cvar "pausable" = "1"
L 07/12/2020 - 00:04:36: Server cvar "pausable" = "0"
L 07/12/2020 - 00:04:38: "Normal E.T || Agent Felix<111><STEAM_0:1:539804210><CT>" say "ese geche toh"
L 07/12/2020 - 00:04:40: "Quinn<119><STEAM_0:0:355901680><TERRORIST>" changed name to "U'Knighted' || Gupto Googly"
L 07/12/2020 - 00:04:44: "'U'Knighted || HKB<106><STEAM_0:0:976377135><TERRORIST>" say "nam change"
L 07/12/2020 - 00:04:45: "Normal E.T || Parabellum<110><STEAM_0:0:60684219><CT>" say "pause lagbe??"
L 07/12/2020 - 00:04:47: "'U'Knighted || Achillies<108><STEAM_0:0:1663171942><TERRORIST>" say "unpause in 5"
L 07/12/2020 - 00:05:15: "'U'Knighted || assassin<103><STEAM_0:0:1060612858><TERRORIST>" say "unpause"
L 07/12/2020 - 00:05:18: "'U'Knighted || U<107><STEAM_0:0:294118000><TERRORIST>" say "unpause kor re"
L 07/12/2020 - 00:05:18: "U'Knighted' || Gupto Googly<119><STEAM_0:0:355901680><TERRORIST>" say "unpause kore dao"
L 07/12/2020 - 00:05:26: Rcon: "rcon 1933327595 "Lauda2" amx_pause 0" from "106.51.30.169:30309"
L 07/12/2020 - 00:05:26: Server cvar "pausable" = "1"
L 07/12/2020 - 00:05:26: Server cvar "pausable" = "0"
L 07/12/2020 - 00:05:33: World triggered "Round_Start"
L 07/12/2020 - 00:06:20: "U'Knighted' || Gupto Googly<119><STEAM_0:0:355901680><TERRORIST>" killed "Normal E.T || 1729<105><STEAM_0:0:1921819853><CT>" with "galil"
L 07/12/2020 - 00:06:34: "'U'Knighted || Aga!N!<112><STEAM_0:0:810273828><TERRORIST>" killed "Normal E.T || StuFu<116><STEAM_0:1:147341737><CT>" with "m4a1"
L 07/12/2020 - 00:06:39: "'U'Knighted || assassin<103><STEAM_0:0:1060612858><TERRORIST>" killed "Normal E.T || Parabellum<110><STEAM_0:0:60684219><CT>" with "ak47"
L 07/12/2020 - 00:06:40: "'U'Knighted || Aga!N!<112><STEAM_0:0:810273828><TERRORIST>" killed "Normal E.T || Agent Felix<111><STEAM_0:1:539804210><CT>" with "m4a1"
L 07/12/2020 - 00:06:40: "Normal E.T || Mofo<115><STEAM_0:0:455086556><CT>" killed "'U'Knighted || Achillies<108><STEAM_0:0:1663171942><TERRORIST>" with "usp"
L 07/12/2020 - 00:06:46: "U'Knighted' || Gupto Googly<119><STEAM_0:0:355901680><TERRORIST>" killed "Normal E.T || F5<104><VALVE_0:4:691809509><CT>" with "galil"
L 07/12/2020 - 00:06:52: "'U'Knighted || Aga!N!<112><STEAM_0:0:810273828><TERRORIST>" killed "Normal E.T || Mofo<115><STEAM_0:0:455086556><CT>" with "deagle"
L 07/12/2020 - 00:06:52: Team "TERRORIST" triggered "Terrorists_Win" (CT "1") (T "4")
L 07/12/2020 - 00:06:52: World triggered "Round_End"
L 07/12/2020 - 00:06:53: "Normal E.T || Agent Felix<111><STEAM_0:1:539804210><CT>" say "gg" (dead)
L 07/12/2020 - 00:06:55: "Normal E.T || StuFu<116><STEAM_0:1:147341737><CT>" say "gg" (dead)
L 07/12/2020 - 00:06:56: "Normal E.T || Parabellum<110><STEAM_0:0:60684219><CT>" say "gg" (dead)
L 07/12/2020 - 00:06:57: "Normal E.T || Mofo<115><STEAM_0:0:455086556><CT>" say "gg" (dead)
L 07/12/2020 - 00:06:57: "Normal E.T || 1729<105><STEAM_0:0:1921819853><CT>" disconnected
L 07/12/2020 - 00:06:57: "'U'Knighted || HKB<106><STEAM_0:0:976377135><TERRORIST>" triggered "Spawned_With_The_Bomb"
L 07/12/2020 - 00:06:58: Rcon: "rcon 1649549983 "Lauda2" say ggwp" from "1.186.226.238:57212"
L 07/12/2020 - 00:06:58: Server say "ggwp"
L 07/12/2020 - 00:06:58: "'U'Knighted || HKB<106><STEAM_0:0:976377135><TERRORIST>" say "gg?"
L 07/12/2020 - 00:06:58: "Normal E.T || Parabellum<110><STEAM_0:0:60684219><CT>" disconnected
L 07/12/2020 - 00:06:59: "Normal E.T || StuFu<116><STEAM_0:1:147341737><CT>" disconnected
L 07/12/2020 - 00:06:59: "'U'Knighted || Aga!N!<112><STEAM_0:0:810273828><TERRORIST>" say "gg"
L 07/12/2020 - 00:07:00: "Normal E.T || Agent Felix<111><STEAM_0:1:539804210><CT>" say "katao"
L 07/12/2020 - 00:07:01: "'U'Knighted || U<107><STEAM_0:0:294118000><TERRORIST>" say "gg"
L 07/12/2020 - 00:07:01: "Normal E.T || F5<104><VALVE_0:4:691809509><CT>" disconnected
L 07/12/2020 - 00:07:01: "'U'Knighted || Achillies<108><STEAM_0:0:1663171942><TERRORIST>" say "gg"
L 07/12/2020 - 00:07:02: "U'Knighted' || Gupto Googly<119><STEAM_0:0:355901680><TERRORIST>" say "gg"
L 07/12/2020 - 00:07:04: "Normal E.T || Mofo<115><STEAM_0:0:455086556><CT>" disconnected
L 07/12/2020 - 00:07:04: "Normal E.T || Agent Felix<111><STEAM_0:1:539804210><CT>" disconnected
L 07/12/2020 - 00:07:06: "'U'Knighted || Aga!N!<112><STEAM_0:0:810273828><TERRORIST>" disconnected
L 07/12/2020 - 00:07:07: "U'Knighted' || Gupto Googly<119><STEAM_0:0:355901680><TERRORIST>" disconnected
L 07/12/2020 - 00:07:09: World triggered "Round_Start"
L 07/12/2020 - 00:07:11: "'U'Knighted || U<107><STEAM_0:0:294118000><TERRORIST>" disconnected
L 07/12/2020 - 00:07:12: "'U'Knighted || Achillies<108><STEAM_0:0:1663171942><TERRORIST>" disconnected
L 07/12/2020 - 00:07:13: "'U'Knighted || HKB<106><STEAM_0:0:976377135><TERRORIST>" triggered "Dropped_The_Bomb"
L 07/12/2020 - 00:07:13: "'U'Knighted || HKB<106><STEAM_0:0:976377135><TERRORIST>" disconnected
L 07/12/2020 - 00:07:17: "'U'Knighted || assassin<103><STEAM_0:0:1060612858><TERRORIST>" disconnected
L 07/12/2020 - 00:07:17: World triggered "Round_Draw" (CT "1") (T "4")
L 07/12/2020 - 00:07:17: World triggered "Round_End"
L 07/12/2020 - 00:07:34: World triggered "Round_Start"
L 07/12/2020 - 00:09:34: Team "CT" triggered "Target_Saved" (CT "2") (T "4")
L 07/12/2020 - 00:09:34: World triggered "Round_End"
L 07/12/2020 - 00:09:51: World triggered "Round_Start"
L 07/12/2020 - 00:11:51: Team "CT" triggered "Target_Saved" (CT "3") (T "4")
L 07/12/2020 - 00:11:51: World triggered "Round_End"
L 07/12/2020 - 00:12:08: World triggered "Round_Start"
L 07/12/2020 - 00:14:08: Team "CT" triggered "Target_Saved" (CT "4") (T "4")
L 07/12/2020 - 00:14:08: World triggered "Round_End"
L 07/12/2020 - 00:14:25: World triggered "Round_Start"
L 07/12/2020 - 00:16:25: Team "CT" triggered "Target_Saved" (CT "5") (T "4")
L 07/12/2020 - 00:16:25: World triggered "Round_End"
L 07/12/2020 - 00:16:42: World triggered "Round_Start"
L 07/12/2020 - 00:18:42: Team "CT" triggered "Target_Saved" (CT "6") (T "4")
L 07/12/2020 - 00:18:42: World triggered "Round_End"
L 07/12/2020 - 00:18:59: World triggered "Round_Start"
L 07/12/2020 - 00:19:11: [DPROTO]: Client 0 - Set AuthIdType 1 [Native]; pClient = 05666028
L 07/12/2020 - 00:19:11: "Normal E.T || StuFu<120><STEAM_0:1:147341737><>" connected, address "106.51.30.169:29754"
L 07/12/2020 - 00:19:12: "Normal E.T || StuFu<120><STEAM_0:1:147341737><>" STEAM USERID validated
L 07/12/2020 - 00:19:14: "Normal E.T || StuFu<120><STEAM_0:1:147341737><>" entered the game
L 07/12/2020 - 00:19:28: Rcon: "rcon 1933327595 "Lauda2" changelevel de_inferno" from "106.51.30.169:29754"
L 07/12/2020 - 00:19:28: [META] ini: Begin re-reading plugins list: g:/tcafiles/users/fkguxmko/7303/cstrike/addons/metamod/plugins.ini
L 07/12/2020 - 00:19:28: [META] ini: Read plugin config for: AMX Mod X
L 07/12/2020 - 00:19:28: [META] ini: Read plugin config for: dproto_EF
L 07/12/2020 - 00:19:28: [META] ini: Finished reading plugins list: g:/tcafiles/users/fkguxmko/7303/cstrike/addons/metamod/plugins.ini; Found 2 plugins
L 07/12/2020 - 00:19:28: [META] dll: Updating plugins...
L 07/12/2020 - 00:19:28: [META] dll: Finished updating 5 plugins; kept 2, loaded 0, unloaded 0, reloaded 0, delayed 0
L 07/12/2020 - 00:19:28: "Normal E.T || StuFu<120><STEAM_0:1:147341737><>" disconnected
L 07/12/2020 - 00:19:29: World triggered "Round_Draw" (CT "6") (T "4")
L 07/12/2020 - 00:19:29: World triggered "Round_End"
L 07/12/2020 - 00:19:29: "Hathoga Tyagi<118><STEAM_0:0:266700107><SPECTATOR>" disconnected
L 07/12/2020 - 00:19:29: World triggered "Round_Draw" (CT "6") (T "4")
L 07/12/2020 - 00:19:29: World triggered "Round_End"
L 07/12/2020 - 00:19:29: Log file closed
