L 07/18/2020 - 20:28:14: Log file started (file "logs\L0718020.log") (game "cstrike") (version "48/1.1.2.7/8308")
L 07/18/2020 - 20:28:14: Server cvar "mp_timelimit" = "65535"
L 07/18/2020 - 20:28:14: Server cvar "mp_autokick" = "0"
L 07/18/2020 - 20:28:14: Server cvar "mp_autoteambalance" = "0"
L 07/18/2020 - 20:28:14: Server cvar "mp_forcechasecam" = "1"
L 07/18/2020 - 20:28:14: Server cvar "mp_freezetime" = "7"
L 07/18/2020 - 20:28:14: Server cvar "mp_friendlyfire" = "1"
L 07/18/2020 - 20:28:14: Server cvar "mp_hostagepenalty" = "2"
L 07/18/2020 - 20:28:14: Server cvar "mp_limitteams" = "5"
L 07/18/2020 - 20:28:14: Server cvar "mp_roundtime" = "2"
L 07/18/2020 - 20:28:14: Server cvar "sv_maxspeed" = "320"
L 07/18/2020 - 20:28:14: Server cvar "allow_spectators" = "1"
L 07/18/2020 - 20:28:14: Server cvar "mp_chattime" = "0"
L 07/18/2020 - 20:28:14: Server cvar "sv_allowupload" = "1"
L 07/18/2020 - 20:28:14: Server cvar "sv_voiceenable" = "0"
L 07/18/2020 - 20:28:14: Server cvar "decalfrequency" = "60"
L 07/18/2020 - 20:28:14: Server cvar "sv_aim" = "0"
L 07/18/2020 - 20:28:14: [DPROTO]: Client 0 - Set AuthIdType 1 [dp_RevEmu]; pClient = 05829028
L 07/18/2020 - 20:28:14: "Flash Guardians || @cH!lL!eS<1><STEAM_0:0:1568553987><>" connected, address "106.51.233.53:12582"
L 07/18/2020 - 20:28:18: "Flash Guardians || @cH!lL!eS<1><STEAM_0:0:1568553987><>" entered the game
L 07/18/2020 - 20:28:22: World triggered "Round_Start"
L 07/18/2020 - 20:28:26: [DPROTO]: Client 1 - Set AuthIdType 1 [Native]; pClient = 0582E040
L 07/18/2020 - 20:28:26: "HijoDePuta || PachO HErrErA<2><STEAM_0:1:539804210><>" connected, address "103.251.50.25:27005"
L 07/18/2020 - 20:28:26: "HijoDePuta || PachO HErrErA<2><STEAM_0:1:539804210><>" STEAM USERID validated
L 07/18/2020 - 20:28:27: [DPROTO]: Client 2 - Set AuthIdType 1 [Native]; pClient = 05833058
L 07/18/2020 - 20:28:27: "Flash Guardians || pRo_rvLTN<3><STEAM_0:1:546352772><>" connected, address "182.70.109.51:27005"
L 07/18/2020 - 20:28:27: "Flash Guardians || pRo_rvLTN<3><STEAM_0:1:546352772><>" STEAM USERID validated
L 07/18/2020 - 20:28:29: "HijoDePuta || PachO HErrErA<2><STEAM_0:1:539804210><>" entered the game
L 07/18/2020 - 20:28:30: "Flash Guardians || pRo_rvLTN<3><STEAM_0:1:546352772><>" entered the game
L 07/18/2020 - 20:28:31: "Flash Guardians || @cH!lL!eS<1><STEAM_0:0:1568553987><>" joined team "TERRORIST"
L 07/18/2020 - 20:28:31: "Flash Guardians || @cH!lL!eS<1><STEAM_0:0:1568553987><TERRORIST>" triggered "Spawned_With_The_Bomb"
L 07/18/2020 - 20:28:31: [DPROTO]: Client 3 - Set AuthIdType 1 [dp_RevEmu]; pClient = 05838070
L 07/18/2020 - 20:28:31: "HijoDePuta || Pedro Pascal<4><STEAM_0:0:369456433><>" connected, address "49.207.198.255:58433"
L 07/18/2020 - 20:28:32: "Flash Guardians || pRo_rvLTN<3><STEAM_0:1:546352772><>" joined team "TERRORIST"
L 07/18/2020 - 20:28:35: "HijoDePuta || Pedro Pascal<4><STEAM_0:0:369456433><>" entered the game
L 07/18/2020 - 20:28:36: [DPROTO]: Client 4 - Set AuthIdType 1 [dp_RevEmu]; pClient = 0583D088
L 07/18/2020 - 20:28:36: "Flash Guardians || Gupto Googly<5><STEAM_0:0:355901680><>" connected, address "101.0.34.15:65531"
L 07/18/2020 - 20:28:37: "HijoDePuta || PachO HErrErA<2><STEAM_0:1:539804210><>" joined team "CT"
L 07/18/2020 - 20:28:39: [DPROTO]: Client 5 - Set AuthIdType 1 [Native]; pClient = 058420A0
L 07/18/2020 - 20:28:39: "Flash Guardians || assassin<6><STEAM_0:1:550589384><>" connected, address "139.162.53.89:32908"
L 07/18/2020 - 20:28:39: World triggered "Game_Commencing"
L 07/18/2020 - 20:28:39: World triggered "Game_Commencing" (CT "0") (T "0")
L 07/18/2020 - 20:28:39: World triggered "Round_End"
L 07/18/2020 - 20:28:40: "Flash Guardians || assassin<6><STEAM_0:1:550589384><>" STEAM USERID validated
L 07/18/2020 - 20:28:41: "Flash Guardians || Gupto Googly<5><STEAM_0:0:355901680><>" entered the game
L 07/18/2020 - 20:28:42: "HijoDePuta || Pedro Pascal<4><STEAM_0:0:369456433><>" joined team "CT"
L 07/18/2020 - 20:28:42: "Flash Guardians || pRo_rvLTN<3><STEAM_0:1:546352772><TERRORIST>" triggered "Spawned_With_The_Bomb"
L 07/18/2020 - 20:28:43: [DPROTO]: Client 6 - Set AuthIdType 1 [Native]; pClient = 058470B8
L 07/18/2020 - 20:28:43: "HijoDePuta || InIEsta<7><STEAM_0:0:209561119><>" connected, address "223.233.34.66:17962"
L 07/18/2020 - 20:28:43: "HijoDePuta || InIEsta<7><STEAM_0:0:209561119><>" STEAM USERID validated
L 07/18/2020 - 20:28:45: [DPROTO]: Client 7 - Set AuthIdType 1 [dp_RevEmu]; pClient = 0584C0D0
L 07/18/2020 - 20:28:45: "HijoDePuta || DaNtE {<8><STEAM_0:0:1414580386><>" connected, address "103.87.143.135:27005"
L 07/18/2020 - 20:28:45: "Flash Guardians || Gupto Googly<5><STEAM_0:0:355901680><>" joined team "TERRORIST"
L 07/18/2020 - 20:28:46: [DPROTO]: Client 8 - Set AuthIdType 1 [Native]; pClient = 058510E8
L 07/18/2020 - 20:28:46: "Flash Guardians || Stufu<9><STEAM_0:1:147341737><>" connected, address "106.51.23.87:13170"
L 07/18/2020 - 20:28:47: "HijoDePuta || InIEsta<7><STEAM_0:0:209561119><>" entered the game
L 07/18/2020 - 20:28:47: "Flash Guardians || Stufu<9><STEAM_0:1:147341737><>" STEAM USERID validated
L 07/18/2020 - 20:28:48: "Flash Guardians || pRo_rvLTN<3><STEAM_0:1:546352772><TERRORIST>" triggered "Dropped_The_Bomb"
L 07/18/2020 - 20:28:49: "Flash Guardians || assassin<6><STEAM_0:1:550589384><>" entered the game
L 07/18/2020 - 20:28:49: "HijoDePuta || DaNtE {<8><STEAM_0:0:1414580386><>" entered the game
L 07/18/2020 - 20:28:49: World triggered "Round_Start"
L 07/18/2020 - 20:28:50: "Flash Guardians || Stufu<9><STEAM_0:1:147341737><>" entered the game
L 07/18/2020 - 20:28:50: "Flash Guardians || pRo_rvLTN<3><STEAM_0:1:546352772><TERRORIST>" triggered "Got_The_Bomb"
L 07/18/2020 - 20:28:52: "HijoDePuta || DaNtE {<8><STEAM_0:0:1414580386><>" joined team "CT"
L 07/18/2020 - 20:28:52: "Flash Guardians || Stufu<9><STEAM_0:1:147341737><>" joined team "TERRORIST"
L 07/18/2020 - 20:28:56: "Flash Guardians || assassin<6><STEAM_0:1:550589384><>" joined team "TERRORIST"
L 07/18/2020 - 20:28:56: "HijoDePuta || InIEsta<7><STEAM_0:0:209561119><>" joined team "CT"
L 07/18/2020 - 20:28:57: [DPROTO]: Client 9 - Set AuthIdType 1 [Native]; pClient = 05856100
L 07/18/2020 - 20:28:57: "No Whatsapp || 1.5-14.5<10><STEAM_0:0:65740571><>" connected, address "49.207.59.112:28593"
L 07/18/2020 - 20:28:57: "No Whatsapp || 1.5-14.5<10><STEAM_0:0:65740571><>" STEAM USERID validated
L 07/18/2020 - 20:29:00: "No Whatsapp || 1.5-14.5<10><STEAM_0:0:65740571><>" entered the game
L 07/18/2020 - 20:29:01: "No Whatsapp || 1.5-14.5<10><STEAM_0:0:65740571><>" joined team "SPECTATOR"
L 07/18/2020 - 20:29:07: "Flash Guardians || @cH!lL!eS<1><STEAM_0:0:1568553987><TERRORIST>" killed "HijoDePuta || DaNtE {<8><STEAM_0:0:1414580386><CT>" with "glock18"
L 07/18/2020 - 20:29:10: "Flash Guardians || Gupto Googly<5><STEAM_0:0:355901680><TERRORIST>" killed "HijoDePuta || Pedro Pascal<4><STEAM_0:0:369456433><CT>" with "elite"
L 07/18/2020 - 20:29:17: "HijoDePuta || PachO HErrErA<2><STEAM_0:1:539804210><CT>" say "1 min"
L 07/18/2020 - 20:29:25: "Flash Guardians || Gupto Googly<5><STEAM_0:0:355901680><TERRORIST>" killed "HijoDePuta || InIEsta<7><STEAM_0:0:209561119><CT>" with "elite"
L 07/18/2020 - 20:29:27: "Flash Guardians || Gupto Googly<5><STEAM_0:0:355901680><TERRORIST>" killed "HijoDePuta || PachO HErrErA<2><STEAM_0:1:539804210><CT>" with "elite"
L 07/18/2020 - 20:29:27: Team "TERRORIST" triggered "Terrorists_Win" (CT "0") (T "1")
L 07/18/2020 - 20:29:27: World triggered "Round_End"
L 07/18/2020 - 20:29:32: "Flash Guardians || Gupto Googly<5><STEAM_0:0:355901680><TERRORIST>" triggered "Spawned_With_The_Bomb"
L 07/18/2020 - 20:29:39: World triggered "Round_Start"
L 07/18/2020 - 20:29:54: "Flash Guardians || pRo_rvLTN<3><STEAM_0:1:546352772><TERRORIST>" killed "HijoDePuta || Pedro Pascal<4><STEAM_0:0:369456433><CT>" with "deagle"
L 07/18/2020 - 20:29:54: "HijoDePuta || DaNtE {<8><STEAM_0:0:1414580386><CT>" killed "Flash Guardians || @cH!lL!eS<1><STEAM_0:0:1568553987><TERRORIST>" with "deagle"
L 07/18/2020 - 20:30:06: "HijoDePuta || DaNtE {<8><STEAM_0:0:1414580386><CT>" killed "Flash Guardians || pRo_rvLTN<3><STEAM_0:1:546352772><TERRORIST>" with "deagle"
L 07/18/2020 - 20:30:08: "Flash Guardians || Stufu<9><STEAM_0:1:147341737><TERRORIST>" killed "HijoDePuta || DaNtE {<8><STEAM_0:0:1414580386><CT>" with "ak47"
L 07/18/2020 - 20:30:10: "HijoDePuta || PachO HErrErA<2><STEAM_0:1:539804210><CT>" killed "Flash Guardians || assassin<6><STEAM_0:1:550589384><TERRORIST>" with "mp5navy"
L 07/18/2020 - 20:30:15: "Flash Guardians || Stufu<9><STEAM_0:1:147341737><TERRORIST>" killed "HijoDePuta || InIEsta<7><STEAM_0:0:209561119><CT>" with "ak47"
L 07/18/2020 - 20:30:31: Bad Rcon: "rcon 2256986440 "" amx_pause 1" from "106.51.23.87:13170"
L 07/18/2020 - 20:30:42: Rcon: "rcon 2256986440 "Lauda2" amx_pause 1" from "106.51.23.87:13170"
L 07/18/2020 - 20:30:42: Server cvar "pausable" = "1"
L 07/18/2020 - 20:30:42: Server cvar "pausable" = "0"
L 07/18/2020 - 20:30:47: Rcon: "rcon 2256986440 "Lauda2" amx_pause 0" from "106.51.23.87:13170"
L 07/18/2020 - 20:30:47: Server cvar "pausable" = "1"
L 07/18/2020 - 20:30:47: Server cvar "pausable" = "0"
L 07/18/2020 - 20:30:52: "Flash Guardians || Gupto Googly<5><STEAM_0:0:355901680><TERRORIST>" killed "HijoDePuta || PachO HErrErA<2><STEAM_0:1:539804210><CT>" with "elite"
L 07/18/2020 - 20:30:52: Team "TERRORIST" triggered "Terrorists_Win" (CT "0") (T "2")
L 07/18/2020 - 20:30:52: World triggered "Round_End"
L 07/18/2020 - 20:30:55: Rcon: "rcon 2256986440 "Lauda2" mp_forcechasecam 2" from "106.51.23.87:13170"
L 07/18/2020 - 20:30:55: Server cvar "mp_forcechasecam" = "2"
L 07/18/2020 - 20:30:57: "Flash Guardians || assassin<6><STEAM_0:1:550589384><TERRORIST>" triggered "Spawned_With_The_Bomb"
L 07/18/2020 - 20:30:59: "Flash Guardians || pRo_rvLTN<3><STEAM_0:1:546352772><TERRORIST>" say "kotokhon re"
L 07/18/2020 - 20:31:04: World triggered "Round_Start"
L 07/18/2020 - 20:31:09: "HijoDePuta || Pedro Pascal<4><STEAM_0:0:369456433><CT>" say "dhukche dc chilo anamitro"
L 07/18/2020 - 20:31:11: [DPROTO]: Client 10 - Set AuthIdType 1 [dp_RevEmu]; pClient = 0585B118
L 07/18/2020 - 20:31:11: "HijoDePuta || Escobar<11><STEAM_0:0:353062145><>" connected, address "173.230.126.36:27005"
L 07/18/2020 - 20:31:14: "Flash Guardians || @cH!lL!eS<1><STEAM_0:0:1568553987><TERRORIST>" killed "HijoDePuta || DaNtE {<8><STEAM_0:0:1414580386><CT>" with "awp"
L 07/18/2020 - 20:31:17: "HijoDePuta || PachO HErrErA<2><STEAM_0:1:539804210><CT>" killed "Flash Guardians || assassin<6><STEAM_0:1:550589384><TERRORIST>" with "famas"
L 07/18/2020 - 20:31:17: "Flash Guardians || assassin<6><STEAM_0:1:550589384><TERRORIST>" triggered "Dropped_The_Bomb"
L 07/18/2020 - 20:31:21: "HijoDePuta || Escobar<11><STEAM_0:0:353062145><>" entered the game
L 07/18/2020 - 20:31:23: "HijoDePuta || Pedro Pascal<4><STEAM_0:0:369456433><CT>" killed "Flash Guardians || Gupto Googly<5><STEAM_0:0:355901680><TERRORIST>" with "m4a1"
L 07/18/2020 - 20:31:28: "HijoDePuta || Escobar<11><STEAM_0:0:353062145><>" joined team "CT"
L 07/18/2020 - 20:31:31: "HijoDePuta || Pedro Pascal<4><STEAM_0:0:369456433><CT>" killed "Flash Guardians || pRo_rvLTN<3><STEAM_0:1:546352772><TERRORIST>" with "m4a1"
L 07/18/2020 - 20:31:39: "HijoDePuta || Pedro Pascal<4><STEAM_0:0:369456433><CT>" killed "Flash Guardians || @cH!lL!eS<1><STEAM_0:0:1568553987><TERRORIST>" with "m4a1"
L 07/18/2020 - 20:31:41: "HijoDePuta || Pedro Pascal<4><STEAM_0:0:369456433><CT>" killed "Flash Guardians || Stufu<9><STEAM_0:1:147341737><TERRORIST>" with "m4a1"
L 07/18/2020 - 20:31:41: Team "CT" triggered "CTs_Win" (CT "1") (T "2")
L 07/18/2020 - 20:31:41: World triggered "Round_End"
L 07/18/2020 - 20:31:46: "Flash Guardians || Stufu<9><STEAM_0:1:147341737><TERRORIST>" triggered "Spawned_With_The_Bomb"
L 07/18/2020 - 20:31:49: Rcon: "rcon 2256986440 "Lauda2" SV_RESTART 1" from "106.51.23.87:13170"
L 07/18/2020 - 20:31:49: Server cvar "sv_restart" = "1"
L 07/18/2020 - 20:31:50: World triggered "Restart_Round_(1_second)"
L 07/18/2020 - 20:31:50: Team "CT" scored "1" with "5" players
L 07/18/2020 - 20:31:50: Team "TERRORIST" scored "2" with "5" players
L 07/18/2020 - 20:31:50: Server cvar "sv_restart" = "0"
L 07/18/2020 - 20:31:51: "Flash Guardians || @cH!lL!eS<1><STEAM_0:0:1568553987><TERRORIST>" triggered "Spawned_With_The_Bomb"
L 07/18/2020 - 20:31:52: "Flash Guardians || @cH!lL!eS<1><STEAM_0:0:1568553987><TERRORIST>" say "reasy?"
L 07/18/2020 - 20:31:53: "Flash Guardians || Stufu<9><STEAM_0:1:147341737><TERRORIST>" say "READY?"
L 07/18/2020 - 20:31:56: "HijoDePuta || Pedro Pascal<4><STEAM_0:0:369456433><CT>" say "ready"
L 07/18/2020 - 20:31:58: "HijoDePuta || DaNtE {<8><STEAM_0:0:1414580386><CT>" say "res"
L 07/18/2020 - 20:31:58: World triggered "Round_Start"
L 07/18/2020 - 20:31:58: "HijoDePuta || PachO HErrErA<2><STEAM_0:1:539804210><CT>" say "ready"
L 07/18/2020 - 20:31:59: Rcon: "rcon 2256986440 "Lauda2" SV_RESTART 1" from "106.51.23.87:13170"
L 07/18/2020 - 20:31:59: Server cvar "sv_restart" = "1"
L 07/18/2020 - 20:32:00: World triggered "Restart_Round_(1_second)"
L 07/18/2020 - 20:32:00: Team "CT" scored "0" with "5" players
L 07/18/2020 - 20:32:00: Team "TERRORIST" scored "0" with "5" players
L 07/18/2020 - 20:32:00: Server cvar "sv_restart" = "0"
L 07/18/2020 - 20:32:01: "Flash Guardians || Stufu<9><STEAM_0:1:147341737><TERRORIST>" say "LIVE"
L 07/18/2020 - 20:32:01: "Flash Guardians || pRo_rvLTN<3><STEAM_0:1:546352772><TERRORIST>" triggered "Spawned_With_The_Bomb"
L 07/18/2020 - 20:32:01: "Flash Guardians || @cH!lL!eS<1><STEAM_0:0:1568553987><TERRORIST>" say "res live"
L 07/18/2020 - 20:32:02: "HijoDePuta || Pedro Pascal<4><STEAM_0:0:369456433><CT>" say "res live"
L 07/18/2020 - 20:32:03: "Flash Guardians || Stufu<9><STEAM_0:1:147341737><TERRORIST>" say "LIVE"
L 07/18/2020 - 20:32:04: "HijoDePuta || Pedro Pascal<4><STEAM_0:0:369456433><CT>" say "live"
L 07/18/2020 - 20:32:06: "Flash Guardians || @cH!lL!eS<1><STEAM_0:0:1568553987><TERRORIST>" say "live"
L 07/18/2020 - 20:32:08: World triggered "Round_Start"
L 07/18/2020 - 20:32:44: "Flash Guardians || @cH!lL!eS<1><STEAM_0:0:1568553987><TERRORIST>" killed "HijoDePuta || Escobar<11><STEAM_0:0:353062145><CT>" with "elite"
L 07/18/2020 - 20:32:46: "Flash Guardians || pRo_rvLTN<3><STEAM_0:1:546352772><TERRORIST>" killed "HijoDePuta || InIEsta<7><STEAM_0:0:209561119><CT>" with "deagle"
L 07/18/2020 - 20:32:53: "Flash Guardians || pRo_rvLTN<3><STEAM_0:1:546352772><TERRORIST>" triggered "Planted_The_Bomb"
L 07/18/2020 - 20:32:55: "HijoDePuta || DaNtE {<8><STEAM_0:0:1414580386><CT>" killed "Flash Guardians || assassin<6><STEAM_0:1:550589384><TERRORIST>" with "usp"
L 07/18/2020 - 20:32:56: "HijoDePuta || DaNtE {<8><STEAM_0:0:1414580386><CT>" killed "Flash Guardians || @cH!lL!eS<1><STEAM_0:0:1568553987><TERRORIST>" with "usp"
L 07/18/2020 - 20:33:01: "Flash Guardians || Gupto Googly<5><STEAM_0:0:355901680><TERRORIST>" killed "HijoDePuta || Pedro Pascal<4><STEAM_0:0:369456433><CT>" with "glock18"
L 07/18/2020 - 20:33:05: "HijoDePuta || DaNtE {<8><STEAM_0:0:1414580386><CT>" killed "Flash Guardians || pRo_rvLTN<3><STEAM_0:1:546352772><TERRORIST>" with "usp"
L 07/18/2020 - 20:33:09: "Flash Guardians || Gupto Googly<5><STEAM_0:0:355901680><TERRORIST>" killed "HijoDePuta || PachO HErrErA<2><STEAM_0:1:539804210><CT>" with "usp"
L 07/18/2020 - 20:33:10: "HijoDePuta || DaNtE {<8><STEAM_0:0:1414580386><CT>" killed "Flash Guardians || Stufu<9><STEAM_0:1:147341737><TERRORIST>" with "usp"
L 07/18/2020 - 20:33:18: "HijoDePuta || DaNtE {<8><STEAM_0:0:1414580386><CT>" triggered "Begin_Bomb_Defuse_With_Kit"
L 07/18/2020 - 20:33:22: "Flash Guardians || Gupto Googly<5><STEAM_0:0:355901680><TERRORIST>" killed "HijoDePuta || DaNtE {<8><STEAM_0:0:1414580386><CT>" with "usp"
L 07/18/2020 - 20:33:22: Team "TERRORIST" triggered "Terrorists_Win" (CT "0") (T "1")
L 07/18/2020 - 20:33:22: World triggered "Round_End"
L 07/18/2020 - 20:33:27: "Flash Guardians || Gupto Googly<5><STEAM_0:0:355901680><TERRORIST>" triggered "Spawned_With_The_Bomb"
L 07/18/2020 - 20:33:34: World triggered "Round_Start"
L 07/18/2020 - 20:34:00: "Flash Guardians || Gupto Googly<5><STEAM_0:0:355901680><TERRORIST>" triggered "Planted_The_Bomb"
L 07/18/2020 - 20:34:03: "Flash Guardians || Stufu<9><STEAM_0:1:147341737><TERRORIST>" killed "HijoDePuta || PachO HErrErA<2><STEAM_0:1:539804210><CT>" with "ak47"
L 07/18/2020 - 20:34:15: "Flash Guardians || assassin<6><STEAM_0:1:550589384><TERRORIST>" killed "HijoDePuta || Pedro Pascal<4><STEAM_0:0:369456433><CT>" with "ak47"
L 07/18/2020 - 20:34:22: "Flash Guardians || Gupto Googly<5><STEAM_0:0:355901680><TERRORIST>" killed "HijoDePuta || InIEsta<7><STEAM_0:0:209561119><CT>" with "ak47"
L 07/18/2020 - 20:34:23: "HijoDePuta || Escobar<11><STEAM_0:0:353062145><CT>" killed "Flash Guardians || Stufu<9><STEAM_0:1:147341737><TERRORIST>" with "usp"
L 07/18/2020 - 20:34:27: "Flash Guardians || pRo_rvLTN<3><STEAM_0:1:546352772><TERRORIST>" killed "HijoDePuta || Escobar<11><STEAM_0:0:353062145><CT>" with "ak47"
L 07/18/2020 - 20:34:39: "HijoDePuta || DaNtE {<8><STEAM_0:0:1414580386><CT>" killed "Flash Guardians || assassin<6><STEAM_0:1:550589384><TERRORIST>" with "usp"
L 07/18/2020 - 20:34:46: Team "TERRORIST" triggered "Target_Bombed" (CT "0") (T "2")
L 07/18/2020 - 20:34:46: World triggered "Round_End"
L 07/18/2020 - 20:34:51: "Flash Guardians || assassin<6><STEAM_0:1:550589384><TERRORIST>" triggered "Spawned_With_The_Bomb"
L 07/18/2020 - 20:34:53: "HijoDePuta || DaNtE {<8><STEAM_0:0:1414580386><CT>" say_team "me b"
L 07/18/2020 - 20:34:57: "HijoDePuta || DaNtE {<8><STEAM_0:0:1414580386><CT>" say_team "a4"
L 07/18/2020 - 20:34:58: World triggered "Round_Start"
L 07/18/2020 - 20:35:10: "HijoDePuta || DaNtE {<8><STEAM_0:0:1414580386><CT>" killed "Flash Guardians || pRo_rvLTN<3><STEAM_0:1:546352772><TERRORIST>" with "ak47"
L 07/18/2020 - 20:35:11: "Flash Guardians || @cH!lL!eS<1><STEAM_0:0:1568553987><TERRORIST>" killed "HijoDePuta || DaNtE {<8><STEAM_0:0:1414580386><CT>" with "ak47"
L 07/18/2020 - 20:35:22: "Flash Guardians || assassin<6><STEAM_0:1:550589384><TERRORIST>" triggered "Planted_The_Bomb"
L 07/18/2020 - 20:35:39: "Flash Guardians || Stufu<9><STEAM_0:1:147341737><TERRORIST>" killed "HijoDePuta || PachO HErrErA<2><STEAM_0:1:539804210><CT>" with "ak47"
L 07/18/2020 - 20:35:39: "Flash Guardians || @cH!lL!eS<1><STEAM_0:0:1568553987><TERRORIST>" killed "HijoDePuta || Escobar<11><STEAM_0:0:353062145><CT>" with "ak47"
L 07/18/2020 - 20:36:02: "Flash Guardians || @cH!lL!eS<1><STEAM_0:0:1568553987><TERRORIST>" killed "HijoDePuta || Pedro Pascal<4><STEAM_0:0:369456433><CT>" with "ak47"
L 07/18/2020 - 20:36:07: Team "TERRORIST" triggered "Target_Bombed" (CT "0") (T "3")
L 07/18/2020 - 20:36:07: World triggered "Round_End"
L 07/18/2020 - 20:36:12: "Flash Guardians || Stufu<9><STEAM_0:1:147341737><TERRORIST>" triggered "Spawned_With_The_Bomb"
L 07/18/2020 - 20:36:19: World triggered "Round_Start"
L 07/18/2020 - 20:37:21: "Flash Guardians || assassin<6><STEAM_0:1:550589384><TERRORIST>" killed "HijoDePuta || Escobar<11><STEAM_0:0:353062145><CT>" with "ak47"
L 07/18/2020 - 20:37:21: "HijoDePuta || InIEsta<7><STEAM_0:0:209561119><CT>" killed "Flash Guardians || assassin<6><STEAM_0:1:550589384><TERRORIST>" with "ak47"
L 07/18/2020 - 20:37:26: "HijoDePuta || InIEsta<7><STEAM_0:0:209561119><CT>" killed "Flash Guardians || Stufu<9><STEAM_0:1:147341737><TERRORIST>" with "ak47"
L 07/18/2020 - 20:37:26: "Flash Guardians || Stufu<9><STEAM_0:1:147341737><TERRORIST>" triggered "Dropped_The_Bomb"
L 07/18/2020 - 20:37:29: "HijoDePuta || InIEsta<7><STEAM_0:0:209561119><CT>" killed "Flash Guardians || @cH!lL!eS<1><STEAM_0:0:1568553987><TERRORIST>" with "ak47"
L 07/18/2020 - 20:37:35: "Flash Guardians || pRo_rvLTN<3><STEAM_0:1:546352772><TERRORIST>" killed "HijoDePuta || InIEsta<7><STEAM_0:0:209561119><CT>" with "ak47"
L 07/18/2020 - 20:37:35: "HijoDePuta || Pedro Pascal<4><STEAM_0:0:369456433><CT>" killed "Flash Guardians || pRo_rvLTN<3><STEAM_0:1:546352772><TERRORIST>" with "m4a1"
L 07/18/2020 - 20:37:46: "HijoDePuta || PachO HErrErA<2><STEAM_0:1:539804210><CT>" killed "Flash Guardians || Gupto Googly<5><STEAM_0:0:355901680><TERRORIST>" with "grenade"
L 07/18/2020 - 20:37:46: Team "CT" triggered "CTs_Win" (CT "1") (T "3")
L 07/18/2020 - 20:37:46: World triggered "Round_End"
L 07/18/2020 - 20:37:51: "Flash Guardians || @cH!lL!eS<1><STEAM_0:0:1568553987><TERRORIST>" triggered "Spawned_With_The_Bomb"
L 07/18/2020 - 20:37:58: World triggered "Round_Start"
L 07/18/2020 - 20:38:01: "Flash Guardians || @cH!lL!eS<1><STEAM_0:0:1568553987><TERRORIST>" triggered "Dropped_The_Bomb"
L 07/18/2020 - 20:38:02: "Flash Guardians || Stufu<9><STEAM_0:1:147341737><TERRORIST>" triggered "Got_The_Bomb"
L 07/18/2020 - 20:39:12: "Flash Guardians || Stufu<9><STEAM_0:1:147341737><TERRORIST>" killed "HijoDePuta || Pedro Pascal<4><STEAM_0:0:369456433><CT>" with "ak47"
L 07/18/2020 - 20:39:33: "Flash Guardians || @cH!lL!eS<1><STEAM_0:0:1568553987><TERRORIST>" killed "HijoDePuta || PachO HErrErA<2><STEAM_0:1:539804210><CT>" with "ak47"
L 07/18/2020 - 20:39:33: "HijoDePuta || DaNtE {<8><STEAM_0:0:1414580386><CT>" killed "Flash Guardians || Stufu<9><STEAM_0:1:147341737><TERRORIST>" with "awp"
L 07/18/2020 - 20:39:33: "Flash Guardians || Stufu<9><STEAM_0:1:147341737><TERRORIST>" triggered "Dropped_The_Bomb"
L 07/18/2020 - 20:39:35: "Flash Guardians || Gupto Googly<5><STEAM_0:0:355901680><TERRORIST>" killed "HijoDePuta || InIEsta<7><STEAM_0:0:209561119><CT>" with "galil"
L 07/18/2020 - 20:39:36: "HijoDePuta || DaNtE {<8><STEAM_0:0:1414580386><CT>" killed "Flash Guardians || assassin<6><STEAM_0:1:550589384><TERRORIST>" with "awp"
L 07/18/2020 - 20:39:37: "Flash Guardians || @cH!lL!eS<1><STEAM_0:0:1568553987><TERRORIST>" killed "HijoDePuta || DaNtE {<8><STEAM_0:0:1414580386><CT>" with "ak47"
L 07/18/2020 - 20:39:40: "Flash Guardians || Gupto Googly<5><STEAM_0:0:355901680><TERRORIST>" killed "HijoDePuta || Escobar<11><STEAM_0:0:353062145><CT>" with "galil"
L 07/18/2020 - 20:39:40: Team "TERRORIST" triggered "Terrorists_Win" (CT "1") (T "4")
L 07/18/2020 - 20:39:40: World triggered "Round_End"
L 07/18/2020 - 20:39:45: "Flash Guardians || pRo_rvLTN<3><STEAM_0:1:546352772><TERRORIST>" triggered "Spawned_With_The_Bomb"
L 07/18/2020 - 20:39:51: "Flash Guardians || pRo_rvLTN<3><STEAM_0:1:546352772><TERRORIST>" triggered "Dropped_The_Bomb"
L 07/18/2020 - 20:39:52: World triggered "Round_Start"
L 07/18/2020 - 20:39:54: "Flash Guardians || Stufu<9><STEAM_0:1:147341737><TERRORIST>" triggered "Got_The_Bomb"
L 07/18/2020 - 20:40:13: "Flash Guardians || Stufu<9><STEAM_0:1:147341737><TERRORIST>" triggered "Dropped_The_Bomb"
L 07/18/2020 - 20:40:17: "Flash Guardians || Gupto Googly<5><STEAM_0:0:355901680><TERRORIST>" triggered "Got_The_Bomb"
L 07/18/2020 - 20:40:57: "HijoDePuta || PachO HErrErA<2><STEAM_0:1:539804210><CT>" killed "Flash Guardians || Stufu<9><STEAM_0:1:147341737><TERRORIST>" with "m4a1"
L 07/18/2020 - 20:40:59: "Flash Guardians || pRo_rvLTN<3><STEAM_0:1:546352772><TERRORIST>" killed "HijoDePuta || Escobar<11><STEAM_0:0:353062145><CT>" with "awp"
L 07/18/2020 - 20:41:04: "HijoDePuta || DaNtE {<8><STEAM_0:0:1414580386><CT>" killed "Flash Guardians || assassin<6><STEAM_0:1:550589384><TERRORIST>" with "m4a1"
L 07/18/2020 - 20:41:10: "Flash Guardians || @cH!lL!eS<1><STEAM_0:0:1568553987><TERRORIST>" killed "HijoDePuta || Pedro Pascal<4><STEAM_0:0:369456433><CT>" with "m4a1"
L 07/18/2020 - 20:41:12: "Flash Guardians || pRo_rvLTN<3><STEAM_0:1:546352772><TERRORIST>" killed "HijoDePuta || InIEsta<7><STEAM_0:0:209561119><CT>" with "awp"
L 07/18/2020 - 20:41:24: "HijoDePuta || PachO HErrErA<2><STEAM_0:1:539804210><CT>" killed "Flash Guardians || pRo_rvLTN<3><STEAM_0:1:546352772><TERRORIST>" with "m4a1"
L 07/18/2020 - 20:41:29: "Flash Guardians || Gupto Googly<5><STEAM_0:0:355901680><TERRORIST>" triggered "Planted_The_Bomb"
L 07/18/2020 - 20:41:38: "Flash Guardians || Gupto Googly<5><STEAM_0:0:355901680><TERRORIST>" killed "HijoDePuta || DaNtE {<8><STEAM_0:0:1414580386><CT>" with "grenade"
L 07/18/2020 - 20:41:39: "Flash Guardians || Gupto Googly<5><STEAM_0:0:355901680><TERRORIST>" killed "HijoDePuta || PachO HErrErA<2><STEAM_0:1:539804210><CT>" with "m4a1"
L 07/18/2020 - 20:41:39: Team "TERRORIST" triggered "Terrorists_Win" (CT "1") (T "5")
L 07/18/2020 - 20:41:39: World triggered "Round_End"
L 07/18/2020 - 20:41:44: "Flash Guardians || Gupto Googly<5><STEAM_0:0:355901680><TERRORIST>" triggered "Spawned_With_The_Bomb"
L 07/18/2020 - 20:41:51: "HijoDePuta || DaNtE {<8><STEAM_0:0:1414580386><CT>" say_team "3 long"
L 07/18/2020 - 20:41:51: World triggered "Round_Start"
L 07/18/2020 - 20:42:13: "HijoDePuta || DaNtE {<8><STEAM_0:0:1414580386><CT>" killed "Flash Guardians || Stufu<9><STEAM_0:1:147341737><TERRORIST>" with "usp"
L 07/18/2020 - 20:42:16: "Flash Guardians || pRo_rvLTN<3><STEAM_0:1:546352772><TERRORIST>" killed "HijoDePuta || Pedro Pascal<4><STEAM_0:0:369456433><CT>" with "awp"
L 07/18/2020 - 20:42:31: "Flash Guardians || @cH!lL!eS<1><STEAM_0:0:1568553987><TERRORIST>" killed "HijoDePuta || DaNtE {<8><STEAM_0:0:1414580386><CT>" with "m4a1"
L 07/18/2020 - 20:42:34: "Flash Guardians || @cH!lL!eS<1><STEAM_0:0:1568553987><TERRORIST>" killed "HijoDePuta || InIEsta<7><STEAM_0:0:209561119><CT>" with "m4a1"
L 07/18/2020 - 20:43:02: "Flash Guardians || Gupto Googly<5><STEAM_0:0:355901680><TERRORIST>" triggered "Planted_The_Bomb"
L 07/18/2020 - 20:43:14: "HijoDePuta || PachO HErrErA<2><STEAM_0:1:539804210><CT>" killed "Flash Guardians || Gupto Googly<5><STEAM_0:0:355901680><TERRORIST>" with "ak47"
L 07/18/2020 - 20:43:17: "Flash Guardians || pRo_rvLTN<3><STEAM_0:1:546352772><TERRORIST>" killed "HijoDePuta || PachO HErrErA<2><STEAM_0:1:539804210><CT>" with "awp"
L 07/18/2020 - 20:43:21: "Flash Guardians || assassin<6><STEAM_0:1:550589384><TERRORIST>" killed "HijoDePuta || Escobar<11><STEAM_0:0:353062145><CT>" with "galil"
L 07/18/2020 - 20:43:21: Team "TERRORIST" triggered "Terrorists_Win" (CT "1") (T "6")
L 07/18/2020 - 20:43:21: World triggered "Round_End"
L 07/18/2020 - 20:43:26: "Flash Guardians || assassin<6><STEAM_0:1:550589384><TERRORIST>" triggered "Spawned_With_The_Bomb"
L 07/18/2020 - 20:43:33: World triggered "Round_Start"
L 07/18/2020 - 20:43:57: "Flash Guardians || assassin<6><STEAM_0:1:550589384><TERRORIST>" triggered "Dropped_The_Bomb"
L 07/18/2020 - 20:43:57: "Flash Guardians || Gupto Googly<5><STEAM_0:0:355901680><TERRORIST>" triggered "Got_The_Bomb"
L 07/18/2020 - 20:44:21: "Flash Guardians || assassin<6><STEAM_0:1:550589384><TERRORIST>" killed "HijoDePuta || Pedro Pascal<4><STEAM_0:0:369456433><CT>" with "galil"
L 07/18/2020 - 20:44:31: "Flash Guardians || @cH!lL!eS<1><STEAM_0:0:1568553987><TERRORIST>" killed "HijoDePuta || DaNtE {<8><STEAM_0:0:1414580386><CT>" with "m4a1"
L 07/18/2020 - 20:44:41: "HijoDePuta || Escobar<11><STEAM_0:0:353062145><CT>" killed "Flash Guardians || @cH!lL!eS<1><STEAM_0:0:1568553987><TERRORIST>" with "m4a1"
L 07/18/2020 - 20:44:46: "HijoDePuta || PachO HErrErA<2><STEAM_0:1:539804210><CT>" killed "Flash Guardians || pRo_rvLTN<3><STEAM_0:1:546352772><TERRORIST>" with "m4a1"
L 07/18/2020 - 20:44:50: "HijoDePuta || InIEsta<7><STEAM_0:0:209561119><CT>" killed "Flash Guardians || assassin<6><STEAM_0:1:550589384><TERRORIST>" with "famas"
L 07/18/2020 - 20:44:55: "Flash Guardians || Gupto Googly<5><STEAM_0:0:355901680><TERRORIST>" killed "HijoDePuta || InIEsta<7><STEAM_0:0:209561119><CT>" with "ak47"
L 07/18/2020 - 20:45:01: "Flash Guardians || Stufu<9><STEAM_0:1:147341737><TERRORIST>" killed "HijoDePuta || Escobar<11><STEAM_0:0:353062145><CT>" with "ak47"
L 07/18/2020 - 20:45:02: "Flash Guardians || Gupto Googly<5><STEAM_0:0:355901680><TERRORIST>" triggered "Planted_The_Bomb"
L 07/18/2020 - 20:45:15: "HijoDePuta || PachO HErrErA<2><STEAM_0:1:539804210><CT>" killed "Flash Guardians || Stufu<9><STEAM_0:1:147341737><TERRORIST>" with "awp"
L 07/18/2020 - 20:45:29: "HijoDePuta || PachO HErrErA<2><STEAM_0:1:539804210><CT>" triggered "Begin_Bomb_Defuse_With_Kit"
L 07/18/2020 - 20:45:34: "HijoDePuta || PachO HErrErA<2><STEAM_0:1:539804210><CT>" triggered "Defused_The_Bomb"
L 07/18/2020 - 20:45:34: Team "CT" triggered "Bomb_Defused" (CT "2") (T "6")
L 07/18/2020 - 20:45:34: World triggered "Round_End"
L 07/18/2020 - 20:45:39: "Flash Guardians || Gupto Googly<5><STEAM_0:0:355901680><TERRORIST>" killed "HijoDePuta || PachO HErrErA<2><STEAM_0:1:539804210><CT>" with "ak47"
L 07/18/2020 - 20:45:40: "Flash Guardians || Stufu<9><STEAM_0:1:147341737><TERRORIST>" triggered "Spawned_With_The_Bomb"
L 07/18/2020 - 20:45:47: World triggered "Round_Start"
L 07/18/2020 - 20:46:26: "Flash Guardians || assassin<6><STEAM_0:1:550589384><TERRORIST>" killed "HijoDePuta || Pedro Pascal<4><STEAM_0:0:369456433><CT>" with "glock18"
L 07/18/2020 - 20:46:43: "HijoDePuta || PachO HErrErA<2><STEAM_0:1:539804210><CT>" killed "Flash Guardians || Gupto Googly<5><STEAM_0:0:355901680><TERRORIST>" with "m4a1"
L 07/18/2020 - 20:46:50: "HijoDePuta || InIEsta<7><STEAM_0:0:209561119><CT>" killed "Flash Guardians || assassin<6><STEAM_0:1:550589384><TERRORIST>" with "famas"
L 07/18/2020 - 20:46:54: "Flash Guardians || @cH!lL!eS<1><STEAM_0:0:1568553987><TERRORIST>" killed "HijoDePuta || PachO HErrErA<2><STEAM_0:1:539804210><CT>" with "ak47"
L 07/18/2020 - 20:46:56: "Flash Guardians || Stufu<9><STEAM_0:1:147341737><TERRORIST>" triggered "Planted_The_Bomb"
L 07/18/2020 - 20:47:04: "Flash Guardians || pRo_rvLTN<3><STEAM_0:1:546352772><TERRORIST>" killed "HijoDePuta || InIEsta<7><STEAM_0:0:209561119><CT>" with "glock18"
L 07/18/2020 - 20:47:13: "Flash Guardians || Stufu<9><STEAM_0:1:147341737><TERRORIST>" killed "HijoDePuta || Escobar<11><STEAM_0:0:353062145><CT>" with "ak47"
L 07/18/2020 - 20:47:17: "HijoDePuta || DaNtE {<8><STEAM_0:0:1414580386><CT>" killed "Flash Guardians || pRo_rvLTN<3><STEAM_0:1:546352772><TERRORIST>" with "famas"
L 07/18/2020 - 20:47:22: "HijoDePuta || DaNtE {<8><STEAM_0:0:1414580386><CT>" killed "Flash Guardians || Stufu<9><STEAM_0:1:147341737><TERRORIST>" with "famas"
L 07/18/2020 - 20:47:27: "Flash Guardians || @cH!lL!eS<1><STEAM_0:0:1568553987><TERRORIST>" killed "HijoDePuta || DaNtE {<8><STEAM_0:0:1414580386><CT>" with "ak47"
L 07/18/2020 - 20:47:27: Team "TERRORIST" triggered "Terrorists_Win" (CT "2") (T "7")
L 07/18/2020 - 20:47:27: World triggered "Round_End"
L 07/18/2020 - 20:47:32: "Flash Guardians || @cH!lL!eS<1><STEAM_0:0:1568553987><TERRORIST>" triggered "Spawned_With_The_Bomb"
L 07/18/2020 - 20:47:37: "HijoDePuta || DaNtE {<8><STEAM_0:0:1414580386><CT>" say_team "e"
L 07/18/2020 - 20:47:39: World triggered "Round_Start"
L 07/18/2020 - 20:47:55: "Flash Guardians || Stufu<9><STEAM_0:1:147341737><TERRORIST>" killed "HijoDePuta || PachO HErrErA<2><STEAM_0:1:539804210><CT>" with "ak47"
L 07/18/2020 - 20:47:56: "Flash Guardians || Stufu<9><STEAM_0:1:147341737><TERRORIST>" killed "HijoDePuta || DaNtE {<8><STEAM_0:0:1414580386><CT>" with "ak47"
L 07/18/2020 - 20:48:03: "Flash Guardians || @cH!lL!eS<1><STEAM_0:0:1568553987><TERRORIST>" triggered "Planted_The_Bomb"
L 07/18/2020 - 20:48:25: "HijoDePuta || Escobar<11><STEAM_0:0:353062145><CT>" killed "Flash Guardians || assassin<6><STEAM_0:1:550589384><TERRORIST>" with "usp"
L 07/18/2020 - 20:48:30: "HijoDePuta || Pedro Pascal<4><STEAM_0:0:369456433><CT>" killed "Flash Guardians || Stufu<9><STEAM_0:1:147341737><TERRORIST>" with "mp5navy"
L 07/18/2020 - 20:48:31: "Flash Guardians || pRo_rvLTN<3><STEAM_0:1:546352772><TERRORIST>" killed "HijoDePuta || InIEsta<7><STEAM_0:0:209561119><CT>" with "ak47"
L 07/18/2020 - 20:48:38: "HijoDePuta || Pedro Pascal<4><STEAM_0:0:369456433><CT>" killed "Flash Guardians || pRo_rvLTN<3><STEAM_0:1:546352772><TERRORIST>" with "mp5navy"
L 07/18/2020 - 20:48:38: "Flash Guardians || @cH!lL!eS<1><STEAM_0:0:1568553987><TERRORIST>" killed "HijoDePuta || Escobar<11><STEAM_0:0:353062145><CT>" with "ak47"
L 07/18/2020 - 20:48:42: "Flash Guardians || @cH!lL!eS<1><STEAM_0:0:1568553987><TERRORIST>" killed "HijoDePuta || Pedro Pascal<4><STEAM_0:0:369456433><CT>" with "ak47"
L 07/18/2020 - 20:48:42: Team "TERRORIST" triggered "Terrorists_Win" (CT "2") (T "8")
L 07/18/2020 - 20:48:42: World triggered "Round_End"
L 07/18/2020 - 20:48:47: "Flash Guardians || pRo_rvLTN<3><STEAM_0:1:546352772><TERRORIST>" triggered "Spawned_With_The_Bomb"
L 07/18/2020 - 20:48:50: "HijoDePuta || DaNtE {<8><STEAM_0:0:1414580386><CT>" say_team "ume shrt"
L 07/18/2020 - 20:48:54: World triggered "Round_Start"
L 07/18/2020 - 20:49:09: "HijoDePuta || Escobar<11><STEAM_0:0:353062145><CT>" killed "Flash Guardians || Gupto Googly<5><STEAM_0:0:355901680><TERRORIST>" with "m4a1"
L 07/18/2020 - 20:49:10: "Flash Guardians || Stufu<9><STEAM_0:1:147341737><TERRORIST>" killed "HijoDePuta || Escobar<11><STEAM_0:0:353062145><CT>" with "ak47"
L 07/18/2020 - 20:49:10: "HijoDePuta || PachO HErrErA<2><STEAM_0:1:539804210><CT>" killed "Flash Guardians || @cH!lL!eS<1><STEAM_0:0:1568553987><TERRORIST>" with "m4a1"
L 07/18/2020 - 20:49:11: "Flash Guardians || Stufu<9><STEAM_0:1:147341737><TERRORIST>" killed "HijoDePuta || PachO HErrErA<2><STEAM_0:1:539804210><CT>" with "ak47"
L 07/18/2020 - 20:49:20: "Flash Guardians || pRo_rvLTN<3><STEAM_0:1:546352772><TERRORIST>" triggered "Planted_The_Bomb"
L 07/18/2020 - 20:49:24: "HijoDePuta || Pedro Pascal<4><STEAM_0:0:369456433><CT>" killed "Flash Guardians || Stufu<9><STEAM_0:1:147341737><TERRORIST>" with "mp5navy"
L 07/18/2020 - 20:49:28: "Flash Guardians || pRo_rvLTN<3><STEAM_0:1:546352772><TERRORIST>" killed "HijoDePuta || InIEsta<7><STEAM_0:0:209561119><CT>" with "ak47"
L 07/18/2020 - 20:49:29: "HijoDePuta || DaNtE {<8><STEAM_0:0:1414580386><CT>" killed "Flash Guardians || assassin<6><STEAM_0:1:550589384><TERRORIST>" with "famas"
L 07/18/2020 - 20:49:31: "Flash Guardians || pRo_rvLTN<3><STEAM_0:1:546352772><TERRORIST>" killed "HijoDePuta || Pedro Pascal<4><STEAM_0:0:369456433><CT>" with "ak47"
L 07/18/2020 - 20:49:45: "HijoDePuta || DaNtE {<8><STEAM_0:0:1414580386><CT>" killed "Flash Guardians || pRo_rvLTN<3><STEAM_0:1:546352772><TERRORIST>" with "famas"
L 07/18/2020 - 20:49:53: "HijoDePuta || DaNtE {<8><STEAM_0:0:1414580386><CT>" triggered "Begin_Bomb_Defuse_With_Kit"
L 07/18/2020 - 20:49:58: "HijoDePuta || DaNtE {<8><STEAM_0:0:1414580386><CT>" triggered "Defused_The_Bomb"
L 07/18/2020 - 20:49:58: Team "CT" triggered "Bomb_Defused" (CT "3") (T "8")
L 07/18/2020 - 20:49:58: World triggered "Round_End"
L 07/18/2020 - 20:50:03: "Flash Guardians || Gupto Googly<5><STEAM_0:0:355901680><TERRORIST>" triggered "Spawned_With_The_Bomb"
L 07/18/2020 - 20:50:10: World triggered "Round_Start"
L 07/18/2020 - 20:51:15: "Flash Guardians || @cH!lL!eS<1><STEAM_0:0:1568553987><TERRORIST>" killed "HijoDePuta || PachO HErrErA<2><STEAM_0:1:539804210><CT>" with "ak47"
L 07/18/2020 - 20:51:24: "HijoDePuta || Escobar<11><STEAM_0:0:353062145><CT>" killed "Flash Guardians || @cH!lL!eS<1><STEAM_0:0:1568553987><TERRORIST>" with "m4a1"
L 07/18/2020 - 20:51:29: "Flash Guardians || Stufu<9><STEAM_0:1:147341737><TERRORIST>" killed "HijoDePuta || DaNtE {<8><STEAM_0:0:1414580386><CT>" with "ak47"
L 07/18/2020 - 20:51:41: "HijoDePuta || Pedro Pascal<4><STEAM_0:0:369456433><CT>" killed "Flash Guardians || Stufu<9><STEAM_0:1:147341737><TERRORIST>" with "mp5navy"
L 07/18/2020 - 20:51:45: "Flash Guardians || pRo_rvLTN<3><STEAM_0:1:546352772><TERRORIST>" killed "HijoDePuta || Pedro Pascal<4><STEAM_0:0:369456433><CT>" with "awp"
L 07/18/2020 - 20:51:49: "Flash Guardians || Gupto Googly<5><STEAM_0:0:355901680><TERRORIST>" triggered "Planted_The_Bomb"
L 07/18/2020 - 20:51:58: "HijoDePuta || Escobar<11><STEAM_0:0:353062145><CT>" killed "Flash Guardians || Gupto Googly<5><STEAM_0:0:355901680><TERRORIST>" with "m4a1"
L 07/18/2020 - 20:52:01: "Flash Guardians || pRo_rvLTN<3><STEAM_0:1:546352772><TERRORIST>" killed "HijoDePuta || Escobar<11><STEAM_0:0:353062145><CT>" with "awp"
L 07/18/2020 - 20:52:09: "Flash Guardians || pRo_rvLTN<3><STEAM_0:1:546352772><TERRORIST>" killed "HijoDePuta || InIEsta<7><STEAM_0:0:209561119><CT>" with "awp"
L 07/18/2020 - 20:52:09: Team "TERRORIST" triggered "Terrorists_Win" (CT "3") (T "9")
L 07/18/2020 - 20:52:09: World triggered "Round_End"
L 07/18/2020 - 20:52:14: "Flash Guardians || assassin<6><STEAM_0:1:550589384><TERRORIST>" triggered "Spawned_With_The_Bomb"
L 07/18/2020 - 20:52:21: World triggered "Round_Start"
L 07/18/2020 - 20:52:48: "HijoDePuta || DaNtE {<8><STEAM_0:0:1414580386><CT>" killed "Flash Guardians || Stufu<9><STEAM_0:1:147341737><TERRORIST>" with "deagle"
L 07/18/2020 - 20:52:58: "HijoDePuta || Pedro Pascal<4><STEAM_0:0:369456433><CT>" killed "Flash Guardians || @cH!lL!eS<1><STEAM_0:0:1568553987><TERRORIST>" with "usp"
L 07/18/2020 - 20:53:04: "Flash Guardians || assassin<6><STEAM_0:1:550589384><TERRORIST>" killed "HijoDePuta || InIEsta<7><STEAM_0:0:209561119><CT>" with "ak47"
L 07/18/2020 - 20:53:06: "Flash Guardians || assassin<6><STEAM_0:1:550589384><TERRORIST>" killed "HijoDePuta || Escobar<11><STEAM_0:0:353062145><CT>" with "ak47"
L 07/18/2020 - 20:53:20: "Flash Guardians || pRo_rvLTN<3><STEAM_0:1:546352772><TERRORIST>" killed "HijoDePuta || PachO HErrErA<2><STEAM_0:1:539804210><CT>" with "awp"
L 07/18/2020 - 20:53:29: "HijoDePuta || DaNtE {<8><STEAM_0:0:1414580386><CT>" killed "Flash Guardians || assassin<6><STEAM_0:1:550589384><TERRORIST>" with "deagle"
L 07/18/2020 - 20:53:29: "Flash Guardians || assassin<6><STEAM_0:1:550589384><TERRORIST>" triggered "Dropped_The_Bomb"
L 07/18/2020 - 20:53:35: "Flash Guardians || Gupto Googly<5><STEAM_0:0:355901680><TERRORIST>" killed "HijoDePuta || DaNtE {<8><STEAM_0:0:1414580386><CT>" with "ak47"
L 07/18/2020 - 20:53:37: "Flash Guardians || Gupto Googly<5><STEAM_0:0:355901680><TERRORIST>" triggered "Got_The_Bomb"
L 07/18/2020 - 20:53:42: "Flash Guardians || Gupto Googly<5><STEAM_0:0:355901680><TERRORIST>" triggered "Planted_The_Bomb"
L 07/18/2020 - 20:53:54: "Flash Guardians || pRo_rvLTN<3><STEAM_0:1:546352772><TERRORIST>" killed "HijoDePuta || Pedro Pascal<4><STEAM_0:0:369456433><CT>" with "glock18"
L 07/18/2020 - 20:53:54: Team "TERRORIST" triggered "Terrorists_Win" (CT "3") (T "10")
L 07/18/2020 - 20:53:54: World triggered "Round_End"
L 07/18/2020 - 20:53:59: "Flash Guardians || Stufu<9><STEAM_0:1:147341737><TERRORIST>" triggered "Spawned_With_The_Bomb"
L 07/18/2020 - 20:54:06: World triggered "Round_Start"
L 07/18/2020 - 20:54:06: "Flash Guardians || Stufu<9><STEAM_0:1:147341737><TERRORIST>" triggered "Dropped_The_Bomb"
L 07/18/2020 - 20:54:08: "Flash Guardians || Gupto Googly<5><STEAM_0:0:355901680><TERRORIST>" triggered "Got_The_Bomb"
L 07/18/2020 - 20:54:20: "HijoDePuta || DaNtE {<8><STEAM_0:0:1414580386><CT>" killed "Flash Guardians || Stufu<9><STEAM_0:1:147341737><TERRORIST>" with "awp"
L 07/18/2020 - 20:54:42: "Flash Guardians || @cH!lL!eS<1><STEAM_0:0:1568553987><TERRORIST>" killed "HijoDePuta || Escobar<11><STEAM_0:0:353062145><CT>" with "ak47"
L 07/18/2020 - 20:54:53: "HijoDePuta || InIEsta<7><STEAM_0:0:209561119><CT>" killed "Flash Guardians || Gupto Googly<5><STEAM_0:0:355901680><TERRORIST>" with "m4a1"
L 07/18/2020 - 20:54:53: "Flash Guardians || Gupto Googly<5><STEAM_0:0:355901680><TERRORIST>" triggered "Dropped_The_Bomb"
L 07/18/2020 - 20:54:55: "Flash Guardians || @cH!lL!eS<1><STEAM_0:0:1568553987><TERRORIST>" killed "HijoDePuta || InIEsta<7><STEAM_0:0:209561119><CT>" with "ak47"
L 07/18/2020 - 20:54:59: "HijoDePuta || DaNtE {<8><STEAM_0:0:1414580386><CT>" killed "Flash Guardians || pRo_rvLTN<3><STEAM_0:1:546352772><TERRORIST>" with "awp"
L 07/18/2020 - 20:55:11: "Flash Guardians || @cH!lL!eS<1><STEAM_0:0:1568553987><TERRORIST>" triggered "Got_The_Bomb"
L 07/18/2020 - 20:55:20: "HijoDePuta || PachO HErrErA<2><STEAM_0:1:539804210><CT>" killed "Flash Guardians || assassin<6><STEAM_0:1:550589384><TERRORIST>" with "m4a1"
L 07/18/2020 - 20:55:33: "HijoDePuta || Pedro Pascal<4><STEAM_0:0:369456433><CT>" killed "Flash Guardians || @cH!lL!eS<1><STEAM_0:0:1568553987><TERRORIST>" with "m4a1"
L 07/18/2020 - 20:55:33: Team "CT" triggered "CTs_Win" (CT "4") (T "10")
L 07/18/2020 - 20:55:33: World triggered "Round_End"
L 07/18/2020 - 20:55:38: "Flash Guardians || @cH!lL!eS<1><STEAM_0:0:1568553987><TERRORIST>" triggered "Spawned_With_The_Bomb"
L 07/18/2020 - 20:55:45: World triggered "Round_Start"
L 07/18/2020 - 20:56:24: "Flash Guardians || @cH!lL!eS<1><STEAM_0:0:1568553987><TERRORIST>" triggered "Dropped_The_Bomb"
L 07/18/2020 - 20:56:26: "Flash Guardians || assassin<6><STEAM_0:1:550589384><TERRORIST>" triggered "Got_The_Bomb"
L 07/18/2020 - 20:56:39: "HijoDePuta || DaNtE {<8><STEAM_0:0:1414580386><CT>" killed "Flash Guardians || Stufu<9><STEAM_0:1:147341737><TERRORIST>" with "awp"
L 07/18/2020 - 20:56:47: "HijoDePuta || Pedro Pascal<4><STEAM_0:0:369456433><CT>" killed "Flash Guardians || Gupto Googly<5><STEAM_0:0:355901680><TERRORIST>" with "m4a1"
L 07/18/2020 - 20:56:47: "Flash Guardians || pRo_rvLTN<3><STEAM_0:1:546352772><TERRORIST>" killed "HijoDePuta || PachO HErrErA<2><STEAM_0:1:539804210><CT>" with "ak47"
L 07/18/2020 - 20:56:52: "Flash Guardians || pRo_rvLTN<3><STEAM_0:1:546352772><TERRORIST>" killed "HijoDePuta || Escobar<11><STEAM_0:0:353062145><CT>" with "ak47"
L 07/18/2020 - 20:56:58: "HijoDePuta || Pedro Pascal<4><STEAM_0:0:369456433><CT>" killed "Flash Guardians || pRo_rvLTN<3><STEAM_0:1:546352772><TERRORIST>" with "m4a1"
L 07/18/2020 - 20:57:07: "Flash Guardians || assassin<6><STEAM_0:1:550589384><TERRORIST>" killed "HijoDePuta || InIEsta<7><STEAM_0:0:209561119><CT>" with "ak47"
L 07/18/2020 - 20:57:12: "HijoDePuta || DaNtE {<8><STEAM_0:0:1414580386><CT>" killed "Flash Guardians || @cH!lL!eS<1><STEAM_0:0:1568553987><TERRORIST>" with "awp"
L 07/18/2020 - 20:57:27: "HijoDePuta || DaNtE {<8><STEAM_0:0:1414580386><CT>" say_team "a"
L 07/18/2020 - 20:57:39: "Flash Guardians || assassin<6><STEAM_0:1:550589384><TERRORIST>" triggered "Planted_The_Bomb"
L 07/18/2020 - 20:57:43: "HijoDePuta || Pedro Pascal<4><STEAM_0:0:369456433><CT>" killed "Flash Guardians || assassin<6><STEAM_0:1:550589384><TERRORIST>" with "m4a1"
L 07/18/2020 - 20:57:52: "HijoDePuta || Pedro Pascal<4><STEAM_0:0:369456433><CT>" triggered "Begin_Bomb_Defuse_With_Kit"
L 07/18/2020 - 20:57:57: "HijoDePuta || Pedro Pascal<4><STEAM_0:0:369456433><CT>" triggered "Defused_The_Bomb"
L 07/18/2020 - 20:57:57: Team "CT" triggered "Bomb_Defused" (CT "5") (T "10")
L 07/18/2020 - 20:57:57: World triggered "Round_End"
L 07/18/2020 - 20:57:59: Rcon: "rcon 2256986440 "Lauda2" SV_RESTART 1" from "106.51.23.87:13170"
L 07/18/2020 - 20:57:59: Server cvar "sv_restart" = "1"
L 07/18/2020 - 20:58:00: Rcon: "rcon 2256986440 "Lauda2" SV_RESTART 1" from "106.51.23.87:13170"
L 07/18/2020 - 20:58:00: Rcon: "rcon 2256986440 "Lauda2" SV_RESTART 1" from "106.51.23.87:13170"
L 07/18/2020 - 20:58:00: World triggered "Restart_Round_(1_second)"
L 07/18/2020 - 20:58:00: Team "CT" scored "5" with "5" players
L 07/18/2020 - 20:58:00: Team "TERRORIST" scored "10" with "5" players
L 07/18/2020 - 20:58:00: Server cvar "sv_restart" = "0"
L 07/18/2020 - 20:58:01: "Flash Guardians || pRo_rvLTN<3><STEAM_0:1:546352772><TERRORIST>" triggered "Spawned_With_The_Bomb"
L 07/18/2020 - 20:58:02: "Flash Guardians || Stufu<9><STEAM_0:1:147341737><TERRORIST>" committed suicide with "world"
L 07/18/2020 - 20:58:02: "Flash Guardians || Stufu<9><STEAM_0:1:147341737><TERRORIST>" joined team "CT"
L 07/18/2020 - 20:58:03: "HijoDePuta || DaNtE {<8><STEAM_0:0:1414580386><CT>" committed suicide with "world"
L 07/18/2020 - 20:58:03: "HijoDePuta || DaNtE {<8><STEAM_0:0:1414580386><CT>" joined team "TERRORIST"
L 07/18/2020 - 20:58:04: "HijoDePuta || PachO HErrErA<2><STEAM_0:1:539804210><CT>" committed suicide with "world"
L 07/18/2020 - 20:58:04: "HijoDePuta || PachO HErrErA<2><STEAM_0:1:539804210><CT>" joined team "TERRORIST"
L 07/18/2020 - 20:58:04: Rcon: "rcon 2256986440 "Lauda2" SV_RESTART 1" from "106.51.23.87:13170"
L 07/18/2020 - 20:58:04: Server cvar "sv_restart" = "1"
L 07/18/2020 - 20:58:04: World triggered "Restart_Round_(1_second)"
L 07/18/2020 - 20:58:04: Team "CT" scored "0" with "4" players
L 07/18/2020 - 20:58:04: Team "TERRORIST" scored "0" with "6" players
L 07/18/2020 - 20:58:04: Server cvar "sv_restart" = "0"
L 07/18/2020 - 20:58:05: "Flash Guardians || assassin<6><STEAM_0:1:550589384><TERRORIST>" committed suicide with "world"
L 07/18/2020 - 20:58:05: "Flash Guardians || assassin<6><STEAM_0:1:550589384><TERRORIST>" joined team "CT"
L 07/18/2020 - 20:58:05: "Flash Guardians || Gupto Googly<5><STEAM_0:0:355901680><TERRORIST>" committed suicide with "world"
L 07/18/2020 - 20:58:05: "Flash Guardians || Gupto Googly<5><STEAM_0:0:355901680><TERRORIST>" joined team "CT"
L 07/18/2020 - 20:58:05: "Flash Guardians || pRo_rvLTN<3><STEAM_0:1:546352772><TERRORIST>" triggered "Spawned_With_The_Bomb"
L 07/18/2020 - 20:58:05: Rcon: "rcon 2256986440 "Lauda2" SV_RESTART 1" from "106.51.23.87:13170"
L 07/18/2020 - 20:58:05: Server cvar "sv_restart" = "1"
L 07/18/2020 - 20:58:05: "HijoDePuta || InIEsta<7><STEAM_0:0:209561119><CT>" committed suicide with "world"
L 07/18/2020 - 20:58:05: "HijoDePuta || InIEsta<7><STEAM_0:0:209561119><CT>" joined team "TERRORIST"
L 07/18/2020 - 20:58:06: "HijoDePuta || Escobar<11><STEAM_0:0:353062145><CT>" committed suicide with "world"
L 07/18/2020 - 20:58:06: "HijoDePuta || Escobar<11><STEAM_0:0:353062145><CT>" joined team "TERRORIST"
L 07/18/2020 - 20:58:06: World triggered "Restart_Round_(1_second)"
L 07/18/2020 - 20:58:06: Team "CT" scored "0" with "4" players
L 07/18/2020 - 20:58:06: Team "TERRORIST" scored "0" with "6" players
L 07/18/2020 - 20:58:06: Server cvar "sv_restart" = "0"
L 07/18/2020 - 20:58:06: Rcon: "rcon 2256986440 "Lauda2" SV_RESTART 1" from "106.51.23.87:13170"
L 07/18/2020 - 20:58:06: Server cvar "sv_restart" = "1"
L 07/18/2020 - 20:58:06: "Flash Guardians || @cH!lL!eS<1><STEAM_0:0:1568553987><TERRORIST>" committed suicide with "world"
L 07/18/2020 - 20:58:06: "Flash Guardians || @cH!lL!eS<1><STEAM_0:0:1568553987><TERRORIST>" joined team "CT"
L 07/18/2020 - 20:58:07: "HijoDePuta || Pedro Pascal<4><STEAM_0:0:369456433><CT>" committed suicide with "world"
L 07/18/2020 - 20:58:07: "HijoDePuta || Pedro Pascal<4><STEAM_0:0:369456433><CT>" joined team "TERRORIST"
L 07/18/2020 - 20:58:07: "HijoDePuta || DaNtE {<8><STEAM_0:0:1414580386><TERRORIST>" triggered "Spawned_With_The_Bomb"
L 07/18/2020 - 20:58:07: World triggered "Restart_Round_(1_second)"
L 07/18/2020 - 20:58:07: Team "CT" scored "0" with "4" players
L 07/18/2020 - 20:58:07: Team "TERRORIST" scored "0" with "6" players
L 07/18/2020 - 20:58:07: Server cvar "sv_restart" = "0"
L 07/18/2020 - 20:58:08: Rcon: "rcon 2256986440 "Lauda2" SV_RESTART 1" from "106.51.23.87:13170"
L 07/18/2020 - 20:58:08: Server cvar "sv_restart" = "1"
L 07/18/2020 - 20:58:08: "HijoDePuta || PachO HErrErA<2><STEAM_0:1:539804210><TERRORIST>" triggered "Spawned_With_The_Bomb"
L 07/18/2020 - 20:58:08: World triggered "Restart_Round_(1_second)"
L 07/18/2020 - 20:58:08: Team "CT" scored "0" with "4" players
L 07/18/2020 - 20:58:08: Team "TERRORIST" scored "0" with "6" players
L 07/18/2020 - 20:58:08: Server cvar "sv_restart" = "0"
L 07/18/2020 - 20:58:09: "HijoDePuta || PachO HErrErA<2><STEAM_0:1:539804210><TERRORIST>" triggered "Spawned_With_The_Bomb"
L 07/18/2020 - 20:58:10: "Flash Guardians || pRo_rvLTN<3><STEAM_0:1:546352772><TERRORIST>" committed suicide with "world"
L 07/18/2020 - 20:58:10: "Flash Guardians || pRo_rvLTN<3><STEAM_0:1:546352772><TERRORIST>" joined team "CT"
L 07/18/2020 - 20:58:12: Rcon: "rcon 2256986440 "Lauda2" SV_RESTART 1" from "106.51.23.87:13170"
L 07/18/2020 - 20:58:12: Server cvar "sv_restart" = "1"
L 07/18/2020 - 20:58:12: World triggered "Restart_Round_(1_second)"
L 07/18/2020 - 20:58:12: Team "CT" scored "0" with "5" players
L 07/18/2020 - 20:58:12: Team "TERRORIST" scored "0" with "5" players
L 07/18/2020 - 20:58:12: Server cvar "sv_restart" = "0"
L 07/18/2020 - 20:58:13: Rcon: "rcon 2256986440 "Lauda2" SV_RESTART 1" from "106.51.23.87:13170"
L 07/18/2020 - 20:58:13: Server cvar "sv_restart" = "1"
L 07/18/2020 - 20:58:13: "HijoDePuta || Pedro Pascal<4><STEAM_0:0:369456433><TERRORIST>" triggered "Spawned_With_The_Bomb"
L 07/18/2020 - 20:58:13: World triggered "Restart_Round_(1_second)"
L 07/18/2020 - 20:58:13: Team "CT" scored "0" with "5" players
L 07/18/2020 - 20:58:13: Team "TERRORIST" scored "0" with "5" players
L 07/18/2020 - 20:58:13: Server cvar "sv_restart" = "0"
L 07/18/2020 - 20:58:14: "HijoDePuta || InIEsta<7><STEAM_0:0:209561119><TERRORIST>" triggered "Spawned_With_The_Bomb"
L 07/18/2020 - 20:58:21: World triggered "Round_Start"
L 07/18/2020 - 20:59:01: "HijoDePuta || DaNtE {<8><STEAM_0:0:1414580386><TERRORIST>" killed "Flash Guardians || Gupto Googly<5><STEAM_0:0:355901680><CT>" with "glock18"
L 07/18/2020 - 20:59:18: "HijoDePuta || DaNtE {<8><STEAM_0:0:1414580386><TERRORIST>" killed "Flash Guardians || pRo_rvLTN<3><STEAM_0:1:546352772><CT>" with "usp"
L 07/18/2020 - 20:59:22: "HijoDePuta || DaNtE {<8><STEAM_0:0:1414580386><TERRORIST>" killed "Flash Guardians || @cH!lL!eS<1><STEAM_0:0:1568553987><CT>" with "usp"
L 07/18/2020 - 20:59:31: "HijoDePuta || DaNtE {<8><STEAM_0:0:1414580386><TERRORIST>" killed "Flash Guardians || Stufu<9><STEAM_0:1:147341737><CT>" with "usp"
L 07/18/2020 - 20:59:33: Rcon: "rcon 2256986440 "Lauda2" SV_RESTART 1" from "106.51.23.87:13170"
L 07/18/2020 - 20:59:33: Server cvar "sv_restart" = "1"
L 07/18/2020 - 20:59:34: World triggered "Restart_Round_(1_second)"
L 07/18/2020 - 20:59:34: Team "CT" scored "0" with "5" players
L 07/18/2020 - 20:59:34: Team "TERRORIST" scored "0" with "5" players
L 07/18/2020 - 20:59:34: Server cvar "sv_restart" = "0"
L 07/18/2020 - 20:59:35: "HijoDePuta || DaNtE {<8><STEAM_0:0:1414580386><TERRORIST>" triggered "Spawned_With_The_Bomb"
L 07/18/2020 - 20:59:39: "HijoDePuta || DaNtE {<8><STEAM_0:0:1414580386><TERRORIST>" say_team "b rush"
L 07/18/2020 - 20:59:40: "HijoDePuta || DaNtE {<8><STEAM_0:0:1414580386><TERRORIST>" triggered "Dropped_The_Bomb"
L 07/18/2020 - 20:59:42: "HijoDePuta || Pedro Pascal<4><STEAM_0:0:369456433><TERRORIST>" say "ready?"
L 07/18/2020 - 20:59:42: World triggered "Round_Start"
L 07/18/2020 - 20:59:43: "HijoDePuta || Pedro Pascal<4><STEAM_0:0:369456433><TERRORIST>" triggered "Got_The_Bomb"
L 07/18/2020 - 20:59:45: "Flash Guardians || Stufu<9><STEAM_0:1:147341737><CT>" say_team "1 min"
L 07/18/2020 - 20:59:45: "HijoDePuta || DaNtE {<8><STEAM_0:0:1414580386><TERRORIST>" say "res"
L 07/18/2020 - 20:59:47: "Flash Guardians || Stufu<9><STEAM_0:1:147341737><CT>" say "1 min"
L 07/18/2020 - 20:59:58: "HijoDePuta || Escobar<11><STEAM_0:0:353062145><TERRORIST>" say "mamba da afk"
L 07/18/2020 - 21:00:05: "HijoDePuta || InIEsta<7><STEAM_0:0:209561119><TERRORIST>" killed "Flash Guardians || Stufu<9><STEAM_0:1:147341737><CT>" with "deagle"
L 07/18/2020 - 21:00:09: Rcon: "rcon 2256986440 "Lauda2" SV_RESTART 1" from "106.51.23.87:13170"
L 07/18/2020 - 21:00:09: Server cvar "sv_restart" = "1"
L 07/18/2020 - 21:00:10: World triggered "Restart_Round_(1_second)"
L 07/18/2020 - 21:00:10: Team "CT" scored "0" with "5" players
L 07/18/2020 - 21:00:10: Team "TERRORIST" scored "0" with "5" players
L 07/18/2020 - 21:00:10: Server cvar "sv_restart" = "0"
L 07/18/2020 - 21:00:11: "HijoDePuta || Escobar<11><STEAM_0:0:353062145><TERRORIST>" triggered "Spawned_With_The_Bomb"
L 07/18/2020 - 21:00:18: "Flash Guardians || Stufu<9><STEAM_0:1:147341737><CT>" say "yok"
L 07/18/2020 - 21:00:18: World triggered "Round_Start"
L 07/18/2020 - 21:00:39: "HijoDePuta || DaNtE {<8><STEAM_0:0:1414580386><TERRORIST>" killed "Flash Guardians || Gupto Googly<5><STEAM_0:0:355901680><CT>" with "glock18"
L 07/18/2020 - 21:00:47: "HijoDePuta || Pedro Pascal<4><STEAM_0:0:369456433><TERRORIST>" killed "Flash Guardians || assassin<6><STEAM_0:1:550589384><CT>" with "glock18"
L 07/18/2020 - 21:00:47: "HijoDePuta || DaNtE {<8><STEAM_0:0:1414580386><TERRORIST>" killed "Flash Guardians || Stufu<9><STEAM_0:1:147341737><CT>" with "glock18"
L 07/18/2020 - 21:00:50: Rcon: "rcon 2256986440 "Lauda2" SV_RESTART 1" from "106.51.23.87:13170"
L 07/18/2020 - 21:00:50: Server cvar "sv_restart" = "1"
L 07/18/2020 - 21:00:51: World triggered "Restart_Round_(1_second)"
L 07/18/2020 - 21:00:51: Team "CT" scored "0" with "5" players
L 07/18/2020 - 21:00:51: Team "TERRORIST" scored "0" with "5" players
L 07/18/2020 - 21:00:51: Server cvar "sv_restart" = "0"
L 07/18/2020 - 21:00:52: "HijoDePuta || PachO HErrErA<2><STEAM_0:1:539804210><TERRORIST>" triggered "Spawned_With_The_Bomb"
L 07/18/2020 - 21:00:59: World triggered "Round_Start"
L 07/18/2020 - 21:01:01: "HijoDePuta || DaNtE {<8><STEAM_0:0:1414580386><TERRORIST>" say_team "brush"
L 07/18/2020 - 21:01:02: "Flash Guardians || @cH!lL!eS<1><STEAM_0:0:1568553987><CT>" say "ready amra"
L 07/18/2020 - 21:01:05: Rcon: "rcon 2256986440 "Lauda2" SV_RESTART 1" from "106.51.23.87:13170"
L 07/18/2020 - 21:01:05: Server cvar "sv_restart" = "1"
L 07/18/2020 - 21:01:06: World triggered "Restart_Round_(1_second)"
L 07/18/2020 - 21:01:06: Team "CT" scored "0" with "5" players
L 07/18/2020 - 21:01:06: Team "TERRORIST" scored "0" with "5" players
L 07/18/2020 - 21:01:06: Server cvar "sv_restart" = "0"
L 07/18/2020 - 21:01:07: "HijoDePuta || Pedro Pascal<4><STEAM_0:0:369456433><TERRORIST>" triggered "Spawned_With_The_Bomb"
L 07/18/2020 - 21:01:13: "Flash Guardians || Stufu<9><STEAM_0:1:147341737><CT>" say "ready"
L 07/18/2020 - 21:01:14: World triggered "Round_Start"
L 07/18/2020 - 21:01:14: Rcon: "rcon 2256986440 "Lauda2" SV_RESTART 1" from "106.51.23.87:13170"
L 07/18/2020 - 21:01:14: Server cvar "sv_restart" = "1"
L 07/18/2020 - 21:01:15: World triggered "Restart_Round_(1_second)"
L 07/18/2020 - 21:01:15: Team "CT" scored "0" with "5" players
L 07/18/2020 - 21:01:15: Team "TERRORIST" scored "0" with "5" players
L 07/18/2020 - 21:01:15: Server cvar "sv_restart" = "0"
L 07/18/2020 - 21:01:16: "HijoDePuta || InIEsta<7><STEAM_0:0:209561119><TERRORIST>" triggered "Spawned_With_The_Bomb"
L 07/18/2020 - 21:01:16: "Flash Guardians || Stufu<9><STEAM_0:1:147341737><CT>" say "res live"
L 07/18/2020 - 21:01:18: "Flash Guardians || @cH!lL!eS<1><STEAM_0:0:1568553987><CT>" say "live"
L 07/18/2020 - 21:01:22: "Flash Guardians || @cH!lL!eS<1><STEAM_0:0:1568553987><CT>" say "ready?"
L 07/18/2020 - 21:01:23: World triggered "Round_Start"
L 07/18/2020 - 21:01:31: "HijoDePuta || DaNtE {<8><STEAM_0:0:1414580386><TERRORIST>" say "res"
L 07/18/2020 - 21:01:31: "HijoDePuta || Pedro Pascal<4><STEAM_0:0:369456433><TERRORIST>" say "hya"
L 07/18/2020 - 21:01:32: "HijoDePuta || PachO HErrErA<2><STEAM_0:1:539804210><TERRORIST>" say "res"
L 07/18/2020 - 21:01:33: Rcon: "rcon 2256986440 "Lauda2" SV_RESTART 1" from "106.51.23.87:13170"
L 07/18/2020 - 21:01:33: Server cvar "sv_restart" = "1"
L 07/18/2020 - 21:01:33: "Flash Guardians || @cH!lL!eS<1><STEAM_0:0:1568553987><CT>" say "kire bol kichu"
L 07/18/2020 - 21:01:34: "HijoDePuta || Pedro Pascal<4><STEAM_0:0:369456433><TERRORIST>" say "res live"
L 07/18/2020 - 21:01:34: World triggered "Restart_Round_(1_second)"
L 07/18/2020 - 21:01:34: Team "CT" scored "0" with "5" players
L 07/18/2020 - 21:01:34: Team "TERRORIST" scored "0" with "5" players
L 07/18/2020 - 21:01:34: Server cvar "sv_restart" = "0"
L 07/18/2020 - 21:01:35: "HijoDePuta || DaNtE {<8><STEAM_0:0:1414580386><TERRORIST>" triggered "Spawned_With_The_Bomb"
L 07/18/2020 - 21:01:36: "Flash Guardians || @cH!lL!eS<1><STEAM_0:0:1568553987><CT>" say "ok"
L 07/18/2020 - 21:01:38: "Flash Guardians || @cH!lL!eS<1><STEAM_0:0:1568553987><CT>" say "live"
L 07/18/2020 - 21:01:38: "HijoDePuta || DaNtE {<8><STEAM_0:0:1414580386><TERRORIST>" triggered "Dropped_The_Bomb"
L 07/18/2020 - 21:01:42: World triggered "Round_Start"
L 07/18/2020 - 21:01:43: "HijoDePuta || Pedro Pascal<4><STEAM_0:0:369456433><TERRORIST>" triggered "Got_The_Bomb"
L 07/18/2020 - 21:01:45: "HijoDePuta || Pedro Pascal<4><STEAM_0:0:369456433><TERRORIST>" triggered "Dropped_The_Bomb"
L 07/18/2020 - 21:01:48: "HijoDePuta || PachO HErrErA<2><STEAM_0:1:539804210><TERRORIST>" triggered "Got_The_Bomb"
L 07/18/2020 - 21:01:58: "HijoDePuta || InIEsta<7><STEAM_0:0:209561119><TERRORIST>" killed "Flash Guardians || pRo_rvLTN<3><STEAM_0:1:546352772><CT>" with "elite"
L 07/18/2020 - 21:02:07: "HijoDePuta || PachO HErrErA<2><STEAM_0:1:539804210><TERRORIST>" triggered "Planted_The_Bomb"
L 07/18/2020 - 21:02:10: "HijoDePuta || Pedro Pascal<4><STEAM_0:0:369456433><TERRORIST>" killed "Flash Guardians || @cH!lL!eS<1><STEAM_0:0:1568553987><CT>" with "glock18"
L 07/18/2020 - 21:02:11: "Flash Guardians || Gupto Googly<5><STEAM_0:0:355901680><CT>" killed "HijoDePuta || Escobar<11><STEAM_0:0:353062145><TERRORIST>" with "usp"
L 07/18/2020 - 21:02:19: "Flash Guardians || Stufu<9><STEAM_0:1:147341737><CT>" killed "HijoDePuta || DaNtE {<8><STEAM_0:0:1414580386><TERRORIST>" with "usp"
L 07/18/2020 - 21:02:30: "Flash Guardians || Gupto Googly<5><STEAM_0:0:355901680><CT>" killed "HijoDePuta || InIEsta<7><STEAM_0:0:209561119><TERRORIST>" with "usp"
L 07/18/2020 - 21:02:33: "HijoDePuta || Pedro Pascal<4><STEAM_0:0:369456433><TERRORIST>" killed "Flash Guardians || Stufu<9><STEAM_0:1:147341737><CT>" with "glock18"
L 07/18/2020 - 21:02:36: "Flash Guardians || assassin<6><STEAM_0:1:550589384><CT>" killed "HijoDePuta || Pedro Pascal<4><STEAM_0:0:369456433><TERRORIST>" with "usp"
L 07/18/2020 - 21:02:39: "HijoDePuta || PachO HErrErA<2><STEAM_0:1:539804210><TERRORIST>" killed "Flash Guardians || assassin<6><STEAM_0:1:550589384><CT>" with "usp"
L 07/18/2020 - 21:02:45: "Flash Guardians || Gupto Googly<5><STEAM_0:0:355901680><CT>" killed "HijoDePuta || PachO HErrErA<2><STEAM_0:1:539804210><TERRORIST>" with "usp"
L 07/18/2020 - 21:02:47: "Flash Guardians || Gupto Googly<5><STEAM_0:0:355901680><CT>" triggered "Begin_Bomb_Defuse_With_Kit"
L 07/18/2020 - 21:02:52: Team "TERRORIST" triggered "Terrorists_Win" (CT "0") (T "1")
L 07/18/2020 - 21:02:52: World triggered "Round_End"
L 07/18/2020 - 21:02:57: "HijoDePuta || Escobar<11><STEAM_0:0:353062145><TERRORIST>" triggered "Spawned_With_The_Bomb"
L 07/18/2020 - 21:03:03: "HijoDePuta || DaNtE {<8><STEAM_0:0:1414580386><TERRORIST>" say_team "shrt"
L 07/18/2020 - 21:03:04: World triggered "Round_Start"
L 07/18/2020 - 21:03:23: "Flash Guardians || @cH!lL!eS<1><STEAM_0:0:1568553987><CT>" killed "HijoDePuta || DaNtE {<8><STEAM_0:0:1414580386><TERRORIST>" with "usp"
L 07/18/2020 - 21:03:23: "Flash Guardians || assassin<6><STEAM_0:1:550589384><CT>" killed "HijoDePuta || Escobar<11><STEAM_0:0:353062145><TERRORIST>" with "usp"
L 07/18/2020 - 21:03:23: "HijoDePuta || Escobar<11><STEAM_0:0:353062145><TERRORIST>" triggered "Dropped_The_Bomb"
L 07/18/2020 - 21:03:28: "Flash Guardians || Stufu<9><STEAM_0:1:147341737><CT>" killed "HijoDePuta || InIEsta<7><STEAM_0:0:209561119><TERRORIST>" with "usp"
L 07/18/2020 - 21:03:30: "HijoDePuta || PachO HErrErA<2><STEAM_0:1:539804210><TERRORIST>" killed "Flash Guardians || @cH!lL!eS<1><STEAM_0:0:1568553987><CT>" with "ak47"
L 07/18/2020 - 21:03:35: "HijoDePuta || Pedro Pascal<4><STEAM_0:0:369456433><TERRORIST>" killed "Flash Guardians || Gupto Googly<5><STEAM_0:0:355901680><CT>" with "ak47"
L 07/18/2020 - 21:03:45: "HijoDePuta || PachO HErrErA<2><STEAM_0:1:539804210><TERRORIST>" killed "Flash Guardians || pRo_rvLTN<3><STEAM_0:1:546352772><CT>" with "ak47"
L 07/18/2020 - 21:03:46: "HijoDePuta || Pedro Pascal<4><STEAM_0:0:369456433><TERRORIST>" killed "Flash Guardians || assassin<6><STEAM_0:1:550589384><CT>" with "ak47"
L 07/18/2020 - 21:03:52: "HijoDePuta || PachO HErrErA<2><STEAM_0:1:539804210><TERRORIST>" triggered "Got_The_Bomb"
L 07/18/2020 - 21:03:54: "Flash Guardians || Stufu<9><STEAM_0:1:147341737><CT>" killed "HijoDePuta || PachO HErrErA<2><STEAM_0:1:539804210><TERRORIST>" with "ak47"
L 07/18/2020 - 21:03:54: "HijoDePuta || PachO HErrErA<2><STEAM_0:1:539804210><TERRORIST>" triggered "Dropped_The_Bomb"
L 07/18/2020 - 21:04:27: "HijoDePuta || DaNtE {<8><STEAM_0:0:1414580386><TERRORIST>" say_team "amar khub baje miss" (dead)
L 07/18/2020 - 21:04:34: "Flash Guardians || Stufu<9><STEAM_0:1:147341737><CT>" killed "HijoDePuta || Pedro Pascal<4><STEAM_0:0:369456433><TERRORIST>" with "ak47"
L 07/18/2020 - 21:04:34: Team "CT" triggered "CTs_Win" (CT "1") (T "1")
L 07/18/2020 - 21:04:34: World triggered "Round_End"
L 07/18/2020 - 21:04:39: "HijoDePuta || PachO HErrErA<2><STEAM_0:1:539804210><TERRORIST>" triggered "Spawned_With_The_Bomb"
L 07/18/2020 - 21:04:39: "HijoDePuta || DaNtE {<8><STEAM_0:0:1414580386><TERRORIST>" say_team "amar baje miss"
L 07/18/2020 - 21:04:41: "HijoDePuta || DaNtE {<8><STEAM_0:0:1414580386><TERRORIST>" say_team "sry"
L 07/18/2020 - 21:04:46: World triggered "Round_Start"
L 07/18/2020 - 21:04:49: "HijoDePuta || DaNtE {<8><STEAM_0:0:1414580386><TERRORIST>" say_team "e"
L 07/18/2020 - 21:04:58: "HijoDePuta || DaNtE {<8><STEAM_0:0:1414580386><TERRORIST>" say_team "2b"
L 07/18/2020 - 21:05:24: "Flash Guardians || Gupto Googly<5><STEAM_0:0:355901680><CT>" killed "HijoDePuta || InIEsta<7><STEAM_0:0:209561119><TERRORIST>" with "m4a1"
L 07/18/2020 - 21:05:25: "Flash Guardians || Gupto Googly<5><STEAM_0:0:355901680><CT>" killed "HijoDePuta || PachO HErrErA<2><STEAM_0:1:539804210><TERRORIST>" with "m4a1"
L 07/18/2020 - 21:05:25: "HijoDePuta || PachO HErrErA<2><STEAM_0:1:539804210><TERRORIST>" triggered "Dropped_The_Bomb"
L 07/18/2020 - 21:05:32: "Flash Guardians || Gupto Googly<5><STEAM_0:0:355901680><CT>" killed "HijoDePuta || Escobar<11><STEAM_0:0:353062145><TERRORIST>" with "m4a1"
L 07/18/2020 - 21:05:32: "Flash Guardians || pRo_rvLTN<3><STEAM_0:1:546352772><CT>" killed "HijoDePuta || DaNtE {<8><STEAM_0:0:1414580386><TERRORIST>" with "m4a1"
L 07/18/2020 - 21:05:33: "HijoDePuta || Pedro Pascal<4><STEAM_0:0:369456433><TERRORIST>" killed "Flash Guardians || Gupto Googly<5><STEAM_0:0:355901680><CT>" with "deagle"
L 07/18/2020 - 21:05:45: "Flash Guardians || assassin<6><STEAM_0:1:550589384><CT>" killed "HijoDePuta || Pedro Pascal<4><STEAM_0:0:369456433><TERRORIST>" with "m4a1"
L 07/18/2020 - 21:05:45: Team "CT" triggered "CTs_Win" (CT "2") (T "1")
L 07/18/2020 - 21:05:45: World triggered "Round_End"
L 07/18/2020 - 21:05:50: "HijoDePuta || Pedro Pascal<4><STEAM_0:0:369456433><TERRORIST>" triggered "Spawned_With_The_Bomb"
L 07/18/2020 - 21:05:55: "HijoDePuta || Pedro Pascal<4><STEAM_0:0:369456433><TERRORIST>" triggered "Dropped_The_Bomb"
L 07/18/2020 - 21:05:57: World triggered "Round_Start"
L 07/18/2020 - 21:05:57: "HijoDePuta || Escobar<11><STEAM_0:0:353062145><TERRORIST>" triggered "Got_The_Bomb"
L 07/18/2020 - 21:06:35: "Flash Guardians || Stufu<9><STEAM_0:1:147341737><CT>" killed "HijoDePuta || DaNtE {<8><STEAM_0:0:1414580386><TERRORIST>" with "ak47"
L 07/18/2020 - 21:07:10: "HijoDePuta || Pedro Pascal<4><STEAM_0:0:369456433><TERRORIST>" killed "Flash Guardians || pRo_rvLTN<3><STEAM_0:1:546352772><CT>" with "ak47"
L 07/18/2020 - 21:07:10: "Flash Guardians || assassin<6><STEAM_0:1:550589384><CT>" killed "HijoDePuta || InIEsta<7><STEAM_0:0:209561119><TERRORIST>" with "m4a1"
L 07/18/2020 - 21:07:11: "Flash Guardians || @cH!lL!eS<1><STEAM_0:0:1568553987><CT>" killed "Flash Guardians || Stufu<9><STEAM_0:1:147341737><CT>" with "grenade"
L 07/18/2020 - 21:07:13: "Flash Guardians || @cH!lL!eS<1><STEAM_0:0:1568553987><CT>" killed "HijoDePuta || Escobar<11><STEAM_0:0:353062145><TERRORIST>" with "m4a1"
L 07/18/2020 - 21:07:13: "HijoDePuta || Escobar<11><STEAM_0:0:353062145><TERRORIST>" triggered "Dropped_The_Bomb"
L 07/18/2020 - 21:07:16: "HijoDePuta || PachO HErrErA<2><STEAM_0:1:539804210><TERRORIST>" killed "Flash Guardians || assassin<6><STEAM_0:1:550589384><CT>" with "ak47"
L 07/18/2020 - 21:07:25: "Flash Guardians || @cH!lL!eS<1><STEAM_0:0:1568553987><CT>" killed "HijoDePuta || PachO HErrErA<2><STEAM_0:1:539804210><TERRORIST>" with "m4a1"
L 07/18/2020 - 21:07:46: "Flash Guardians || @cH!lL!eS<1><STEAM_0:0:1568553987><CT>" killed "HijoDePuta || Pedro Pascal<4><STEAM_0:0:369456433><TERRORIST>" with "m4a1"
L 07/18/2020 - 21:07:46: Team "CT" triggered "CTs_Win" (CT "3") (T "1")
L 07/18/2020 - 21:07:46: World triggered "Round_End"
L 07/18/2020 - 21:07:51: "HijoDePuta || InIEsta<7><STEAM_0:0:209561119><TERRORIST>" triggered "Spawned_With_The_Bomb"
L 07/18/2020 - 21:07:54: "HijoDePuta || InIEsta<7><STEAM_0:0:209561119><TERRORIST>" triggered "Dropped_The_Bomb"
L 07/18/2020 - 21:07:55: "HijoDePuta || Escobar<11><STEAM_0:0:353062145><TERRORIST>" triggered "Got_The_Bomb"
L 07/18/2020 - 21:07:58: World triggered "Round_Start"
L 07/18/2020 - 21:08:14: "Flash Guardians || Gupto Googly<5><STEAM_0:0:355901680><CT>" killed "HijoDePuta || DaNtE {<8><STEAM_0:0:1414580386><TERRORIST>" with "m4a1"
L 07/18/2020 - 21:08:15: "Flash Guardians || Gupto Googly<5><STEAM_0:0:355901680><CT>" killed "HijoDePuta || Pedro Pascal<4><STEAM_0:0:369456433><TERRORIST>" with "m4a1"
L 07/18/2020 - 21:08:15: "HijoDePuta || PachO HErrErA<2><STEAM_0:1:539804210><TERRORIST>" killed "Flash Guardians || Gupto Googly<5><STEAM_0:0:355901680><CT>" with "ak47"
L 07/18/2020 - 21:08:20: "Flash Guardians || pRo_rvLTN<3><STEAM_0:1:546352772><CT>" killed "HijoDePuta || InIEsta<7><STEAM_0:0:209561119><TERRORIST>" with "awp"
L 07/18/2020 - 21:08:23: "Flash Guardians || @cH!lL!eS<1><STEAM_0:0:1568553987><CT>" killed "HijoDePuta || Escobar<11><STEAM_0:0:353062145><TERRORIST>" with "m4a1"
L 07/18/2020 - 21:08:23: "HijoDePuta || Escobar<11><STEAM_0:0:353062145><TERRORIST>" triggered "Dropped_The_Bomb"
L 07/18/2020 - 21:08:32: "HijoDePuta || PachO HErrErA<2><STEAM_0:1:539804210><TERRORIST>" killed "Flash Guardians || pRo_rvLTN<3><STEAM_0:1:546352772><CT>" with "ak47"
L 07/18/2020 - 21:08:42: "Flash Guardians || assassin<6><STEAM_0:1:550589384><CT>" killed "HijoDePuta || PachO HErrErA<2><STEAM_0:1:539804210><TERRORIST>" with "m4a1"
L 07/18/2020 - 21:08:42: Team "CT" triggered "CTs_Win" (CT "4") (T "1")
L 07/18/2020 - 21:08:42: World triggered "Round_End"
L 07/18/2020 - 21:08:47: "HijoDePuta || DaNtE {<8><STEAM_0:0:1414580386><TERRORIST>" triggered "Spawned_With_The_Bomb"
L 07/18/2020 - 21:08:54: World triggered "Round_Start"
L 07/18/2020 - 21:09:22: "Flash Guardians || Stufu<9><STEAM_0:1:147341737><CT>" killed "HijoDePuta || InIEsta<7><STEAM_0:0:209561119><TERRORIST>" with "m4a1"
L 07/18/2020 - 21:09:29: "HijoDePuta || Pedro Pascal<4><STEAM_0:0:369456433><TERRORIST>" killed "Flash Guardians || pRo_rvLTN<3><STEAM_0:1:546352772><CT>" with "ak47"
L 07/18/2020 - 21:09:31: "Flash Guardians || assassin<6><STEAM_0:1:550589384><CT>" killed "HijoDePuta || PachO HErrErA<2><STEAM_0:1:539804210><TERRORIST>" with "grenade"
L 07/18/2020 - 21:09:35: "HijoDePuta || DaNtE {<8><STEAM_0:0:1414580386><TERRORIST>" killed "Flash Guardians || @cH!lL!eS<1><STEAM_0:0:1568553987><CT>" with "ak47"
L 07/18/2020 - 21:09:42: "HijoDePuta || DaNtE {<8><STEAM_0:0:1414580386><TERRORIST>" killed "Flash Guardians || assassin<6><STEAM_0:1:550589384><CT>" with "ak47"
L 07/18/2020 - 21:09:44: "HijoDePuta || DaNtE {<8><STEAM_0:0:1414580386><TERRORIST>" killed "Flash Guardians || Stufu<9><STEAM_0:1:147341737><CT>" with "ak47"
L 07/18/2020 - 21:09:49: "Flash Guardians || Gupto Googly<5><STEAM_0:0:355901680><CT>" killed "HijoDePuta || Pedro Pascal<4><STEAM_0:0:369456433><TERRORIST>" with "m4a1"
L 07/18/2020 - 21:09:50: "HijoDePuta || DaNtE {<8><STEAM_0:0:1414580386><TERRORIST>" triggered "Planted_The_Bomb"
L 07/18/2020 - 21:10:17: "Flash Guardians || Gupto Googly<5><STEAM_0:0:355901680><CT>" killed "HijoDePuta || DaNtE {<8><STEAM_0:0:1414580386><TERRORIST>" with "m4a1"
L 07/18/2020 - 21:10:19: "HijoDePuta || Escobar<11><STEAM_0:0:353062145><TERRORIST>" killed "Flash Guardians || Gupto Googly<5><STEAM_0:0:355901680><CT>" with "ak47"
L 07/18/2020 - 21:10:19: Team "TERRORIST" triggered "Terrorists_Win" (CT "4") (T "2")
L 07/18/2020 - 21:10:19: World triggered "Round_End"
L 07/18/2020 - 21:10:24: "HijoDePuta || Escobar<11><STEAM_0:0:353062145><TERRORIST>" triggered "Spawned_With_The_Bomb"
L 07/18/2020 - 21:10:31: World triggered "Round_Start"
L 07/18/2020 - 21:10:32: "HijoDePuta || Escobar<11><STEAM_0:0:353062145><TERRORIST>" triggered "Dropped_The_Bomb"
L 07/18/2020 - 21:10:33: "HijoDePuta || DaNtE {<8><STEAM_0:0:1414580386><TERRORIST>" triggered "Got_The_Bomb"
L 07/18/2020 - 21:10:54: "Flash Guardians || @cH!lL!eS<1><STEAM_0:0:1568553987><CT>" killed "HijoDePuta || InIEsta<7><STEAM_0:0:209561119><TERRORIST>" with "m4a1"
L 07/18/2020 - 21:11:02: "Flash Guardians || @cH!lL!eS<1><STEAM_0:0:1568553987><CT>" killed "HijoDePuta || PachO HErrErA<2><STEAM_0:1:539804210><TERRORIST>" with "m4a1"
L 07/18/2020 - 21:11:02: "HijoDePuta || DaNtE {<8><STEAM_0:0:1414580386><TERRORIST>" killed "Flash Guardians || Gupto Googly<5><STEAM_0:0:355901680><CT>" with "ak47"
L 07/18/2020 - 21:11:04: "Flash Guardians || Stufu<9><STEAM_0:1:147341737><CT>" killed "HijoDePuta || Escobar<11><STEAM_0:0:353062145><TERRORIST>" with "m4a1"
L 07/18/2020 - 21:11:06: "Flash Guardians || pRo_rvLTN<3><STEAM_0:1:546352772><CT>" killed "HijoDePuta || DaNtE {<8><STEAM_0:0:1414580386><TERRORIST>" with "m4a1"
L 07/18/2020 - 21:11:06: "HijoDePuta || DaNtE {<8><STEAM_0:0:1414580386><TERRORIST>" triggered "Dropped_The_Bomb"
L 07/18/2020 - 21:11:10: "HijoDePuta || Pedro Pascal<4><STEAM_0:0:369456433><TERRORIST>" killed "Flash Guardians || @cH!lL!eS<1><STEAM_0:0:1568553987><CT>" with "ak47"
L 07/18/2020 - 21:11:31: "HijoDePuta || Pedro Pascal<4><STEAM_0:0:369456433><TERRORIST>" killed "Flash Guardians || Stufu<9><STEAM_0:1:147341737><CT>" with "ak47"
L 07/18/2020 - 21:11:40: "Flash Guardians || pRo_rvLTN<3><STEAM_0:1:546352772><CT>" killed "HijoDePuta || Pedro Pascal<4><STEAM_0:0:369456433><TERRORIST>" with "m4a1"
L 07/18/2020 - 21:11:40: Team "CT" triggered "CTs_Win" (CT "5") (T "2")
L 07/18/2020 - 21:11:40: World triggered "Round_End"
L 07/18/2020 - 21:11:45: "HijoDePuta || PachO HErrErA<2><STEAM_0:1:539804210><TERRORIST>" triggered "Spawned_With_The_Bomb"
L 07/18/2020 - 21:11:52: World triggered "Round_Start"
L 07/18/2020 - 21:12:26: "Flash Guardians || Gupto Googly<5><STEAM_0:0:355901680><CT>" killed "HijoDePuta || Escobar<11><STEAM_0:0:353062145><TERRORIST>" with "m4a1"
L 07/18/2020 - 21:12:27: "Flash Guardians || Gupto Googly<5><STEAM_0:0:355901680><CT>" killed "HijoDePuta || PachO HErrErA<2><STEAM_0:1:539804210><TERRORIST>" with "m4a1"
L 07/18/2020 - 21:12:27: "HijoDePuta || PachO HErrErA<2><STEAM_0:1:539804210><TERRORIST>" triggered "Dropped_The_Bomb"
L 07/18/2020 - 21:12:28: "Flash Guardians || Gupto Googly<5><STEAM_0:0:355901680><CT>" killed "HijoDePuta || InIEsta<7><STEAM_0:0:209561119><TERRORIST>" with "m4a1"
L 07/18/2020 - 21:12:32: "Flash Guardians || Gupto Googly<5><STEAM_0:0:355901680><CT>" killed "HijoDePuta || Pedro Pascal<4><STEAM_0:0:369456433><TERRORIST>" with "m4a1"
L 07/18/2020 - 21:12:37: "HijoDePuta || DaNtE {<8><STEAM_0:0:1414580386><TERRORIST>" killed "Flash Guardians || @cH!lL!eS<1><STEAM_0:0:1568553987><CT>" with "deagle"
L 07/18/2020 - 21:12:39: "Flash Guardians || Gupto Googly<5><STEAM_0:0:355901680><CT>" killed "HijoDePuta || DaNtE {<8><STEAM_0:0:1414580386><TERRORIST>" with "m4a1"
L 07/18/2020 - 21:12:39: Team "CT" triggered "CTs_Win" (CT "6") (T "2")
L 07/18/2020 - 21:12:39: World triggered "Round_End"
L 07/18/2020 - 21:12:41: "HijoDePuta || PachO HErrErA<2><STEAM_0:1:539804210><TERRORIST>" say "gg" (dead)
L 07/18/2020 - 21:12:44: "HijoDePuta || Pedro Pascal<4><STEAM_0:0:369456433><TERRORIST>" triggered "Spawned_With_The_Bomb"
L 07/18/2020 - 21:12:45: "HijoDePuta || Escobar<11><STEAM_0:0:353062145><TERRORIST>" say "gg"
L 07/18/2020 - 21:12:47: "Flash Guardians || Gupto Googly<5><STEAM_0:0:355901680><CT>" say "gg"
L 07/18/2020 - 21:12:48: "HijoDePuta || PachO HErrErA<2><STEAM_0:1:539804210><TERRORIST>" disconnected
L 07/18/2020 - 21:12:48: "Flash Guardians || Stufu<9><STEAM_0:1:147341737><CT>" say "GG"
L 07/18/2020 - 21:12:49: "Flash Guardians || assassin<6><STEAM_0:1:550589384><CT>" say "gg"
L 07/18/2020 - 21:12:51: "No Whatsapp || 1.5-14.5<10><STEAM_0:0:65740571><SPECTATOR>" say "gg"
L 07/18/2020 - 21:12:51: World triggered "Round_Start"
L 07/18/2020 - 21:12:52: "Flash Guardians || Stufu<9><STEAM_0:1:147341737><CT>" disconnected
L 07/18/2020 - 21:12:54: "No Whatsapp || 1.5-14.5<10><STEAM_0:0:65740571><SPECTATOR>" disconnected
L 07/18/2020 - 21:12:58: "Flash Guardians || Gupto Googly<5><STEAM_0:0:355901680><CT>" disconnected
L 07/18/2020 - 21:13:01: "HijoDePuta || Pedro Pascal<4><STEAM_0:0:369456433><TERRORIST>" say "og :D"
L 07/18/2020 - 21:13:03: "HijoDePuta || Pedro Pascal<4><STEAM_0:0:369456433><TERRORIST>" say "pg"
L 07/18/2020 - 21:13:04: "Flash Guardians || @cH!lL!eS<1><STEAM_0:0:1568553987><CT>" disconnected
L 07/18/2020 - 21:13:10: "Flash Guardians || assassin<6><STEAM_0:1:550589384><CT>" disconnected
L 07/18/2020 - 21:13:11: "HijoDePuta || Escobar<11><STEAM_0:0:353062145><TERRORIST>" say "ppg"
L 07/18/2020 - 21:13:14: [DPROTO]: Client 1 - Set AuthIdType 1 [Native]; pClient = 0582E040
L 07/18/2020 - 21:13:14: "HijoDePuta || PachO HErrErA<12><STEAM_0:1:539804210><>" connected, address "103.251.50.25:27005"
L 07/18/2020 - 21:13:15: "HijoDePuta || PachO HErrErA<12><STEAM_0:1:539804210><>" STEAM USERID validated
L 07/18/2020 - 21:13:18: "HijoDePuta || PachO HErrErA<12><STEAM_0:1:539804210><>" entered the game
L 07/18/2020 - 21:13:24: "HijoDePuta || DaNtE {<8><STEAM_0:0:1414580386><TERRORIST>" killed "Flash Guardians || pRo_rvLTN<3><STEAM_0:1:546352772><CT>" with "deagle"
L 07/18/2020 - 21:13:24: Team "TERRORIST" triggered "Terrorists_Win" (CT "6") (T "3")
L 07/18/2020 - 21:13:24: World triggered "Round_End"
L 07/18/2020 - 21:13:29: "HijoDePuta || DaNtE {<8><STEAM_0:0:1414580386><TERRORIST>" triggered "Spawned_With_The_Bomb"
L 07/18/2020 - 21:13:36: World triggered "Round_Start"
L 07/18/2020 - 21:13:40: "HijoDePuta || PachO HErrErA<12><STEAM_0:1:539804210><>" joined team "TERRORIST"
L 07/18/2020 - 21:13:41: "HijoDePuta || Escobar<11><STEAM_0:0:353062145><TERRORIST>" disconnected
L 07/18/2020 - 21:13:56: "HijoDePuta || DaNtE {<8><STEAM_0:0:1414580386><TERRORIST>" killed "Flash Guardians || pRo_rvLTN<3><STEAM_0:1:546352772><CT>" with "deagle"
L 07/18/2020 - 21:13:56: Team "TERRORIST" triggered "Terrorists_Win" (CT "6") (T "4")
L 07/18/2020 - 21:13:56: World triggered "Round_End"
L 07/18/2020 - 21:14:00: "HijoDePuta || DaNtE {<8><STEAM_0:0:1414580386><TERRORIST>" committed suicide with "world"
L 07/18/2020 - 21:14:00: "HijoDePuta || DaNtE {<8><STEAM_0:0:1414580386><TERRORIST>" joined team "CT"
L 07/18/2020 - 21:14:01: "HijoDePuta || PachO HErrErA<12><STEAM_0:1:539804210><TERRORIST>" triggered "Spawned_With_The_Bomb"
L 07/18/2020 - 21:14:06: "HijoDePuta || DaNtE {<8><STEAM_0:0:1414580386><CT>" say "long"
L 07/18/2020 - 21:14:08: World triggered "Round_Start"
L 07/18/2020 - 21:14:14: "HijoDePuta || Pedro Pascal<4><STEAM_0:0:369456433><TERRORIST>" say "lok"
L 07/18/2020 - 21:14:21: "HijoDePuta || DaNtE {<8><STEAM_0:0:1414580386><CT>" killed "HijoDePuta || InIEsta<7><STEAM_0:0:209561119><TERRORIST>" with "m4a1"
L 07/18/2020 - 21:14:25: "HijoDePuta || Pedro Pascal<4><STEAM_0:0:369456433><TERRORIST>" killed "HijoDePuta || DaNtE {<8><STEAM_0:0:1414580386><CT>" with "ak47"
L 07/18/2020 - 21:14:38: "HijoDePuta || Pedro Pascal<4><STEAM_0:0:369456433><TERRORIST>" killed "Flash Guardians || pRo_rvLTN<3><STEAM_0:1:546352772><CT>" with "ak47"
L 07/18/2020 - 21:14:38: Team "TERRORIST" triggered "Terrorists_Win" (CT "6") (T "5")
L 07/18/2020 - 21:14:38: World triggered "Round_End"
L 07/18/2020 - 21:14:40: "HijoDePuta || DaNtE {<8><STEAM_0:0:1414580386><CT>" disconnected
L 07/18/2020 - 21:14:40: [DPROTO]: Client 7 - Set AuthIdType 1 [dp_RevEmu]; pClient = 0584C0D0
L 07/18/2020 - 21:14:40: "HijoDePuta || DaNtE {<13><STEAM_0:0:1414580386><>" connected, address "103.87.143.135:27005"
L 07/18/2020 - 21:14:43: "HijoDePuta || Pedro Pascal<4><STEAM_0:0:369456433><TERRORIST>" triggered "Spawned_With_The_Bomb"
L 07/18/2020 - 21:14:44: "HijoDePuta || DaNtE {<13><STEAM_0:0:1414580386><>" entered the game
L 07/18/2020 - 21:14:50: World triggered "Round_Start"
L 07/18/2020 - 21:14:53: "HijoDePuta || DaNtE {<13><STEAM_0:0:1414580386><>" joined team "CT"
L 07/18/2020 - 21:15:04: [DPROTO]: Client 9 - Set AuthIdType 1 [Native]; pClient = 05856100
L 07/18/2020 - 21:15:04: "No Whatsapp || 1.5-14.5<14><STEAM_0:0:65740571><>" connected, address "49.207.59.112:28593"
L 07/18/2020 - 21:15:05: "No Whatsapp || 1.5-14.5<14><STEAM_0:0:65740571><>" STEAM USERID validated
L 07/18/2020 - 21:15:05: "HijoDePuta || Pedro Pascal<4><STEAM_0:0:369456433><TERRORIST>" killed "HijoDePuta || DaNtE {<13><STEAM_0:0:1414580386><CT>" with "ak47"
L 07/18/2020 - 21:15:06: "Flash Guardians || pRo_rvLTN<3><STEAM_0:1:546352772><CT>" disconnected
L 07/18/2020 - 21:15:06: Team "TERRORIST" triggered "Terrorists_Win" (CT "6") (T "6")
L 07/18/2020 - 21:15:06: World triggered "Round_End"
L 07/18/2020 - 21:15:07: "No Whatsapp || 1.5-14.5<14><STEAM_0:0:65740571><>" entered the game
L 07/18/2020 - 21:15:09: [DPROTO]: Client 0 - Set AuthIdType 4 [dproto]; pClient = 05829028
L 07/18/2020 - 21:15:09: "No Whatsapp || wolf<15><VALVE_0:4:1088121065><>" connected, address "106.51.234.40:18136"
L 07/18/2020 - 21:15:11: "HijoDePuta || InIEsta<7><STEAM_0:0:209561119><TERRORIST>" triggered "Spawned_With_The_Bomb"
L 07/18/2020 - 21:15:12: [DPROTO]: Client 8 - Set AuthIdType 1 [Native]; pClient = 058510E8
L 07/18/2020 - 21:15:12: "Flash Guardians || Stufu<16><STEAM_0:1:147341737><>" connected, address "106.51.23.87:13170"
L 07/18/2020 - 21:15:13: "Flash Guardians || Stufu<16><STEAM_0:1:147341737><>" STEAM USERID validated
L 07/18/2020 - 21:15:15: "No Whatsapp || wolf<15><VALVE_0:4:1088121065><>" entered the game
L 07/18/2020 - 21:15:17: "Flash Guardians || Stufu<16><STEAM_0:1:147341737><>" entered the game
L 07/18/2020 - 21:15:18: World triggered "Round_Start"
L 07/18/2020 - 21:15:23: [DPROTO]: Client 10 - Set AuthIdType 1 [dp_RevEmu]; pClient = 0585B118
L 07/18/2020 - 21:15:23: "HijoDePuta || Escobar<17><STEAM_0:0:353062145><>" connected, address "173.230.126.36:27005"
L 07/18/2020 - 21:15:27: "No Whatsapp || wolf<15><VALVE_0:4:1088121065><>" joined team "CT"
L 07/18/2020 - 21:15:32: "No Whatsapp || 1.5-14.5<14><STEAM_0:0:65740571><>" joined team "CT"
L 07/18/2020 - 21:15:33: "HijoDePuta || DaNtE {<13><STEAM_0:0:1414580386><CT>" killed "HijoDePuta || Pedro Pascal<4><STEAM_0:0:369456433><TERRORIST>" with "deagle"
L 07/18/2020 - 21:15:34: "HijoDePuta || Escobar<17><STEAM_0:0:353062145><>" entered the game
L 07/18/2020 - 21:15:40: "HijoDePuta || InIEsta<7><STEAM_0:0:209561119><TERRORIST>" triggered "Planted_The_Bomb"
L 07/18/2020 - 21:15:44: [DPROTO]: Client 2 - Set AuthIdType 1 [Native]; pClient = 05833058
L 07/18/2020 - 21:15:44: "No Whatsapp || Escanor<18><STEAM_0:0:83230422><>" connected, address "103.76.82.177:34611"
L 07/18/2020 - 21:15:44: "No Whatsapp || Escanor<18><STEAM_0:0:83230422><>" STEAM USERID validated
L 07/18/2020 - 21:15:47: "HijoDePuta || Escobar<17><STEAM_0:0:353062145><>" joined team "TERRORIST"
L 07/18/2020 - 21:15:48: "No Whatsapp || Escanor<18><STEAM_0:0:83230422><>" entered the game
L 07/18/2020 - 21:15:53: "No Whatsapp || Escanor<18><STEAM_0:0:83230422><>" joined team "CT"
L 07/18/2020 - 21:15:54: Rcon: "rcon 2256986440 "Lauda2" changelevel de_inferno" from "106.51.23.87:13170"
L 07/18/2020 - 21:15:54: [META] ini: Begin re-reading plugins list: g:/tcafiles/users/fkguxmko/7303/cstrike/addons/metamod/plugins.ini
L 07/18/2020 - 21:15:54: [META] ini: Read plugin config for: AMX Mod X
L 07/18/2020 - 21:15:54: [META] ini: Read plugin config for: dproto_EF
L 07/18/2020 - 21:15:54: [META] ini: Finished reading plugins list: g:/tcafiles/users/fkguxmko/7303/cstrike/addons/metamod/plugins.ini; Found 2 plugins
L 07/18/2020 - 21:15:54: [META] dll: Updating plugins...
L 07/18/2020 - 21:15:54: [META] dll: Finished updating 5 plugins; kept 2, loaded 0, unloaded 0, reloaded 0, delayed 0
L 07/18/2020 - 21:15:54: "No Whatsapp || wolf<15><VALVE_0:4:1088121065><CT>" disconnected
L 07/18/2020 - 21:15:54: "HijoDePuta || PachO HErrErA<12><STEAM_0:1:539804210><TERRORIST>" disconnected
L 07/18/2020 - 21:15:54: "No Whatsapp || Escanor<18><STEAM_0:0:83230422><CT>" disconnected
L 07/18/2020 - 21:15:54: "HijoDePuta || Pedro Pascal<4><STEAM_0:0:369456433><TERRORIST>" disconnected
L 07/18/2020 - 21:15:54: "HijoDePuta || InIEsta<7><STEAM_0:0:209561119><TERRORIST>" disconnected
L 07/18/2020 - 21:15:54: "HijoDePuta || DaNtE {<13><STEAM_0:0:1414580386><CT>" disconnected
L 07/18/2020 - 21:15:54: "Flash Guardians || Stufu<16><STEAM_0:1:147341737><>" disconnected
L 07/18/2020 - 21:15:54: "No Whatsapp || 1.5-14.5<14><STEAM_0:0:65740571><CT>" disconnected
L 07/18/2020 - 21:15:54: World triggered "Round_Draw" (CT "6") (T "6")
L 07/18/2020 - 21:15:54: World triggered "Round_End"
L 07/18/2020 - 21:15:54: "HijoDePuta || Escobar<17><STEAM_0:0:353062145><TERRORIST>" disconnected
L 07/18/2020 - 21:15:54: World triggered "Round_Draw" (CT "6") (T "6")
L 07/18/2020 - 21:15:54: World triggered "Round_End"
L 07/18/2020 - 21:15:54: Log file closed
